[0.009s] Invoking command in '/home/xyq/Desktop/ros_ws/build/corner_detection': AMENT_PREFIX_PATH=/home/xyq/Desktop/ros_ws/install/camera_interface:${AMENT_PREFIX_PATH} CMAKE_PREFIX_PATH=/home/xyq/Desktop/ros_ws/install/camera_interface:/opt/ros/humble LD_LIBRARY_PATH=/home/xyq/Desktop/ros_ws/install/camera_interface/lib:${LD_LIBRARY_PATH} PYTHONPATH=/home/xyq/Desktop/ros_ws/install/camera_interface/local/lib/python3.10/dist-packages:${PYTHONPATH} /usr/bin/cmake --build /home/xyq/Desktop/ros_ws/build/corner_detection -- -j20 -l20
[0.030s] -- Found ament_cmake: 1.3.11 (/opt/ros/humble/share/ament_cmake/cmake)
[0.120s] -- Found rclcpp: 16.0.11 (/opt/ros/humble/share/rclcpp/cmake)
[0.144s] -- Found rosidl_generator_c: 3.1.6 (/opt/ros/humble/share/rosidl_generator_c/cmake)
[0.146s] -- Found rosidl_adapter: 3.1.6 (/opt/ros/humble/share/rosidl_adapter/cmake)
[0.153s] -- Found rosidl_generator_cpp: 3.1.6 (/opt/ros/humble/share/rosidl_generator_cpp/cmake)
[0.166s] -- Using all available rosidl_typesupport_c: rosidl_typesupport_fastrtps_c;rosidl_typesupport_introspection_c
[0.179s] -- Using all available rosidl_typesupport_cpp: rosidl_typesupport_fastrtps_cpp;rosidl_typesupport_introspection_cpp
[0.216s] -- Found rmw_implementation_cmake: 6.1.2 (/opt/ros/humble/share/rmw_implementation_cmake/cmake)
[0.219s] -- Found rmw_fastrtps_cpp: 6.2.7 (/opt/ros/humble/share/rmw_fastrtps_cpp/cmake)
[0.323s] -- Using RMW implementation 'rmw_fastrtps_cpp' as default
[0.363s] -- Found image_transport: 3.1.10 (/opt/ros/humble/share/image_transport/cmake)
[0.406s] -- Found cv_bridge: 3.2.1 (/opt/ros/humble/share/cv_bridge/cmake)
[0.408s] -- Found camera_interface: 0.0.0 (/home/xyq/Desktop/ros_ws/install/camera_interface/share/camera_interface/cmake)
[0.419s] -- Found ament_lint_auto: 0.12.11 (/opt/ros/humble/share/ament_lint_auto/cmake)
[0.476s] -- Added test 'cppcheck' to perform static code analysis on C / C++ code
[0.477s] -- Configured cppcheck include dirs: 
[0.477s] -- Configured cppcheck exclude dirs and/or files: 
[0.477s] -- Added test 'lint_cmake' to check CMake code style
[0.478s] -- Added test 'uncrustify' to check C / C++ code style
[0.478s] -- Configured uncrustify additional arguments: 
[0.478s] -- Added test 'xmllint' to check XML markup files
[0.482s] -- Configuring done
[0.493s] -- Generating done
[0.496s] -- Build files have been written to: /home/xyq/Desktop/ros_ws/build/corner_detection
[0.522s] [35m[1mConsolidate compiler generated dependencies of target corner_detection_node[0m
[0.540s] [100%] Built target corner_detection_node
[0.548s] Invoked command in '/home/xyq/Desktop/ros_ws/build/corner_detection' returned '0': AMENT_PREFIX_PATH=/home/xyq/Desktop/ros_ws/install/camera_interface:${AMENT_PREFIX_PATH} CMAKE_PREFIX_PATH=/home/xyq/Desktop/ros_ws/install/camera_interface:/opt/ros/humble LD_LIBRARY_PATH=/home/xyq/Desktop/ros_ws/install/camera_interface/lib:${LD_LIBRARY_PATH} PYTHONPATH=/home/xyq/Desktop/ros_ws/install/camera_interface/local/lib/python3.10/dist-packages:${PYTHONPATH} /usr/bin/cmake --build /home/xyq/Desktop/ros_ws/build/corner_detection -- -j20 -l20
[0.550s] Invoking command in '/home/xyq/Desktop/ros_ws/build/corner_detection': AMENT_PREFIX_PATH=/home/xyq/Desktop/ros_ws/install/camera_interface:${AMENT_PREFIX_PATH} CMAKE_PREFIX_PATH=/home/xyq/Desktop/ros_ws/install/camera_interface:/opt/ros/humble LD_LIBRARY_PATH=/home/xyq/Desktop/ros_ws/install/camera_interface/lib:${LD_LIBRARY_PATH} PYTHONPATH=/home/xyq/Desktop/ros_ws/install/camera_interface/local/lib/python3.10/dist-packages:${PYTHONPATH} /usr/bin/cmake --install /home/xyq/Desktop/ros_ws/build/corner_detection
[0.556s] -- Install configuration: ""
[0.557s] -- Up-to-date: /home/xyq/Desktop/ros_ws/install/corner_detection/lib/corner_detection/corner_detection_node
[0.557s] -- Up-to-date: /home/xyq/Desktop/ros_ws/install/corner_detection/share/ament_index/resource_index/package_run_dependencies/corner_detection
[0.557s] -- Up-to-date: /home/xyq/Desktop/ros_ws/install/corner_detection/share/ament_index/resource_index/parent_prefix_path/corner_detection
[0.557s] -- Up-to-date: /home/xyq/Desktop/ros_ws/install/corner_detection/share/corner_detection/environment/ament_prefix_path.sh
[0.557s] -- Installing: /home/xyq/Desktop/ros_ws/install/corner_detection/share/corner_detection/environment/ament_prefix_path.dsv
[0.558s] -- Up-to-date: /home/xyq/Desktop/ros_ws/install/corner_detection/share/corner_detection/environment/path.sh
[0.558s] -- Installing: /home/xyq/Desktop/ros_ws/install/corner_detection/share/corner_detection/environment/path.dsv
[0.558s] -- Up-to-date: /home/xyq/Desktop/ros_ws/install/corner_detection/share/corner_detection/local_setup.bash
[0.558s] -- Up-to-date: /home/xyq/Desktop/ros_ws/install/corner_detection/share/corner_detection/local_setup.sh
[0.558s] -- Up-to-date: /home/xyq/Desktop/ros_ws/install/corner_detection/share/corner_detection/local_setup.zsh
[0.558s] -- Installing: /home/xyq/Desktop/ros_ws/install/corner_detection/share/corner_detection/local_setup.dsv
[0.558s] -- Installing: /home/xyq/Desktop/ros_ws/install/corner_detection/share/corner_detection/package.dsv
[0.559s] -- Up-to-date: /home/xyq/Desktop/ros_ws/install/corner_detection/share/ament_index/resource_index/packages/corner_detection
[0.559s] -- Up-to-date: /home/xyq/Desktop/ros_ws/install/corner_detection/share/corner_detection/cmake/corner_detectionConfig.cmake
[0.559s] -- Up-to-date: /home/xyq/Desktop/ros_ws/install/corner_detection/share/corner_detection/cmake/corner_detectionConfig-version.cmake
[0.559s] -- Up-to-date: /home/xyq/Desktop/ros_ws/install/corner_detection/share/corner_detection/package.xml
[0.561s] Invoked command in '/home/xyq/Desktop/ros_ws/build/corner_detection' returned '0': AMENT_PREFIX_PATH=/home/xyq/Desktop/ros_ws/install/camera_interface:${AMENT_PREFIX_PATH} CMAKE_PREFIX_PATH=/home/xyq/Desktop/ros_ws/install/camera_interface:/opt/ros/humble LD_LIBRARY_PATH=/home/xyq/Desktop/ros_ws/install/camera_interface/lib:${LD_LIBRARY_PATH} PYTHONPATH=/home/xyq/Desktop/ros_ws/install/camera_interface/local/lib/python3.10/dist-packages:${PYTHONPATH} /usr/bin/cmake --install /home/xyq/Desktop/ros_ws/build/corner_detection
