[0.062s] DEBUG:colcon:Command line arguments: ['/usr/bin/colcon', 'build']
[0.063s] DEBUG:colcon:Parsed command line arguments: Namespace(log_base=None, log_level=None, verb_name='build', build_base='build', install_base='install', merge_install=False, symlink_install=False, test_result_base=None, continue_on_error=False, executor='parallel', parallel_workers=20, event_handlers=None, ignore_user_meta=False, metas=['./colcon.meta'], base_paths=['.'], packages_ignore=None, packages_ignore_regex=None, paths=None, packages_up_to=None, packages_up_to_regex=None, packages_above=None, packages_above_and_dependencies=None, packages_above_depth=None, packages_select_by_dep=None, packages_skip_by_dep=None, packages_skip_up_to=None, packages_select_build_failed=False, packages_skip_build_finished=False, packages_select_test_failures=False, packages_skip_test_passed=False, packages_select=None, packages_skip=None, packages_select_regex=None, packages_skip_regex=None, packages_start=None, packages_end=None, allow_overriding=[], cmake_args=None, cmake_target=None, cmake_target_skip_unavailable=False, cmake_clean_cache=False, cmake_clean_first=False, cmake_force_configure=False, ament_cmake_args=None, catkin_cmake_args=None, catkin_skip_building_tests=False, verb_parser=<colcon_defaults.argument_parser.defaults.DefaultArgumentsDecorator object at 0x74478a0449a0>, verb_extension=<colcon_core.verb.build.BuildVerb object at 0x74478a0441c0>, main=<bound method BuildVerb.main of <colcon_core.verb.build.BuildVerb object at 0x74478a0441c0>>)
[0.147s] Level 1:colcon.colcon_core.package_discovery:discover_packages(colcon_meta) check parameters
[0.148s] Level 1:colcon.colcon_core.package_discovery:discover_packages(recursive) check parameters
[0.148s] Level 1:colcon.colcon_core.package_discovery:discover_packages(ignore) check parameters
[0.148s] Level 1:colcon.colcon_core.package_discovery:discover_packages(path) check parameters
[0.148s] Level 1:colcon.colcon_core.package_discovery:discover_packages(colcon_meta) discover
[0.148s] Level 1:colcon.colcon_core.package_discovery:discover_packages(recursive) discover
[0.148s] INFO:colcon.colcon_core.package_discovery:Crawling recursively for packages in '/home/xyq/Desktop/ros_ws'
[0.148s] Level 1:colcon.colcon_core.package_identification:_identify(.) by extensions ['ignore', 'ignore_ament_install']
[0.148s] Level 1:colcon.colcon_core.package_identification:_identify(.) by extension 'ignore'
[0.148s] Level 1:colcon.colcon_core.package_identification:_identify(.) by extension 'ignore_ament_install'
[0.148s] Level 1:colcon.colcon_core.package_identification:_identify(.) by extensions ['colcon_pkg']
[0.148s] Level 1:colcon.colcon_core.package_identification:_identify(.) by extension 'colcon_pkg'
[0.148s] Level 1:colcon.colcon_core.package_identification:_identify(.) by extensions ['colcon_meta']
[0.148s] Level 1:colcon.colcon_core.package_identification:_identify(.) by extension 'colcon_meta'
[0.148s] Level 1:colcon.colcon_core.package_identification:_identify(.) by extensions ['ros']
[0.148s] Level 1:colcon.colcon_core.package_identification:_identify(.) by extension 'ros'
[0.156s] Level 1:colcon.colcon_core.package_identification:_identify(.) by extensions ['cmake', 'python']
[0.156s] Level 1:colcon.colcon_core.package_identification:_identify(.) by extension 'cmake'
[0.156s] Level 1:colcon.colcon_core.package_identification:_identify(.) by extension 'python'
[0.156s] Level 1:colcon.colcon_core.package_identification:_identify(.) by extensions ['python_setup_py']
[0.156s] Level 1:colcon.colcon_core.package_identification:_identify(.) by extension 'python_setup_py'
[0.156s] Level 1:colcon.colcon_core.package_identification:_identify(build) by extensions ['ignore', 'ignore_ament_install']
[0.156s] Level 1:colcon.colcon_core.package_identification:_identify(build) by extension 'ignore'
[0.156s] Level 1:colcon.colcon_core.package_identification:_identify(build) ignored
[0.156s] Level 1:colcon.colcon_core.package_identification:_identify(install) by extensions ['ignore', 'ignore_ament_install']
[0.156s] Level 1:colcon.colcon_core.package_identification:_identify(install) by extension 'ignore'
[0.156s] Level 1:colcon.colcon_core.package_identification:_identify(install) ignored
[0.157s] Level 1:colcon.colcon_core.package_identification:_identify(log) by extensions ['ignore', 'ignore_ament_install']
[0.157s] Level 1:colcon.colcon_core.package_identification:_identify(log) by extension 'ignore'
[0.157s] Level 1:colcon.colcon_core.package_identification:_identify(log) ignored
[0.157s] Level 1:colcon.colcon_core.package_identification:_identify(src) by extensions ['ignore', 'ignore_ament_install']
[0.157s] Level 1:colcon.colcon_core.package_identification:_identify(src) by extension 'ignore'
[0.157s] Level 1:colcon.colcon_core.package_identification:_identify(src) by extension 'ignore_ament_install'
[0.157s] Level 1:colcon.colcon_core.package_identification:_identify(src) by extensions ['colcon_pkg']
[0.157s] Level 1:colcon.colcon_core.package_identification:_identify(src) by extension 'colcon_pkg'
[0.157s] Level 1:colcon.colcon_core.package_identification:_identify(src) by extensions ['colcon_meta']
[0.157s] Level 1:colcon.colcon_core.package_identification:_identify(src) by extension 'colcon_meta'
[0.157s] Level 1:colcon.colcon_core.package_identification:_identify(src) by extensions ['ros']
[0.157s] Level 1:colcon.colcon_core.package_identification:_identify(src) by extension 'ros'
[0.157s] Level 1:colcon.colcon_core.package_identification:_identify(src) by extensions ['cmake', 'python']
[0.157s] Level 1:colcon.colcon_core.package_identification:_identify(src) by extension 'cmake'
[0.157s] Level 1:colcon.colcon_core.package_identification:_identify(src) by extension 'python'
[0.157s] Level 1:colcon.colcon_core.package_identification:_identify(src) by extensions ['python_setup_py']
[0.157s] Level 1:colcon.colcon_core.package_identification:_identify(src) by extension 'python_setup_py'
[0.157s] Level 1:colcon.colcon_core.package_identification:_identify(src/camera_display) by extensions ['ignore', 'ignore_ament_install']
[0.157s] Level 1:colcon.colcon_core.package_identification:_identify(src/camera_display) by extension 'ignore'
[0.157s] Level 1:colcon.colcon_core.package_identification:_identify(src/camera_display) by extension 'ignore_ament_install'
[0.157s] Level 1:colcon.colcon_core.package_identification:_identify(src/camera_display) by extensions ['colcon_pkg']
[0.157s] Level 1:colcon.colcon_core.package_identification:_identify(src/camera_display) by extension 'colcon_pkg'
[0.157s] Level 1:colcon.colcon_core.package_identification:_identify(src/camera_display) by extensions ['colcon_meta']
[0.157s] Level 1:colcon.colcon_core.package_identification:_identify(src/camera_display) by extension 'colcon_meta'
[0.157s] Level 1:colcon.colcon_core.package_identification:_identify(src/camera_display) by extensions ['ros']
[0.157s] Level 1:colcon.colcon_core.package_identification:_identify(src/camera_display) by extension 'ros'
[0.159s] DEBUG:colcon.colcon_core.package_identification:Package 'src/camera_display' with type 'ros.ament_cmake' and name 'camera_display'
[0.159s] Level 1:colcon.colcon_core.package_identification:_identify(src/camera_driver) by extensions ['ignore', 'ignore_ament_install']
[0.160s] Level 1:colcon.colcon_core.package_identification:_identify(src/camera_driver) by extension 'ignore'
[0.160s] Level 1:colcon.colcon_core.package_identification:_identify(src/camera_driver) by extension 'ignore_ament_install'
[0.160s] Level 1:colcon.colcon_core.package_identification:_identify(src/camera_driver) by extensions ['colcon_pkg']
[0.160s] Level 1:colcon.colcon_core.package_identification:_identify(src/camera_driver) by extension 'colcon_pkg'
[0.160s] Level 1:colcon.colcon_core.package_identification:_identify(src/camera_driver) by extensions ['colcon_meta']
[0.160s] Level 1:colcon.colcon_core.package_identification:_identify(src/camera_driver) by extension 'colcon_meta'
[0.160s] Level 1:colcon.colcon_core.package_identification:_identify(src/camera_driver) by extensions ['ros']
[0.160s] Level 1:colcon.colcon_core.package_identification:_identify(src/camera_driver) by extension 'ros'
[0.160s] DEBUG:colcon.colcon_core.package_identification:Package 'src/camera_driver' with type 'ros.ament_cmake' and name 'mindvision_camera'
[0.160s] Level 1:colcon.colcon_core.package_identification:_identify(src/camera_interface) by extensions ['ignore', 'ignore_ament_install']
[0.160s] Level 1:colcon.colcon_core.package_identification:_identify(src/camera_interface) by extension 'ignore'
[0.161s] Level 1:colcon.colcon_core.package_identification:_identify(src/camera_interface) by extension 'ignore_ament_install'
[0.161s] Level 1:colcon.colcon_core.package_identification:_identify(src/camera_interface) by extensions ['colcon_pkg']
[0.161s] Level 1:colcon.colcon_core.package_identification:_identify(src/camera_interface) by extension 'colcon_pkg'
[0.161s] Level 1:colcon.colcon_core.package_identification:_identify(src/camera_interface) by extensions ['colcon_meta']
[0.161s] Level 1:colcon.colcon_core.package_identification:_identify(src/camera_interface) by extension 'colcon_meta'
[0.161s] Level 1:colcon.colcon_core.package_identification:_identify(src/camera_interface) by extensions ['ros']
[0.161s] Level 1:colcon.colcon_core.package_identification:_identify(src/camera_interface) by extension 'ros'
[0.161s] DEBUG:colcon.colcon_core.package_identification:Package 'src/camera_interface' with type 'ros.ament_cmake' and name 'camera_interface'
[0.161s] Level 1:colcon.colcon_core.package_identification:_identify(src/corner_detection) by extensions ['ignore', 'ignore_ament_install']
[0.161s] Level 1:colcon.colcon_core.package_identification:_identify(src/corner_detection) by extension 'ignore'
[0.161s] Level 1:colcon.colcon_core.package_identification:_identify(src/corner_detection) by extension 'ignore_ament_install'
[0.161s] Level 1:colcon.colcon_core.package_identification:_identify(src/corner_detection) by extensions ['colcon_pkg']
[0.161s] Level 1:colcon.colcon_core.package_identification:_identify(src/corner_detection) by extension 'colcon_pkg'
[0.161s] Level 1:colcon.colcon_core.package_identification:_identify(src/corner_detection) by extensions ['colcon_meta']
[0.161s] Level 1:colcon.colcon_core.package_identification:_identify(src/corner_detection) by extension 'colcon_meta'
[0.161s] Level 1:colcon.colcon_core.package_identification:_identify(src/corner_detection) by extensions ['ros']
[0.161s] Level 1:colcon.colcon_core.package_identification:_identify(src/corner_detection) by extension 'ros'
[0.162s] DEBUG:colcon.colcon_core.package_identification:Package 'src/corner_detection' with type 'ros.ament_cmake' and name 'corner_detection'
[0.162s] Level 1:colcon.colcon_core.package_identification:_identify(src/image_display) by extensions ['ignore', 'ignore_ament_install']
[0.162s] Level 1:colcon.colcon_core.package_identification:_identify(src/image_display) by extension 'ignore'
[0.162s] Level 1:colcon.colcon_core.package_identification:_identify(src/image_display) by extension 'ignore_ament_install'
[0.162s] Level 1:colcon.colcon_core.package_identification:_identify(src/image_display) by extensions ['colcon_pkg']
[0.162s] Level 1:colcon.colcon_core.package_identification:_identify(src/image_display) by extension 'colcon_pkg'
[0.162s] Level 1:colcon.colcon_core.package_identification:_identify(src/image_display) by extensions ['colcon_meta']
[0.162s] Level 1:colcon.colcon_core.package_identification:_identify(src/image_display) by extension 'colcon_meta'
[0.162s] Level 1:colcon.colcon_core.package_identification:_identify(src/image_display) by extensions ['ros']
[0.162s] Level 1:colcon.colcon_core.package_identification:_identify(src/image_display) by extension 'ros'
[0.162s] DEBUG:colcon.colcon_core.package_identification:Package 'src/image_display' with type 'ros.ament_cmake' and name 'image_display'
[0.162s] Level 1:colcon.colcon_core.package_identification:_identify(src/image_processing) by extensions ['ignore', 'ignore_ament_install']
[0.163s] Level 1:colcon.colcon_core.package_identification:_identify(src/image_processing) by extension 'ignore'
[0.163s] Level 1:colcon.colcon_core.package_identification:_identify(src/image_processing) by extension 'ignore_ament_install'
[0.163s] Level 1:colcon.colcon_core.package_identification:_identify(src/image_processing) by extensions ['colcon_pkg']
[0.163s] Level 1:colcon.colcon_core.package_identification:_identify(src/image_processing) by extension 'colcon_pkg'
[0.163s] Level 1:colcon.colcon_core.package_identification:_identify(src/image_processing) by extensions ['colcon_meta']
[0.163s] Level 1:colcon.colcon_core.package_identification:_identify(src/image_processing) by extension 'colcon_meta'
[0.163s] Level 1:colcon.colcon_core.package_identification:_identify(src/image_processing) by extensions ['ros']
[0.163s] Level 1:colcon.colcon_core.package_identification:_identify(src/image_processing) by extension 'ros'
[0.163s] DEBUG:colcon.colcon_core.package_identification:Package 'src/image_processing' with type 'ros.ament_cmake' and name 'image_processing'
[0.163s] Level 1:colcon.colcon_core.package_identification:_identify(src/pose_resolve) by extensions ['ignore', 'ignore_ament_install']
[0.163s] Level 1:colcon.colcon_core.package_identification:_identify(src/pose_resolve) by extension 'ignore'
[0.163s] Level 1:colcon.colcon_core.package_identification:_identify(src/pose_resolve) by extension 'ignore_ament_install'
[0.163s] Level 1:colcon.colcon_core.package_identification:_identify(src/pose_resolve) by extensions ['colcon_pkg']
[0.163s] Level 1:colcon.colcon_core.package_identification:_identify(src/pose_resolve) by extension 'colcon_pkg'
[0.163s] Level 1:colcon.colcon_core.package_identification:_identify(src/pose_resolve) by extensions ['colcon_meta']
[0.163s] Level 1:colcon.colcon_core.package_identification:_identify(src/pose_resolve) by extension 'colcon_meta'
[0.163s] Level 1:colcon.colcon_core.package_identification:_identify(src/pose_resolve) by extensions ['ros']
[0.163s] Level 1:colcon.colcon_core.package_identification:_identify(src/pose_resolve) by extension 'ros'
[0.164s] DEBUG:colcon.colcon_core.package_identification:Package 'src/pose_resolve' with type 'ros.ament_cmake' and name 'pose_resolve'
[0.164s] Level 1:colcon.colcon_core.package_discovery:discover_packages(recursive) using defaults
[0.164s] Level 1:colcon.colcon_core.package_discovery:discover_packages(ignore) discover
[0.164s] Level 1:colcon.colcon_core.package_discovery:discover_packages(ignore) using defaults
[0.164s] Level 1:colcon.colcon_core.package_discovery:discover_packages(path) discover
[0.164s] Level 1:colcon.colcon_core.package_discovery:discover_packages(path) using defaults
[0.194s] Level 1:colcon.colcon_core.package_discovery:discover_packages(prefix_path) check parameters
[0.194s] Level 1:colcon.colcon_core.package_discovery:discover_packages(prefix_path) discover
[0.195s] DEBUG:colcon.colcon_installed_package_information.package_discovery:Found 279 installed packages in /opt/ros/humble
[0.196s] Level 1:colcon.colcon_core.package_discovery:discover_packages(prefix_path) using defaults
[0.216s] Level 5:colcon.colcon_core.verb:set package 'camera_display' build argument 'cmake_args' from command line to 'None'
[0.216s] Level 5:colcon.colcon_core.verb:set package 'camera_display' build argument 'cmake_target' from command line to 'None'
[0.216s] Level 5:colcon.colcon_core.verb:set package 'camera_display' build argument 'cmake_target_skip_unavailable' from command line to 'False'
[0.216s] Level 5:colcon.colcon_core.verb:set package 'camera_display' build argument 'cmake_clean_cache' from command line to 'False'
[0.216s] Level 5:colcon.colcon_core.verb:set package 'camera_display' build argument 'cmake_clean_first' from command line to 'False'
[0.216s] Level 5:colcon.colcon_core.verb:set package 'camera_display' build argument 'cmake_force_configure' from command line to 'False'
[0.216s] Level 5:colcon.colcon_core.verb:set package 'camera_display' build argument 'ament_cmake_args' from command line to 'None'
[0.216s] Level 5:colcon.colcon_core.verb:set package 'camera_display' build argument 'catkin_cmake_args' from command line to 'None'
[0.216s] Level 5:colcon.colcon_core.verb:set package 'camera_display' build argument 'catkin_skip_building_tests' from command line to 'False'
[0.216s] DEBUG:colcon.colcon_core.verb:Building package 'camera_display' with the following arguments: {'ament_cmake_args': None, 'build_base': '/home/xyq/Desktop/ros_ws/build/camera_display', 'catkin_cmake_args': None, 'catkin_skip_building_tests': False, 'cmake_args': None, 'cmake_clean_cache': False, 'cmake_clean_first': False, 'cmake_force_configure': False, 'cmake_target': None, 'cmake_target_skip_unavailable': False, 'install_base': '/home/xyq/Desktop/ros_ws/install/camera_display', 'merge_install': False, 'path': '/home/xyq/Desktop/ros_ws/src/camera_display', 'symlink_install': False, 'test_result_base': None}
[0.216s] Level 5:colcon.colcon_core.verb:set package 'camera_interface' build argument 'cmake_args' from command line to 'None'
[0.216s] Level 5:colcon.colcon_core.verb:set package 'camera_interface' build argument 'cmake_target' from command line to 'None'
[0.216s] Level 5:colcon.colcon_core.verb:set package 'camera_interface' build argument 'cmake_target_skip_unavailable' from command line to 'False'
[0.216s] Level 5:colcon.colcon_core.verb:set package 'camera_interface' build argument 'cmake_clean_cache' from command line to 'False'
[0.216s] Level 5:colcon.colcon_core.verb:set package 'camera_interface' build argument 'cmake_clean_first' from command line to 'False'
[0.216s] Level 5:colcon.colcon_core.verb:set package 'camera_interface' build argument 'cmake_force_configure' from command line to 'False'
[0.216s] Level 5:colcon.colcon_core.verb:set package 'camera_interface' build argument 'ament_cmake_args' from command line to 'None'
[0.217s] Level 5:colcon.colcon_core.verb:set package 'camera_interface' build argument 'catkin_cmake_args' from command line to 'None'
[0.217s] Level 5:colcon.colcon_core.verb:set package 'camera_interface' build argument 'catkin_skip_building_tests' from command line to 'False'
[0.217s] DEBUG:colcon.colcon_core.verb:Building package 'camera_interface' with the following arguments: {'ament_cmake_args': None, 'build_base': '/home/xyq/Desktop/ros_ws/build/camera_interface', 'catkin_cmake_args': None, 'catkin_skip_building_tests': False, 'cmake_args': None, 'cmake_clean_cache': False, 'cmake_clean_first': False, 'cmake_force_configure': False, 'cmake_target': None, 'cmake_target_skip_unavailable': False, 'install_base': '/home/xyq/Desktop/ros_ws/install/camera_interface', 'merge_install': False, 'path': '/home/xyq/Desktop/ros_ws/src/camera_interface', 'symlink_install': False, 'test_result_base': None}
[0.217s] Level 5:colcon.colcon_core.verb:set package 'image_display' build argument 'cmake_args' from command line to 'None'
[0.217s] Level 5:colcon.colcon_core.verb:set package 'image_display' build argument 'cmake_target' from command line to 'None'
[0.217s] Level 5:colcon.colcon_core.verb:set package 'image_display' build argument 'cmake_target_skip_unavailable' from command line to 'False'
[0.217s] Level 5:colcon.colcon_core.verb:set package 'image_display' build argument 'cmake_clean_cache' from command line to 'False'
[0.217s] Level 5:colcon.colcon_core.verb:set package 'image_display' build argument 'cmake_clean_first' from command line to 'False'
[0.217s] Level 5:colcon.colcon_core.verb:set package 'image_display' build argument 'cmake_force_configure' from command line to 'False'
[0.217s] Level 5:colcon.colcon_core.verb:set package 'image_display' build argument 'ament_cmake_args' from command line to 'None'
[0.217s] Level 5:colcon.colcon_core.verb:set package 'image_display' build argument 'catkin_cmake_args' from command line to 'None'
[0.217s] Level 5:colcon.colcon_core.verb:set package 'image_display' build argument 'catkin_skip_building_tests' from command line to 'False'
[0.217s] DEBUG:colcon.colcon_core.verb:Building package 'image_display' with the following arguments: {'ament_cmake_args': None, 'build_base': '/home/xyq/Desktop/ros_ws/build/image_display', 'catkin_cmake_args': None, 'catkin_skip_building_tests': False, 'cmake_args': None, 'cmake_clean_cache': False, 'cmake_clean_first': False, 'cmake_force_configure': False, 'cmake_target': None, 'cmake_target_skip_unavailable': False, 'install_base': '/home/xyq/Desktop/ros_ws/install/image_display', 'merge_install': False, 'path': '/home/xyq/Desktop/ros_ws/src/image_display', 'symlink_install': False, 'test_result_base': None}
[0.217s] Level 5:colcon.colcon_core.verb:set package 'image_processing' build argument 'cmake_args' from command line to 'None'
[0.217s] Level 5:colcon.colcon_core.verb:set package 'image_processing' build argument 'cmake_target' from command line to 'None'
[0.217s] Level 5:colcon.colcon_core.verb:set package 'image_processing' build argument 'cmake_target_skip_unavailable' from command line to 'False'
[0.217s] Level 5:colcon.colcon_core.verb:set package 'image_processing' build argument 'cmake_clean_cache' from command line to 'False'
[0.217s] Level 5:colcon.colcon_core.verb:set package 'image_processing' build argument 'cmake_clean_first' from command line to 'False'
[0.217s] Level 5:colcon.colcon_core.verb:set package 'image_processing' build argument 'cmake_force_configure' from command line to 'False'
[0.217s] Level 5:colcon.colcon_core.verb:set package 'image_processing' build argument 'ament_cmake_args' from command line to 'None'
[0.217s] Level 5:colcon.colcon_core.verb:set package 'image_processing' build argument 'catkin_cmake_args' from command line to 'None'
[0.217s] Level 5:colcon.colcon_core.verb:set package 'image_processing' build argument 'catkin_skip_building_tests' from command line to 'False'
[0.217s] DEBUG:colcon.colcon_core.verb:Building package 'image_processing' with the following arguments: {'ament_cmake_args': None, 'build_base': '/home/xyq/Desktop/ros_ws/build/image_processing', 'catkin_cmake_args': None, 'catkin_skip_building_tests': False, 'cmake_args': None, 'cmake_clean_cache': False, 'cmake_clean_first': False, 'cmake_force_configure': False, 'cmake_target': None, 'cmake_target_skip_unavailable': False, 'install_base': '/home/xyq/Desktop/ros_ws/install/image_processing', 'merge_install': False, 'path': '/home/xyq/Desktop/ros_ws/src/image_processing', 'symlink_install': False, 'test_result_base': None}
[0.217s] Level 5:colcon.colcon_core.verb:set package 'mindvision_camera' build argument 'cmake_args' from command line to 'None'
[0.217s] Level 5:colcon.colcon_core.verb:set package 'mindvision_camera' build argument 'cmake_target' from command line to 'None'
[0.217s] Level 5:colcon.colcon_core.verb:set package 'mindvision_camera' build argument 'cmake_target_skip_unavailable' from command line to 'False'
[0.217s] Level 5:colcon.colcon_core.verb:set package 'mindvision_camera' build argument 'cmake_clean_cache' from command line to 'False'
[0.217s] Level 5:colcon.colcon_core.verb:set package 'mindvision_camera' build argument 'cmake_clean_first' from command line to 'False'
[0.217s] Level 5:colcon.colcon_core.verb:set package 'mindvision_camera' build argument 'cmake_force_configure' from command line to 'False'
[0.217s] Level 5:colcon.colcon_core.verb:set package 'mindvision_camera' build argument 'ament_cmake_args' from command line to 'None'
[0.217s] Level 5:colcon.colcon_core.verb:set package 'mindvision_camera' build argument 'catkin_cmake_args' from command line to 'None'
[0.217s] Level 5:colcon.colcon_core.verb:set package 'mindvision_camera' build argument 'catkin_skip_building_tests' from command line to 'False'
[0.217s] DEBUG:colcon.colcon_core.verb:Building package 'mindvision_camera' with the following arguments: {'ament_cmake_args': None, 'build_base': '/home/xyq/Desktop/ros_ws/build/mindvision_camera', 'catkin_cmake_args': None, 'catkin_skip_building_tests': False, 'cmake_args': None, 'cmake_clean_cache': False, 'cmake_clean_first': False, 'cmake_force_configure': False, 'cmake_target': None, 'cmake_target_skip_unavailable': False, 'install_base': '/home/xyq/Desktop/ros_ws/install/mindvision_camera', 'merge_install': False, 'path': '/home/xyq/Desktop/ros_ws/src/camera_driver', 'symlink_install': False, 'test_result_base': None}
[0.218s] Level 5:colcon.colcon_core.verb:set package 'corner_detection' build argument 'cmake_args' from command line to 'None'
[0.218s] Level 5:colcon.colcon_core.verb:set package 'corner_detection' build argument 'cmake_target' from command line to 'None'
[0.218s] Level 5:colcon.colcon_core.verb:set package 'corner_detection' build argument 'cmake_target_skip_unavailable' from command line to 'False'
[0.218s] Level 5:colcon.colcon_core.verb:set package 'corner_detection' build argument 'cmake_clean_cache' from command line to 'False'
[0.218s] Level 5:colcon.colcon_core.verb:set package 'corner_detection' build argument 'cmake_clean_first' from command line to 'False'
[0.218s] Level 5:colcon.colcon_core.verb:set package 'corner_detection' build argument 'cmake_force_configure' from command line to 'False'
[0.218s] Level 5:colcon.colcon_core.verb:set package 'corner_detection' build argument 'ament_cmake_args' from command line to 'None'
[0.218s] Level 5:colcon.colcon_core.verb:set package 'corner_detection' build argument 'catkin_cmake_args' from command line to 'None'
[0.218s] Level 5:colcon.colcon_core.verb:set package 'corner_detection' build argument 'catkin_skip_building_tests' from command line to 'False'
[0.218s] DEBUG:colcon.colcon_core.verb:Building package 'corner_detection' with the following arguments: {'ament_cmake_args': None, 'build_base': '/home/xyq/Desktop/ros_ws/build/corner_detection', 'catkin_cmake_args': None, 'catkin_skip_building_tests': False, 'cmake_args': None, 'cmake_clean_cache': False, 'cmake_clean_first': False, 'cmake_force_configure': False, 'cmake_target': None, 'cmake_target_skip_unavailable': False, 'install_base': '/home/xyq/Desktop/ros_ws/install/corner_detection', 'merge_install': False, 'path': '/home/xyq/Desktop/ros_ws/src/corner_detection', 'symlink_install': False, 'test_result_base': None}
[0.218s] Level 5:colcon.colcon_core.verb:set package 'pose_resolve' build argument 'cmake_args' from command line to 'None'
[0.218s] Level 5:colcon.colcon_core.verb:set package 'pose_resolve' build argument 'cmake_target' from command line to 'None'
[0.218s] Level 5:colcon.colcon_core.verb:set package 'pose_resolve' build argument 'cmake_target_skip_unavailable' from command line to 'False'
[0.218s] Level 5:colcon.colcon_core.verb:set package 'pose_resolve' build argument 'cmake_clean_cache' from command line to 'False'
[0.218s] Level 5:colcon.colcon_core.verb:set package 'pose_resolve' build argument 'cmake_clean_first' from command line to 'False'
[0.218s] Level 5:colcon.colcon_core.verb:set package 'pose_resolve' build argument 'cmake_force_configure' from command line to 'False'
[0.218s] Level 5:colcon.colcon_core.verb:set package 'pose_resolve' build argument 'ament_cmake_args' from command line to 'None'
[0.218s] Level 5:colcon.colcon_core.verb:set package 'pose_resolve' build argument 'catkin_cmake_args' from command line to 'None'
[0.218s] Level 5:colcon.colcon_core.verb:set package 'pose_resolve' build argument 'catkin_skip_building_tests' from command line to 'False'
[0.218s] DEBUG:colcon.colcon_core.verb:Building package 'pose_resolve' with the following arguments: {'ament_cmake_args': None, 'build_base': '/home/xyq/Desktop/ros_ws/build/pose_resolve', 'catkin_cmake_args': None, 'catkin_skip_building_tests': False, 'cmake_args': None, 'cmake_clean_cache': False, 'cmake_clean_first': False, 'cmake_force_configure': False, 'cmake_target': None, 'cmake_target_skip_unavailable': False, 'install_base': '/home/xyq/Desktop/ros_ws/install/pose_resolve', 'merge_install': False, 'path': '/home/xyq/Desktop/ros_ws/src/pose_resolve', 'symlink_install': False, 'test_result_base': None}
[0.218s] INFO:colcon.colcon_core.executor:Executing jobs using 'parallel' executor
[0.219s] DEBUG:colcon.colcon_parallel_executor.executor.parallel:run_until_complete
[0.219s] INFO:colcon.colcon_ros.task.ament_cmake.build:Building ROS package in '/home/xyq/Desktop/ros_ws/src/camera_interface' with build type 'ament_cmake'
[0.220s] INFO:colcon.colcon_cmake.task.cmake.build:Building CMake package in '/home/xyq/Desktop/ros_ws/src/camera_interface'
[0.221s] INFO:colcon.colcon_core.plugin_system:Skipping extension 'colcon_core.shell.bat': Not used on non-Windows systems
[0.221s] INFO:colcon.colcon_core.shell:Skip shell extension 'powershell' for command environment: Not usable outside of PowerShell
[0.221s] DEBUG:colcon.colcon_core.shell:Skip shell extension 'dsv' for command environment
[0.223s] INFO:colcon.colcon_ros.task.ament_cmake.build:Building ROS package in '/home/xyq/Desktop/ros_ws/src/camera_display' with build type 'ament_cmake'
[0.223s] INFO:colcon.colcon_cmake.task.cmake.build:Building CMake package in '/home/xyq/Desktop/ros_ws/src/camera_display'
[0.224s] INFO:colcon.colcon_core.shell:Skip shell extension 'powershell' for command environment: Not usable outside of PowerShell
[0.224s] DEBUG:colcon.colcon_core.shell:Skip shell extension 'dsv' for command environment
[0.226s] INFO:colcon.colcon_ros.task.ament_cmake.build:Building ROS package in '/home/xyq/Desktop/ros_ws/src/image_display' with build type 'ament_cmake'
[0.226s] INFO:colcon.colcon_cmake.task.cmake.build:Building CMake package in '/home/xyq/Desktop/ros_ws/src/image_display'
[0.226s] INFO:colcon.colcon_core.shell:Skip shell extension 'powershell' for command environment: Not usable outside of PowerShell
[0.226s] DEBUG:colcon.colcon_core.shell:Skip shell extension 'dsv' for command environment
[0.227s] INFO:colcon.colcon_ros.task.ament_cmake.build:Building ROS package in '/home/xyq/Desktop/ros_ws/src/image_processing' with build type 'ament_cmake'
[0.228s] INFO:colcon.colcon_cmake.task.cmake.build:Building CMake package in '/home/xyq/Desktop/ros_ws/src/image_processing'
[0.228s] INFO:colcon.colcon_core.shell:Skip shell extension 'powershell' for command environment: Not usable outside of PowerShell
[0.228s] DEBUG:colcon.colcon_core.shell:Skip shell extension 'dsv' for command environment
[0.229s] INFO:colcon.colcon_ros.task.ament_cmake.build:Building ROS package in '/home/xyq/Desktop/ros_ws/src/camera_driver' with build type 'ament_cmake'
[0.229s] INFO:colcon.colcon_cmake.task.cmake.build:Building CMake package in '/home/xyq/Desktop/ros_ws/src/camera_driver'
[0.229s] INFO:colcon.colcon_core.shell:Skip shell extension 'powershell' for command environment: Not usable outside of PowerShell
[0.229s] DEBUG:colcon.colcon_core.shell:Skip shell extension 'dsv' for command environment
[0.236s] DEBUG:colcon.colcon_core.event_handler.log_command:Invoking command in '/home/xyq/Desktop/ros_ws/build/camera_interface': CMAKE_PREFIX_PATH=/opt/ros/humble /usr/bin/cmake --build /home/xyq/Desktop/ros_ws/build/camera_interface -- -j20 -l20
[0.239s] DEBUG:colcon.colcon_core.event_handler.log_command:Invoking command in '/home/xyq/Desktop/ros_ws/build/camera_display': CMAKE_PREFIX_PATH=/opt/ros/humble /usr/bin/cmake --build /home/xyq/Desktop/ros_ws/build/camera_display -- -j20 -l20
[0.241s] DEBUG:colcon.colcon_core.event_handler.log_command:Invoking command in '/home/xyq/Desktop/ros_ws/build/image_display': CMAKE_PREFIX_PATH=/opt/ros/humble /usr/bin/cmake --build /home/xyq/Desktop/ros_ws/build/image_display -- -j20 -l20
[0.246s] DEBUG:colcon.colcon_core.event_handler.log_command:Invoking command in '/home/xyq/Desktop/ros_ws/build/image_processing': CMAKE_PREFIX_PATH=/opt/ros/humble /usr/bin/cmake --build /home/xyq/Desktop/ros_ws/build/image_processing -- -j20 -l20
[0.252s] DEBUG:colcon.colcon_core.event_handler.log_command:Invoking command in '/home/xyq/Desktop/ros_ws/build/mindvision_camera': CMAKE_PREFIX_PATH=/opt/ros/humble /usr/bin/cmake --build /home/xyq/Desktop/ros_ws/build/mindvision_camera -- -j20 -l20
[0.277s] DEBUG:colcon.colcon_core.event_handler.log_command:Invoked command in '/home/xyq/Desktop/ros_ws/build/image_display' returned '0': CMAKE_PREFIX_PATH=/opt/ros/humble /usr/bin/cmake --build /home/xyq/Desktop/ros_ws/build/image_display -- -j20 -l20
[0.287s] DEBUG:colcon.colcon_core.event_handler.log_command:Invoking command in '/home/xyq/Desktop/ros_ws/build/image_display': CMAKE_PREFIX_PATH=/opt/ros/humble /usr/bin/cmake --install /home/xyq/Desktop/ros_ws/build/image_display
[0.298s] Level 1:colcon.colcon_core.environment:create_environment_scripts_only(image_display)
[0.300s] DEBUG:colcon.colcon_core.event_handler.log_command:Invoked command in '/home/xyq/Desktop/ros_ws/build/image_display' returned '0': CMAKE_PREFIX_PATH=/opt/ros/humble /usr/bin/cmake --install /home/xyq/Desktop/ros_ws/build/image_display
[0.303s] Level 1:colcon.colcon_core.environment:checking '/home/xyq/Desktop/ros_ws/install/image_display' for CMake module files
[0.304s] Level 1:colcon.colcon_core.environment:checking '/home/xyq/Desktop/ros_ws/install/image_display' for CMake config files
[0.304s] Level 1:colcon.colcon_core.shell:create_environment_hook('image_display', 'cmake_prefix_path')
[0.305s] INFO:colcon.colcon_core.shell:Creating environment hook '/home/xyq/Desktop/ros_ws/install/image_display/share/image_display/hook/cmake_prefix_path.ps1'
[0.306s] INFO:colcon.colcon_core.shell:Creating environment descriptor '/home/xyq/Desktop/ros_ws/install/image_display/share/image_display/hook/cmake_prefix_path.dsv'
[0.307s] INFO:colcon.colcon_core.shell:Creating environment hook '/home/xyq/Desktop/ros_ws/install/image_display/share/image_display/hook/cmake_prefix_path.sh'
[0.308s] Level 1:colcon.colcon_core.environment:checking '/home/xyq/Desktop/ros_ws/install/image_display/bin'
[0.308s] Level 1:colcon.colcon_core.environment:checking '/home/xyq/Desktop/ros_ws/install/image_display/lib/pkgconfig/image_display.pc'
[0.308s] Level 1:colcon.colcon_core.environment:checking '/home/xyq/Desktop/ros_ws/install/image_display/lib/python3.10/site-packages'
[0.308s] Level 1:colcon.colcon_core.environment:checking '/home/xyq/Desktop/ros_ws/install/image_display/bin'
[0.309s] INFO:colcon.colcon_core.shell:Creating package script '/home/xyq/Desktop/ros_ws/install/image_display/share/image_display/package.ps1'
[0.310s] INFO:colcon.colcon_core.shell:Creating package descriptor '/home/xyq/Desktop/ros_ws/install/image_display/share/image_display/package.dsv'
[0.311s] INFO:colcon.colcon_core.shell:Creating package script '/home/xyq/Desktop/ros_ws/install/image_display/share/image_display/package.sh'
[0.312s] INFO:colcon.colcon_core.shell:Creating package script '/home/xyq/Desktop/ros_ws/install/image_display/share/image_display/package.bash'
[0.312s] INFO:colcon.colcon_core.shell:Creating package script '/home/xyq/Desktop/ros_ws/install/image_display/share/image_display/package.zsh'
[0.313s] Level 1:colcon.colcon_core.environment:create_file_with_runtime_dependencies(/home/xyq/Desktop/ros_ws/install/image_display/share/colcon-core/packages/image_display)
[0.314s] Level 1:colcon.colcon_core.environment:create_environment_scripts_only(image_display)
[0.314s] Level 1:colcon.colcon_core.environment:checking '/home/xyq/Desktop/ros_ws/install/image_display' for CMake module files
[0.315s] Level 1:colcon.colcon_core.environment:checking '/home/xyq/Desktop/ros_ws/install/image_display' for CMake config files
[0.315s] Level 1:colcon.colcon_core.shell:create_environment_hook('image_display', 'cmake_prefix_path')
[0.316s] INFO:colcon.colcon_core.shell:Creating environment hook '/home/xyq/Desktop/ros_ws/install/image_display/share/image_display/hook/cmake_prefix_path.ps1'
[0.316s] INFO:colcon.colcon_core.shell:Creating environment descriptor '/home/xyq/Desktop/ros_ws/install/image_display/share/image_display/hook/cmake_prefix_path.dsv'
[0.316s] INFO:colcon.colcon_core.shell:Creating environment hook '/home/xyq/Desktop/ros_ws/install/image_display/share/image_display/hook/cmake_prefix_path.sh'
[0.317s] Level 1:colcon.colcon_core.environment:checking '/home/xyq/Desktop/ros_ws/install/image_display/bin'
[0.317s] Level 1:colcon.colcon_core.environment:checking '/home/xyq/Desktop/ros_ws/install/image_display/lib/pkgconfig/image_display.pc'
[0.317s] Level 1:colcon.colcon_core.environment:checking '/home/xyq/Desktop/ros_ws/install/image_display/lib/python3.10/site-packages'
[0.317s] Level 1:colcon.colcon_core.environment:checking '/home/xyq/Desktop/ros_ws/install/image_display/bin'
[0.318s] INFO:colcon.colcon_core.shell:Creating package script '/home/xyq/Desktop/ros_ws/install/image_display/share/image_display/package.ps1'
[0.319s] INFO:colcon.colcon_core.shell:Creating package descriptor '/home/xyq/Desktop/ros_ws/install/image_display/share/image_display/package.dsv'
[0.319s] INFO:colcon.colcon_core.shell:Creating package script '/home/xyq/Desktop/ros_ws/install/image_display/share/image_display/package.sh'
[0.320s] INFO:colcon.colcon_core.shell:Creating package script '/home/xyq/Desktop/ros_ws/install/image_display/share/image_display/package.bash'
[0.321s] INFO:colcon.colcon_core.shell:Creating package script '/home/xyq/Desktop/ros_ws/install/image_display/share/image_display/package.zsh'
[0.321s] Level 1:colcon.colcon_core.environment:create_file_with_runtime_dependencies(/home/xyq/Desktop/ros_ws/install/image_display/share/colcon-core/packages/image_display)
[0.323s] DEBUG:colcon.colcon_core.event_handler.log_command:Invoked command in '/home/xyq/Desktop/ros_ws/build/camera_display' returned '0': CMAKE_PREFIX_PATH=/opt/ros/humble /usr/bin/cmake --build /home/xyq/Desktop/ros_ws/build/camera_display -- -j20 -l20
[0.325s] DEBUG:colcon.colcon_core.event_handler.log_command:Invoking command in '/home/xyq/Desktop/ros_ws/build/camera_display': CMAKE_PREFIX_PATH=/opt/ros/humble /usr/bin/cmake --install /home/xyq/Desktop/ros_ws/build/camera_display
[0.325s] DEBUG:colcon.colcon_core.event_handler.log_command:Invoked command in '/home/xyq/Desktop/ros_ws/build/mindvision_camera' returned '0': CMAKE_PREFIX_PATH=/opt/ros/humble /usr/bin/cmake --build /home/xyq/Desktop/ros_ws/build/mindvision_camera -- -j20 -l20
[0.326s] DEBUG:colcon.colcon_core.event_handler.log_command:Invoking command in '/home/xyq/Desktop/ros_ws/build/mindvision_camera': CMAKE_PREFIX_PATH=/opt/ros/humble /usr/bin/cmake --install /home/xyq/Desktop/ros_ws/build/mindvision_camera
[0.327s] DEBUG:colcon.colcon_core.event_handler.log_command:Invoked command in '/home/xyq/Desktop/ros_ws/build/image_processing' returned '0': CMAKE_PREFIX_PATH=/opt/ros/humble /usr/bin/cmake --build /home/xyq/Desktop/ros_ws/build/image_processing -- -j20 -l20
[0.329s] DEBUG:colcon.colcon_core.event_handler.log_command:Invoking command in '/home/xyq/Desktop/ros_ws/build/image_processing': CMAKE_PREFIX_PATH=/opt/ros/humble /usr/bin/cmake --install /home/xyq/Desktop/ros_ws/build/image_processing
[0.336s] Level 1:colcon.colcon_core.environment:create_environment_scripts_only(mindvision_camera)
[0.336s] Level 1:colcon.colcon_core.environment:checking '/home/xyq/Desktop/ros_ws/install/mindvision_camera' for CMake module files
[0.336s] DEBUG:colcon.colcon_core.event_handler.log_command:Invoked command in '/home/xyq/Desktop/ros_ws/build/mindvision_camera' returned '0': CMAKE_PREFIX_PATH=/opt/ros/humble /usr/bin/cmake --install /home/xyq/Desktop/ros_ws/build/mindvision_camera
[0.337s] Level 1:colcon.colcon_core.environment:checking '/home/xyq/Desktop/ros_ws/install/mindvision_camera' for CMake config files
[0.338s] Level 1:colcon.colcon_core.shell:create_environment_hook('mindvision_camera', 'cmake_prefix_path')
[0.339s] INFO:colcon.colcon_core.shell:Creating environment hook '/home/xyq/Desktop/ros_ws/install/mindvision_camera/share/mindvision_camera/hook/cmake_prefix_path.ps1'
[0.339s] INFO:colcon.colcon_core.shell:Creating environment descriptor '/home/xyq/Desktop/ros_ws/install/mindvision_camera/share/mindvision_camera/hook/cmake_prefix_path.dsv'
[0.340s] INFO:colcon.colcon_core.shell:Creating environment hook '/home/xyq/Desktop/ros_ws/install/mindvision_camera/share/mindvision_camera/hook/cmake_prefix_path.sh'
[0.340s] Level 1:colcon.colcon_core.environment:checking '/home/xyq/Desktop/ros_ws/install/mindvision_camera/lib'
[0.340s] Level 1:colcon.colcon_core.shell:create_environment_hook('mindvision_camera', 'ld_library_path_lib')
[0.341s] INFO:colcon.colcon_core.shell:Creating environment hook '/home/xyq/Desktop/ros_ws/install/mindvision_camera/share/mindvision_camera/hook/ld_library_path_lib.ps1'
[0.341s] INFO:colcon.colcon_core.shell:Creating environment descriptor '/home/xyq/Desktop/ros_ws/install/mindvision_camera/share/mindvision_camera/hook/ld_library_path_lib.dsv'
[0.341s] INFO:colcon.colcon_core.shell:Creating environment hook '/home/xyq/Desktop/ros_ws/install/mindvision_camera/share/mindvision_camera/hook/ld_library_path_lib.sh'
[0.342s] Level 1:colcon.colcon_core.environment:checking '/home/xyq/Desktop/ros_ws/install/mindvision_camera/bin'
[0.342s] Level 1:colcon.colcon_core.environment:checking '/home/xyq/Desktop/ros_ws/install/mindvision_camera/lib/pkgconfig/mindvision_camera.pc'
[0.342s] Level 1:colcon.colcon_core.environment:checking '/home/xyq/Desktop/ros_ws/install/mindvision_camera/lib/python3.10/site-packages'
[0.342s] Level 1:colcon.colcon_core.environment:checking '/home/xyq/Desktop/ros_ws/install/mindvision_camera/bin'
[0.342s] INFO:colcon.colcon_core.shell:Creating package script '/home/xyq/Desktop/ros_ws/install/mindvision_camera/share/mindvision_camera/package.ps1'
[0.342s] INFO:colcon.colcon_core.shell:Creating package descriptor '/home/xyq/Desktop/ros_ws/install/mindvision_camera/share/mindvision_camera/package.dsv'
[0.342s] INFO:colcon.colcon_core.shell:Creating package script '/home/xyq/Desktop/ros_ws/install/mindvision_camera/share/mindvision_camera/package.sh'
[0.343s] INFO:colcon.colcon_core.shell:Creating package script '/home/xyq/Desktop/ros_ws/install/mindvision_camera/share/mindvision_camera/package.bash'
[0.343s] INFO:colcon.colcon_core.shell:Creating package script '/home/xyq/Desktop/ros_ws/install/mindvision_camera/share/mindvision_camera/package.zsh'
[0.343s] Level 1:colcon.colcon_core.environment:create_file_with_runtime_dependencies(/home/xyq/Desktop/ros_ws/install/mindvision_camera/share/colcon-core/packages/mindvision_camera)
[0.343s] Level 1:colcon.colcon_core.environment:create_environment_scripts_only(mindvision_camera)
[0.344s] Level 1:colcon.colcon_core.environment:checking '/home/xyq/Desktop/ros_ws/install/mindvision_camera' for CMake module files
[0.344s] Level 1:colcon.colcon_core.environment:checking '/home/xyq/Desktop/ros_ws/install/mindvision_camera' for CMake config files
[0.344s] Level 1:colcon.colcon_core.shell:create_environment_hook('mindvision_camera', 'cmake_prefix_path')
[0.344s] INFO:colcon.colcon_core.shell:Creating environment hook '/home/xyq/Desktop/ros_ws/install/mindvision_camera/share/mindvision_camera/hook/cmake_prefix_path.ps1'
[0.345s] INFO:colcon.colcon_core.shell:Creating environment descriptor '/home/xyq/Desktop/ros_ws/install/mindvision_camera/share/mindvision_camera/hook/cmake_prefix_path.dsv'
[0.345s] INFO:colcon.colcon_core.shell:Creating environment hook '/home/xyq/Desktop/ros_ws/install/mindvision_camera/share/mindvision_camera/hook/cmake_prefix_path.sh'
[0.345s] Level 1:colcon.colcon_core.environment:checking '/home/xyq/Desktop/ros_ws/install/mindvision_camera/lib'
[0.345s] Level 1:colcon.colcon_core.shell:create_environment_hook('mindvision_camera', 'ld_library_path_lib')
[0.345s] INFO:colcon.colcon_core.shell:Creating environment hook '/home/xyq/Desktop/ros_ws/install/mindvision_camera/share/mindvision_camera/hook/ld_library_path_lib.ps1'
[0.345s] INFO:colcon.colcon_core.shell:Creating environment descriptor '/home/xyq/Desktop/ros_ws/install/mindvision_camera/share/mindvision_camera/hook/ld_library_path_lib.dsv'
[0.346s] INFO:colcon.colcon_core.shell:Creating environment hook '/home/xyq/Desktop/ros_ws/install/mindvision_camera/share/mindvision_camera/hook/ld_library_path_lib.sh'
[0.346s] Level 1:colcon.colcon_core.environment:checking '/home/xyq/Desktop/ros_ws/install/mindvision_camera/bin'
[0.346s] Level 1:colcon.colcon_core.environment:checking '/home/xyq/Desktop/ros_ws/install/mindvision_camera/lib/pkgconfig/mindvision_camera.pc'
[0.346s] Level 1:colcon.colcon_core.environment:checking '/home/xyq/Desktop/ros_ws/install/mindvision_camera/lib/python3.10/site-packages'
[0.346s] Level 1:colcon.colcon_core.environment:checking '/home/xyq/Desktop/ros_ws/install/mindvision_camera/bin'
[0.346s] INFO:colcon.colcon_core.shell:Creating package script '/home/xyq/Desktop/ros_ws/install/mindvision_camera/share/mindvision_camera/package.ps1'
[0.346s] INFO:colcon.colcon_core.shell:Creating package descriptor '/home/xyq/Desktop/ros_ws/install/mindvision_camera/share/mindvision_camera/package.dsv'
[0.347s] INFO:colcon.colcon_core.shell:Creating package script '/home/xyq/Desktop/ros_ws/install/mindvision_camera/share/mindvision_camera/package.sh'
[0.347s] INFO:colcon.colcon_core.shell:Creating package script '/home/xyq/Desktop/ros_ws/install/mindvision_camera/share/mindvision_camera/package.bash'
[0.347s] INFO:colcon.colcon_core.shell:Creating package script '/home/xyq/Desktop/ros_ws/install/mindvision_camera/share/mindvision_camera/package.zsh'
[0.347s] Level 1:colcon.colcon_core.environment:create_file_with_runtime_dependencies(/home/xyq/Desktop/ros_ws/install/mindvision_camera/share/colcon-core/packages/mindvision_camera)
[0.348s] Level 1:colcon.colcon_core.environment:create_environment_scripts_only(camera_display)
[0.348s] Level 1:colcon.colcon_core.environment:checking '/home/xyq/Desktop/ros_ws/install/camera_display' for CMake module files
[0.348s] DEBUG:colcon.colcon_core.event_handler.log_command:Invoked command in '/home/xyq/Desktop/ros_ws/build/camera_display' returned '0': CMAKE_PREFIX_PATH=/opt/ros/humble /usr/bin/cmake --install /home/xyq/Desktop/ros_ws/build/camera_display
[0.348s] Level 1:colcon.colcon_core.environment:checking '/home/xyq/Desktop/ros_ws/install/camera_display' for CMake config files
[0.348s] Level 1:colcon.colcon_core.shell:create_environment_hook('camera_display', 'cmake_prefix_path')
[0.349s] INFO:colcon.colcon_core.shell:Creating environment hook '/home/xyq/Desktop/ros_ws/install/camera_display/share/camera_display/hook/cmake_prefix_path.ps1'
[0.349s] INFO:colcon.colcon_core.shell:Creating environment descriptor '/home/xyq/Desktop/ros_ws/install/camera_display/share/camera_display/hook/cmake_prefix_path.dsv'
[0.349s] INFO:colcon.colcon_core.shell:Creating environment hook '/home/xyq/Desktop/ros_ws/install/camera_display/share/camera_display/hook/cmake_prefix_path.sh'
[0.349s] Level 1:colcon.colcon_core.environment:checking '/home/xyq/Desktop/ros_ws/install/camera_display/lib'
[0.349s] Level 1:colcon.colcon_core.environment:checking '/home/xyq/Desktop/ros_ws/install/camera_display/bin'
[0.349s] Level 1:colcon.colcon_core.environment:checking '/home/xyq/Desktop/ros_ws/install/camera_display/lib/pkgconfig/camera_display.pc'
[0.350s] Level 1:colcon.colcon_core.environment:checking '/home/xyq/Desktop/ros_ws/install/camera_display/lib/python3.10/site-packages'
[0.350s] Level 1:colcon.colcon_core.environment:checking '/home/xyq/Desktop/ros_ws/install/camera_display/bin'
[0.350s] INFO:colcon.colcon_core.shell:Creating package script '/home/xyq/Desktop/ros_ws/install/camera_display/share/camera_display/package.ps1'
[0.350s] INFO:colcon.colcon_core.shell:Creating package descriptor '/home/xyq/Desktop/ros_ws/install/camera_display/share/camera_display/package.dsv'
[0.350s] INFO:colcon.colcon_core.shell:Creating package script '/home/xyq/Desktop/ros_ws/install/camera_display/share/camera_display/package.sh'
[0.350s] INFO:colcon.colcon_core.shell:Creating package script '/home/xyq/Desktop/ros_ws/install/camera_display/share/camera_display/package.bash'
[0.351s] INFO:colcon.colcon_core.shell:Creating package script '/home/xyq/Desktop/ros_ws/install/camera_display/share/camera_display/package.zsh'
[0.351s] Level 1:colcon.colcon_core.environment:create_file_with_runtime_dependencies(/home/xyq/Desktop/ros_ws/install/camera_display/share/colcon-core/packages/camera_display)
[0.351s] Level 1:colcon.colcon_core.environment:create_environment_scripts_only(camera_display)
[0.351s] Level 1:colcon.colcon_core.environment:checking '/home/xyq/Desktop/ros_ws/install/camera_display' for CMake module files
[0.351s] Level 1:colcon.colcon_core.environment:checking '/home/xyq/Desktop/ros_ws/install/camera_display' for CMake config files
[0.352s] Level 1:colcon.colcon_core.shell:create_environment_hook('camera_display', 'cmake_prefix_path')
[0.352s] INFO:colcon.colcon_core.shell:Creating environment hook '/home/xyq/Desktop/ros_ws/install/camera_display/share/camera_display/hook/cmake_prefix_path.ps1'
[0.352s] INFO:colcon.colcon_core.shell:Creating environment descriptor '/home/xyq/Desktop/ros_ws/install/camera_display/share/camera_display/hook/cmake_prefix_path.dsv'
[0.352s] INFO:colcon.colcon_core.shell:Creating environment hook '/home/xyq/Desktop/ros_ws/install/camera_display/share/camera_display/hook/cmake_prefix_path.sh'
[0.353s] Level 1:colcon.colcon_core.environment:checking '/home/xyq/Desktop/ros_ws/install/camera_display/lib'
[0.353s] Level 1:colcon.colcon_core.environment:checking '/home/xyq/Desktop/ros_ws/install/camera_display/bin'
[0.353s] Level 1:colcon.colcon_core.environment:checking '/home/xyq/Desktop/ros_ws/install/camera_display/lib/pkgconfig/camera_display.pc'
[0.353s] Level 1:colcon.colcon_core.environment:checking '/home/xyq/Desktop/ros_ws/install/camera_display/lib/python3.10/site-packages'
[0.353s] Level 1:colcon.colcon_core.environment:checking '/home/xyq/Desktop/ros_ws/install/camera_display/bin'
[0.353s] INFO:colcon.colcon_core.shell:Creating package script '/home/xyq/Desktop/ros_ws/install/camera_display/share/camera_display/package.ps1'
[0.354s] INFO:colcon.colcon_core.shell:Creating package descriptor '/home/xyq/Desktop/ros_ws/install/camera_display/share/camera_display/package.dsv'
[0.355s] INFO:colcon.colcon_core.shell:Creating package script '/home/xyq/Desktop/ros_ws/install/camera_display/share/camera_display/package.sh'
[0.355s] INFO:colcon.colcon_core.shell:Creating package script '/home/xyq/Desktop/ros_ws/install/camera_display/share/camera_display/package.bash'
[0.356s] INFO:colcon.colcon_core.shell:Creating package script '/home/xyq/Desktop/ros_ws/install/camera_display/share/camera_display/package.zsh'
[0.356s] Level 1:colcon.colcon_core.environment:create_file_with_runtime_dependencies(/home/xyq/Desktop/ros_ws/install/camera_display/share/colcon-core/packages/camera_display)
[0.357s] Level 1:colcon.colcon_core.environment:create_environment_scripts_only(image_processing)
[0.357s] Level 1:colcon.colcon_core.environment:checking '/home/xyq/Desktop/ros_ws/install/image_processing' for CMake module files
[0.358s] DEBUG:colcon.colcon_core.event_handler.log_command:Invoked command in '/home/xyq/Desktop/ros_ws/build/image_processing' returned '0': CMAKE_PREFIX_PATH=/opt/ros/humble /usr/bin/cmake --install /home/xyq/Desktop/ros_ws/build/image_processing
[0.358s] Level 1:colcon.colcon_core.environment:checking '/home/xyq/Desktop/ros_ws/install/image_processing' for CMake config files
[0.359s] Level 1:colcon.colcon_core.shell:create_environment_hook('image_processing', 'cmake_prefix_path')
[0.359s] INFO:colcon.colcon_core.shell:Creating environment hook '/home/xyq/Desktop/ros_ws/install/image_processing/share/image_processing/hook/cmake_prefix_path.ps1'
[0.359s] INFO:colcon.colcon_core.shell:Creating environment descriptor '/home/xyq/Desktop/ros_ws/install/image_processing/share/image_processing/hook/cmake_prefix_path.dsv'
[0.359s] INFO:colcon.colcon_core.shell:Creating environment hook '/home/xyq/Desktop/ros_ws/install/image_processing/share/image_processing/hook/cmake_prefix_path.sh'
[0.360s] Level 1:colcon.colcon_core.environment:checking '/home/xyq/Desktop/ros_ws/install/image_processing/lib'
[0.360s] Level 1:colcon.colcon_core.environment:checking '/home/xyq/Desktop/ros_ws/install/image_processing/bin'
[0.360s] Level 1:colcon.colcon_core.environment:checking '/home/xyq/Desktop/ros_ws/install/image_processing/lib/pkgconfig/image_processing.pc'
[0.360s] Level 1:colcon.colcon_core.environment:checking '/home/xyq/Desktop/ros_ws/install/image_processing/lib/python3.10/site-packages'
[0.360s] Level 1:colcon.colcon_core.environment:checking '/home/xyq/Desktop/ros_ws/install/image_processing/bin'
[0.360s] INFO:colcon.colcon_core.shell:Creating package script '/home/xyq/Desktop/ros_ws/install/image_processing/share/image_processing/package.ps1'
[0.360s] INFO:colcon.colcon_core.shell:Creating package descriptor '/home/xyq/Desktop/ros_ws/install/image_processing/share/image_processing/package.dsv'
[0.360s] INFO:colcon.colcon_core.shell:Creating package script '/home/xyq/Desktop/ros_ws/install/image_processing/share/image_processing/package.sh'
[0.361s] INFO:colcon.colcon_core.shell:Creating package script '/home/xyq/Desktop/ros_ws/install/image_processing/share/image_processing/package.bash'
[0.361s] INFO:colcon.colcon_core.shell:Creating package script '/home/xyq/Desktop/ros_ws/install/image_processing/share/image_processing/package.zsh'
[0.361s] Level 1:colcon.colcon_core.environment:create_file_with_runtime_dependencies(/home/xyq/Desktop/ros_ws/install/image_processing/share/colcon-core/packages/image_processing)
[0.361s] Level 1:colcon.colcon_core.environment:create_environment_scripts_only(image_processing)
[0.361s] Level 1:colcon.colcon_core.environment:checking '/home/xyq/Desktop/ros_ws/install/image_processing' for CMake module files
[0.362s] Level 1:colcon.colcon_core.environment:checking '/home/xyq/Desktop/ros_ws/install/image_processing' for CMake config files
[0.362s] Level 1:colcon.colcon_core.shell:create_environment_hook('image_processing', 'cmake_prefix_path')
[0.362s] INFO:colcon.colcon_core.shell:Creating environment hook '/home/xyq/Desktop/ros_ws/install/image_processing/share/image_processing/hook/cmake_prefix_path.ps1'
[0.362s] INFO:colcon.colcon_core.shell:Creating environment descriptor '/home/xyq/Desktop/ros_ws/install/image_processing/share/image_processing/hook/cmake_prefix_path.dsv'
[0.363s] INFO:colcon.colcon_core.shell:Creating environment hook '/home/xyq/Desktop/ros_ws/install/image_processing/share/image_processing/hook/cmake_prefix_path.sh'
[0.363s] Level 1:colcon.colcon_core.environment:checking '/home/xyq/Desktop/ros_ws/install/image_processing/lib'
[0.363s] Level 1:colcon.colcon_core.environment:checking '/home/xyq/Desktop/ros_ws/install/image_processing/bin'
[0.363s] Level 1:colcon.colcon_core.environment:checking '/home/xyq/Desktop/ros_ws/install/image_processing/lib/pkgconfig/image_processing.pc'
[0.363s] Level 1:colcon.colcon_core.environment:checking '/home/xyq/Desktop/ros_ws/install/image_processing/lib/python3.10/site-packages'
[0.363s] Level 1:colcon.colcon_core.environment:checking '/home/xyq/Desktop/ros_ws/install/image_processing/bin'
[0.363s] INFO:colcon.colcon_core.shell:Creating package script '/home/xyq/Desktop/ros_ws/install/image_processing/share/image_processing/package.ps1'
[0.364s] INFO:colcon.colcon_core.shell:Creating package descriptor '/home/xyq/Desktop/ros_ws/install/image_processing/share/image_processing/package.dsv'
[0.364s] INFO:colcon.colcon_core.shell:Creating package script '/home/xyq/Desktop/ros_ws/install/image_processing/share/image_processing/package.sh'
[0.364s] INFO:colcon.colcon_core.shell:Creating package script '/home/xyq/Desktop/ros_ws/install/image_processing/share/image_processing/package.bash'
[0.365s] INFO:colcon.colcon_core.shell:Creating package script '/home/xyq/Desktop/ros_ws/install/image_processing/share/image_processing/package.zsh'
[0.365s] Level 1:colcon.colcon_core.environment:create_file_with_runtime_dependencies(/home/xyq/Desktop/ros_ws/install/image_processing/share/colcon-core/packages/image_processing)
[0.501s] DEBUG:colcon.colcon_core.event_handler.log_command:Invoked command in '/home/xyq/Desktop/ros_ws/build/camera_interface' returned '0': CMAKE_PREFIX_PATH=/opt/ros/humble /usr/bin/cmake --build /home/xyq/Desktop/ros_ws/build/camera_interface -- -j20 -l20
[0.503s] DEBUG:colcon.colcon_core.event_handler.log_command:Invoking command in '/home/xyq/Desktop/ros_ws/build/camera_interface': CMAKE_PREFIX_PATH=/opt/ros/humble /usr/bin/cmake --install /home/xyq/Desktop/ros_ws/build/camera_interface
[0.540s] Level 1:colcon.colcon_core.environment:create_environment_scripts_only(camera_interface)
[0.540s] Level 1:colcon.colcon_core.environment:checking '/home/xyq/Desktop/ros_ws/install/camera_interface' for CMake module files
[0.540s] DEBUG:colcon.colcon_core.event_handler.log_command:Invoked command in '/home/xyq/Desktop/ros_ws/build/camera_interface' returned '0': CMAKE_PREFIX_PATH=/opt/ros/humble /usr/bin/cmake --install /home/xyq/Desktop/ros_ws/build/camera_interface
[0.540s] Level 1:colcon.colcon_core.environment:checking '/home/xyq/Desktop/ros_ws/install/camera_interface' for CMake config files
[0.541s] Level 1:colcon.colcon_core.shell:create_environment_hook('camera_interface', 'cmake_prefix_path')
[0.541s] INFO:colcon.colcon_core.shell:Creating environment hook '/home/xyq/Desktop/ros_ws/install/camera_interface/share/camera_interface/hook/cmake_prefix_path.ps1'
[0.541s] INFO:colcon.colcon_core.shell:Creating environment descriptor '/home/xyq/Desktop/ros_ws/install/camera_interface/share/camera_interface/hook/cmake_prefix_path.dsv'
[0.541s] INFO:colcon.colcon_core.shell:Creating environment hook '/home/xyq/Desktop/ros_ws/install/camera_interface/share/camera_interface/hook/cmake_prefix_path.sh'
[0.542s] Level 1:colcon.colcon_core.environment:checking '/home/xyq/Desktop/ros_ws/install/camera_interface/lib'
[0.542s] Level 1:colcon.colcon_core.shell:create_environment_hook('camera_interface', 'ld_library_path_lib')
[0.542s] INFO:colcon.colcon_core.shell:Creating environment hook '/home/xyq/Desktop/ros_ws/install/camera_interface/share/camera_interface/hook/ld_library_path_lib.ps1'
[0.542s] INFO:colcon.colcon_core.shell:Creating environment descriptor '/home/xyq/Desktop/ros_ws/install/camera_interface/share/camera_interface/hook/ld_library_path_lib.dsv'
[0.542s] INFO:colcon.colcon_core.shell:Creating environment hook '/home/xyq/Desktop/ros_ws/install/camera_interface/share/camera_interface/hook/ld_library_path_lib.sh'
[0.542s] Level 1:colcon.colcon_core.environment:checking '/home/xyq/Desktop/ros_ws/install/camera_interface/bin'
[0.542s] Level 1:colcon.colcon_core.environment:checking '/home/xyq/Desktop/ros_ws/install/camera_interface/lib/pkgconfig/camera_interface.pc'
[0.542s] Level 1:colcon.colcon_core.environment:checking '/home/xyq/Desktop/ros_ws/install/camera_interface/lib/python3.10/site-packages'
[0.543s] Level 1:colcon.colcon_core.environment:checking '/home/xyq/Desktop/ros_ws/install/camera_interface/bin'
[0.543s] INFO:colcon.colcon_core.shell:Creating package script '/home/xyq/Desktop/ros_ws/install/camera_interface/share/camera_interface/package.ps1'
[0.543s] INFO:colcon.colcon_core.shell:Creating package descriptor '/home/xyq/Desktop/ros_ws/install/camera_interface/share/camera_interface/package.dsv'
[0.543s] INFO:colcon.colcon_core.shell:Creating package script '/home/xyq/Desktop/ros_ws/install/camera_interface/share/camera_interface/package.sh'
[0.543s] INFO:colcon.colcon_core.shell:Creating package script '/home/xyq/Desktop/ros_ws/install/camera_interface/share/camera_interface/package.bash'
[0.544s] INFO:colcon.colcon_core.shell:Creating package script '/home/xyq/Desktop/ros_ws/install/camera_interface/share/camera_interface/package.zsh'
[0.544s] Level 1:colcon.colcon_core.environment:create_file_with_runtime_dependencies(/home/xyq/Desktop/ros_ws/install/camera_interface/share/colcon-core/packages/camera_interface)
[0.544s] Level 1:colcon.colcon_core.environment:create_environment_scripts_only(camera_interface)
[0.544s] Level 1:colcon.colcon_core.environment:checking '/home/xyq/Desktop/ros_ws/install/camera_interface' for CMake module files
[0.545s] Level 1:colcon.colcon_core.environment:checking '/home/xyq/Desktop/ros_ws/install/camera_interface' for CMake config files
[0.545s] Level 1:colcon.colcon_core.shell:create_environment_hook('camera_interface', 'cmake_prefix_path')
[0.545s] INFO:colcon.colcon_core.shell:Creating environment hook '/home/xyq/Desktop/ros_ws/install/camera_interface/share/camera_interface/hook/cmake_prefix_path.ps1'
[0.545s] INFO:colcon.colcon_core.shell:Creating environment descriptor '/home/xyq/Desktop/ros_ws/install/camera_interface/share/camera_interface/hook/cmake_prefix_path.dsv'
[0.545s] INFO:colcon.colcon_core.shell:Creating environment hook '/home/xyq/Desktop/ros_ws/install/camera_interface/share/camera_interface/hook/cmake_prefix_path.sh'
[0.546s] Level 1:colcon.colcon_core.environment:checking '/home/xyq/Desktop/ros_ws/install/camera_interface/lib'
[0.546s] Level 1:colcon.colcon_core.shell:create_environment_hook('camera_interface', 'ld_library_path_lib')
[0.546s] INFO:colcon.colcon_core.shell:Creating environment hook '/home/xyq/Desktop/ros_ws/install/camera_interface/share/camera_interface/hook/ld_library_path_lib.ps1'
[0.546s] INFO:colcon.colcon_core.shell:Creating environment descriptor '/home/xyq/Desktop/ros_ws/install/camera_interface/share/camera_interface/hook/ld_library_path_lib.dsv'
[0.546s] INFO:colcon.colcon_core.shell:Creating environment hook '/home/xyq/Desktop/ros_ws/install/camera_interface/share/camera_interface/hook/ld_library_path_lib.sh'
[0.546s] Level 1:colcon.colcon_core.environment:checking '/home/xyq/Desktop/ros_ws/install/camera_interface/bin'
[0.546s] Level 1:colcon.colcon_core.environment:checking '/home/xyq/Desktop/ros_ws/install/camera_interface/lib/pkgconfig/camera_interface.pc'
[0.546s] Level 1:colcon.colcon_core.environment:checking '/home/xyq/Desktop/ros_ws/install/camera_interface/lib/python3.10/site-packages'
[0.546s] Level 1:colcon.colcon_core.environment:checking '/home/xyq/Desktop/ros_ws/install/camera_interface/bin'
[0.547s] INFO:colcon.colcon_core.shell:Creating package script '/home/xyq/Desktop/ros_ws/install/camera_interface/share/camera_interface/package.ps1'
[0.547s] INFO:colcon.colcon_core.shell:Creating package descriptor '/home/xyq/Desktop/ros_ws/install/camera_interface/share/camera_interface/package.dsv'
[0.547s] INFO:colcon.colcon_core.shell:Creating package script '/home/xyq/Desktop/ros_ws/install/camera_interface/share/camera_interface/package.sh'
[0.547s] INFO:colcon.colcon_core.shell:Creating package script '/home/xyq/Desktop/ros_ws/install/camera_interface/share/camera_interface/package.bash'
[0.548s] INFO:colcon.colcon_core.shell:Creating package script '/home/xyq/Desktop/ros_ws/install/camera_interface/share/camera_interface/package.zsh'
[0.548s] Level 1:colcon.colcon_core.environment:create_file_with_runtime_dependencies(/home/xyq/Desktop/ros_ws/install/camera_interface/share/colcon-core/packages/camera_interface)
[0.548s] INFO:colcon.colcon_ros.task.ament_cmake.build:Building ROS package in '/home/xyq/Desktop/ros_ws/src/corner_detection' with build type 'ament_cmake'
[0.548s] INFO:colcon.colcon_cmake.task.cmake.build:Building CMake package in '/home/xyq/Desktop/ros_ws/src/corner_detection'
[0.548s] INFO:colcon.colcon_core.shell:Skip shell extension 'powershell' for command environment: Not usable outside of PowerShell
[0.548s] DEBUG:colcon.colcon_core.shell:Skip shell extension 'dsv' for command environment
[0.550s] INFO:colcon.colcon_ros.task.ament_cmake.build:Building ROS package in '/home/xyq/Desktop/ros_ws/src/pose_resolve' with build type 'ament_cmake'
[0.551s] INFO:colcon.colcon_cmake.task.cmake.build:Building CMake package in '/home/xyq/Desktop/ros_ws/src/pose_resolve'
[0.551s] INFO:colcon.colcon_core.shell:Skip shell extension 'powershell' for command environment: Not usable outside of PowerShell
[0.551s] DEBUG:colcon.colcon_core.shell:Skip shell extension 'dsv' for command environment
[0.557s] DEBUG:colcon.colcon_core.event_handler.log_command:Invoking command in '/home/xyq/Desktop/ros_ws/build/corner_detection': AMENT_PREFIX_PATH=/home/xyq/Desktop/ros_ws/install/camera_interface:${AMENT_PREFIX_PATH} CMAKE_PREFIX_PATH=/home/xyq/Desktop/ros_ws/install/camera_interface:/opt/ros/humble LD_LIBRARY_PATH=/home/xyq/Desktop/ros_ws/install/camera_interface/lib:${LD_LIBRARY_PATH} PYTHONPATH=/home/xyq/Desktop/ros_ws/install/camera_interface/local/lib/python3.10/dist-packages:${PYTHONPATH} /usr/bin/cmake --build /home/xyq/Desktop/ros_ws/build/corner_detection -- -j20 -l20
[0.559s] DEBUG:colcon.colcon_core.event_handler.log_command:Invoking command in '/home/xyq/Desktop/ros_ws/build/pose_resolve': AMENT_PREFIX_PATH=/home/xyq/Desktop/ros_ws/install/camera_interface:${AMENT_PREFIX_PATH} CMAKE_PREFIX_PATH=/home/xyq/Desktop/ros_ws/install/camera_interface:/opt/ros/humble LD_LIBRARY_PATH=/home/xyq/Desktop/ros_ws/install/camera_interface/lib:${LD_LIBRARY_PATH} PYTHONPATH=/home/xyq/Desktop/ros_ws/install/camera_interface/local/lib/python3.10/dist-packages:${PYTHONPATH} /usr/bin/cmake --build /home/xyq/Desktop/ros_ws/build/pose_resolve -- -j20 -l20
[0.629s] DEBUG:colcon.colcon_core.event_handler.log_command:Invoked command in '/home/xyq/Desktop/ros_ws/build/corner_detection' returned '0': AMENT_PREFIX_PATH=/home/xyq/Desktop/ros_ws/install/camera_interface:${AMENT_PREFIX_PATH} CMAKE_PREFIX_PATH=/home/xyq/Desktop/ros_ws/install/camera_interface:/opt/ros/humble LD_LIBRARY_PATH=/home/xyq/Desktop/ros_ws/install/camera_interface/lib:${LD_LIBRARY_PATH} PYTHONPATH=/home/xyq/Desktop/ros_ws/install/camera_interface/local/lib/python3.10/dist-packages:${PYTHONPATH} /usr/bin/cmake --build /home/xyq/Desktop/ros_ws/build/corner_detection -- -j20 -l20
[0.630s] DEBUG:colcon.colcon_core.event_handler.log_command:Invoking command in '/home/xyq/Desktop/ros_ws/build/corner_detection': AMENT_PREFIX_PATH=/home/xyq/Desktop/ros_ws/install/camera_interface:${AMENT_PREFIX_PATH} CMAKE_PREFIX_PATH=/home/xyq/Desktop/ros_ws/install/camera_interface:/opt/ros/humble LD_LIBRARY_PATH=/home/xyq/Desktop/ros_ws/install/camera_interface/lib:${LD_LIBRARY_PATH} PYTHONPATH=/home/xyq/Desktop/ros_ws/install/camera_interface/local/lib/python3.10/dist-packages:${PYTHONPATH} /usr/bin/cmake --install /home/xyq/Desktop/ros_ws/build/corner_detection
[0.642s] Level 1:colcon.colcon_core.environment:create_environment_scripts_only(corner_detection)
[0.642s] Level 1:colcon.colcon_core.environment:checking '/home/xyq/Desktop/ros_ws/install/corner_detection' for CMake module files
[0.642s] DEBUG:colcon.colcon_core.event_handler.log_command:Invoked command in '/home/xyq/Desktop/ros_ws/build/corner_detection' returned '0': AMENT_PREFIX_PATH=/home/xyq/Desktop/ros_ws/install/camera_interface:${AMENT_PREFIX_PATH} CMAKE_PREFIX_PATH=/home/xyq/Desktop/ros_ws/install/camera_interface:/opt/ros/humble LD_LIBRARY_PATH=/home/xyq/Desktop/ros_ws/install/camera_interface/lib:${LD_LIBRARY_PATH} PYTHONPATH=/home/xyq/Desktop/ros_ws/install/camera_interface/local/lib/python3.10/dist-packages:${PYTHONPATH} /usr/bin/cmake --install /home/xyq/Desktop/ros_ws/build/corner_detection
[0.642s] Level 1:colcon.colcon_core.environment:checking '/home/xyq/Desktop/ros_ws/install/corner_detection' for CMake config files
[0.643s] Level 1:colcon.colcon_core.shell:create_environment_hook('corner_detection', 'cmake_prefix_path')
[0.643s] INFO:colcon.colcon_core.shell:Creating environment hook '/home/xyq/Desktop/ros_ws/install/corner_detection/share/corner_detection/hook/cmake_prefix_path.ps1'
[0.643s] INFO:colcon.colcon_core.shell:Creating environment descriptor '/home/xyq/Desktop/ros_ws/install/corner_detection/share/corner_detection/hook/cmake_prefix_path.dsv'
[0.643s] INFO:colcon.colcon_core.shell:Creating environment hook '/home/xyq/Desktop/ros_ws/install/corner_detection/share/corner_detection/hook/cmake_prefix_path.sh'
[0.644s] Level 1:colcon.colcon_core.environment:checking '/home/xyq/Desktop/ros_ws/install/corner_detection/lib'
[0.644s] Level 1:colcon.colcon_core.environment:checking '/home/xyq/Desktop/ros_ws/install/corner_detection/bin'
[0.644s] Level 1:colcon.colcon_core.environment:checking '/home/xyq/Desktop/ros_ws/install/corner_detection/lib/pkgconfig/corner_detection.pc'
[0.644s] Level 1:colcon.colcon_core.environment:checking '/home/xyq/Desktop/ros_ws/install/corner_detection/lib/python3.10/site-packages'
[0.644s] Level 1:colcon.colcon_core.environment:checking '/home/xyq/Desktop/ros_ws/install/corner_detection/bin'
[0.644s] INFO:colcon.colcon_core.shell:Creating package script '/home/xyq/Desktop/ros_ws/install/corner_detection/share/corner_detection/package.ps1'
[0.644s] INFO:colcon.colcon_core.shell:Creating package descriptor '/home/xyq/Desktop/ros_ws/install/corner_detection/share/corner_detection/package.dsv'
[0.645s] INFO:colcon.colcon_core.shell:Creating package script '/home/xyq/Desktop/ros_ws/install/corner_detection/share/corner_detection/package.sh'
[0.645s] INFO:colcon.colcon_core.shell:Creating package script '/home/xyq/Desktop/ros_ws/install/corner_detection/share/corner_detection/package.bash'
[0.645s] INFO:colcon.colcon_core.shell:Creating package script '/home/xyq/Desktop/ros_ws/install/corner_detection/share/corner_detection/package.zsh'
[0.645s] Level 1:colcon.colcon_core.environment:create_file_with_runtime_dependencies(/home/xyq/Desktop/ros_ws/install/corner_detection/share/colcon-core/packages/corner_detection)
[0.645s] Level 1:colcon.colcon_core.environment:create_environment_scripts_only(corner_detection)
[0.646s] Level 1:colcon.colcon_core.environment:checking '/home/xyq/Desktop/ros_ws/install/corner_detection' for CMake module files
[0.646s] Level 1:colcon.colcon_core.environment:checking '/home/xyq/Desktop/ros_ws/install/corner_detection' for CMake config files
[0.646s] Level 1:colcon.colcon_core.shell:create_environment_hook('corner_detection', 'cmake_prefix_path')
[0.646s] INFO:colcon.colcon_core.shell:Creating environment hook '/home/xyq/Desktop/ros_ws/install/corner_detection/share/corner_detection/hook/cmake_prefix_path.ps1'
[0.646s] INFO:colcon.colcon_core.shell:Creating environment descriptor '/home/xyq/Desktop/ros_ws/install/corner_detection/share/corner_detection/hook/cmake_prefix_path.dsv'
[0.646s] INFO:colcon.colcon_core.shell:Creating environment hook '/home/xyq/Desktop/ros_ws/install/corner_detection/share/corner_detection/hook/cmake_prefix_path.sh'
[0.647s] Level 1:colcon.colcon_core.environment:checking '/home/xyq/Desktop/ros_ws/install/corner_detection/lib'
[0.647s] Level 1:colcon.colcon_core.environment:checking '/home/xyq/Desktop/ros_ws/install/corner_detection/bin'
[0.647s] Level 1:colcon.colcon_core.environment:checking '/home/xyq/Desktop/ros_ws/install/corner_detection/lib/pkgconfig/corner_detection.pc'
[0.647s] Level 1:colcon.colcon_core.environment:checking '/home/xyq/Desktop/ros_ws/install/corner_detection/lib/python3.10/site-packages'
[0.647s] Level 1:colcon.colcon_core.environment:checking '/home/xyq/Desktop/ros_ws/install/corner_detection/bin'
[0.647s] INFO:colcon.colcon_core.shell:Creating package script '/home/xyq/Desktop/ros_ws/install/corner_detection/share/corner_detection/package.ps1'
[0.647s] INFO:colcon.colcon_core.shell:Creating package descriptor '/home/xyq/Desktop/ros_ws/install/corner_detection/share/corner_detection/package.dsv'
[0.648s] INFO:colcon.colcon_core.shell:Creating package script '/home/xyq/Desktop/ros_ws/install/corner_detection/share/corner_detection/package.sh'
[0.648s] INFO:colcon.colcon_core.shell:Creating package script '/home/xyq/Desktop/ros_ws/install/corner_detection/share/corner_detection/package.bash'
[0.648s] INFO:colcon.colcon_core.shell:Creating package script '/home/xyq/Desktop/ros_ws/install/corner_detection/share/corner_detection/package.zsh'
[0.648s] Level 1:colcon.colcon_core.environment:create_file_with_runtime_dependencies(/home/xyq/Desktop/ros_ws/install/corner_detection/share/colcon-core/packages/corner_detection)
[8.060s] DEBUG:colcon.colcon_core.event_handler.log_command:Invoked command in '/home/xyq/Desktop/ros_ws/build/pose_resolve' returned '0': AMENT_PREFIX_PATH=/home/xyq/Desktop/ros_ws/install/camera_interface:${AMENT_PREFIX_PATH} CMAKE_PREFIX_PATH=/home/xyq/Desktop/ros_ws/install/camera_interface:/opt/ros/humble LD_LIBRARY_PATH=/home/xyq/Desktop/ros_ws/install/camera_interface/lib:${LD_LIBRARY_PATH} PYTHONPATH=/home/xyq/Desktop/ros_ws/install/camera_interface/local/lib/python3.10/dist-packages:${PYTHONPATH} /usr/bin/cmake --build /home/xyq/Desktop/ros_ws/build/pose_resolve -- -j20 -l20
[8.062s] DEBUG:colcon.colcon_core.event_handler.log_command:Invoking command in '/home/xyq/Desktop/ros_ws/build/pose_resolve': AMENT_PREFIX_PATH=/home/xyq/Desktop/ros_ws/install/camera_interface:${AMENT_PREFIX_PATH} CMAKE_PREFIX_PATH=/home/xyq/Desktop/ros_ws/install/camera_interface:/opt/ros/humble LD_LIBRARY_PATH=/home/xyq/Desktop/ros_ws/install/camera_interface/lib:${LD_LIBRARY_PATH} PYTHONPATH=/home/xyq/Desktop/ros_ws/install/camera_interface/local/lib/python3.10/dist-packages:${PYTHONPATH} /usr/bin/cmake --install /home/xyq/Desktop/ros_ws/build/pose_resolve
[8.074s] Level 1:colcon.colcon_core.environment:create_environment_scripts_only(pose_resolve)
[8.074s] Level 1:colcon.colcon_core.environment:checking '/home/xyq/Desktop/ros_ws/install/pose_resolve' for CMake module files
[8.075s] DEBUG:colcon.colcon_core.event_handler.log_command:Invoked command in '/home/xyq/Desktop/ros_ws/build/pose_resolve' returned '0': AMENT_PREFIX_PATH=/home/xyq/Desktop/ros_ws/install/camera_interface:${AMENT_PREFIX_PATH} CMAKE_PREFIX_PATH=/home/xyq/Desktop/ros_ws/install/camera_interface:/opt/ros/humble LD_LIBRARY_PATH=/home/xyq/Desktop/ros_ws/install/camera_interface/lib:${LD_LIBRARY_PATH} PYTHONPATH=/home/xyq/Desktop/ros_ws/install/camera_interface/local/lib/python3.10/dist-packages:${PYTHONPATH} /usr/bin/cmake --install /home/xyq/Desktop/ros_ws/build/pose_resolve
[8.075s] Level 1:colcon.colcon_core.environment:checking '/home/xyq/Desktop/ros_ws/install/pose_resolve' for CMake config files
[8.075s] Level 1:colcon.colcon_core.shell:create_environment_hook('pose_resolve', 'cmake_prefix_path')
[8.075s] INFO:colcon.colcon_core.shell:Creating environment hook '/home/xyq/Desktop/ros_ws/install/pose_resolve/share/pose_resolve/hook/cmake_prefix_path.ps1'
[8.075s] INFO:colcon.colcon_core.shell:Creating environment descriptor '/home/xyq/Desktop/ros_ws/install/pose_resolve/share/pose_resolve/hook/cmake_prefix_path.dsv'
[8.075s] INFO:colcon.colcon_core.shell:Creating environment hook '/home/xyq/Desktop/ros_ws/install/pose_resolve/share/pose_resolve/hook/cmake_prefix_path.sh'
[8.076s] Level 1:colcon.colcon_core.environment:checking '/home/xyq/Desktop/ros_ws/install/pose_resolve/lib'
[8.076s] Level 1:colcon.colcon_core.environment:checking '/home/xyq/Desktop/ros_ws/install/pose_resolve/bin'
[8.076s] Level 1:colcon.colcon_core.environment:checking '/home/xyq/Desktop/ros_ws/install/pose_resolve/lib/pkgconfig/pose_resolve.pc'
[8.076s] Level 1:colcon.colcon_core.environment:checking '/home/xyq/Desktop/ros_ws/install/pose_resolve/lib/python3.10/site-packages'
[8.076s] Level 1:colcon.colcon_core.environment:checking '/home/xyq/Desktop/ros_ws/install/pose_resolve/bin'
[8.076s] INFO:colcon.colcon_core.shell:Creating package script '/home/xyq/Desktop/ros_ws/install/pose_resolve/share/pose_resolve/package.ps1'
[8.077s] INFO:colcon.colcon_core.shell:Creating package descriptor '/home/xyq/Desktop/ros_ws/install/pose_resolve/share/pose_resolve/package.dsv'
[8.077s] INFO:colcon.colcon_core.shell:Creating package script '/home/xyq/Desktop/ros_ws/install/pose_resolve/share/pose_resolve/package.sh'
[8.077s] INFO:colcon.colcon_core.shell:Creating package script '/home/xyq/Desktop/ros_ws/install/pose_resolve/share/pose_resolve/package.bash'
[8.077s] INFO:colcon.colcon_core.shell:Creating package script '/home/xyq/Desktop/ros_ws/install/pose_resolve/share/pose_resolve/package.zsh'
[8.078s] Level 1:colcon.colcon_core.environment:create_file_with_runtime_dependencies(/home/xyq/Desktop/ros_ws/install/pose_resolve/share/colcon-core/packages/pose_resolve)
[8.078s] Level 1:colcon.colcon_core.environment:create_environment_scripts_only(pose_resolve)
[8.078s] Level 1:colcon.colcon_core.environment:checking '/home/xyq/Desktop/ros_ws/install/pose_resolve' for CMake module files
[8.078s] Level 1:colcon.colcon_core.environment:checking '/home/xyq/Desktop/ros_ws/install/pose_resolve' for CMake config files
[8.078s] Level 1:colcon.colcon_core.shell:create_environment_hook('pose_resolve', 'cmake_prefix_path')
[8.078s] INFO:colcon.colcon_core.shell:Creating environment hook '/home/xyq/Desktop/ros_ws/install/pose_resolve/share/pose_resolve/hook/cmake_prefix_path.ps1'
[8.079s] INFO:colcon.colcon_core.shell:Creating environment descriptor '/home/xyq/Desktop/ros_ws/install/pose_resolve/share/pose_resolve/hook/cmake_prefix_path.dsv'
[8.079s] INFO:colcon.colcon_core.shell:Creating environment hook '/home/xyq/Desktop/ros_ws/install/pose_resolve/share/pose_resolve/hook/cmake_prefix_path.sh'
[8.079s] Level 1:colcon.colcon_core.environment:checking '/home/xyq/Desktop/ros_ws/install/pose_resolve/lib'
[8.079s] Level 1:colcon.colcon_core.environment:checking '/home/xyq/Desktop/ros_ws/install/pose_resolve/bin'
[8.080s] Level 1:colcon.colcon_core.environment:checking '/home/xyq/Desktop/ros_ws/install/pose_resolve/lib/pkgconfig/pose_resolve.pc'
[8.080s] Level 1:colcon.colcon_core.environment:checking '/home/xyq/Desktop/ros_ws/install/pose_resolve/lib/python3.10/site-packages'
[8.080s] Level 1:colcon.colcon_core.environment:checking '/home/xyq/Desktop/ros_ws/install/pose_resolve/bin'
[8.080s] INFO:colcon.colcon_core.shell:Creating package script '/home/xyq/Desktop/ros_ws/install/pose_resolve/share/pose_resolve/package.ps1'
[8.081s] INFO:colcon.colcon_core.shell:Creating package descriptor '/home/xyq/Desktop/ros_ws/install/pose_resolve/share/pose_resolve/package.dsv'
[8.081s] INFO:colcon.colcon_core.shell:Creating package script '/home/xyq/Desktop/ros_ws/install/pose_resolve/share/pose_resolve/package.sh'
[8.081s] INFO:colcon.colcon_core.shell:Creating package script '/home/xyq/Desktop/ros_ws/install/pose_resolve/share/pose_resolve/package.bash'
[8.082s] INFO:colcon.colcon_core.shell:Creating package script '/home/xyq/Desktop/ros_ws/install/pose_resolve/share/pose_resolve/package.zsh'
[8.082s] Level 1:colcon.colcon_core.environment:create_file_with_runtime_dependencies(/home/xyq/Desktop/ros_ws/install/pose_resolve/share/colcon-core/packages/pose_resolve)
[8.083s] DEBUG:colcon.colcon_parallel_executor.executor.parallel:closing loop
[8.083s] DEBUG:colcon.colcon_parallel_executor.executor.parallel:loop closed
[8.083s] DEBUG:colcon.colcon_parallel_executor.executor.parallel:run_until_complete finished with '0'
[8.083s] DEBUG:colcon.colcon_core.event_reactor:joining thread
[8.090s] INFO:colcon.colcon_core.plugin_system:Skipping extension 'colcon_notification.desktop_notification.terminal_notifier': Not used on non-Darwin systems
[8.090s] INFO:colcon.colcon_core.plugin_system:Skipping extension 'colcon_notification.desktop_notification.win32': Not used on non-Windows systems
[8.090s] INFO:colcon.colcon_notification.desktop_notification:Sending desktop notification using 'notify2'
[8.101s] DEBUG:colcon.colcon_core.event_reactor:joined thread
[8.101s] INFO:colcon.colcon_core.shell:Creating prefix script '/home/xyq/Desktop/ros_ws/install/local_setup.ps1'
[8.102s] INFO:colcon.colcon_core.shell:Creating prefix util module '/home/xyq/Desktop/ros_ws/install/_local_setup_util_ps1.py'
[8.103s] INFO:colcon.colcon_core.shell:Creating prefix chain script '/home/xyq/Desktop/ros_ws/install/setup.ps1'
[8.104s] INFO:colcon.colcon_core.shell:Creating prefix script '/home/xyq/Desktop/ros_ws/install/local_setup.sh'
[8.104s] INFO:colcon.colcon_core.shell:Creating prefix util module '/home/xyq/Desktop/ros_ws/install/_local_setup_util_sh.py'
[8.105s] INFO:colcon.colcon_core.shell:Creating prefix chain script '/home/xyq/Desktop/ros_ws/install/setup.sh'
[8.105s] INFO:colcon.colcon_core.shell:Creating prefix script '/home/xyq/Desktop/ros_ws/install/local_setup.bash'
[8.105s] INFO:colcon.colcon_core.shell:Creating prefix chain script '/home/xyq/Desktop/ros_ws/install/setup.bash'
[8.106s] INFO:colcon.colcon_core.shell:Creating prefix script '/home/xyq/Desktop/ros_ws/install/local_setup.zsh'
[8.106s] INFO:colcon.colcon_core.shell:Creating prefix chain script '/home/xyq/Desktop/ros_ws/install/setup.zsh'
