-- Found ament_cmake: 1.3.11 (/opt/ros/humble/share/ament_cmake/cmake)
-- Found rclcpp: 16.0.11 (/opt/ros/humble/share/rclcpp/cmake)
-- Found rosidl_generator_c: 3.1.6 (/opt/ros/humble/share/rosidl_generator_c/cmake)
-- Found rosidl_adapter: 3.1.6 (/opt/ros/humble/share/rosidl_adapter/cmake)
-- Found rosidl_generator_cpp: 3.1.6 (/opt/ros/humble/share/rosidl_generator_cpp/cmake)
-- Using all available rosidl_typesupport_c: rosidl_typesupport_fastrtps_c;rosidl_typesupport_introspection_c
-- Using all available rosidl_typesupport_cpp: rosidl_typesupport_fastrtps_cpp;rosidl_typesupport_introspection_cpp
-- Found rmw_implementation_cmake: 6.1.2 (/opt/ros/humble/share/rmw_implementation_cmake/cmake)
-- Found rmw_fastrtps_cpp: 6.2.7 (/opt/ros/humble/share/rmw_fastrtps_cpp/cmake)
-- Found OpenSSL: /usr/lib/x86_64-linux-gnu/libcrypto.so (found version "3.0.2")  
-- Found FastRTPS: /opt/ros/humble/include  
-- Using RMW implementation 'rmw_fastrtps_cpp' as default
-- Looking for pthread.h
-- Looking for pthread.h - found
-- Performing Test CMAKE_HAVE_LIBC_PTHREAD
-- Performing Test CMAKE_HAVE_LIBC_PTHREAD - Success
-- Found Threads: TRUE  
-- Found geometry_msgs: 4.2.4 (/opt/ros/humble/share/geometry_msgs/cmake)
-- Found rosidl_default_generators: 1.2.0 (/opt/ros/humble/share/rosidl_default_generators/cmake)
-- Found ament_cmake_ros: 0.10.0 (/opt/ros/humble/share/ament_cmake_ros/cmake)
-- Using all available rosidl_typesupport_c: rosidl_typesupport_fastrtps_c;rosidl_typesupport_introspection_c
-- Using all available rosidl_typesupport_cpp: rosidl_typesupport_fastrtps_cpp;rosidl_typesupport_introspection_cpp
-- Found PythonInterp: /usr/bin/python3 (found suitable version "3.10.12", minimum required is "3.6") 
-- Found python_cmake_module: 0.10.0 (/opt/ros/humble/share/python_cmake_module/cmake)
-- Found PythonLibs: /usr/lib/x86_64-linux-gnu/libpython3.10.so (found suitable version "3.10.12", minimum required is "3.5") 
-- Using PYTHON_EXECUTABLE: /usr/bin/python3
-- Using PYTHON_INCLUDE_DIRS: /usr/include/python3.10
-- Using PYTHON_LIBRARIES: /usr/lib/x86_64-linux-gnu/libpython3.10.so
-- Found PythonExtra: .so  
-- Found ament_lint_auto: 0.12.11 (/opt/ros/humble/share/ament_lint_auto/cmake)
-- Added test 'lint_cmake' to check CMake code style
-- Added test 'xmllint' to check XML markup files
-- Configuring done
-- Generating done
-- Build files have been written to: /home/xyq/Desktop/ros_ws/build/serial_interface
[  3%] [34m[1mGenerating C code for ROS interfaces[0m
[  6%] [34m[1mGenerating C++ code for ROS interfaces[0m
[  6%] Built target ament_cmake_python_copy_serial_interface
running egg_info
creating serial_interface.egg-info
writing serial_interface.egg-info/PKG-INFO
writing dependency_links to serial_interface.egg-info/dependency_links.txt
writing top-level names to serial_interface.egg-info/top_level.txt
writing manifest file 'serial_interface.egg-info/SOURCES.txt'
[  6%] Built target serial_interface__cpp
reading manifest file 'serial_interface.egg-info/SOURCES.txt'
writing manifest file 'serial_interface.egg-info/SOURCES.txt'
[  9%] [32mBuilding C object CMakeFiles/serial_interface__rosidl_generator_c.dir/rosidl_generator_c/serial_interface/msg/detail/port__functions.c.o[0m
[ 12%] [34m[1mGenerating C++ type support for eProsima Fast-RTPS[0m
[ 16%] [34m[1mGenerating C++ type support dispatch for ROS interfaces[0m
[ 19%] [34m[1mGenerating C++ introspection for ROS interfaces[0m
[ 19%] Built target ament_cmake_python_build_serial_interface_egg
[ 22%] [32m[1mLinking C shared library libserial_interface__rosidl_generator_c.so[0m
[ 22%] Built target serial_interface__rosidl_generator_c
[ 25%] [34m[1mGenerating C type support dispatch for ROS interfaces[0m
[ 32%] [34m[1mGenerating C type support for eProsima Fast-RTPS[0m
[ 32%] [34m[1mGenerating C introspection for ROS interfaces[0m
[ 35%] [32mBuilding CXX object CMakeFiles/serial_interface__rosidl_typesupport_cpp.dir/rosidl_typesupport_cpp/serial_interface/msg/port__type_support.cpp.o[0m
[ 38%] [32mBuilding CXX object CMakeFiles/serial_interface__rosidl_typesupport_introspection_cpp.dir/rosidl_typesupport_introspection_cpp/serial_interface/msg/detail/port__type_support.cpp.o[0m
[ 41%] [32mBuilding CXX object CMakeFiles/serial_interface__rosidl_typesupport_fastrtps_cpp.dir/rosidl_typesupport_fastrtps_cpp/serial_interface/msg/detail/dds_fastrtps/port__type_support.cpp.o[0m
[ 45%] [32mBuilding CXX object CMakeFiles/serial_interface__rosidl_typesupport_c.dir/rosidl_typesupport_c/serial_interface/msg/port__type_support.cpp.o[0m
[ 48%] [32mBuilding CXX object CMakeFiles/serial_interface__rosidl_typesupport_fastrtps_c.dir/rosidl_typesupport_fastrtps_c/serial_interface/msg/detail/port__type_support_c.cpp.o[0m
[ 51%] [32m[1mLinking CXX shared library libserial_interface__rosidl_typesupport_c.so[0m
[ 54%] [32mBuilding C object CMakeFiles/serial_interface__rosidl_typesupport_introspection_c.dir/rosidl_typesupport_introspection_c/serial_interface/msg/detail/port__type_support.c.o[0m
[ 54%] Built target serial_interface__rosidl_typesupport_c
[ 58%] [32m[1mLinking C shared library libserial_interface__rosidl_typesupport_introspection_c.so[0m
[ 61%] [32m[1mLinking CXX shared library libserial_interface__rosidl_typesupport_cpp.so[0m
[ 61%] Built target serial_interface__rosidl_typesupport_introspection_c
[ 61%] Built target serial_interface__rosidl_typesupport_cpp
[ 64%] [32m[1mLinking CXX shared library libserial_interface__rosidl_typesupport_introspection_cpp.so[0m
[ 64%] Built target serial_interface__rosidl_typesupport_introspection_cpp
[ 67%] [32m[1mLinking CXX shared library libserial_interface__rosidl_typesupport_fastrtps_c.so[0m
[ 70%] [32m[1mLinking CXX shared library libserial_interface__rosidl_typesupport_fastrtps_cpp.so[0m
[ 70%] Built target serial_interface__rosidl_typesupport_fastrtps_c
[ 70%] Built target serial_interface__rosidl_typesupport_fastrtps_cpp
[ 70%] Built target serial_interface
[ 74%] [34m[1mGenerating Python code for ROS interfaces[0m
[ 74%] Built target serial_interface__py
[ 77%] [32mBuilding C object CMakeFiles/serial_interface__rosidl_generator_py.dir/rosidl_generator_py/serial_interface/msg/_port_s.c.o[0m
[ 80%] [32m[1mLinking C shared library rosidl_generator_py/serial_interface/libserial_interface__rosidl_generator_py.so[0m
[ 80%] Built target serial_interface__rosidl_generator_py
[ 87%] [32mBuilding C object CMakeFiles/serial_interface__rosidl_typesupport_fastrtps_c__pyext.dir/rosidl_generator_py/serial_interface/_serial_interface_s.ep.rosidl_typesupport_fastrtps_c.c.o[0m
[ 87%] [32mBuilding C object CMakeFiles/serial_interface__rosidl_typesupport_c__pyext.dir/rosidl_generator_py/serial_interface/_serial_interface_s.ep.rosidl_typesupport_c.c.o[0m
[ 90%] [32mBuilding C object CMakeFiles/serial_interface__rosidl_typesupport_introspection_c__pyext.dir/rosidl_generator_py/serial_interface/_serial_interface_s.ep.rosidl_typesupport_introspection_c.c.o[0m
[100%] [32m[1mLinking C shared library rosidl_generator_py/serial_interface/serial_interface_s__rosidl_typesupport_c.cpython-310-x86_64-linux-gnu.so[0m
[100%] [32m[1mLinking C shared library rosidl_generator_py/serial_interface/serial_interface_s__rosidl_typesupport_introspection_c.cpython-310-x86_64-linux-gnu.so[0m
[100%] [32m[1mLinking C shared library rosidl_generator_py/serial_interface/serial_interface_s__rosidl_typesupport_fastrtps_c.cpython-310-x86_64-linux-gnu.so[0m
[100%] Built target serial_interface__rosidl_typesupport_c__pyext
[100%] Built target serial_interface__rosidl_typesupport_fastrtps_c__pyext
[100%] Built target serial_interface__rosidl_typesupport_introspection_c__pyext
-- Install configuration: ""
-- Installing: /home/xyq/Desktop/ros_ws/install/serial_interface/share/ament_index/resource_index/rosidl_interfaces/serial_interface
-- Installing: /home/xyq/Desktop/ros_ws/install/serial_interface/include/serial_interface/serial_interface
-- Installing: /home/xyq/Desktop/ros_ws/install/serial_interface/include/serial_interface/serial_interface/msg
-- Installing: /home/xyq/Desktop/ros_ws/install/serial_interface/include/serial_interface/serial_interface/msg/port.h
-- Installing: /home/xyq/Desktop/ros_ws/install/serial_interface/include/serial_interface/serial_interface/msg/detail
-- Installing: /home/xyq/Desktop/ros_ws/install/serial_interface/include/serial_interface/serial_interface/msg/detail/port__type_support.h
-- Installing: /home/xyq/Desktop/ros_ws/install/serial_interface/include/serial_interface/serial_interface/msg/detail/port__functions.h
-- Installing: /home/xyq/Desktop/ros_ws/install/serial_interface/include/serial_interface/serial_interface/msg/detail/port__functions.c
-- Installing: /home/xyq/Desktop/ros_ws/install/serial_interface/include/serial_interface/serial_interface/msg/detail/port__struct.h
-- Installing: /home/xyq/Desktop/ros_ws/install/serial_interface/include/serial_interface/serial_interface/msg/rosidl_generator_c__visibility_control.h
-- Installing: /home/xyq/Desktop/ros_ws/install/serial_interface/share/serial_interface/environment/library_path.sh
-- Installing: /home/xyq/Desktop/ros_ws/install/serial_interface/share/serial_interface/environment/library_path.dsv
-- Installing: /home/xyq/Desktop/ros_ws/install/serial_interface/lib/libserial_interface__rosidl_generator_c.so
-- Set runtime path of "/home/xyq/Desktop/ros_ws/install/serial_interface/lib/libserial_interface__rosidl_generator_c.so" to ""
-- Up-to-date: /home/xyq/Desktop/ros_ws/install/serial_interface/include/serial_interface/serial_interface
-- Up-to-date: /home/xyq/Desktop/ros_ws/install/serial_interface/include/serial_interface/serial_interface/msg
-- Up-to-date: /home/xyq/Desktop/ros_ws/install/serial_interface/include/serial_interface/serial_interface/msg/detail
-- Installing: /home/xyq/Desktop/ros_ws/install/serial_interface/include/serial_interface/serial_interface/msg/detail/port__rosidl_typesupport_fastrtps_c.h
-- Installing: /home/xyq/Desktop/ros_ws/install/serial_interface/include/serial_interface/serial_interface/msg/rosidl_typesupport_fastrtps_c__visibility_control.h
-- Installing: /home/xyq/Desktop/ros_ws/install/serial_interface/lib/libserial_interface__rosidl_typesupport_fastrtps_c.so
-- Set runtime path of "/home/xyq/Desktop/ros_ws/install/serial_interface/lib/libserial_interface__rosidl_typesupport_fastrtps_c.so" to ""
-- Up-to-date: /home/xyq/Desktop/ros_ws/install/serial_interface/include/serial_interface/serial_interface
-- Up-to-date: /home/xyq/Desktop/ros_ws/install/serial_interface/include/serial_interface/serial_interface/msg
-- Installing: /home/xyq/Desktop/ros_ws/install/serial_interface/include/serial_interface/serial_interface/msg/port.hpp
-- Up-to-date: /home/xyq/Desktop/ros_ws/install/serial_interface/include/serial_interface/serial_interface/msg/detail
-- Installing: /home/xyq/Desktop/ros_ws/install/serial_interface/include/serial_interface/serial_interface/msg/detail/port__builder.hpp
-- Installing: /home/xyq/Desktop/ros_ws/install/serial_interface/include/serial_interface/serial_interface/msg/detail/port__traits.hpp
-- Installing: /home/xyq/Desktop/ros_ws/install/serial_interface/include/serial_interface/serial_interface/msg/detail/port__type_support.hpp
-- Installing: /home/xyq/Desktop/ros_ws/install/serial_interface/include/serial_interface/serial_interface/msg/detail/port__struct.hpp
-- Installing: /home/xyq/Desktop/ros_ws/install/serial_interface/include/serial_interface/serial_interface/msg/rosidl_generator_cpp__visibility_control.hpp
-- Up-to-date: /home/xyq/Desktop/ros_ws/install/serial_interface/include/serial_interface/serial_interface
-- Up-to-date: /home/xyq/Desktop/ros_ws/install/serial_interface/include/serial_interface/serial_interface/msg
-- Installing: /home/xyq/Desktop/ros_ws/install/serial_interface/include/serial_interface/serial_interface/msg/rosidl_typesupport_fastrtps_cpp__visibility_control.h
-- Up-to-date: /home/xyq/Desktop/ros_ws/install/serial_interface/include/serial_interface/serial_interface/msg/detail
-- Installing: /home/xyq/Desktop/ros_ws/install/serial_interface/include/serial_interface/serial_interface/msg/detail/port__rosidl_typesupport_fastrtps_cpp.hpp
-- Installing: /home/xyq/Desktop/ros_ws/install/serial_interface/include/serial_interface/serial_interface/msg/detail/dds_fastrtps
-- Installing: /home/xyq/Desktop/ros_ws/install/serial_interface/lib/libserial_interface__rosidl_typesupport_fastrtps_cpp.so
-- Set runtime path of "/home/xyq/Desktop/ros_ws/install/serial_interface/lib/libserial_interface__rosidl_typesupport_fastrtps_cpp.so" to ""
-- Up-to-date: /home/xyq/Desktop/ros_ws/install/serial_interface/include/serial_interface/serial_interface
-- Up-to-date: /home/xyq/Desktop/ros_ws/install/serial_interface/include/serial_interface/serial_interface/msg
-- Up-to-date: /home/xyq/Desktop/ros_ws/install/serial_interface/include/serial_interface/serial_interface/msg/detail
-- Installing: /home/xyq/Desktop/ros_ws/install/serial_interface/include/serial_interface/serial_interface/msg/detail/port__rosidl_typesupport_introspection_c.h
-- Installing: /home/xyq/Desktop/ros_ws/install/serial_interface/include/serial_interface/serial_interface/msg/detail/port__type_support.c
-- Installing: /home/xyq/Desktop/ros_ws/install/serial_interface/include/serial_interface/serial_interface/msg/rosidl_typesupport_introspection_c__visibility_control.h
-- Installing: /home/xyq/Desktop/ros_ws/install/serial_interface/lib/libserial_interface__rosidl_typesupport_introspection_c.so
-- Set runtime path of "/home/xyq/Desktop/ros_ws/install/serial_interface/lib/libserial_interface__rosidl_typesupport_introspection_c.so" to ""
-- Installing: /home/xyq/Desktop/ros_ws/install/serial_interface/lib/libserial_interface__rosidl_typesupport_c.so
-- Set runtime path of "/home/xyq/Desktop/ros_ws/install/serial_interface/lib/libserial_interface__rosidl_typesupport_c.so" to ""
-- Up-to-date: /home/xyq/Desktop/ros_ws/install/serial_interface/include/serial_interface/serial_interface
-- Up-to-date: /home/xyq/Desktop/ros_ws/install/serial_interface/include/serial_interface/serial_interface/msg
-- Up-to-date: /home/xyq/Desktop/ros_ws/install/serial_interface/include/serial_interface/serial_interface/msg/detail
-- Installing: /home/xyq/Desktop/ros_ws/install/serial_interface/include/serial_interface/serial_interface/msg/detail/port__rosidl_typesupport_introspection_cpp.hpp
-- Installing: /home/xyq/Desktop/ros_ws/install/serial_interface/include/serial_interface/serial_interface/msg/detail/port__type_support.cpp
-- Installing: /home/xyq/Desktop/ros_ws/install/serial_interface/lib/libserial_interface__rosidl_typesupport_introspection_cpp.so
-- Set runtime path of "/home/xyq/Desktop/ros_ws/install/serial_interface/lib/libserial_interface__rosidl_typesupport_introspection_cpp.so" to ""
-- Installing: /home/xyq/Desktop/ros_ws/install/serial_interface/lib/libserial_interface__rosidl_typesupport_cpp.so
-- Set runtime path of "/home/xyq/Desktop/ros_ws/install/serial_interface/lib/libserial_interface__rosidl_typesupport_cpp.so" to ""
-- Installing: /home/xyq/Desktop/ros_ws/install/serial_interface/share/serial_interface/environment/pythonpath.sh
-- Installing: /home/xyq/Desktop/ros_ws/install/serial_interface/share/serial_interface/environment/pythonpath.dsv
-- Installing: /home/xyq/Desktop/ros_ws/install/serial_interface/local/lib/python3.10/dist-packages/serial_interface-0.0.0-py3.10.egg-info
-- Installing: /home/xyq/Desktop/ros_ws/install/serial_interface/local/lib/python3.10/dist-packages/serial_interface-0.0.0-py3.10.egg-info/dependency_links.txt
-- Installing: /home/xyq/Desktop/ros_ws/install/serial_interface/local/lib/python3.10/dist-packages/serial_interface-0.0.0-py3.10.egg-info/PKG-INFO
-- Installing: /home/xyq/Desktop/ros_ws/install/serial_interface/local/lib/python3.10/dist-packages/serial_interface-0.0.0-py3.10.egg-info/top_level.txt
-- Installing: /home/xyq/Desktop/ros_ws/install/serial_interface/local/lib/python3.10/dist-packages/serial_interface-0.0.0-py3.10.egg-info/SOURCES.txt
-- Installing: /home/xyq/Desktop/ros_ws/install/serial_interface/local/lib/python3.10/dist-packages/serial_interface
-- Installing: /home/xyq/Desktop/ros_ws/install/serial_interface/local/lib/python3.10/dist-packages/serial_interface/_serial_interface_s.ep.rosidl_typesupport_introspection_c.c
-- Installing: /home/xyq/Desktop/ros_ws/install/serial_interface/local/lib/python3.10/dist-packages/serial_interface/serial_interface_s__rosidl_typesupport_c.cpython-310-x86_64-linux-gnu.so
-- Installing: /home/xyq/Desktop/ros_ws/install/serial_interface/local/lib/python3.10/dist-packages/serial_interface/msg
-- Installing: /home/xyq/Desktop/ros_ws/install/serial_interface/local/lib/python3.10/dist-packages/serial_interface/msg/__init__.py
-- Installing: /home/xyq/Desktop/ros_ws/install/serial_interface/local/lib/python3.10/dist-packages/serial_interface/msg/_port_s.c
-- Installing: /home/xyq/Desktop/ros_ws/install/serial_interface/local/lib/python3.10/dist-packages/serial_interface/msg/_port.py
-- Installing: /home/xyq/Desktop/ros_ws/install/serial_interface/local/lib/python3.10/dist-packages/serial_interface/_serial_interface_s.ep.rosidl_typesupport_c.c
-- Installing: /home/xyq/Desktop/ros_ws/install/serial_interface/local/lib/python3.10/dist-packages/serial_interface/__init__.py
-- Installing: /home/xyq/Desktop/ros_ws/install/serial_interface/local/lib/python3.10/dist-packages/serial_interface/_serial_interface_s.ep.rosidl_typesupport_fastrtps_c.c
-- Installing: /home/xyq/Desktop/ros_ws/install/serial_interface/local/lib/python3.10/dist-packages/serial_interface/serial_interface_s__rosidl_typesupport_fastrtps_c.cpython-310-x86_64-linux-gnu.so
-- Installing: /home/xyq/Desktop/ros_ws/install/serial_interface/local/lib/python3.10/dist-packages/serial_interface/libserial_interface__rosidl_generator_py.so
-- Installing: /home/xyq/Desktop/ros_ws/install/serial_interface/local/lib/python3.10/dist-packages/serial_interface/serial_interface_s__rosidl_typesupport_introspection_c.cpython-310-x86_64-linux-gnu.so
Listing '/home/xyq/Desktop/ros_ws/install/serial_interface/local/lib/python3.10/dist-packages/serial_interface'...
Compiling '/home/xyq/Desktop/ros_ws/install/serial_interface/local/lib/python3.10/dist-packages/serial_interface/__init__.py'...
Listing '/home/xyq/Desktop/ros_ws/install/serial_interface/local/lib/python3.10/dist-packages/serial_interface/msg'...
Compiling '/home/xyq/Desktop/ros_ws/install/serial_interface/local/lib/python3.10/dist-packages/serial_interface/msg/__init__.py'...
Compiling '/home/xyq/Desktop/ros_ws/install/serial_interface/local/lib/python3.10/dist-packages/serial_interface/msg/_port.py'...
-- Installing: /home/xyq/Desktop/ros_ws/install/serial_interface/local/lib/python3.10/dist-packages/serial_interface/serial_interface_s__rosidl_typesupport_fastrtps_c.cpython-310-x86_64-linux-gnu.so
-- Set runtime path of "/home/xyq/Desktop/ros_ws/install/serial_interface/local/lib/python3.10/dist-packages/serial_interface/serial_interface_s__rosidl_typesupport_fastrtps_c.cpython-310-x86_64-linux-gnu.so" to ""
-- Installing: /home/xyq/Desktop/ros_ws/install/serial_interface/local/lib/python3.10/dist-packages/serial_interface/serial_interface_s__rosidl_typesupport_introspection_c.cpython-310-x86_64-linux-gnu.so
-- Set runtime path of "/home/xyq/Desktop/ros_ws/install/serial_interface/local/lib/python3.10/dist-packages/serial_interface/serial_interface_s__rosidl_typesupport_introspection_c.cpython-310-x86_64-linux-gnu.so" to ""
-- Installing: /home/xyq/Desktop/ros_ws/install/serial_interface/local/lib/python3.10/dist-packages/serial_interface/serial_interface_s__rosidl_typesupport_c.cpython-310-x86_64-linux-gnu.so
-- Set runtime path of "/home/xyq/Desktop/ros_ws/install/serial_interface/local/lib/python3.10/dist-packages/serial_interface/serial_interface_s__rosidl_typesupport_c.cpython-310-x86_64-linux-gnu.so" to ""
-- Installing: /home/xyq/Desktop/ros_ws/install/serial_interface/lib/libserial_interface__rosidl_generator_py.so
-- Set runtime path of "/home/xyq/Desktop/ros_ws/install/serial_interface/lib/libserial_interface__rosidl_generator_py.so" to ""
-- Installing: /home/xyq/Desktop/ros_ws/install/serial_interface/share/serial_interface/msg/Port.idl
-- Installing: /home/xyq/Desktop/ros_ws/install/serial_interface/share/serial_interface/msg/Port.msg
-- Installing: /home/xyq/Desktop/ros_ws/install/serial_interface/share/ament_index/resource_index/package_run_dependencies/serial_interface
-- Installing: /home/xyq/Desktop/ros_ws/install/serial_interface/share/ament_index/resource_index/parent_prefix_path/serial_interface
-- Installing: /home/xyq/Desktop/ros_ws/install/serial_interface/share/serial_interface/environment/ament_prefix_path.sh
-- Installing: /home/xyq/Desktop/ros_ws/install/serial_interface/share/serial_interface/environment/ament_prefix_path.dsv
-- Installing: /home/xyq/Desktop/ros_ws/install/serial_interface/share/serial_interface/environment/path.sh
-- Installing: /home/xyq/Desktop/ros_ws/install/serial_interface/share/serial_interface/environment/path.dsv
-- Installing: /home/xyq/Desktop/ros_ws/install/serial_interface/share/serial_interface/local_setup.bash
-- Installing: /home/xyq/Desktop/ros_ws/install/serial_interface/share/serial_interface/local_setup.sh
-- Installing: /home/xyq/Desktop/ros_ws/install/serial_interface/share/serial_interface/local_setup.zsh
-- Installing: /home/xyq/Desktop/ros_ws/install/serial_interface/share/serial_interface/local_setup.dsv
-- Installing: /home/xyq/Desktop/ros_ws/install/serial_interface/share/serial_interface/package.dsv
-- Installing: /home/xyq/Desktop/ros_ws/install/serial_interface/share/ament_index/resource_index/packages/serial_interface
-- Installing: /home/xyq/Desktop/ros_ws/install/serial_interface/share/serial_interface/cmake/export_serial_interface__rosidl_generator_cExport.cmake
-- Installing: /home/xyq/Desktop/ros_ws/install/serial_interface/share/serial_interface/cmake/export_serial_interface__rosidl_generator_cExport-noconfig.cmake
-- Installing: /home/xyq/Desktop/ros_ws/install/serial_interface/share/serial_interface/cmake/export_serial_interface__rosidl_typesupport_fastrtps_cExport.cmake
-- Installing: /home/xyq/Desktop/ros_ws/install/serial_interface/share/serial_interface/cmake/export_serial_interface__rosidl_typesupport_fastrtps_cExport-noconfig.cmake
-- Installing: /home/xyq/Desktop/ros_ws/install/serial_interface/share/serial_interface/cmake/export_serial_interface__rosidl_generator_cppExport.cmake
-- Installing: /home/xyq/Desktop/ros_ws/install/serial_interface/share/serial_interface/cmake/export_serial_interface__rosidl_typesupport_fastrtps_cppExport.cmake
-- Installing: /home/xyq/Desktop/ros_ws/install/serial_interface/share/serial_interface/cmake/export_serial_interface__rosidl_typesupport_fastrtps_cppExport-noconfig.cmake
-- Installing: /home/xyq/Desktop/ros_ws/install/serial_interface/share/serial_interface/cmake/serial_interface__rosidl_typesupport_introspection_cExport.cmake
-- Installing: /home/xyq/Desktop/ros_ws/install/serial_interface/share/serial_interface/cmake/serial_interface__rosidl_typesupport_introspection_cExport-noconfig.cmake
-- Installing: /home/xyq/Desktop/ros_ws/install/serial_interface/share/serial_interface/cmake/serial_interface__rosidl_typesupport_cExport.cmake
-- Installing: /home/xyq/Desktop/ros_ws/install/serial_interface/share/serial_interface/cmake/serial_interface__rosidl_typesupport_cExport-noconfig.cmake
-- Installing: /home/xyq/Desktop/ros_ws/install/serial_interface/share/serial_interface/cmake/serial_interface__rosidl_typesupport_introspection_cppExport.cmake
-- Installing: /home/xyq/Desktop/ros_ws/install/serial_interface/share/serial_interface/cmake/serial_interface__rosidl_typesupport_introspection_cppExport-noconfig.cmake
-- Installing: /home/xyq/Desktop/ros_ws/install/serial_interface/share/serial_interface/cmake/serial_interface__rosidl_typesupport_cppExport.cmake
-- Installing: /home/xyq/Desktop/ros_ws/install/serial_interface/share/serial_interface/cmake/serial_interface__rosidl_typesupport_cppExport-noconfig.cmake
-- Installing: /home/xyq/Desktop/ros_ws/install/serial_interface/share/serial_interface/cmake/export_serial_interface__rosidl_generator_pyExport.cmake
-- Installing: /home/xyq/Desktop/ros_ws/install/serial_interface/share/serial_interface/cmake/export_serial_interface__rosidl_generator_pyExport-noconfig.cmake
-- Installing: /home/xyq/Desktop/ros_ws/install/serial_interface/share/serial_interface/cmake/rosidl_cmake-extras.cmake
-- Installing: /home/xyq/Desktop/ros_ws/install/serial_interface/share/serial_interface/cmake/ament_cmake_export_dependencies-extras.cmake
-- Installing: /home/xyq/Desktop/ros_ws/install/serial_interface/share/serial_interface/cmake/ament_cmake_export_include_directories-extras.cmake
-- Installing: /home/xyq/Desktop/ros_ws/install/serial_interface/share/serial_interface/cmake/ament_cmake_export_libraries-extras.cmake
-- Installing: /home/xyq/Desktop/ros_ws/install/serial_interface/share/serial_interface/cmake/ament_cmake_export_targets-extras.cmake
-- Installing: /home/xyq/Desktop/ros_ws/install/serial_interface/share/serial_interface/cmake/rosidl_cmake_export_typesupport_targets-extras.cmake
-- Installing: /home/xyq/Desktop/ros_ws/install/serial_interface/share/serial_interface/cmake/rosidl_cmake_export_typesupport_libraries-extras.cmake
-- Installing: /home/xyq/Desktop/ros_ws/install/serial_interface/share/serial_interface/cmake/serial_interfaceConfig.cmake
-- Installing: /home/xyq/Desktop/ros_ws/install/serial_interface/share/serial_interface/cmake/serial_interfaceConfig-version.cmake
-- Installing: /home/xyq/Desktop/ros_ws/install/serial_interface/share/serial_interface/package.xml
