[0.007s] Invoking command in '/home/xyq/Desktop/ros_ws/build/serial_interface': CMAKE_PREFIX_PATH=${CMAKE_PREFIX_PATH}:/opt/ros/humble /usr/bin/cmake /home/xyq/Desktop/ros_ws/src/serial_interface -DCMAKE_INSTALL_PREFIX=/home/xyq/Desktop/ros_ws/install/serial_interface
[0.017s] -- Found ament_cmake: 1.3.11 (/opt/ros/humble/share/ament_cmake/cmake)
[0.093s] -- Found rclcpp: 16.0.11 (/opt/ros/humble/share/rclcpp/cmake)
[0.111s] -- Found rosidl_generator_c: 3.1.6 (/opt/ros/humble/share/rosidl_generator_c/cmake)
[0.113s] -- Found rosidl_adapter: 3.1.6 (/opt/ros/humble/share/rosidl_adapter/cmake)
[0.116s] -- Found rosidl_generator_cpp: 3.1.6 (/opt/ros/humble/share/rosidl_generator_cpp/cmake)
[0.121s] -- Using all available rosidl_typesupport_c: rosidl_typesupport_fastrtps_c;rosidl_typesupport_introspection_c
[0.127s] -- Using all available rosidl_typesupport_cpp: rosidl_typesupport_fastrtps_cpp;rosidl_typesupport_introspection_cpp
[0.150s] -- Found rmw_implementation_cmake: 6.1.2 (/opt/ros/humble/share/rmw_implementation_cmake/cmake)
[0.152s] -- Found rmw_fastrtps_cpp: 6.2.7 (/opt/ros/humble/share/rmw_fastrtps_cpp/cmake)
[0.219s] -- Found OpenSSL: /usr/lib/x86_64-linux-gnu/libcrypto.so (found version "3.0.2")  
[0.243s] -- Found FastRTPS: /opt/ros/humble/include  
[0.270s] -- Using RMW implementation 'rmw_fastrtps_cpp' as default
[0.276s] -- Looking for pthread.h
[0.336s] -- Looking for pthread.h - found
[0.336s] -- Performing Test CMAKE_HAVE_LIBC_PTHREAD
[0.401s] -- Performing Test CMAKE_HAVE_LIBC_PTHREAD - Success
[0.402s] -- Found Threads: TRUE  
[0.433s] -- Found geometry_msgs: 4.2.4 (/opt/ros/humble/share/geometry_msgs/cmake)
[0.439s] -- Found rosidl_default_generators: 1.2.0 (/opt/ros/humble/share/rosidl_default_generators/cmake)
[0.610s] -- Found ament_cmake_ros: 0.10.0 (/opt/ros/humble/share/ament_cmake_ros/cmake)
[0.833s] -- Using all available rosidl_typesupport_c: rosidl_typesupport_fastrtps_c;rosidl_typesupport_introspection_c
[0.918s] -- Using all available rosidl_typesupport_cpp: rosidl_typesupport_fastrtps_cpp;rosidl_typesupport_introspection_cpp
[0.940s] -- Found PythonInterp: /usr/bin/python3 (found suitable version "3.10.12", minimum required is "3.6") 
[0.942s] -- Found python_cmake_module: 0.10.0 (/opt/ros/humble/share/python_cmake_module/cmake)
[0.966s] -- Found PythonLibs: /usr/lib/x86_64-linux-gnu/libpython3.10.so (found suitable version "3.10.12", minimum required is "3.5") 
[0.966s] -- Using PYTHON_EXECUTABLE: /usr/bin/python3
[0.966s] -- Using PYTHON_INCLUDE_DIRS: /usr/include/python3.10
[0.966s] -- Using PYTHON_LIBRARIES: /usr/lib/x86_64-linux-gnu/libpython3.10.so
[0.984s] -- Found PythonExtra: .so  
[1.012s] -- Found ament_lint_auto: 0.12.11 (/opt/ros/humble/share/ament_lint_auto/cmake)
[1.028s] -- Added test 'lint_cmake' to check CMake code style
[1.029s] -- Added test 'xmllint' to check XML markup files
[1.031s] -- Configuring done
[1.047s] -- Generating done
[1.054s] -- Build files have been written to: /home/xyq/Desktop/ros_ws/build/serial_interface
[1.066s] Invoked command in '/home/xyq/Desktop/ros_ws/build/serial_interface' returned '0': CMAKE_PREFIX_PATH=${CMAKE_PREFIX_PATH}:/opt/ros/humble /usr/bin/cmake /home/xyq/Desktop/ros_ws/src/serial_interface -DCMAKE_INSTALL_PREFIX=/home/xyq/Desktop/ros_ws/install/serial_interface
[1.067s] Invoking command in '/home/xyq/Desktop/ros_ws/build/serial_interface': CMAKE_PREFIX_PATH=${CMAKE_PREFIX_PATH}:/opt/ros/humble /usr/bin/cmake --build /home/xyq/Desktop/ros_ws/build/serial_interface -- -j20 -l20
[1.113s] [  3%] [34m[1mGenerating C code for ROS interfaces[0m
[1.121s] [  6%] [34m[1mGenerating C++ code for ROS interfaces[0m
[1.130s] [  6%] Built target ament_cmake_python_copy_serial_interface
[1.281s] running egg_info
[1.281s] creating serial_interface.egg-info
[1.282s] writing serial_interface.egg-info/PKG-INFO
[1.282s] writing dependency_links to serial_interface.egg-info/dependency_links.txt
[1.282s] writing top-level names to serial_interface.egg-info/top_level.txt
[1.282s] writing manifest file 'serial_interface.egg-info/SOURCES.txt'
[1.284s] [  6%] Built target serial_interface__cpp
[1.286s] reading manifest file 'serial_interface.egg-info/SOURCES.txt'
[1.286s] writing manifest file 'serial_interface.egg-info/SOURCES.txt'
[1.288s] [  9%] [32mBuilding C object CMakeFiles/serial_interface__rosidl_generator_c.dir/rosidl_generator_c/serial_interface/msg/detail/port__functions.c.o[0m
[1.296s] [ 12%] [34m[1mGenerating C++ type support for eProsima Fast-RTPS[0m
[1.296s] [ 16%] [34m[1mGenerating C++ type support dispatch for ROS interfaces[0m
[1.298s] [ 19%] [34m[1mGenerating C++ introspection for ROS interfaces[0m
[1.330s] [ 19%] Built target ament_cmake_python_build_serial_interface_egg
[1.335s] [ 22%] [32m[1mLinking C shared library libserial_interface__rosidl_generator_c.so[0m
[1.371s] [ 22%] Built target serial_interface__rosidl_generator_c
[1.385s] [ 25%] [34m[1mGenerating C type support dispatch for ROS interfaces[0m
[1.385s] [ 32%] [34m[1mGenerating C type support for eProsima Fast-RTPS[0m
[1.385s] [ 32%] [34m[1mGenerating C introspection for ROS interfaces[0m
[1.456s] [ 35%] [32mBuilding CXX object CMakeFiles/serial_interface__rosidl_typesupport_cpp.dir/rosidl_typesupport_cpp/serial_interface/msg/port__type_support.cpp.o[0m
[1.478s] [ 38%] [32mBuilding CXX object CMakeFiles/serial_interface__rosidl_typesupport_introspection_cpp.dir/rosidl_typesupport_introspection_cpp/serial_interface/msg/detail/port__type_support.cpp.o[0m
[1.506s] [ 41%] [32mBuilding CXX object CMakeFiles/serial_interface__rosidl_typesupport_fastrtps_cpp.dir/rosidl_typesupport_fastrtps_cpp/serial_interface/msg/detail/dds_fastrtps/port__type_support.cpp.o[0m
[1.547s] [ 45%] [32mBuilding CXX object CMakeFiles/serial_interface__rosidl_typesupport_c.dir/rosidl_typesupport_c/serial_interface/msg/port__type_support.cpp.o[0m
[1.569s] [ 48%] [32mBuilding CXX object CMakeFiles/serial_interface__rosidl_typesupport_fastrtps_c.dir/rosidl_typesupport_fastrtps_c/serial_interface/msg/detail/port__type_support_c.cpp.o[0m
[1.575s] [ 51%] [32m[1mLinking CXX shared library libserial_interface__rosidl_typesupport_c.so[0m
[1.591s] [ 54%] [32mBuilding C object CMakeFiles/serial_interface__rosidl_typesupport_introspection_c.dir/rosidl_typesupport_introspection_c/serial_interface/msg/detail/port__type_support.c.o[0m
[1.615s] [ 54%] Built target serial_interface__rosidl_typesupport_c
[1.617s] [ 58%] [32m[1mLinking C shared library libserial_interface__rosidl_typesupport_introspection_c.so[0m
[1.632s] [ 61%] [32m[1mLinking CXX shared library libserial_interface__rosidl_typesupport_cpp.so[0m
[1.648s] [ 61%] Built target serial_interface__rosidl_typesupport_introspection_c
[1.671s] [ 61%] Built target serial_interface__rosidl_typesupport_cpp
[1.715s] [ 64%] [32m[1mLinking CXX shared library libserial_interface__rosidl_typesupport_introspection_cpp.so[0m
[1.751s] [ 64%] Built target serial_interface__rosidl_typesupport_introspection_cpp
[1.769s] [ 67%] [32m[1mLinking CXX shared library libserial_interface__rosidl_typesupport_fastrtps_c.so[0m
[1.782s] [ 70%] [32m[1mLinking CXX shared library libserial_interface__rosidl_typesupport_fastrtps_cpp.so[0m
[1.829s] [ 70%] Built target serial_interface__rosidl_typesupport_fastrtps_c
[1.846s] [ 70%] Built target serial_interface__rosidl_typesupport_fastrtps_cpp
[1.868s] [ 70%] Built target serial_interface
[1.889s] [ 74%] [34m[1mGenerating Python code for ROS interfaces[0m
[2.059s] [ 74%] Built target serial_interface__py
[2.081s] [ 77%] [32mBuilding C object CMakeFiles/serial_interface__rosidl_generator_py.dir/rosidl_generator_py/serial_interface/msg/_port_s.c.o[0m
[2.157s] [ 80%] [32m[1mLinking C shared library rosidl_generator_py/serial_interface/libserial_interface__rosidl_generator_py.so[0m
[2.188s] [ 80%] Built target serial_interface__rosidl_generator_py
[2.212s] [ 87%] [32mBuilding C object CMakeFiles/serial_interface__rosidl_typesupport_fastrtps_c__pyext.dir/rosidl_generator_py/serial_interface/_serial_interface_s.ep.rosidl_typesupport_fastrtps_c.c.o[0m
[2.213s] [ 87%] [32mBuilding C object CMakeFiles/serial_interface__rosidl_typesupport_c__pyext.dir/rosidl_generator_py/serial_interface/_serial_interface_s.ep.rosidl_typesupport_c.c.o[0m
[2.213s] [ 90%] [32mBuilding C object CMakeFiles/serial_interface__rosidl_typesupport_introspection_c__pyext.dir/rosidl_generator_py/serial_interface/_serial_interface_s.ep.rosidl_typesupport_introspection_c.c.o[0m
[2.277s] [100%] [32m[1mLinking C shared library rosidl_generator_py/serial_interface/serial_interface_s__rosidl_typesupport_c.cpython-310-x86_64-linux-gnu.so[0m
[2.277s] [100%] [32m[1mLinking C shared library rosidl_generator_py/serial_interface/serial_interface_s__rosidl_typesupport_introspection_c.cpython-310-x86_64-linux-gnu.so[0m
[2.277s] [100%] [32m[1mLinking C shared library rosidl_generator_py/serial_interface/serial_interface_s__rosidl_typesupport_fastrtps_c.cpython-310-x86_64-linux-gnu.so[0m
[2.311s] [100%] Built target serial_interface__rosidl_typesupport_c__pyext
[2.311s] [100%] Built target serial_interface__rosidl_typesupport_fastrtps_c__pyext
[2.311s] [100%] Built target serial_interface__rosidl_typesupport_introspection_c__pyext
[2.323s] Invoked command in '/home/xyq/Desktop/ros_ws/build/serial_interface' returned '0': CMAKE_PREFIX_PATH=${CMAKE_PREFIX_PATH}:/opt/ros/humble /usr/bin/cmake --build /home/xyq/Desktop/ros_ws/build/serial_interface -- -j20 -l20
[2.332s] Invoking command in '/home/xyq/Desktop/ros_ws/build/serial_interface': CMAKE_PREFIX_PATH=${CMAKE_PREFIX_PATH}:/opt/ros/humble /usr/bin/cmake --install /home/xyq/Desktop/ros_ws/build/serial_interface
[2.340s] -- Install configuration: ""
[2.340s] -- Installing: /home/xyq/Desktop/ros_ws/install/serial_interface/share/ament_index/resource_index/rosidl_interfaces/serial_interface
[2.340s] -- Installing: /home/xyq/Desktop/ros_ws/install/serial_interface/include/serial_interface/serial_interface
[2.341s] -- Installing: /home/xyq/Desktop/ros_ws/install/serial_interface/include/serial_interface/serial_interface/msg
[2.341s] -- Installing: /home/xyq/Desktop/ros_ws/install/serial_interface/include/serial_interface/serial_interface/msg/port.h
[2.341s] -- Installing: /home/xyq/Desktop/ros_ws/install/serial_interface/include/serial_interface/serial_interface/msg/detail
[2.341s] -- Installing: /home/xyq/Desktop/ros_ws/install/serial_interface/include/serial_interface/serial_interface/msg/detail/port__type_support.h
[2.341s] -- Installing: /home/xyq/Desktop/ros_ws/install/serial_interface/include/serial_interface/serial_interface/msg/detail/port__functions.h
[2.341s] -- Installing: /home/xyq/Desktop/ros_ws/install/serial_interface/include/serial_interface/serial_interface/msg/detail/port__functions.c
[2.341s] -- Installing: /home/xyq/Desktop/ros_ws/install/serial_interface/include/serial_interface/serial_interface/msg/detail/port__struct.h
[2.341s] -- Installing: /home/xyq/Desktop/ros_ws/install/serial_interface/include/serial_interface/serial_interface/msg/rosidl_generator_c__visibility_control.h
[2.341s] -- Installing: /home/xyq/Desktop/ros_ws/install/serial_interface/share/serial_interface/environment/library_path.sh
[2.341s] -- Installing: /home/xyq/Desktop/ros_ws/install/serial_interface/share/serial_interface/environment/library_path.dsv
[2.341s] -- Installing: /home/xyq/Desktop/ros_ws/install/serial_interface/lib/libserial_interface__rosidl_generator_c.so
[2.341s] -- Set runtime path of "/home/xyq/Desktop/ros_ws/install/serial_interface/lib/libserial_interface__rosidl_generator_c.so" to ""
[2.341s] -- Up-to-date: /home/xyq/Desktop/ros_ws/install/serial_interface/include/serial_interface/serial_interface
[2.341s] -- Up-to-date: /home/xyq/Desktop/ros_ws/install/serial_interface/include/serial_interface/serial_interface/msg
[2.341s] -- Up-to-date: /home/xyq/Desktop/ros_ws/install/serial_interface/include/serial_interface/serial_interface/msg/detail
[2.341s] -- Installing: /home/xyq/Desktop/ros_ws/install/serial_interface/include/serial_interface/serial_interface/msg/detail/port__rosidl_typesupport_fastrtps_c.h
[2.341s] -- Installing: /home/xyq/Desktop/ros_ws/install/serial_interface/include/serial_interface/serial_interface/msg/rosidl_typesupport_fastrtps_c__visibility_control.h
[2.341s] -- Installing: /home/xyq/Desktop/ros_ws/install/serial_interface/lib/libserial_interface__rosidl_typesupport_fastrtps_c.so
[2.341s] -- Set runtime path of "/home/xyq/Desktop/ros_ws/install/serial_interface/lib/libserial_interface__rosidl_typesupport_fastrtps_c.so" to ""
[2.341s] -- Up-to-date: /home/xyq/Desktop/ros_ws/install/serial_interface/include/serial_interface/serial_interface
[2.341s] -- Up-to-date: /home/xyq/Desktop/ros_ws/install/serial_interface/include/serial_interface/serial_interface/msg
[2.341s] -- Installing: /home/xyq/Desktop/ros_ws/install/serial_interface/include/serial_interface/serial_interface/msg/port.hpp
[2.341s] -- Up-to-date: /home/xyq/Desktop/ros_ws/install/serial_interface/include/serial_interface/serial_interface/msg/detail
[2.341s] -- Installing: /home/xyq/Desktop/ros_ws/install/serial_interface/include/serial_interface/serial_interface/msg/detail/port__builder.hpp
[2.341s] -- Installing: /home/xyq/Desktop/ros_ws/install/serial_interface/include/serial_interface/serial_interface/msg/detail/port__traits.hpp
[2.341s] -- Installing: /home/xyq/Desktop/ros_ws/install/serial_interface/include/serial_interface/serial_interface/msg/detail/port__type_support.hpp
[2.342s] -- Installing: /home/xyq/Desktop/ros_ws/install/serial_interface/include/serial_interface/serial_interface/msg/detail/port__struct.hpp
[2.342s] -- Installing: /home/xyq/Desktop/ros_ws/install/serial_interface/include/serial_interface/serial_interface/msg/rosidl_generator_cpp__visibility_control.hpp
[2.342s] -- Up-to-date: /home/xyq/Desktop/ros_ws/install/serial_interface/include/serial_interface/serial_interface
[2.342s] -- Up-to-date: /home/xyq/Desktop/ros_ws/install/serial_interface/include/serial_interface/serial_interface/msg
[2.342s] -- Installing: /home/xyq/Desktop/ros_ws/install/serial_interface/include/serial_interface/serial_interface/msg/rosidl_typesupport_fastrtps_cpp__visibility_control.h
[2.342s] -- Up-to-date: /home/xyq/Desktop/ros_ws/install/serial_interface/include/serial_interface/serial_interface/msg/detail
[2.342s] -- Installing: /home/xyq/Desktop/ros_ws/install/serial_interface/include/serial_interface/serial_interface/msg/detail/port__rosidl_typesupport_fastrtps_cpp.hpp
[2.342s] -- Installing: /home/xyq/Desktop/ros_ws/install/serial_interface/include/serial_interface/serial_interface/msg/detail/dds_fastrtps
[2.342s] -- Installing: /home/xyq/Desktop/ros_ws/install/serial_interface/lib/libserial_interface__rosidl_typesupport_fastrtps_cpp.so
[2.342s] -- Set runtime path of "/home/xyq/Desktop/ros_ws/install/serial_interface/lib/libserial_interface__rosidl_typesupport_fastrtps_cpp.so" to ""
[2.342s] -- Up-to-date: /home/xyq/Desktop/ros_ws/install/serial_interface/include/serial_interface/serial_interface
[2.342s] -- Up-to-date: /home/xyq/Desktop/ros_ws/install/serial_interface/include/serial_interface/serial_interface/msg
[2.342s] -- Up-to-date: /home/xyq/Desktop/ros_ws/install/serial_interface/include/serial_interface/serial_interface/msg/detail
[2.342s] -- Installing: /home/xyq/Desktop/ros_ws/install/serial_interface/include/serial_interface/serial_interface/msg/detail/port__rosidl_typesupport_introspection_c.h
[2.342s] -- Installing: /home/xyq/Desktop/ros_ws/install/serial_interface/include/serial_interface/serial_interface/msg/detail/port__type_support.c
[2.342s] -- Installing: /home/xyq/Desktop/ros_ws/install/serial_interface/include/serial_interface/serial_interface/msg/rosidl_typesupport_introspection_c__visibility_control.h
[2.342s] -- Installing: /home/xyq/Desktop/ros_ws/install/serial_interface/lib/libserial_interface__rosidl_typesupport_introspection_c.so
[2.342s] -- Set runtime path of "/home/xyq/Desktop/ros_ws/install/serial_interface/lib/libserial_interface__rosidl_typesupport_introspection_c.so" to ""
[2.342s] -- Installing: /home/xyq/Desktop/ros_ws/install/serial_interface/lib/libserial_interface__rosidl_typesupport_c.so
[2.342s] -- Set runtime path of "/home/xyq/Desktop/ros_ws/install/serial_interface/lib/libserial_interface__rosidl_typesupport_c.so" to ""
[2.342s] -- Up-to-date: /home/xyq/Desktop/ros_ws/install/serial_interface/include/serial_interface/serial_interface
[2.342s] -- Up-to-date: /home/xyq/Desktop/ros_ws/install/serial_interface/include/serial_interface/serial_interface/msg
[2.342s] -- Up-to-date: /home/xyq/Desktop/ros_ws/install/serial_interface/include/serial_interface/serial_interface/msg/detail
[2.342s] -- Installing: /home/xyq/Desktop/ros_ws/install/serial_interface/include/serial_interface/serial_interface/msg/detail/port__rosidl_typesupport_introspection_cpp.hpp
[2.342s] -- Installing: /home/xyq/Desktop/ros_ws/install/serial_interface/include/serial_interface/serial_interface/msg/detail/port__type_support.cpp
[2.342s] -- Installing: /home/xyq/Desktop/ros_ws/install/serial_interface/lib/libserial_interface__rosidl_typesupport_introspection_cpp.so
[2.343s] -- Set runtime path of "/home/xyq/Desktop/ros_ws/install/serial_interface/lib/libserial_interface__rosidl_typesupport_introspection_cpp.so" to ""
[2.343s] -- Installing: /home/xyq/Desktop/ros_ws/install/serial_interface/lib/libserial_interface__rosidl_typesupport_cpp.so
[2.343s] -- Set runtime path of "/home/xyq/Desktop/ros_ws/install/serial_interface/lib/libserial_interface__rosidl_typesupport_cpp.so" to ""
[2.343s] -- Installing: /home/xyq/Desktop/ros_ws/install/serial_interface/share/serial_interface/environment/pythonpath.sh
[2.343s] -- Installing: /home/xyq/Desktop/ros_ws/install/serial_interface/share/serial_interface/environment/pythonpath.dsv
[2.343s] -- Installing: /home/xyq/Desktop/ros_ws/install/serial_interface/local/lib/python3.10/dist-packages/serial_interface-0.0.0-py3.10.egg-info
[2.343s] -- Installing: /home/xyq/Desktop/ros_ws/install/serial_interface/local/lib/python3.10/dist-packages/serial_interface-0.0.0-py3.10.egg-info/dependency_links.txt
[2.343s] -- Installing: /home/xyq/Desktop/ros_ws/install/serial_interface/local/lib/python3.10/dist-packages/serial_interface-0.0.0-py3.10.egg-info/PKG-INFO
[2.343s] -- Installing: /home/xyq/Desktop/ros_ws/install/serial_interface/local/lib/python3.10/dist-packages/serial_interface-0.0.0-py3.10.egg-info/top_level.txt
[2.343s] -- Installing: /home/xyq/Desktop/ros_ws/install/serial_interface/local/lib/python3.10/dist-packages/serial_interface-0.0.0-py3.10.egg-info/SOURCES.txt
[2.343s] -- Installing: /home/xyq/Desktop/ros_ws/install/serial_interface/local/lib/python3.10/dist-packages/serial_interface
[2.343s] -- Installing: /home/xyq/Desktop/ros_ws/install/serial_interface/local/lib/python3.10/dist-packages/serial_interface/_serial_interface_s.ep.rosidl_typesupport_introspection_c.c
[2.343s] -- Installing: /home/xyq/Desktop/ros_ws/install/serial_interface/local/lib/python3.10/dist-packages/serial_interface/serial_interface_s__rosidl_typesupport_c.cpython-310-x86_64-linux-gnu.so
[2.343s] -- Installing: /home/xyq/Desktop/ros_ws/install/serial_interface/local/lib/python3.10/dist-packages/serial_interface/msg
[2.343s] -- Installing: /home/xyq/Desktop/ros_ws/install/serial_interface/local/lib/python3.10/dist-packages/serial_interface/msg/__init__.py
[2.344s] -- Installing: /home/xyq/Desktop/ros_ws/install/serial_interface/local/lib/python3.10/dist-packages/serial_interface/msg/_port_s.c
[2.344s] -- Installing: /home/xyq/Desktop/ros_ws/install/serial_interface/local/lib/python3.10/dist-packages/serial_interface/msg/_port.py
[2.344s] -- Installing: /home/xyq/Desktop/ros_ws/install/serial_interface/local/lib/python3.10/dist-packages/serial_interface/_serial_interface_s.ep.rosidl_typesupport_c.c
[2.344s] -- Installing: /home/xyq/Desktop/ros_ws/install/serial_interface/local/lib/python3.10/dist-packages/serial_interface/__init__.py
[2.344s] -- Installing: /home/xyq/Desktop/ros_ws/install/serial_interface/local/lib/python3.10/dist-packages/serial_interface/_serial_interface_s.ep.rosidl_typesupport_fastrtps_c.c
[2.344s] -- Installing: /home/xyq/Desktop/ros_ws/install/serial_interface/local/lib/python3.10/dist-packages/serial_interface/serial_interface_s__rosidl_typesupport_fastrtps_c.cpython-310-x86_64-linux-gnu.so
[2.344s] -- Installing: /home/xyq/Desktop/ros_ws/install/serial_interface/local/lib/python3.10/dist-packages/serial_interface/libserial_interface__rosidl_generator_py.so
[2.344s] -- Installing: /home/xyq/Desktop/ros_ws/install/serial_interface/local/lib/python3.10/dist-packages/serial_interface/serial_interface_s__rosidl_typesupport_introspection_c.cpython-310-x86_64-linux-gnu.so
[2.365s] Listing '/home/xyq/Desktop/ros_ws/install/serial_interface/local/lib/python3.10/dist-packages/serial_interface'...
[2.365s] Compiling '/home/xyq/Desktop/ros_ws/install/serial_interface/local/lib/python3.10/dist-packages/serial_interface/__init__.py'...
[2.365s] Listing '/home/xyq/Desktop/ros_ws/install/serial_interface/local/lib/python3.10/dist-packages/serial_interface/msg'...
[2.365s] Compiling '/home/xyq/Desktop/ros_ws/install/serial_interface/local/lib/python3.10/dist-packages/serial_interface/msg/__init__.py'...
[2.365s] Compiling '/home/xyq/Desktop/ros_ws/install/serial_interface/local/lib/python3.10/dist-packages/serial_interface/msg/_port.py'...
[2.369s] -- Installing: /home/xyq/Desktop/ros_ws/install/serial_interface/local/lib/python3.10/dist-packages/serial_interface/serial_interface_s__rosidl_typesupport_fastrtps_c.cpython-310-x86_64-linux-gnu.so
[2.369s] -- Set runtime path of "/home/xyq/Desktop/ros_ws/install/serial_interface/local/lib/python3.10/dist-packages/serial_interface/serial_interface_s__rosidl_typesupport_fastrtps_c.cpython-310-x86_64-linux-gnu.so" to ""
[2.369s] -- Installing: /home/xyq/Desktop/ros_ws/install/serial_interface/local/lib/python3.10/dist-packages/serial_interface/serial_interface_s__rosidl_typesupport_introspection_c.cpython-310-x86_64-linux-gnu.so
[2.369s] -- Set runtime path of "/home/xyq/Desktop/ros_ws/install/serial_interface/local/lib/python3.10/dist-packages/serial_interface/serial_interface_s__rosidl_typesupport_introspection_c.cpython-310-x86_64-linux-gnu.so" to ""
[2.369s] -- Installing: /home/xyq/Desktop/ros_ws/install/serial_interface/local/lib/python3.10/dist-packages/serial_interface/serial_interface_s__rosidl_typesupport_c.cpython-310-x86_64-linux-gnu.so
[2.369s] -- Set runtime path of "/home/xyq/Desktop/ros_ws/install/serial_interface/local/lib/python3.10/dist-packages/serial_interface/serial_interface_s__rosidl_typesupport_c.cpython-310-x86_64-linux-gnu.so" to ""
[2.369s] -- Installing: /home/xyq/Desktop/ros_ws/install/serial_interface/lib/libserial_interface__rosidl_generator_py.so
[2.369s] -- Set runtime path of "/home/xyq/Desktop/ros_ws/install/serial_interface/lib/libserial_interface__rosidl_generator_py.so" to ""
[2.369s] -- Installing: /home/xyq/Desktop/ros_ws/install/serial_interface/share/serial_interface/msg/Port.idl
[2.370s] -- Installing: /home/xyq/Desktop/ros_ws/install/serial_interface/share/serial_interface/msg/Port.msg
[2.370s] -- Installing: /home/xyq/Desktop/ros_ws/install/serial_interface/share/ament_index/resource_index/package_run_dependencies/serial_interface
[2.370s] -- Installing: /home/xyq/Desktop/ros_ws/install/serial_interface/share/ament_index/resource_index/parent_prefix_path/serial_interface
[2.370s] -- Installing: /home/xyq/Desktop/ros_ws/install/serial_interface/share/serial_interface/environment/ament_prefix_path.sh
[2.370s] -- Installing: /home/xyq/Desktop/ros_ws/install/serial_interface/share/serial_interface/environment/ament_prefix_path.dsv
[2.370s] -- Installing: /home/xyq/Desktop/ros_ws/install/serial_interface/share/serial_interface/environment/path.sh
[2.370s] -- Installing: /home/xyq/Desktop/ros_ws/install/serial_interface/share/serial_interface/environment/path.dsv
[2.370s] -- Installing: /home/xyq/Desktop/ros_ws/install/serial_interface/share/serial_interface/local_setup.bash
[2.370s] -- Installing: /home/xyq/Desktop/ros_ws/install/serial_interface/share/serial_interface/local_setup.sh
[2.370s] -- Installing: /home/xyq/Desktop/ros_ws/install/serial_interface/share/serial_interface/local_setup.zsh
[2.370s] -- Installing: /home/xyq/Desktop/ros_ws/install/serial_interface/share/serial_interface/local_setup.dsv
[2.370s] -- Installing: /home/xyq/Desktop/ros_ws/install/serial_interface/share/serial_interface/package.dsv
[2.370s] -- Installing: /home/xyq/Desktop/ros_ws/install/serial_interface/share/ament_index/resource_index/packages/serial_interface
[2.370s] -- Installing: /home/xyq/Desktop/ros_ws/install/serial_interface/share/serial_interface/cmake/export_serial_interface__rosidl_generator_cExport.cmake
[2.370s] -- Installing: /home/xyq/Desktop/ros_ws/install/serial_interface/share/serial_interface/cmake/export_serial_interface__rosidl_generator_cExport-noconfig.cmake
[2.370s] -- Installing: /home/xyq/Desktop/ros_ws/install/serial_interface/share/serial_interface/cmake/export_serial_interface__rosidl_typesupport_fastrtps_cExport.cmake
[2.371s] -- Installing: /home/xyq/Desktop/ros_ws/install/serial_interface/share/serial_interface/cmake/export_serial_interface__rosidl_typesupport_fastrtps_cExport-noconfig.cmake
[2.371s] -- Installing: /home/xyq/Desktop/ros_ws/install/serial_interface/share/serial_interface/cmake/export_serial_interface__rosidl_generator_cppExport.cmake
[2.371s] -- Installing: /home/xyq/Desktop/ros_ws/install/serial_interface/share/serial_interface/cmake/export_serial_interface__rosidl_typesupport_fastrtps_cppExport.cmake
[2.371s] -- Installing: /home/xyq/Desktop/ros_ws/install/serial_interface/share/serial_interface/cmake/export_serial_interface__rosidl_typesupport_fastrtps_cppExport-noconfig.cmake
[2.371s] -- Installing: /home/xyq/Desktop/ros_ws/install/serial_interface/share/serial_interface/cmake/serial_interface__rosidl_typesupport_introspection_cExport.cmake
[2.371s] -- Installing: /home/xyq/Desktop/ros_ws/install/serial_interface/share/serial_interface/cmake/serial_interface__rosidl_typesupport_introspection_cExport-noconfig.cmake
[2.371s] -- Installing: /home/xyq/Desktop/ros_ws/install/serial_interface/share/serial_interface/cmake/serial_interface__rosidl_typesupport_cExport.cmake
[2.371s] -- Installing: /home/xyq/Desktop/ros_ws/install/serial_interface/share/serial_interface/cmake/serial_interface__rosidl_typesupport_cExport-noconfig.cmake
[2.371s] -- Installing: /home/xyq/Desktop/ros_ws/install/serial_interface/share/serial_interface/cmake/serial_interface__rosidl_typesupport_introspection_cppExport.cmake
[2.371s] -- Installing: /home/xyq/Desktop/ros_ws/install/serial_interface/share/serial_interface/cmake/serial_interface__rosidl_typesupport_introspection_cppExport-noconfig.cmake
[2.371s] -- Installing: /home/xyq/Desktop/ros_ws/install/serial_interface/share/serial_interface/cmake/serial_interface__rosidl_typesupport_cppExport.cmake
[2.371s] -- Installing: /home/xyq/Desktop/ros_ws/install/serial_interface/share/serial_interface/cmake/serial_interface__rosidl_typesupport_cppExport-noconfig.cmake
[2.371s] -- Installing: /home/xyq/Desktop/ros_ws/install/serial_interface/share/serial_interface/cmake/export_serial_interface__rosidl_generator_pyExport.cmake
[2.371s] -- Installing: /home/xyq/Desktop/ros_ws/install/serial_interface/share/serial_interface/cmake/export_serial_interface__rosidl_generator_pyExport-noconfig.cmake
[2.371s] -- Installing: /home/xyq/Desktop/ros_ws/install/serial_interface/share/serial_interface/cmake/rosidl_cmake-extras.cmake
[2.371s] -- Installing: /home/xyq/Desktop/ros_ws/install/serial_interface/share/serial_interface/cmake/ament_cmake_export_dependencies-extras.cmake
[2.371s] -- Installing: /home/xyq/Desktop/ros_ws/install/serial_interface/share/serial_interface/cmake/ament_cmake_export_include_directories-extras.cmake
[2.371s] -- Installing: /home/xyq/Desktop/ros_ws/install/serial_interface/share/serial_interface/cmake/ament_cmake_export_libraries-extras.cmake
[2.372s] -- Installing: /home/xyq/Desktop/ros_ws/install/serial_interface/share/serial_interface/cmake/ament_cmake_export_targets-extras.cmake
[2.372s] -- Installing: /home/xyq/Desktop/ros_ws/install/serial_interface/share/serial_interface/cmake/rosidl_cmake_export_typesupport_targets-extras.cmake
[2.372s] -- Installing: /home/xyq/Desktop/ros_ws/install/serial_interface/share/serial_interface/cmake/rosidl_cmake_export_typesupport_libraries-extras.cmake
[2.372s] -- Installing: /home/xyq/Desktop/ros_ws/install/serial_interface/share/serial_interface/cmake/serial_interfaceConfig.cmake
[2.372s] -- Installing: /home/xyq/Desktop/ros_ws/install/serial_interface/share/serial_interface/cmake/serial_interfaceConfig-version.cmake
[2.372s] -- Installing: /home/xyq/Desktop/ros_ws/install/serial_interface/share/serial_interface/package.xml
[2.375s] Invoked command in '/home/xyq/Desktop/ros_ws/build/serial_interface' returned '0': CMAKE_PREFIX_PATH=${CMAKE_PREFIX_PATH}:/opt/ros/humble /usr/bin/cmake --install /home/xyq/Desktop/ros_ws/build/serial_interface
