[0.015s] Invoking command in '/home/xyq/Desktop/ros_ws/build/camera_interface': CMAKE_PREFIX_PATH=/opt/ros/humble /usr/bin/cmake --build /home/xyq/Desktop/ros_ws/build/camera_interface -- -j20 -l20
[0.059s] [  3%] Built target camera_interface__cpp
[0.059s] [ 12%] Built target camera_interface__rosidl_generator_c
[0.068s] [ 12%] Built target ament_cmake_python_copy_camera_interface
[0.077s] [ 22%] Built target camera_interface__rosidl_typesupport_c
[0.078s] [ 32%] Built target camera_interface__rosidl_typesupport_introspection_cpp
[0.079s] [ 41%] Built target camera_interface__rosidl_typesupport_fastrtps_c
[0.079s] [ 51%] Built target camera_interface__rosidl_typesupport_introspection_c
[0.087s] [ 61%] Built target camera_interface__rosidl_typesupport_cpp
[0.089s] [ 70%] Built target camera_interface__rosidl_typesupport_fastrtps_cpp
[0.107s] [ 70%] Built target camera_interface
[0.128s] [ 74%] Built target camera_interface__py
[0.153s] [ 80%] Built target camera_interface__rosidl_generator_py
[0.172s] [ 87%] Built target camera_interface__rosidl_typesupport_fastrtps_c__pyext
[0.173s] [ 93%] Built target camera_interface__rosidl_typesupport_introspection_c__pyext
[0.173s] [100%] Built target camera_interface__rosidl_typesupport_c__pyext
[0.219s] running egg_info
[0.219s] writing camera_interface.egg-info/PKG-INFO
[0.219s] writing dependency_links to camera_interface.egg-info/dependency_links.txt
[0.219s] writing top-level names to camera_interface.egg-info/top_level.txt
[0.221s] reading manifest file 'camera_interface.egg-info/SOURCES.txt'
[0.222s] writing manifest file 'camera_interface.egg-info/SOURCES.txt'
[0.253s] [100%] Built target ament_cmake_python_build_camera_interface_egg
