[0.054s] DEBUG:colcon:Command line arguments: ['/usr/bin/colcon', 'build']
[0.054s] DEBUG:colcon:Parsed command line arguments: Namespace(log_base=None, log_level=None, verb_name='build', build_base='build', install_base='install', merge_install=False, symlink_install=False, test_result_base=None, continue_on_error=False, executor='parallel', parallel_workers=20, event_handlers=None, ignore_user_meta=False, metas=['./colcon.meta'], base_paths=['.'], packages_ignore=None, packages_ignore_regex=None, paths=None, packages_up_to=None, packages_up_to_regex=None, packages_above=None, packages_above_and_dependencies=None, packages_above_depth=None, packages_select_by_dep=None, packages_skip_by_dep=None, packages_skip_up_to=None, packages_select_build_failed=False, packages_skip_build_finished=False, packages_select_test_failures=False, packages_skip_test_passed=False, packages_select=None, packages_skip=None, packages_select_regex=None, packages_skip_regex=None, packages_start=None, packages_end=None, allow_overriding=[], cmake_args=None, cmake_target=None, cmake_target_skip_unavailable=False, cmake_clean_cache=False, cmake_clean_first=False, cmake_force_configure=False, ament_cmake_args=None, catkin_cmake_args=None, catkin_skip_building_tests=False, verb_parser=<colcon_defaults.argument_parser.defaults.DefaultArgumentsDecorator object at 0x735a21e449a0>, verb_extension=<colcon_core.verb.build.BuildVerb object at 0x735a21e441c0>, main=<bound method BuildVerb.main of <colcon_core.verb.build.BuildVerb object at 0x735a21e441c0>>)
[0.134s] Level 1:colcon.colcon_core.package_discovery:discover_packages(colcon_meta) check parameters
[0.134s] Level 1:colcon.colcon_core.package_discovery:discover_packages(recursive) check parameters
[0.134s] Level 1:colcon.colcon_core.package_discovery:discover_packages(ignore) check parameters
[0.134s] Level 1:colcon.colcon_core.package_discovery:discover_packages(path) check parameters
[0.134s] Level 1:colcon.colcon_core.package_discovery:discover_packages(colcon_meta) discover
[0.134s] Level 1:colcon.colcon_core.package_discovery:discover_packages(recursive) discover
[0.134s] INFO:colcon.colcon_core.package_discovery:Crawling recursively for packages in '/home/xyq/Desktop/ros_ws'
[0.134s] Level 1:colcon.colcon_core.package_identification:_identify(.) by extensions ['ignore', 'ignore_ament_install']
[0.134s] Level 1:colcon.colcon_core.package_identification:_identify(.) by extension 'ignore'
[0.134s] Level 1:colcon.colcon_core.package_identification:_identify(.) by extension 'ignore_ament_install'
[0.134s] Level 1:colcon.colcon_core.package_identification:_identify(.) by extensions ['colcon_pkg']
[0.134s] Level 1:colcon.colcon_core.package_identification:_identify(.) by extension 'colcon_pkg'
[0.135s] Level 1:colcon.colcon_core.package_identification:_identify(.) by extensions ['colcon_meta']
[0.135s] Level 1:colcon.colcon_core.package_identification:_identify(.) by extension 'colcon_meta'
[0.135s] Level 1:colcon.colcon_core.package_identification:_identify(.) by extensions ['ros']
[0.135s] Level 1:colcon.colcon_core.package_identification:_identify(.) by extension 'ros'
[0.142s] Level 1:colcon.colcon_core.package_identification:_identify(.) by extensions ['cmake', 'python']
[0.142s] Level 1:colcon.colcon_core.package_identification:_identify(.) by extension 'cmake'
[0.142s] Level 1:colcon.colcon_core.package_identification:_identify(.) by extension 'python'
[0.142s] Level 1:colcon.colcon_core.package_identification:_identify(.) by extensions ['python_setup_py']
[0.142s] Level 1:colcon.colcon_core.package_identification:_identify(.) by extension 'python_setup_py'
[0.142s] Level 1:colcon.colcon_core.package_identification:_identify(build) by extensions ['ignore', 'ignore_ament_install']
[0.142s] Level 1:colcon.colcon_core.package_identification:_identify(build) by extension 'ignore'
[0.142s] Level 1:colcon.colcon_core.package_identification:_identify(build) ignored
[0.142s] Level 1:colcon.colcon_core.package_identification:_identify(install) by extensions ['ignore', 'ignore_ament_install']
[0.142s] Level 1:colcon.colcon_core.package_identification:_identify(install) by extension 'ignore'
[0.142s] Level 1:colcon.colcon_core.package_identification:_identify(install) ignored
[0.142s] Level 1:colcon.colcon_core.package_identification:_identify(log) by extensions ['ignore', 'ignore_ament_install']
[0.142s] Level 1:colcon.colcon_core.package_identification:_identify(log) by extension 'ignore'
[0.142s] Level 1:colcon.colcon_core.package_identification:_identify(log) ignored
[0.142s] Level 1:colcon.colcon_core.package_identification:_identify(src) by extensions ['ignore', 'ignore_ament_install']
[0.142s] Level 1:colcon.colcon_core.package_identification:_identify(src) by extension 'ignore'
[0.142s] Level 1:colcon.colcon_core.package_identification:_identify(src) by extension 'ignore_ament_install'
[0.142s] Level 1:colcon.colcon_core.package_identification:_identify(src) by extensions ['colcon_pkg']
[0.142s] Level 1:colcon.colcon_core.package_identification:_identify(src) by extension 'colcon_pkg'
[0.142s] Level 1:colcon.colcon_core.package_identification:_identify(src) by extensions ['colcon_meta']
[0.142s] Level 1:colcon.colcon_core.package_identification:_identify(src) by extension 'colcon_meta'
[0.142s] Level 1:colcon.colcon_core.package_identification:_identify(src) by extensions ['ros']
[0.142s] Level 1:colcon.colcon_core.package_identification:_identify(src) by extension 'ros'
[0.142s] Level 1:colcon.colcon_core.package_identification:_identify(src) by extensions ['cmake', 'python']
[0.142s] Level 1:colcon.colcon_core.package_identification:_identify(src) by extension 'cmake'
[0.142s] Level 1:colcon.colcon_core.package_identification:_identify(src) by extension 'python'
[0.142s] Level 1:colcon.colcon_core.package_identification:_identify(src) by extensions ['python_setup_py']
[0.142s] Level 1:colcon.colcon_core.package_identification:_identify(src) by extension 'python_setup_py'
[0.142s] Level 1:colcon.colcon_core.package_identification:_identify(src/camera_display) by extensions ['ignore', 'ignore_ament_install']
[0.142s] Level 1:colcon.colcon_core.package_identification:_identify(src/camera_display) by extension 'ignore'
[0.142s] Level 1:colcon.colcon_core.package_identification:_identify(src/camera_display) by extension 'ignore_ament_install'
[0.143s] Level 1:colcon.colcon_core.package_identification:_identify(src/camera_display) by extensions ['colcon_pkg']
[0.143s] Level 1:colcon.colcon_core.package_identification:_identify(src/camera_display) by extension 'colcon_pkg'
[0.143s] Level 1:colcon.colcon_core.package_identification:_identify(src/camera_display) by extensions ['colcon_meta']
[0.143s] Level 1:colcon.colcon_core.package_identification:_identify(src/camera_display) by extension 'colcon_meta'
[0.143s] Level 1:colcon.colcon_core.package_identification:_identify(src/camera_display) by extensions ['ros']
[0.143s] Level 1:colcon.colcon_core.package_identification:_identify(src/camera_display) by extension 'ros'
[0.144s] DEBUG:colcon.colcon_core.package_identification:Package 'src/camera_display' with type 'ros.ament_cmake' and name 'camera_display'
[0.144s] Level 1:colcon.colcon_core.package_identification:_identify(src/camera_driver) by extensions ['ignore', 'ignore_ament_install']
[0.145s] Level 1:colcon.colcon_core.package_identification:_identify(src/camera_driver) by extension 'ignore'
[0.145s] Level 1:colcon.colcon_core.package_identification:_identify(src/camera_driver) by extension 'ignore_ament_install'
[0.145s] Level 1:colcon.colcon_core.package_identification:_identify(src/camera_driver) by extensions ['colcon_pkg']
[0.145s] Level 1:colcon.colcon_core.package_identification:_identify(src/camera_driver) by extension 'colcon_pkg'
[0.145s] Level 1:colcon.colcon_core.package_identification:_identify(src/camera_driver) by extensions ['colcon_meta']
[0.145s] Level 1:colcon.colcon_core.package_identification:_identify(src/camera_driver) by extension 'colcon_meta'
[0.145s] Level 1:colcon.colcon_core.package_identification:_identify(src/camera_driver) by extensions ['ros']
[0.145s] Level 1:colcon.colcon_core.package_identification:_identify(src/camera_driver) by extension 'ros'
[0.145s] DEBUG:colcon.colcon_core.package_identification:Package 'src/camera_driver' with type 'ros.ament_cmake' and name 'mindvision_camera'
[0.145s] Level 1:colcon.colcon_core.package_identification:_identify(src/camera_interface) by extensions ['ignore', 'ignore_ament_install']
[0.145s] Level 1:colcon.colcon_core.package_identification:_identify(src/camera_interface) by extension 'ignore'
[0.145s] Level 1:colcon.colcon_core.package_identification:_identify(src/camera_interface) by extension 'ignore_ament_install'
[0.145s] Level 1:colcon.colcon_core.package_identification:_identify(src/camera_interface) by extensions ['colcon_pkg']
[0.145s] Level 1:colcon.colcon_core.package_identification:_identify(src/camera_interface) by extension 'colcon_pkg'
[0.145s] Level 1:colcon.colcon_core.package_identification:_identify(src/camera_interface) by extensions ['colcon_meta']
[0.145s] Level 1:colcon.colcon_core.package_identification:_identify(src/camera_interface) by extension 'colcon_meta'
[0.145s] Level 1:colcon.colcon_core.package_identification:_identify(src/camera_interface) by extensions ['ros']
[0.145s] Level 1:colcon.colcon_core.package_identification:_identify(src/camera_interface) by extension 'ros'
[0.146s] DEBUG:colcon.colcon_core.package_identification:Package 'src/camera_interface' with type 'ros.ament_cmake' and name 'camera_interface'
[0.146s] Level 1:colcon.colcon_core.package_identification:_identify(src/corner_detection) by extensions ['ignore', 'ignore_ament_install']
[0.146s] Level 1:colcon.colcon_core.package_identification:_identify(src/corner_detection) by extension 'ignore'
[0.146s] Level 1:colcon.colcon_core.package_identification:_identify(src/corner_detection) by extension 'ignore_ament_install'
[0.146s] Level 1:colcon.colcon_core.package_identification:_identify(src/corner_detection) by extensions ['colcon_pkg']
[0.146s] Level 1:colcon.colcon_core.package_identification:_identify(src/corner_detection) by extension 'colcon_pkg'
[0.146s] Level 1:colcon.colcon_core.package_identification:_identify(src/corner_detection) by extensions ['colcon_meta']
[0.146s] Level 1:colcon.colcon_core.package_identification:_identify(src/corner_detection) by extension 'colcon_meta'
[0.146s] Level 1:colcon.colcon_core.package_identification:_identify(src/corner_detection) by extensions ['ros']
[0.146s] Level 1:colcon.colcon_core.package_identification:_identify(src/corner_detection) by extension 'ros'
[0.146s] DEBUG:colcon.colcon_core.package_identification:Package 'src/corner_detection' with type 'ros.ament_cmake' and name 'corner_detection'
[0.147s] Level 1:colcon.colcon_core.package_identification:_identify(src/image_display) by extensions ['ignore', 'ignore_ament_install']
[0.147s] Level 1:colcon.colcon_core.package_identification:_identify(src/image_display) by extension 'ignore'
[0.147s] Level 1:colcon.colcon_core.package_identification:_identify(src/image_display) by extension 'ignore_ament_install'
[0.147s] Level 1:colcon.colcon_core.package_identification:_identify(src/image_display) by extensions ['colcon_pkg']
[0.147s] Level 1:colcon.colcon_core.package_identification:_identify(src/image_display) by extension 'colcon_pkg'
[0.147s] Level 1:colcon.colcon_core.package_identification:_identify(src/image_display) by extensions ['colcon_meta']
[0.147s] Level 1:colcon.colcon_core.package_identification:_identify(src/image_display) by extension 'colcon_meta'
[0.147s] Level 1:colcon.colcon_core.package_identification:_identify(src/image_display) by extensions ['ros']
[0.147s] Level 1:colcon.colcon_core.package_identification:_identify(src/image_display) by extension 'ros'
[0.147s] DEBUG:colcon.colcon_core.package_identification:Package 'src/image_display' with type 'ros.ament_cmake' and name 'image_display'
[0.147s] Level 1:colcon.colcon_core.package_identification:_identify(src/image_processing) by extensions ['ignore', 'ignore_ament_install']
[0.147s] Level 1:colcon.colcon_core.package_identification:_identify(src/image_processing) by extension 'ignore'
[0.147s] Level 1:colcon.colcon_core.package_identification:_identify(src/image_processing) by extension 'ignore_ament_install'
[0.147s] Level 1:colcon.colcon_core.package_identification:_identify(src/image_processing) by extensions ['colcon_pkg']
[0.147s] Level 1:colcon.colcon_core.package_identification:_identify(src/image_processing) by extension 'colcon_pkg'
[0.147s] Level 1:colcon.colcon_core.package_identification:_identify(src/image_processing) by extensions ['colcon_meta']
[0.147s] Level 1:colcon.colcon_core.package_identification:_identify(src/image_processing) by extension 'colcon_meta'
[0.147s] Level 1:colcon.colcon_core.package_identification:_identify(src/image_processing) by extensions ['ros']
[0.147s] Level 1:colcon.colcon_core.package_identification:_identify(src/image_processing) by extension 'ros'
[0.148s] DEBUG:colcon.colcon_core.package_identification:Package 'src/image_processing' with type 'ros.ament_cmake' and name 'image_processing'
[0.148s] Level 1:colcon.colcon_core.package_identification:_identify(src/pose_resolve) by extensions ['ignore', 'ignore_ament_install']
[0.148s] Level 1:colcon.colcon_core.package_identification:_identify(src/pose_resolve) by extension 'ignore'
[0.148s] Level 1:colcon.colcon_core.package_identification:_identify(src/pose_resolve) by extension 'ignore_ament_install'
[0.148s] Level 1:colcon.colcon_core.package_identification:_identify(src/pose_resolve) by extensions ['colcon_pkg']
[0.148s] Level 1:colcon.colcon_core.package_identification:_identify(src/pose_resolve) by extension 'colcon_pkg'
[0.148s] Level 1:colcon.colcon_core.package_identification:_identify(src/pose_resolve) by extensions ['colcon_meta']
[0.148s] Level 1:colcon.colcon_core.package_identification:_identify(src/pose_resolve) by extension 'colcon_meta'
[0.148s] Level 1:colcon.colcon_core.package_identification:_identify(src/pose_resolve) by extensions ['ros']
[0.148s] Level 1:colcon.colcon_core.package_identification:_identify(src/pose_resolve) by extension 'ros'
[0.148s] DEBUG:colcon.colcon_core.package_identification:Package 'src/pose_resolve' with type 'ros.ament_cmake' and name 'pose_resolve'
[0.148s] Level 1:colcon.colcon_core.package_discovery:discover_packages(recursive) using defaults
[0.148s] Level 1:colcon.colcon_core.package_discovery:discover_packages(ignore) discover
[0.148s] Level 1:colcon.colcon_core.package_discovery:discover_packages(ignore) using defaults
[0.148s] Level 1:colcon.colcon_core.package_discovery:discover_packages(path) discover
[0.148s] Level 1:colcon.colcon_core.package_discovery:discover_packages(path) using defaults
[0.169s] Level 1:colcon.colcon_core.package_discovery:discover_packages(prefix_path) check parameters
[0.169s] Level 1:colcon.colcon_core.package_discovery:discover_packages(prefix_path) discover
[0.170s] DEBUG:colcon.colcon_installed_package_information.package_discovery:Found 279 installed packages in /opt/ros/humble
[0.171s] Level 1:colcon.colcon_core.package_discovery:discover_packages(prefix_path) using defaults
[0.188s] Level 5:colcon.colcon_core.verb:set package 'camera_display' build argument 'cmake_args' from command line to 'None'
[0.188s] Level 5:colcon.colcon_core.verb:set package 'camera_display' build argument 'cmake_target' from command line to 'None'
[0.188s] Level 5:colcon.colcon_core.verb:set package 'camera_display' build argument 'cmake_target_skip_unavailable' from command line to 'False'
[0.188s] Level 5:colcon.colcon_core.verb:set package 'camera_display' build argument 'cmake_clean_cache' from command line to 'False'
[0.188s] Level 5:colcon.colcon_core.verb:set package 'camera_display' build argument 'cmake_clean_first' from command line to 'False'
[0.188s] Level 5:colcon.colcon_core.verb:set package 'camera_display' build argument 'cmake_force_configure' from command line to 'False'
[0.188s] Level 5:colcon.colcon_core.verb:set package 'camera_display' build argument 'ament_cmake_args' from command line to 'None'
[0.188s] Level 5:colcon.colcon_core.verb:set package 'camera_display' build argument 'catkin_cmake_args' from command line to 'None'
[0.188s] Level 5:colcon.colcon_core.verb:set package 'camera_display' build argument 'catkin_skip_building_tests' from command line to 'False'
[0.188s] DEBUG:colcon.colcon_core.verb:Building package 'camera_display' with the following arguments: {'ament_cmake_args': None, 'build_base': '/home/xyq/Desktop/ros_ws/build/camera_display', 'catkin_cmake_args': None, 'catkin_skip_building_tests': False, 'cmake_args': None, 'cmake_clean_cache': False, 'cmake_clean_first': False, 'cmake_force_configure': False, 'cmake_target': None, 'cmake_target_skip_unavailable': False, 'install_base': '/home/xyq/Desktop/ros_ws/install/camera_display', 'merge_install': False, 'path': '/home/xyq/Desktop/ros_ws/src/camera_display', 'symlink_install': False, 'test_result_base': None}
[0.188s] Level 5:colcon.colcon_core.verb:set package 'camera_interface' build argument 'cmake_args' from command line to 'None'
[0.188s] Level 5:colcon.colcon_core.verb:set package 'camera_interface' build argument 'cmake_target' from command line to 'None'
[0.188s] Level 5:colcon.colcon_core.verb:set package 'camera_interface' build argument 'cmake_target_skip_unavailable' from command line to 'False'
[0.188s] Level 5:colcon.colcon_core.verb:set package 'camera_interface' build argument 'cmake_clean_cache' from command line to 'False'
[0.188s] Level 5:colcon.colcon_core.verb:set package 'camera_interface' build argument 'cmake_clean_first' from command line to 'False'
[0.188s] Level 5:colcon.colcon_core.verb:set package 'camera_interface' build argument 'cmake_force_configure' from command line to 'False'
[0.188s] Level 5:colcon.colcon_core.verb:set package 'camera_interface' build argument 'ament_cmake_args' from command line to 'None'
[0.188s] Level 5:colcon.colcon_core.verb:set package 'camera_interface' build argument 'catkin_cmake_args' from command line to 'None'
[0.188s] Level 5:colcon.colcon_core.verb:set package 'camera_interface' build argument 'catkin_skip_building_tests' from command line to 'False'
[0.189s] DEBUG:colcon.colcon_core.verb:Building package 'camera_interface' with the following arguments: {'ament_cmake_args': None, 'build_base': '/home/xyq/Desktop/ros_ws/build/camera_interface', 'catkin_cmake_args': None, 'catkin_skip_building_tests': False, 'cmake_args': None, 'cmake_clean_cache': False, 'cmake_clean_first': False, 'cmake_force_configure': False, 'cmake_target': None, 'cmake_target_skip_unavailable': False, 'install_base': '/home/xyq/Desktop/ros_ws/install/camera_interface', 'merge_install': False, 'path': '/home/xyq/Desktop/ros_ws/src/camera_interface', 'symlink_install': False, 'test_result_base': None}
[0.189s] Level 5:colcon.colcon_core.verb:set package 'image_display' build argument 'cmake_args' from command line to 'None'
[0.189s] Level 5:colcon.colcon_core.verb:set package 'image_display' build argument 'cmake_target' from command line to 'None'
[0.189s] Level 5:colcon.colcon_core.verb:set package 'image_display' build argument 'cmake_target_skip_unavailable' from command line to 'False'
[0.189s] Level 5:colcon.colcon_core.verb:set package 'image_display' build argument 'cmake_clean_cache' from command line to 'False'
[0.189s] Level 5:colcon.colcon_core.verb:set package 'image_display' build argument 'cmake_clean_first' from command line to 'False'
[0.189s] Level 5:colcon.colcon_core.verb:set package 'image_display' build argument 'cmake_force_configure' from command line to 'False'
[0.189s] Level 5:colcon.colcon_core.verb:set package 'image_display' build argument 'ament_cmake_args' from command line to 'None'
[0.189s] Level 5:colcon.colcon_core.verb:set package 'image_display' build argument 'catkin_cmake_args' from command line to 'None'
[0.189s] Level 5:colcon.colcon_core.verb:set package 'image_display' build argument 'catkin_skip_building_tests' from command line to 'False'
[0.189s] DEBUG:colcon.colcon_core.verb:Building package 'image_display' with the following arguments: {'ament_cmake_args': None, 'build_base': '/home/xyq/Desktop/ros_ws/build/image_display', 'catkin_cmake_args': None, 'catkin_skip_building_tests': False, 'cmake_args': None, 'cmake_clean_cache': False, 'cmake_clean_first': False, 'cmake_force_configure': False, 'cmake_target': None, 'cmake_target_skip_unavailable': False, 'install_base': '/home/xyq/Desktop/ros_ws/install/image_display', 'merge_install': False, 'path': '/home/xyq/Desktop/ros_ws/src/image_display', 'symlink_install': False, 'test_result_base': None}
[0.189s] Level 5:colcon.colcon_core.verb:set package 'image_processing' build argument 'cmake_args' from command line to 'None'
[0.189s] Level 5:colcon.colcon_core.verb:set package 'image_processing' build argument 'cmake_target' from command line to 'None'
[0.189s] Level 5:colcon.colcon_core.verb:set package 'image_processing' build argument 'cmake_target_skip_unavailable' from command line to 'False'
[0.189s] Level 5:colcon.colcon_core.verb:set package 'image_processing' build argument 'cmake_clean_cache' from command line to 'False'
[0.189s] Level 5:colcon.colcon_core.verb:set package 'image_processing' build argument 'cmake_clean_first' from command line to 'False'
[0.189s] Level 5:colcon.colcon_core.verb:set package 'image_processing' build argument 'cmake_force_configure' from command line to 'False'
[0.189s] Level 5:colcon.colcon_core.verb:set package 'image_processing' build argument 'ament_cmake_args' from command line to 'None'
[0.189s] Level 5:colcon.colcon_core.verb:set package 'image_processing' build argument 'catkin_cmake_args' from command line to 'None'
[0.189s] Level 5:colcon.colcon_core.verb:set package 'image_processing' build argument 'catkin_skip_building_tests' from command line to 'False'
[0.189s] DEBUG:colcon.colcon_core.verb:Building package 'image_processing' with the following arguments: {'ament_cmake_args': None, 'build_base': '/home/xyq/Desktop/ros_ws/build/image_processing', 'catkin_cmake_args': None, 'catkin_skip_building_tests': False, 'cmake_args': None, 'cmake_clean_cache': False, 'cmake_clean_first': False, 'cmake_force_configure': False, 'cmake_target': None, 'cmake_target_skip_unavailable': False, 'install_base': '/home/xyq/Desktop/ros_ws/install/image_processing', 'merge_install': False, 'path': '/home/xyq/Desktop/ros_ws/src/image_processing', 'symlink_install': False, 'test_result_base': None}
[0.189s] Level 5:colcon.colcon_core.verb:set package 'mindvision_camera' build argument 'cmake_args' from command line to 'None'
[0.189s] Level 5:colcon.colcon_core.verb:set package 'mindvision_camera' build argument 'cmake_target' from command line to 'None'
[0.189s] Level 5:colcon.colcon_core.verb:set package 'mindvision_camera' build argument 'cmake_target_skip_unavailable' from command line to 'False'
[0.189s] Level 5:colcon.colcon_core.verb:set package 'mindvision_camera' build argument 'cmake_clean_cache' from command line to 'False'
[0.189s] Level 5:colcon.colcon_core.verb:set package 'mindvision_camera' build argument 'cmake_clean_first' from command line to 'False'
[0.189s] Level 5:colcon.colcon_core.verb:set package 'mindvision_camera' build argument 'cmake_force_configure' from command line to 'False'
[0.189s] Level 5:colcon.colcon_core.verb:set package 'mindvision_camera' build argument 'ament_cmake_args' from command line to 'None'
[0.189s] Level 5:colcon.colcon_core.verb:set package 'mindvision_camera' build argument 'catkin_cmake_args' from command line to 'None'
[0.189s] Level 5:colcon.colcon_core.verb:set package 'mindvision_camera' build argument 'catkin_skip_building_tests' from command line to 'False'
[0.189s] DEBUG:colcon.colcon_core.verb:Building package 'mindvision_camera' with the following arguments: {'ament_cmake_args': None, 'build_base': '/home/xyq/Desktop/ros_ws/build/mindvision_camera', 'catkin_cmake_args': None, 'catkin_skip_building_tests': False, 'cmake_args': None, 'cmake_clean_cache': False, 'cmake_clean_first': False, 'cmake_force_configure': False, 'cmake_target': None, 'cmake_target_skip_unavailable': False, 'install_base': '/home/xyq/Desktop/ros_ws/install/mindvision_camera', 'merge_install': False, 'path': '/home/xyq/Desktop/ros_ws/src/camera_driver', 'symlink_install': False, 'test_result_base': None}
[0.189s] Level 5:colcon.colcon_core.verb:set package 'corner_detection' build argument 'cmake_args' from command line to 'None'
[0.189s] Level 5:colcon.colcon_core.verb:set package 'corner_detection' build argument 'cmake_target' from command line to 'None'
[0.189s] Level 5:colcon.colcon_core.verb:set package 'corner_detection' build argument 'cmake_target_skip_unavailable' from command line to 'False'
[0.189s] Level 5:colcon.colcon_core.verb:set package 'corner_detection' build argument 'cmake_clean_cache' from command line to 'False'
[0.189s] Level 5:colcon.colcon_core.verb:set package 'corner_detection' build argument 'cmake_clean_first' from command line to 'False'
[0.189s] Level 5:colcon.colcon_core.verb:set package 'corner_detection' build argument 'cmake_force_configure' from command line to 'False'
[0.189s] Level 5:colcon.colcon_core.verb:set package 'corner_detection' build argument 'ament_cmake_args' from command line to 'None'
[0.189s] Level 5:colcon.colcon_core.verb:set package 'corner_detection' build argument 'catkin_cmake_args' from command line to 'None'
[0.189s] Level 5:colcon.colcon_core.verb:set package 'corner_detection' build argument 'catkin_skip_building_tests' from command line to 'False'
[0.190s] DEBUG:colcon.colcon_core.verb:Building package 'corner_detection' with the following arguments: {'ament_cmake_args': None, 'build_base': '/home/xyq/Desktop/ros_ws/build/corner_detection', 'catkin_cmake_args': None, 'catkin_skip_building_tests': False, 'cmake_args': None, 'cmake_clean_cache': False, 'cmake_clean_first': False, 'cmake_force_configure': False, 'cmake_target': None, 'cmake_target_skip_unavailable': False, 'install_base': '/home/xyq/Desktop/ros_ws/install/corner_detection', 'merge_install': False, 'path': '/home/xyq/Desktop/ros_ws/src/corner_detection', 'symlink_install': False, 'test_result_base': None}
[0.190s] Level 5:colcon.colcon_core.verb:set package 'pose_resolve' build argument 'cmake_args' from command line to 'None'
[0.190s] Level 5:colcon.colcon_core.verb:set package 'pose_resolve' build argument 'cmake_target' from command line to 'None'
[0.190s] Level 5:colcon.colcon_core.verb:set package 'pose_resolve' build argument 'cmake_target_skip_unavailable' from command line to 'False'
[0.190s] Level 5:colcon.colcon_core.verb:set package 'pose_resolve' build argument 'cmake_clean_cache' from command line to 'False'
[0.190s] Level 5:colcon.colcon_core.verb:set package 'pose_resolve' build argument 'cmake_clean_first' from command line to 'False'
[0.190s] Level 5:colcon.colcon_core.verb:set package 'pose_resolve' build argument 'cmake_force_configure' from command line to 'False'
[0.190s] Level 5:colcon.colcon_core.verb:set package 'pose_resolve' build argument 'ament_cmake_args' from command line to 'None'
[0.190s] Level 5:colcon.colcon_core.verb:set package 'pose_resolve' build argument 'catkin_cmake_args' from command line to 'None'
[0.190s] Level 5:colcon.colcon_core.verb:set package 'pose_resolve' build argument 'catkin_skip_building_tests' from command line to 'False'
[0.190s] DEBUG:colcon.colcon_core.verb:Building package 'pose_resolve' with the following arguments: {'ament_cmake_args': None, 'build_base': '/home/xyq/Desktop/ros_ws/build/pose_resolve', 'catkin_cmake_args': None, 'catkin_skip_building_tests': False, 'cmake_args': None, 'cmake_clean_cache': False, 'cmake_clean_first': False, 'cmake_force_configure': False, 'cmake_target': None, 'cmake_target_skip_unavailable': False, 'install_base': '/home/xyq/Desktop/ros_ws/install/pose_resolve', 'merge_install': False, 'path': '/home/xyq/Desktop/ros_ws/src/pose_resolve', 'symlink_install': False, 'test_result_base': None}
[0.190s] INFO:colcon.colcon_core.executor:Executing jobs using 'parallel' executor
[0.190s] DEBUG:colcon.colcon_parallel_executor.executor.parallel:run_until_complete
[0.191s] INFO:colcon.colcon_ros.task.ament_cmake.build:Building ROS package in '/home/xyq/Desktop/ros_ws/src/camera_interface' with build type 'ament_cmake'
[0.191s] INFO:colcon.colcon_cmake.task.cmake.build:Building CMake package in '/home/xyq/Desktop/ros_ws/src/camera_interface'
[0.192s] INFO:colcon.colcon_core.plugin_system:Skipping extension 'colcon_core.shell.bat': Not used on non-Windows systems
[0.192s] INFO:colcon.colcon_core.shell:Skip shell extension 'powershell' for command environment: Not usable outside of PowerShell
[0.192s] DEBUG:colcon.colcon_core.shell:Skip shell extension 'dsv' for command environment
[0.194s] INFO:colcon.colcon_ros.task.ament_cmake.build:Building ROS package in '/home/xyq/Desktop/ros_ws/src/camera_display' with build type 'ament_cmake'
[0.194s] INFO:colcon.colcon_cmake.task.cmake.build:Building CMake package in '/home/xyq/Desktop/ros_ws/src/camera_display'
[0.194s] INFO:colcon.colcon_core.shell:Skip shell extension 'powershell' for command environment: Not usable outside of PowerShell
[0.194s] DEBUG:colcon.colcon_core.shell:Skip shell extension 'dsv' for command environment
[0.195s] INFO:colcon.colcon_ros.task.ament_cmake.build:Building ROS package in '/home/xyq/Desktop/ros_ws/src/image_display' with build type 'ament_cmake'
[0.195s] INFO:colcon.colcon_cmake.task.cmake.build:Building CMake package in '/home/xyq/Desktop/ros_ws/src/image_display'
[0.195s] INFO:colcon.colcon_core.shell:Skip shell extension 'powershell' for command environment: Not usable outside of PowerShell
[0.195s] DEBUG:colcon.colcon_core.shell:Skip shell extension 'dsv' for command environment
[0.197s] INFO:colcon.colcon_ros.task.ament_cmake.build:Building ROS package in '/home/xyq/Desktop/ros_ws/src/image_processing' with build type 'ament_cmake'
[0.197s] INFO:colcon.colcon_cmake.task.cmake.build:Building CMake package in '/home/xyq/Desktop/ros_ws/src/image_processing'
[0.197s] INFO:colcon.colcon_core.shell:Skip shell extension 'powershell' for command environment: Not usable outside of PowerShell
[0.197s] DEBUG:colcon.colcon_core.shell:Skip shell extension 'dsv' for command environment
[0.198s] INFO:colcon.colcon_ros.task.ament_cmake.build:Building ROS package in '/home/xyq/Desktop/ros_ws/src/camera_driver' with build type 'ament_cmake'
[0.198s] INFO:colcon.colcon_cmake.task.cmake.build:Building CMake package in '/home/xyq/Desktop/ros_ws/src/camera_driver'
[0.198s] INFO:colcon.colcon_core.shell:Skip shell extension 'powershell' for command environment: Not usable outside of PowerShell
[0.198s] DEBUG:colcon.colcon_core.shell:Skip shell extension 'dsv' for command environment
[0.202s] DEBUG:colcon.colcon_core.event_handler.log_command:Invoking command in '/home/xyq/Desktop/ros_ws/build/camera_interface': CMAKE_PREFIX_PATH=/opt/ros/humble /usr/bin/cmake --build /home/xyq/Desktop/ros_ws/build/camera_interface -- -j20 -l20
[0.208s] DEBUG:colcon.colcon_core.event_handler.log_command:Invoking command in '/home/xyq/Desktop/ros_ws/build/camera_display': CMAKE_PREFIX_PATH=/opt/ros/humble /usr/bin/cmake --build /home/xyq/Desktop/ros_ws/build/camera_display -- -j20 -l20
[0.211s] DEBUG:colcon.colcon_core.event_handler.log_command:Invoking command in '/home/xyq/Desktop/ros_ws/build/image_display': CMAKE_PREFIX_PATH=/opt/ros/humble /usr/bin/cmake --build /home/xyq/Desktop/ros_ws/build/image_display -- -j20 -l20
[0.215s] DEBUG:colcon.colcon_core.event_handler.log_command:Invoking command in '/home/xyq/Desktop/ros_ws/build/image_processing': CMAKE_PREFIX_PATH=/opt/ros/humble /usr/bin/cmake --build /home/xyq/Desktop/ros_ws/build/image_processing -- -j20 -l20
[0.219s] DEBUG:colcon.colcon_core.event_handler.log_command:Invoking command in '/home/xyq/Desktop/ros_ws/build/mindvision_camera': CMAKE_PREFIX_PATH=/opt/ros/humble /usr/bin/cmake --build /home/xyq/Desktop/ros_ws/build/mindvision_camera -- -j20 -l20
[0.235s] DEBUG:colcon.colcon_core.event_handler.log_command:Invoked command in '/home/xyq/Desktop/ros_ws/build/image_display' returned '0': CMAKE_PREFIX_PATH=/opt/ros/humble /usr/bin/cmake --build /home/xyq/Desktop/ros_ws/build/image_display -- -j20 -l20
[0.243s] DEBUG:colcon.colcon_core.event_handler.log_command:Invoking command in '/home/xyq/Desktop/ros_ws/build/image_display': CMAKE_PREFIX_PATH=/opt/ros/humble /usr/bin/cmake --install /home/xyq/Desktop/ros_ws/build/image_display
[0.250s] Level 1:colcon.colcon_core.environment:create_environment_scripts_only(image_display)
[0.251s] DEBUG:colcon.colcon_core.event_handler.log_command:Invoked command in '/home/xyq/Desktop/ros_ws/build/image_display' returned '0': CMAKE_PREFIX_PATH=/opt/ros/humble /usr/bin/cmake --install /home/xyq/Desktop/ros_ws/build/image_display
[0.253s] Level 1:colcon.colcon_core.environment:checking '/home/xyq/Desktop/ros_ws/install/image_display' for CMake module files
[0.253s] Level 1:colcon.colcon_core.environment:checking '/home/xyq/Desktop/ros_ws/install/image_display' for CMake config files
[0.253s] Level 1:colcon.colcon_core.shell:create_environment_hook('image_display', 'cmake_prefix_path')
[0.253s] INFO:colcon.colcon_core.shell:Creating environment hook '/home/xyq/Desktop/ros_ws/install/image_display/share/image_display/hook/cmake_prefix_path.ps1'
[0.254s] INFO:colcon.colcon_core.shell:Creating environment descriptor '/home/xyq/Desktop/ros_ws/install/image_display/share/image_display/hook/cmake_prefix_path.dsv'
[0.255s] INFO:colcon.colcon_core.shell:Creating environment hook '/home/xyq/Desktop/ros_ws/install/image_display/share/image_display/hook/cmake_prefix_path.sh'
[0.256s] Level 1:colcon.colcon_core.environment:checking '/home/xyq/Desktop/ros_ws/install/image_display/bin'
[0.256s] Level 1:colcon.colcon_core.environment:checking '/home/xyq/Desktop/ros_ws/install/image_display/lib/pkgconfig/image_display.pc'
[0.256s] Level 1:colcon.colcon_core.environment:checking '/home/xyq/Desktop/ros_ws/install/image_display/lib/python3.10/site-packages'
[0.256s] Level 1:colcon.colcon_core.environment:checking '/home/xyq/Desktop/ros_ws/install/image_display/bin'
[0.256s] INFO:colcon.colcon_core.shell:Creating package script '/home/xyq/Desktop/ros_ws/install/image_display/share/image_display/package.ps1'
[0.257s] INFO:colcon.colcon_core.shell:Creating package descriptor '/home/xyq/Desktop/ros_ws/install/image_display/share/image_display/package.dsv'
[0.257s] INFO:colcon.colcon_core.shell:Creating package script '/home/xyq/Desktop/ros_ws/install/image_display/share/image_display/package.sh'
[0.258s] INFO:colcon.colcon_core.shell:Creating package script '/home/xyq/Desktop/ros_ws/install/image_display/share/image_display/package.bash'
[0.258s] INFO:colcon.colcon_core.shell:Creating package script '/home/xyq/Desktop/ros_ws/install/image_display/share/image_display/package.zsh'
[0.259s] Level 1:colcon.colcon_core.environment:create_file_with_runtime_dependencies(/home/xyq/Desktop/ros_ws/install/image_display/share/colcon-core/packages/image_display)
[0.259s] Level 1:colcon.colcon_core.environment:create_environment_scripts_only(image_display)
[0.260s] Level 1:colcon.colcon_core.environment:checking '/home/xyq/Desktop/ros_ws/install/image_display' for CMake module files
[0.260s] Level 1:colcon.colcon_core.environment:checking '/home/xyq/Desktop/ros_ws/install/image_display' for CMake config files
[0.260s] Level 1:colcon.colcon_core.shell:create_environment_hook('image_display', 'cmake_prefix_path')
[0.260s] INFO:colcon.colcon_core.shell:Creating environment hook '/home/xyq/Desktop/ros_ws/install/image_display/share/image_display/hook/cmake_prefix_path.ps1'
[0.261s] INFO:colcon.colcon_core.shell:Creating environment descriptor '/home/xyq/Desktop/ros_ws/install/image_display/share/image_display/hook/cmake_prefix_path.dsv'
[0.261s] INFO:colcon.colcon_core.shell:Creating environment hook '/home/xyq/Desktop/ros_ws/install/image_display/share/image_display/hook/cmake_prefix_path.sh'
[0.261s] Level 1:colcon.colcon_core.environment:checking '/home/xyq/Desktop/ros_ws/install/image_display/bin'
[0.262s] Level 1:colcon.colcon_core.environment:checking '/home/xyq/Desktop/ros_ws/install/image_display/lib/pkgconfig/image_display.pc'
[0.262s] Level 1:colcon.colcon_core.environment:checking '/home/xyq/Desktop/ros_ws/install/image_display/lib/python3.10/site-packages'
[0.262s] Level 1:colcon.colcon_core.environment:checking '/home/xyq/Desktop/ros_ws/install/image_display/bin'
[0.262s] INFO:colcon.colcon_core.shell:Creating package script '/home/xyq/Desktop/ros_ws/install/image_display/share/image_display/package.ps1'
[0.262s] INFO:colcon.colcon_core.shell:Creating package descriptor '/home/xyq/Desktop/ros_ws/install/image_display/share/image_display/package.dsv'
[0.263s] INFO:colcon.colcon_core.shell:Creating package script '/home/xyq/Desktop/ros_ws/install/image_display/share/image_display/package.sh'
[0.263s] INFO:colcon.colcon_core.shell:Creating package script '/home/xyq/Desktop/ros_ws/install/image_display/share/image_display/package.bash'
[0.264s] INFO:colcon.colcon_core.shell:Creating package script '/home/xyq/Desktop/ros_ws/install/image_display/share/image_display/package.zsh'
[0.264s] Level 1:colcon.colcon_core.environment:create_file_with_runtime_dependencies(/home/xyq/Desktop/ros_ws/install/image_display/share/colcon-core/packages/image_display)
[0.267s] DEBUG:colcon.colcon_core.event_handler.log_command:Invoked command in '/home/xyq/Desktop/ros_ws/build/image_processing' returned '0': CMAKE_PREFIX_PATH=/opt/ros/humble /usr/bin/cmake --build /home/xyq/Desktop/ros_ws/build/image_processing -- -j20 -l20
[0.268s] DEBUG:colcon.colcon_core.event_handler.log_command:Invoking command in '/home/xyq/Desktop/ros_ws/build/image_processing': CMAKE_PREFIX_PATH=/opt/ros/humble /usr/bin/cmake --install /home/xyq/Desktop/ros_ws/build/image_processing
[0.269s] DEBUG:colcon.colcon_core.event_handler.log_command:Invoked command in '/home/xyq/Desktop/ros_ws/build/camera_display' returned '0': CMAKE_PREFIX_PATH=/opt/ros/humble /usr/bin/cmake --build /home/xyq/Desktop/ros_ws/build/camera_display -- -j20 -l20
[0.269s] DEBUG:colcon.colcon_core.event_handler.log_command:Invoking command in '/home/xyq/Desktop/ros_ws/build/camera_display': CMAKE_PREFIX_PATH=/opt/ros/humble /usr/bin/cmake --install /home/xyq/Desktop/ros_ws/build/camera_display
[0.272s] Level 1:colcon.colcon_core.environment:create_environment_scripts_only(image_processing)
[0.272s] Level 1:colcon.colcon_core.environment:checking '/home/xyq/Desktop/ros_ws/install/image_processing' for CMake module files
[0.273s] DEBUG:colcon.colcon_core.event_handler.log_command:Invoked command in '/home/xyq/Desktop/ros_ws/build/image_processing' returned '0': CMAKE_PREFIX_PATH=/opt/ros/humble /usr/bin/cmake --install /home/xyq/Desktop/ros_ws/build/image_processing
[0.274s] Level 1:colcon.colcon_core.environment:checking '/home/xyq/Desktop/ros_ws/install/image_processing' for CMake config files
[0.275s] Level 1:colcon.colcon_core.shell:create_environment_hook('image_processing', 'cmake_prefix_path')
[0.275s] INFO:colcon.colcon_core.shell:Creating environment hook '/home/xyq/Desktop/ros_ws/install/image_processing/share/image_processing/hook/cmake_prefix_path.ps1'
[0.275s] INFO:colcon.colcon_core.shell:Creating environment descriptor '/home/xyq/Desktop/ros_ws/install/image_processing/share/image_processing/hook/cmake_prefix_path.dsv'
[0.276s] INFO:colcon.colcon_core.shell:Creating environment hook '/home/xyq/Desktop/ros_ws/install/image_processing/share/image_processing/hook/cmake_prefix_path.sh'
[0.276s] Level 1:colcon.colcon_core.environment:checking '/home/xyq/Desktop/ros_ws/install/image_processing/lib'
[0.277s] Level 1:colcon.colcon_core.environment:checking '/home/xyq/Desktop/ros_ws/install/image_processing/bin'
[0.277s] Level 1:colcon.colcon_core.environment:checking '/home/xyq/Desktop/ros_ws/install/image_processing/lib/pkgconfig/image_processing.pc'
[0.277s] Level 1:colcon.colcon_core.environment:checking '/home/xyq/Desktop/ros_ws/install/image_processing/lib/python3.10/site-packages'
[0.277s] Level 1:colcon.colcon_core.environment:checking '/home/xyq/Desktop/ros_ws/install/image_processing/bin'
[0.278s] INFO:colcon.colcon_core.shell:Creating package script '/home/xyq/Desktop/ros_ws/install/image_processing/share/image_processing/package.ps1'
[0.278s] INFO:colcon.colcon_core.shell:Creating package descriptor '/home/xyq/Desktop/ros_ws/install/image_processing/share/image_processing/package.dsv'
[0.279s] INFO:colcon.colcon_core.shell:Creating package script '/home/xyq/Desktop/ros_ws/install/image_processing/share/image_processing/package.sh'
[0.279s] INFO:colcon.colcon_core.shell:Creating package script '/home/xyq/Desktop/ros_ws/install/image_processing/share/image_processing/package.bash'
[0.279s] INFO:colcon.colcon_core.shell:Creating package script '/home/xyq/Desktop/ros_ws/install/image_processing/share/image_processing/package.zsh'
[0.279s] Level 1:colcon.colcon_core.environment:create_file_with_runtime_dependencies(/home/xyq/Desktop/ros_ws/install/image_processing/share/colcon-core/packages/image_processing)
[0.280s] Level 1:colcon.colcon_core.environment:create_environment_scripts_only(image_processing)
[0.280s] Level 1:colcon.colcon_core.environment:checking '/home/xyq/Desktop/ros_ws/install/image_processing' for CMake module files
[0.280s] Level 1:colcon.colcon_core.environment:checking '/home/xyq/Desktop/ros_ws/install/image_processing' for CMake config files
[0.280s] Level 1:colcon.colcon_core.shell:create_environment_hook('image_processing', 'cmake_prefix_path')
[0.280s] INFO:colcon.colcon_core.shell:Creating environment hook '/home/xyq/Desktop/ros_ws/install/image_processing/share/image_processing/hook/cmake_prefix_path.ps1'
[0.281s] INFO:colcon.colcon_core.shell:Creating environment descriptor '/home/xyq/Desktop/ros_ws/install/image_processing/share/image_processing/hook/cmake_prefix_path.dsv'
[0.281s] INFO:colcon.colcon_core.shell:Creating environment hook '/home/xyq/Desktop/ros_ws/install/image_processing/share/image_processing/hook/cmake_prefix_path.sh'
[0.281s] Level 1:colcon.colcon_core.environment:checking '/home/xyq/Desktop/ros_ws/install/image_processing/lib'
[0.281s] Level 1:colcon.colcon_core.environment:checking '/home/xyq/Desktop/ros_ws/install/image_processing/bin'
[0.281s] Level 1:colcon.colcon_core.environment:checking '/home/xyq/Desktop/ros_ws/install/image_processing/lib/pkgconfig/image_processing.pc'
[0.281s] Level 1:colcon.colcon_core.environment:checking '/home/xyq/Desktop/ros_ws/install/image_processing/lib/python3.10/site-packages'
[0.281s] Level 1:colcon.colcon_core.environment:checking '/home/xyq/Desktop/ros_ws/install/image_processing/bin'
[0.282s] INFO:colcon.colcon_core.shell:Creating package script '/home/xyq/Desktop/ros_ws/install/image_processing/share/image_processing/package.ps1'
[0.282s] INFO:colcon.colcon_core.shell:Creating package descriptor '/home/xyq/Desktop/ros_ws/install/image_processing/share/image_processing/package.dsv'
[0.282s] INFO:colcon.colcon_core.shell:Creating package script '/home/xyq/Desktop/ros_ws/install/image_processing/share/image_processing/package.sh'
[0.282s] INFO:colcon.colcon_core.shell:Creating package script '/home/xyq/Desktop/ros_ws/install/image_processing/share/image_processing/package.bash'
[0.282s] INFO:colcon.colcon_core.shell:Creating package script '/home/xyq/Desktop/ros_ws/install/image_processing/share/image_processing/package.zsh'
[0.283s] Level 1:colcon.colcon_core.environment:create_file_with_runtime_dependencies(/home/xyq/Desktop/ros_ws/install/image_processing/share/colcon-core/packages/image_processing)
[0.284s] DEBUG:colcon.colcon_core.event_handler.log_command:Invoked command in '/home/xyq/Desktop/ros_ws/build/mindvision_camera' returned '0': CMAKE_PREFIX_PATH=/opt/ros/humble /usr/bin/cmake --build /home/xyq/Desktop/ros_ws/build/mindvision_camera -- -j20 -l20
[0.285s] DEBUG:colcon.colcon_core.event_handler.log_command:Invoking command in '/home/xyq/Desktop/ros_ws/build/mindvision_camera': CMAKE_PREFIX_PATH=/opt/ros/humble /usr/bin/cmake --install /home/xyq/Desktop/ros_ws/build/mindvision_camera
[0.285s] Level 1:colcon.colcon_core.environment:create_environment_scripts_only(camera_display)
[0.285s] Level 1:colcon.colcon_core.environment:checking '/home/xyq/Desktop/ros_ws/install/camera_display' for CMake module files
[0.286s] DEBUG:colcon.colcon_core.event_handler.log_command:Invoked command in '/home/xyq/Desktop/ros_ws/build/camera_display' returned '0': CMAKE_PREFIX_PATH=/opt/ros/humble /usr/bin/cmake --install /home/xyq/Desktop/ros_ws/build/camera_display
[0.286s] Level 1:colcon.colcon_core.environment:checking '/home/xyq/Desktop/ros_ws/install/camera_display' for CMake config files
[0.286s] Level 1:colcon.colcon_core.shell:create_environment_hook('camera_display', 'cmake_prefix_path')
[0.286s] INFO:colcon.colcon_core.shell:Creating environment hook '/home/xyq/Desktop/ros_ws/install/camera_display/share/camera_display/hook/cmake_prefix_path.ps1'
[0.286s] INFO:colcon.colcon_core.shell:Creating environment descriptor '/home/xyq/Desktop/ros_ws/install/camera_display/share/camera_display/hook/cmake_prefix_path.dsv'
[0.286s] INFO:colcon.colcon_core.shell:Creating environment hook '/home/xyq/Desktop/ros_ws/install/camera_display/share/camera_display/hook/cmake_prefix_path.sh'
[0.287s] Level 1:colcon.colcon_core.environment:checking '/home/xyq/Desktop/ros_ws/install/camera_display/lib'
[0.287s] Level 1:colcon.colcon_core.environment:checking '/home/xyq/Desktop/ros_ws/install/camera_display/bin'
[0.287s] Level 1:colcon.colcon_core.environment:checking '/home/xyq/Desktop/ros_ws/install/camera_display/lib/pkgconfig/camera_display.pc'
[0.287s] Level 1:colcon.colcon_core.environment:checking '/home/xyq/Desktop/ros_ws/install/camera_display/lib/python3.10/site-packages'
[0.287s] Level 1:colcon.colcon_core.environment:checking '/home/xyq/Desktop/ros_ws/install/camera_display/bin'
[0.287s] INFO:colcon.colcon_core.shell:Creating package script '/home/xyq/Desktop/ros_ws/install/camera_display/share/camera_display/package.ps1'
[0.288s] INFO:colcon.colcon_core.shell:Creating package descriptor '/home/xyq/Desktop/ros_ws/install/camera_display/share/camera_display/package.dsv'
[0.288s] INFO:colcon.colcon_core.shell:Creating package script '/home/xyq/Desktop/ros_ws/install/camera_display/share/camera_display/package.sh'
[0.288s] INFO:colcon.colcon_core.shell:Creating package script '/home/xyq/Desktop/ros_ws/install/camera_display/share/camera_display/package.bash'
[0.288s] INFO:colcon.colcon_core.shell:Creating package script '/home/xyq/Desktop/ros_ws/install/camera_display/share/camera_display/package.zsh'
[0.288s] Level 1:colcon.colcon_core.environment:create_file_with_runtime_dependencies(/home/xyq/Desktop/ros_ws/install/camera_display/share/colcon-core/packages/camera_display)
[0.289s] Level 1:colcon.colcon_core.environment:create_environment_scripts_only(camera_display)
[0.289s] Level 1:colcon.colcon_core.environment:checking '/home/xyq/Desktop/ros_ws/install/camera_display' for CMake module files
[0.289s] Level 1:colcon.colcon_core.environment:checking '/home/xyq/Desktop/ros_ws/install/camera_display' for CMake config files
[0.290s] Level 1:colcon.colcon_core.shell:create_environment_hook('camera_display', 'cmake_prefix_path')
[0.290s] INFO:colcon.colcon_core.shell:Creating environment hook '/home/xyq/Desktop/ros_ws/install/camera_display/share/camera_display/hook/cmake_prefix_path.ps1'
[0.290s] INFO:colcon.colcon_core.shell:Creating environment descriptor '/home/xyq/Desktop/ros_ws/install/camera_display/share/camera_display/hook/cmake_prefix_path.dsv'
[0.290s] INFO:colcon.colcon_core.shell:Creating environment hook '/home/xyq/Desktop/ros_ws/install/camera_display/share/camera_display/hook/cmake_prefix_path.sh'
[0.291s] Level 1:colcon.colcon_core.environment:checking '/home/xyq/Desktop/ros_ws/install/camera_display/lib'
[0.291s] Level 1:colcon.colcon_core.environment:checking '/home/xyq/Desktop/ros_ws/install/camera_display/bin'
[0.291s] Level 1:colcon.colcon_core.environment:checking '/home/xyq/Desktop/ros_ws/install/camera_display/lib/pkgconfig/camera_display.pc'
[0.291s] Level 1:colcon.colcon_core.environment:checking '/home/xyq/Desktop/ros_ws/install/camera_display/lib/python3.10/site-packages'
[0.291s] Level 1:colcon.colcon_core.environment:checking '/home/xyq/Desktop/ros_ws/install/camera_display/bin'
[0.291s] INFO:colcon.colcon_core.shell:Creating package script '/home/xyq/Desktop/ros_ws/install/camera_display/share/camera_display/package.ps1'
[0.292s] INFO:colcon.colcon_core.shell:Creating package descriptor '/home/xyq/Desktop/ros_ws/install/camera_display/share/camera_display/package.dsv'
[0.292s] INFO:colcon.colcon_core.shell:Creating package script '/home/xyq/Desktop/ros_ws/install/camera_display/share/camera_display/package.sh'
[0.292s] INFO:colcon.colcon_core.shell:Creating package script '/home/xyq/Desktop/ros_ws/install/camera_display/share/camera_display/package.bash'
[0.292s] INFO:colcon.colcon_core.shell:Creating package script '/home/xyq/Desktop/ros_ws/install/camera_display/share/camera_display/package.zsh'
[0.292s] Level 1:colcon.colcon_core.environment:create_file_with_runtime_dependencies(/home/xyq/Desktop/ros_ws/install/camera_display/share/colcon-core/packages/camera_display)
[0.293s] Level 1:colcon.colcon_core.environment:create_environment_scripts_only(mindvision_camera)
[0.293s] Level 1:colcon.colcon_core.environment:checking '/home/xyq/Desktop/ros_ws/install/mindvision_camera' for CMake module files
[0.294s] Level 1:colcon.colcon_core.environment:checking '/home/xyq/Desktop/ros_ws/install/mindvision_camera' for CMake config files
[0.295s] Level 1:colcon.colcon_core.shell:create_environment_hook('mindvision_camera', 'cmake_prefix_path')
[0.295s] INFO:colcon.colcon_core.shell:Creating environment hook '/home/xyq/Desktop/ros_ws/install/mindvision_camera/share/mindvision_camera/hook/cmake_prefix_path.ps1'
[0.296s] INFO:colcon.colcon_core.shell:Creating environment descriptor '/home/xyq/Desktop/ros_ws/install/mindvision_camera/share/mindvision_camera/hook/cmake_prefix_path.dsv'
[0.296s] DEBUG:colcon.colcon_core.event_handler.log_command:Invoked command in '/home/xyq/Desktop/ros_ws/build/mindvision_camera' returned '0': CMAKE_PREFIX_PATH=/opt/ros/humble /usr/bin/cmake --install /home/xyq/Desktop/ros_ws/build/mindvision_camera
[0.296s] INFO:colcon.colcon_core.shell:Creating environment hook '/home/xyq/Desktop/ros_ws/install/mindvision_camera/share/mindvision_camera/hook/cmake_prefix_path.sh'
[0.296s] Level 1:colcon.colcon_core.environment:checking '/home/xyq/Desktop/ros_ws/install/mindvision_camera/lib'
[0.297s] Level 1:colcon.colcon_core.shell:create_environment_hook('mindvision_camera', 'ld_library_path_lib')
[0.297s] INFO:colcon.colcon_core.shell:Creating environment hook '/home/xyq/Desktop/ros_ws/install/mindvision_camera/share/mindvision_camera/hook/ld_library_path_lib.ps1'
[0.297s] INFO:colcon.colcon_core.shell:Creating environment descriptor '/home/xyq/Desktop/ros_ws/install/mindvision_camera/share/mindvision_camera/hook/ld_library_path_lib.dsv'
[0.297s] INFO:colcon.colcon_core.shell:Creating environment hook '/home/xyq/Desktop/ros_ws/install/mindvision_camera/share/mindvision_camera/hook/ld_library_path_lib.sh'
[0.297s] Level 1:colcon.colcon_core.environment:checking '/home/xyq/Desktop/ros_ws/install/mindvision_camera/bin'
[0.297s] Level 1:colcon.colcon_core.environment:checking '/home/xyq/Desktop/ros_ws/install/mindvision_camera/lib/pkgconfig/mindvision_camera.pc'
[0.297s] Level 1:colcon.colcon_core.environment:checking '/home/xyq/Desktop/ros_ws/install/mindvision_camera/lib/python3.10/site-packages'
[0.297s] Level 1:colcon.colcon_core.environment:checking '/home/xyq/Desktop/ros_ws/install/mindvision_camera/bin'
[0.298s] INFO:colcon.colcon_core.shell:Creating package script '/home/xyq/Desktop/ros_ws/install/mindvision_camera/share/mindvision_camera/package.ps1'
[0.298s] INFO:colcon.colcon_core.shell:Creating package descriptor '/home/xyq/Desktop/ros_ws/install/mindvision_camera/share/mindvision_camera/package.dsv'
[0.298s] INFO:colcon.colcon_core.shell:Creating package script '/home/xyq/Desktop/ros_ws/install/mindvision_camera/share/mindvision_camera/package.sh'
[0.298s] INFO:colcon.colcon_core.shell:Creating package script '/home/xyq/Desktop/ros_ws/install/mindvision_camera/share/mindvision_camera/package.bash'
[0.298s] INFO:colcon.colcon_core.shell:Creating package script '/home/xyq/Desktop/ros_ws/install/mindvision_camera/share/mindvision_camera/package.zsh'
[0.299s] Level 1:colcon.colcon_core.environment:create_file_with_runtime_dependencies(/home/xyq/Desktop/ros_ws/install/mindvision_camera/share/colcon-core/packages/mindvision_camera)
[0.299s] Level 1:colcon.colcon_core.environment:create_environment_scripts_only(mindvision_camera)
[0.299s] Level 1:colcon.colcon_core.environment:checking '/home/xyq/Desktop/ros_ws/install/mindvision_camera' for CMake module files
[0.299s] Level 1:colcon.colcon_core.environment:checking '/home/xyq/Desktop/ros_ws/install/mindvision_camera' for CMake config files
[0.299s] Level 1:colcon.colcon_core.shell:create_environment_hook('mindvision_camera', 'cmake_prefix_path')
[0.300s] INFO:colcon.colcon_core.shell:Creating environment hook '/home/xyq/Desktop/ros_ws/install/mindvision_camera/share/mindvision_camera/hook/cmake_prefix_path.ps1'
[0.300s] INFO:colcon.colcon_core.shell:Creating environment descriptor '/home/xyq/Desktop/ros_ws/install/mindvision_camera/share/mindvision_camera/hook/cmake_prefix_path.dsv'
[0.300s] INFO:colcon.colcon_core.shell:Creating environment hook '/home/xyq/Desktop/ros_ws/install/mindvision_camera/share/mindvision_camera/hook/cmake_prefix_path.sh'
[0.300s] Level 1:colcon.colcon_core.environment:checking '/home/xyq/Desktop/ros_ws/install/mindvision_camera/lib'
[0.300s] Level 1:colcon.colcon_core.shell:create_environment_hook('mindvision_camera', 'ld_library_path_lib')
[0.300s] INFO:colcon.colcon_core.shell:Creating environment hook '/home/xyq/Desktop/ros_ws/install/mindvision_camera/share/mindvision_camera/hook/ld_library_path_lib.ps1'
[0.301s] INFO:colcon.colcon_core.shell:Creating environment descriptor '/home/xyq/Desktop/ros_ws/install/mindvision_camera/share/mindvision_camera/hook/ld_library_path_lib.dsv'
[0.301s] INFO:colcon.colcon_core.shell:Creating environment hook '/home/xyq/Desktop/ros_ws/install/mindvision_camera/share/mindvision_camera/hook/ld_library_path_lib.sh'
[0.301s] Level 1:colcon.colcon_core.environment:checking '/home/xyq/Desktop/ros_ws/install/mindvision_camera/bin'
[0.301s] Level 1:colcon.colcon_core.environment:checking '/home/xyq/Desktop/ros_ws/install/mindvision_camera/lib/pkgconfig/mindvision_camera.pc'
[0.301s] Level 1:colcon.colcon_core.environment:checking '/home/xyq/Desktop/ros_ws/install/mindvision_camera/lib/python3.10/site-packages'
[0.301s] Level 1:colcon.colcon_core.environment:checking '/home/xyq/Desktop/ros_ws/install/mindvision_camera/bin'
[0.301s] INFO:colcon.colcon_core.shell:Creating package script '/home/xyq/Desktop/ros_ws/install/mindvision_camera/share/mindvision_camera/package.ps1'
[0.302s] INFO:colcon.colcon_core.shell:Creating package descriptor '/home/xyq/Desktop/ros_ws/install/mindvision_camera/share/mindvision_camera/package.dsv'
[0.302s] INFO:colcon.colcon_core.shell:Creating package script '/home/xyq/Desktop/ros_ws/install/mindvision_camera/share/mindvision_camera/package.sh'
[0.302s] INFO:colcon.colcon_core.shell:Creating package script '/home/xyq/Desktop/ros_ws/install/mindvision_camera/share/mindvision_camera/package.bash'
[0.303s] INFO:colcon.colcon_core.shell:Creating package script '/home/xyq/Desktop/ros_ws/install/mindvision_camera/share/mindvision_camera/package.zsh'
[0.303s] Level 1:colcon.colcon_core.environment:create_file_with_runtime_dependencies(/home/xyq/Desktop/ros_ws/install/mindvision_camera/share/colcon-core/packages/mindvision_camera)
[0.445s] DEBUG:colcon.colcon_core.event_handler.log_command:Invoked command in '/home/xyq/Desktop/ros_ws/build/camera_interface' returned '0': CMAKE_PREFIX_PATH=/opt/ros/humble /usr/bin/cmake --build /home/xyq/Desktop/ros_ws/build/camera_interface -- -j20 -l20
[0.447s] DEBUG:colcon.colcon_core.event_handler.log_command:Invoking command in '/home/xyq/Desktop/ros_ws/build/camera_interface': CMAKE_PREFIX_PATH=/opt/ros/humble /usr/bin/cmake --install /home/xyq/Desktop/ros_ws/build/camera_interface
[0.479s] Level 1:colcon.colcon_core.environment:create_environment_scripts_only(camera_interface)
[0.479s] Level 1:colcon.colcon_core.environment:checking '/home/xyq/Desktop/ros_ws/install/camera_interface' for CMake module files
[0.479s] DEBUG:colcon.colcon_core.event_handler.log_command:Invoked command in '/home/xyq/Desktop/ros_ws/build/camera_interface' returned '0': CMAKE_PREFIX_PATH=/opt/ros/humble /usr/bin/cmake --install /home/xyq/Desktop/ros_ws/build/camera_interface
[0.480s] Level 1:colcon.colcon_core.environment:checking '/home/xyq/Desktop/ros_ws/install/camera_interface' for CMake config files
[0.481s] Level 1:colcon.colcon_core.shell:create_environment_hook('camera_interface', 'cmake_prefix_path')
[0.481s] INFO:colcon.colcon_core.shell:Creating environment hook '/home/xyq/Desktop/ros_ws/install/camera_interface/share/camera_interface/hook/cmake_prefix_path.ps1'
[0.481s] INFO:colcon.colcon_core.shell:Creating environment descriptor '/home/xyq/Desktop/ros_ws/install/camera_interface/share/camera_interface/hook/cmake_prefix_path.dsv'
[0.482s] INFO:colcon.colcon_core.shell:Creating environment hook '/home/xyq/Desktop/ros_ws/install/camera_interface/share/camera_interface/hook/cmake_prefix_path.sh'
[0.482s] Level 1:colcon.colcon_core.environment:checking '/home/xyq/Desktop/ros_ws/install/camera_interface/lib'
[0.482s] Level 1:colcon.colcon_core.shell:create_environment_hook('camera_interface', 'ld_library_path_lib')
[0.482s] INFO:colcon.colcon_core.shell:Creating environment hook '/home/xyq/Desktop/ros_ws/install/camera_interface/share/camera_interface/hook/ld_library_path_lib.ps1'
[0.483s] INFO:colcon.colcon_core.shell:Creating environment descriptor '/home/xyq/Desktop/ros_ws/install/camera_interface/share/camera_interface/hook/ld_library_path_lib.dsv'
[0.483s] INFO:colcon.colcon_core.shell:Creating environment hook '/home/xyq/Desktop/ros_ws/install/camera_interface/share/camera_interface/hook/ld_library_path_lib.sh'
[0.484s] Level 1:colcon.colcon_core.environment:checking '/home/xyq/Desktop/ros_ws/install/camera_interface/bin'
[0.484s] Level 1:colcon.colcon_core.environment:checking '/home/xyq/Desktop/ros_ws/install/camera_interface/lib/pkgconfig/camera_interface.pc'
[0.484s] Level 1:colcon.colcon_core.environment:checking '/home/xyq/Desktop/ros_ws/install/camera_interface/lib/python3.10/site-packages'
[0.484s] Level 1:colcon.colcon_core.environment:checking '/home/xyq/Desktop/ros_ws/install/camera_interface/bin'
[0.484s] INFO:colcon.colcon_core.shell:Creating package script '/home/xyq/Desktop/ros_ws/install/camera_interface/share/camera_interface/package.ps1'
[0.485s] INFO:colcon.colcon_core.shell:Creating package descriptor '/home/xyq/Desktop/ros_ws/install/camera_interface/share/camera_interface/package.dsv'
[0.485s] INFO:colcon.colcon_core.shell:Creating package script '/home/xyq/Desktop/ros_ws/install/camera_interface/share/camera_interface/package.sh'
[0.486s] INFO:colcon.colcon_core.shell:Creating package script '/home/xyq/Desktop/ros_ws/install/camera_interface/share/camera_interface/package.bash'
[0.486s] INFO:colcon.colcon_core.shell:Creating package script '/home/xyq/Desktop/ros_ws/install/camera_interface/share/camera_interface/package.zsh'
[0.486s] Level 1:colcon.colcon_core.environment:create_file_with_runtime_dependencies(/home/xyq/Desktop/ros_ws/install/camera_interface/share/colcon-core/packages/camera_interface)
[0.487s] Level 1:colcon.colcon_core.environment:create_environment_scripts_only(camera_interface)
[0.487s] Level 1:colcon.colcon_core.environment:checking '/home/xyq/Desktop/ros_ws/install/camera_interface' for CMake module files
[0.488s] Level 1:colcon.colcon_core.environment:checking '/home/xyq/Desktop/ros_ws/install/camera_interface' for CMake config files
[0.488s] Level 1:colcon.colcon_core.shell:create_environment_hook('camera_interface', 'cmake_prefix_path')
[0.489s] INFO:colcon.colcon_core.shell:Creating environment hook '/home/xyq/Desktop/ros_ws/install/camera_interface/share/camera_interface/hook/cmake_prefix_path.ps1'
[0.489s] INFO:colcon.colcon_core.shell:Creating environment descriptor '/home/xyq/Desktop/ros_ws/install/camera_interface/share/camera_interface/hook/cmake_prefix_path.dsv'
[0.489s] INFO:colcon.colcon_core.shell:Creating environment hook '/home/xyq/Desktop/ros_ws/install/camera_interface/share/camera_interface/hook/cmake_prefix_path.sh'
[0.490s] Level 1:colcon.colcon_core.environment:checking '/home/xyq/Desktop/ros_ws/install/camera_interface/lib'
[0.490s] Level 1:colcon.colcon_core.shell:create_environment_hook('camera_interface', 'ld_library_path_lib')
[0.490s] INFO:colcon.colcon_core.shell:Creating environment hook '/home/xyq/Desktop/ros_ws/install/camera_interface/share/camera_interface/hook/ld_library_path_lib.ps1'
[0.490s] INFO:colcon.colcon_core.shell:Creating environment descriptor '/home/xyq/Desktop/ros_ws/install/camera_interface/share/camera_interface/hook/ld_library_path_lib.dsv'
[0.491s] INFO:colcon.colcon_core.shell:Creating environment hook '/home/xyq/Desktop/ros_ws/install/camera_interface/share/camera_interface/hook/ld_library_path_lib.sh'
[0.491s] Level 1:colcon.colcon_core.environment:checking '/home/xyq/Desktop/ros_ws/install/camera_interface/bin'
[0.491s] Level 1:colcon.colcon_core.environment:checking '/home/xyq/Desktop/ros_ws/install/camera_interface/lib/pkgconfig/camera_interface.pc'
[0.491s] Level 1:colcon.colcon_core.environment:checking '/home/xyq/Desktop/ros_ws/install/camera_interface/lib/python3.10/site-packages'
[0.492s] Level 1:colcon.colcon_core.environment:checking '/home/xyq/Desktop/ros_ws/install/camera_interface/bin'
[0.492s] INFO:colcon.colcon_core.shell:Creating package script '/home/xyq/Desktop/ros_ws/install/camera_interface/share/camera_interface/package.ps1'
[0.492s] INFO:colcon.colcon_core.shell:Creating package descriptor '/home/xyq/Desktop/ros_ws/install/camera_interface/share/camera_interface/package.dsv'
[0.493s] INFO:colcon.colcon_core.shell:Creating package script '/home/xyq/Desktop/ros_ws/install/camera_interface/share/camera_interface/package.sh'
[0.493s] INFO:colcon.colcon_core.shell:Creating package script '/home/xyq/Desktop/ros_ws/install/camera_interface/share/camera_interface/package.bash'
[0.493s] INFO:colcon.colcon_core.shell:Creating package script '/home/xyq/Desktop/ros_ws/install/camera_interface/share/camera_interface/package.zsh'
[0.493s] Level 1:colcon.colcon_core.environment:create_file_with_runtime_dependencies(/home/xyq/Desktop/ros_ws/install/camera_interface/share/colcon-core/packages/camera_interface)
[0.493s] INFO:colcon.colcon_ros.task.ament_cmake.build:Building ROS package in '/home/xyq/Desktop/ros_ws/src/corner_detection' with build type 'ament_cmake'
[0.494s] INFO:colcon.colcon_cmake.task.cmake.build:Building CMake package in '/home/xyq/Desktop/ros_ws/src/corner_detection'
[0.494s] INFO:colcon.colcon_core.shell:Skip shell extension 'powershell' for command environment: Not usable outside of PowerShell
[0.494s] DEBUG:colcon.colcon_core.shell:Skip shell extension 'dsv' for command environment
[0.496s] INFO:colcon.colcon_ros.task.ament_cmake.build:Building ROS package in '/home/xyq/Desktop/ros_ws/src/pose_resolve' with build type 'ament_cmake'
[0.496s] INFO:colcon.colcon_cmake.task.cmake.build:Building CMake package in '/home/xyq/Desktop/ros_ws/src/pose_resolve'
[0.496s] INFO:colcon.colcon_core.shell:Skip shell extension 'powershell' for command environment: Not usable outside of PowerShell
[0.496s] DEBUG:colcon.colcon_core.shell:Skip shell extension 'dsv' for command environment
[0.504s] DEBUG:colcon.colcon_core.event_handler.log_command:Invoking command in '/home/xyq/Desktop/ros_ws/build/corner_detection': AMENT_PREFIX_PATH=/home/xyq/Desktop/ros_ws/install/camera_interface:${AMENT_PREFIX_PATH} CMAKE_PREFIX_PATH=/home/xyq/Desktop/ros_ws/install/camera_interface:/opt/ros/humble LD_LIBRARY_PATH=/home/xyq/Desktop/ros_ws/install/camera_interface/lib:${LD_LIBRARY_PATH} PYTHONPATH=/home/xyq/Desktop/ros_ws/install/camera_interface/local/lib/python3.10/dist-packages:${PYTHONPATH} /usr/bin/cmake --build /home/xyq/Desktop/ros_ws/build/corner_detection -- -j20 -l20
[0.507s] DEBUG:colcon.colcon_core.event_handler.log_command:Invoking command in '/home/xyq/Desktop/ros_ws/build/pose_resolve': AMENT_PREFIX_PATH=/home/xyq/Desktop/ros_ws/install/camera_interface:${AMENT_PREFIX_PATH} CMAKE_PREFIX_PATH=/home/xyq/Desktop/ros_ws/install/camera_interface:/opt/ros/humble LD_LIBRARY_PATH=/home/xyq/Desktop/ros_ws/install/camera_interface/lib:${LD_LIBRARY_PATH} PYTHONPATH=/home/xyq/Desktop/ros_ws/install/camera_interface/local/lib/python3.10/dist-packages:${PYTHONPATH} /usr/bin/cmake --build /home/xyq/Desktop/ros_ws/build/pose_resolve -- -j20 -l20
[0.554s] DEBUG:colcon.colcon_core.event_handler.log_command:Invoked command in '/home/xyq/Desktop/ros_ws/build/corner_detection' returned '0': AMENT_PREFIX_PATH=/home/xyq/Desktop/ros_ws/install/camera_interface:${AMENT_PREFIX_PATH} CMAKE_PREFIX_PATH=/home/xyq/Desktop/ros_ws/install/camera_interface:/opt/ros/humble LD_LIBRARY_PATH=/home/xyq/Desktop/ros_ws/install/camera_interface/lib:${LD_LIBRARY_PATH} PYTHONPATH=/home/xyq/Desktop/ros_ws/install/camera_interface/local/lib/python3.10/dist-packages:${PYTHONPATH} /usr/bin/cmake --build /home/xyq/Desktop/ros_ws/build/corner_detection -- -j20 -l20
[0.555s] DEBUG:colcon.colcon_core.event_handler.log_command:Invoking command in '/home/xyq/Desktop/ros_ws/build/corner_detection': AMENT_PREFIX_PATH=/home/xyq/Desktop/ros_ws/install/camera_interface:${AMENT_PREFIX_PATH} CMAKE_PREFIX_PATH=/home/xyq/Desktop/ros_ws/install/camera_interface:/opt/ros/humble LD_LIBRARY_PATH=/home/xyq/Desktop/ros_ws/install/camera_interface/lib:${LD_LIBRARY_PATH} PYTHONPATH=/home/xyq/Desktop/ros_ws/install/camera_interface/local/lib/python3.10/dist-packages:${PYTHONPATH} /usr/bin/cmake --install /home/xyq/Desktop/ros_ws/build/corner_detection
[0.564s] Level 1:colcon.colcon_core.environment:create_environment_scripts_only(corner_detection)
[0.564s] Level 1:colcon.colcon_core.environment:checking '/home/xyq/Desktop/ros_ws/install/corner_detection' for CMake module files
[0.564s] DEBUG:colcon.colcon_core.event_handler.log_command:Invoked command in '/home/xyq/Desktop/ros_ws/build/corner_detection' returned '0': AMENT_PREFIX_PATH=/home/xyq/Desktop/ros_ws/install/camera_interface:${AMENT_PREFIX_PATH} CMAKE_PREFIX_PATH=/home/xyq/Desktop/ros_ws/install/camera_interface:/opt/ros/humble LD_LIBRARY_PATH=/home/xyq/Desktop/ros_ws/install/camera_interface/lib:${LD_LIBRARY_PATH} PYTHONPATH=/home/xyq/Desktop/ros_ws/install/camera_interface/local/lib/python3.10/dist-packages:${PYTHONPATH} /usr/bin/cmake --install /home/xyq/Desktop/ros_ws/build/corner_detection
[0.564s] Level 1:colcon.colcon_core.environment:checking '/home/xyq/Desktop/ros_ws/install/corner_detection' for CMake config files
[0.565s] Level 1:colcon.colcon_core.shell:create_environment_hook('corner_detection', 'cmake_prefix_path')
[0.565s] INFO:colcon.colcon_core.shell:Creating environment hook '/home/xyq/Desktop/ros_ws/install/corner_detection/share/corner_detection/hook/cmake_prefix_path.ps1'
[0.565s] INFO:colcon.colcon_core.shell:Creating environment descriptor '/home/xyq/Desktop/ros_ws/install/corner_detection/share/corner_detection/hook/cmake_prefix_path.dsv'
[0.565s] INFO:colcon.colcon_core.shell:Creating environment hook '/home/xyq/Desktop/ros_ws/install/corner_detection/share/corner_detection/hook/cmake_prefix_path.sh'
[0.566s] Level 1:colcon.colcon_core.environment:checking '/home/xyq/Desktop/ros_ws/install/corner_detection/lib'
[0.566s] Level 1:colcon.colcon_core.environment:checking '/home/xyq/Desktop/ros_ws/install/corner_detection/bin'
[0.566s] Level 1:colcon.colcon_core.environment:checking '/home/xyq/Desktop/ros_ws/install/corner_detection/lib/pkgconfig/corner_detection.pc'
[0.566s] Level 1:colcon.colcon_core.environment:checking '/home/xyq/Desktop/ros_ws/install/corner_detection/lib/python3.10/site-packages'
[0.566s] Level 1:colcon.colcon_core.environment:checking '/home/xyq/Desktop/ros_ws/install/corner_detection/bin'
[0.566s] INFO:colcon.colcon_core.shell:Creating package script '/home/xyq/Desktop/ros_ws/install/corner_detection/share/corner_detection/package.ps1'
[0.566s] INFO:colcon.colcon_core.shell:Creating package descriptor '/home/xyq/Desktop/ros_ws/install/corner_detection/share/corner_detection/package.dsv'
[0.566s] INFO:colcon.colcon_core.shell:Creating package script '/home/xyq/Desktop/ros_ws/install/corner_detection/share/corner_detection/package.sh'
[0.567s] INFO:colcon.colcon_core.shell:Creating package script '/home/xyq/Desktop/ros_ws/install/corner_detection/share/corner_detection/package.bash'
[0.567s] INFO:colcon.colcon_core.shell:Creating package script '/home/xyq/Desktop/ros_ws/install/corner_detection/share/corner_detection/package.zsh'
[0.567s] Level 1:colcon.colcon_core.environment:create_file_with_runtime_dependencies(/home/xyq/Desktop/ros_ws/install/corner_detection/share/colcon-core/packages/corner_detection)
[0.567s] Level 1:colcon.colcon_core.environment:create_environment_scripts_only(corner_detection)
[0.568s] Level 1:colcon.colcon_core.environment:checking '/home/xyq/Desktop/ros_ws/install/corner_detection' for CMake module files
[0.568s] Level 1:colcon.colcon_core.environment:checking '/home/xyq/Desktop/ros_ws/install/corner_detection' for CMake config files
[0.568s] Level 1:colcon.colcon_core.shell:create_environment_hook('corner_detection', 'cmake_prefix_path')
[0.568s] INFO:colcon.colcon_core.shell:Creating environment hook '/home/xyq/Desktop/ros_ws/install/corner_detection/share/corner_detection/hook/cmake_prefix_path.ps1'
[0.568s] INFO:colcon.colcon_core.shell:Creating environment descriptor '/home/xyq/Desktop/ros_ws/install/corner_detection/share/corner_detection/hook/cmake_prefix_path.dsv'
[0.568s] INFO:colcon.colcon_core.shell:Creating environment hook '/home/xyq/Desktop/ros_ws/install/corner_detection/share/corner_detection/hook/cmake_prefix_path.sh'
[0.569s] Level 1:colcon.colcon_core.environment:checking '/home/xyq/Desktop/ros_ws/install/corner_detection/lib'
[0.569s] Level 1:colcon.colcon_core.environment:checking '/home/xyq/Desktop/ros_ws/install/corner_detection/bin'
[0.569s] Level 1:colcon.colcon_core.environment:checking '/home/xyq/Desktop/ros_ws/install/corner_detection/lib/pkgconfig/corner_detection.pc'
[0.569s] Level 1:colcon.colcon_core.environment:checking '/home/xyq/Desktop/ros_ws/install/corner_detection/lib/python3.10/site-packages'
[0.569s] Level 1:colcon.colcon_core.environment:checking '/home/xyq/Desktop/ros_ws/install/corner_detection/bin'
[0.569s] INFO:colcon.colcon_core.shell:Creating package script '/home/xyq/Desktop/ros_ws/install/corner_detection/share/corner_detection/package.ps1'
[0.569s] INFO:colcon.colcon_core.shell:Creating package descriptor '/home/xyq/Desktop/ros_ws/install/corner_detection/share/corner_detection/package.dsv'
[0.570s] INFO:colcon.colcon_core.shell:Creating package script '/home/xyq/Desktop/ros_ws/install/corner_detection/share/corner_detection/package.sh'
[0.570s] INFO:colcon.colcon_core.shell:Creating package script '/home/xyq/Desktop/ros_ws/install/corner_detection/share/corner_detection/package.bash'
[0.570s] INFO:colcon.colcon_core.shell:Creating package script '/home/xyq/Desktop/ros_ws/install/corner_detection/share/corner_detection/package.zsh'
[0.570s] Level 1:colcon.colcon_core.environment:create_file_with_runtime_dependencies(/home/xyq/Desktop/ros_ws/install/corner_detection/share/colcon-core/packages/corner_detection)
[6.620s] DEBUG:colcon.colcon_core.event_handler.log_command:Invoked command in '/home/xyq/Desktop/ros_ws/build/pose_resolve' returned '0': AMENT_PREFIX_PATH=/home/xyq/Desktop/ros_ws/install/camera_interface:${AMENT_PREFIX_PATH} CMAKE_PREFIX_PATH=/home/xyq/Desktop/ros_ws/install/camera_interface:/opt/ros/humble LD_LIBRARY_PATH=/home/xyq/Desktop/ros_ws/install/camera_interface/lib:${LD_LIBRARY_PATH} PYTHONPATH=/home/xyq/Desktop/ros_ws/install/camera_interface/local/lib/python3.10/dist-packages:${PYTHONPATH} /usr/bin/cmake --build /home/xyq/Desktop/ros_ws/build/pose_resolve -- -j20 -l20
[6.621s] DEBUG:colcon.colcon_core.event_handler.log_command:Invoking command in '/home/xyq/Desktop/ros_ws/build/pose_resolve': AMENT_PREFIX_PATH=/home/xyq/Desktop/ros_ws/install/camera_interface:${AMENT_PREFIX_PATH} CMAKE_PREFIX_PATH=/home/xyq/Desktop/ros_ws/install/camera_interface:/opt/ros/humble LD_LIBRARY_PATH=/home/xyq/Desktop/ros_ws/install/camera_interface/lib:${LD_LIBRARY_PATH} PYTHONPATH=/home/xyq/Desktop/ros_ws/install/camera_interface/local/lib/python3.10/dist-packages:${PYTHONPATH} /usr/bin/cmake --install /home/xyq/Desktop/ros_ws/build/pose_resolve
[6.631s] Level 1:colcon.colcon_core.environment:create_environment_scripts_only(pose_resolve)
[6.631s] Level 1:colcon.colcon_core.environment:checking '/home/xyq/Desktop/ros_ws/install/pose_resolve' for CMake module files
[6.632s] DEBUG:colcon.colcon_core.event_handler.log_command:Invoked command in '/home/xyq/Desktop/ros_ws/build/pose_resolve' returned '0': AMENT_PREFIX_PATH=/home/xyq/Desktop/ros_ws/install/camera_interface:${AMENT_PREFIX_PATH} CMAKE_PREFIX_PATH=/home/xyq/Desktop/ros_ws/install/camera_interface:/opt/ros/humble LD_LIBRARY_PATH=/home/xyq/Desktop/ros_ws/install/camera_interface/lib:${LD_LIBRARY_PATH} PYTHONPATH=/home/xyq/Desktop/ros_ws/install/camera_interface/local/lib/python3.10/dist-packages:${PYTHONPATH} /usr/bin/cmake --install /home/xyq/Desktop/ros_ws/build/pose_resolve
[6.632s] Level 1:colcon.colcon_core.environment:checking '/home/xyq/Desktop/ros_ws/install/pose_resolve' for CMake config files
[6.632s] Level 1:colcon.colcon_core.shell:create_environment_hook('pose_resolve', 'cmake_prefix_path')
[6.632s] INFO:colcon.colcon_core.shell:Creating environment hook '/home/xyq/Desktop/ros_ws/install/pose_resolve/share/pose_resolve/hook/cmake_prefix_path.ps1'
[6.633s] INFO:colcon.colcon_core.shell:Creating environment descriptor '/home/xyq/Desktop/ros_ws/install/pose_resolve/share/pose_resolve/hook/cmake_prefix_path.dsv'
[6.633s] INFO:colcon.colcon_core.shell:Creating environment hook '/home/xyq/Desktop/ros_ws/install/pose_resolve/share/pose_resolve/hook/cmake_prefix_path.sh'
[6.633s] Level 1:colcon.colcon_core.environment:checking '/home/xyq/Desktop/ros_ws/install/pose_resolve/lib'
[6.633s] Level 1:colcon.colcon_core.environment:checking '/home/xyq/Desktop/ros_ws/install/pose_resolve/bin'
[6.633s] Level 1:colcon.colcon_core.environment:checking '/home/xyq/Desktop/ros_ws/install/pose_resolve/lib/pkgconfig/pose_resolve.pc'
[6.633s] Level 1:colcon.colcon_core.environment:checking '/home/xyq/Desktop/ros_ws/install/pose_resolve/lib/python3.10/site-packages'
[6.633s] Level 1:colcon.colcon_core.environment:checking '/home/xyq/Desktop/ros_ws/install/pose_resolve/bin'
[6.634s] INFO:colcon.colcon_core.shell:Creating package script '/home/xyq/Desktop/ros_ws/install/pose_resolve/share/pose_resolve/package.ps1'
[6.634s] INFO:colcon.colcon_core.shell:Creating package descriptor '/home/xyq/Desktop/ros_ws/install/pose_resolve/share/pose_resolve/package.dsv'
[6.634s] INFO:colcon.colcon_core.shell:Creating package script '/home/xyq/Desktop/ros_ws/install/pose_resolve/share/pose_resolve/package.sh'
[6.634s] INFO:colcon.colcon_core.shell:Creating package script '/home/xyq/Desktop/ros_ws/install/pose_resolve/share/pose_resolve/package.bash'
[6.635s] INFO:colcon.colcon_core.shell:Creating package script '/home/xyq/Desktop/ros_ws/install/pose_resolve/share/pose_resolve/package.zsh'
[6.635s] Level 1:colcon.colcon_core.environment:create_file_with_runtime_dependencies(/home/xyq/Desktop/ros_ws/install/pose_resolve/share/colcon-core/packages/pose_resolve)
[6.635s] Level 1:colcon.colcon_core.environment:create_environment_scripts_only(pose_resolve)
[6.635s] Level 1:colcon.colcon_core.environment:checking '/home/xyq/Desktop/ros_ws/install/pose_resolve' for CMake module files
[6.636s] Level 1:colcon.colcon_core.environment:checking '/home/xyq/Desktop/ros_ws/install/pose_resolve' for CMake config files
[6.636s] Level 1:colcon.colcon_core.shell:create_environment_hook('pose_resolve', 'cmake_prefix_path')
[6.636s] INFO:colcon.colcon_core.shell:Creating environment hook '/home/xyq/Desktop/ros_ws/install/pose_resolve/share/pose_resolve/hook/cmake_prefix_path.ps1'
[6.636s] INFO:colcon.colcon_core.shell:Creating environment descriptor '/home/xyq/Desktop/ros_ws/install/pose_resolve/share/pose_resolve/hook/cmake_prefix_path.dsv'
[6.636s] INFO:colcon.colcon_core.shell:Creating environment hook '/home/xyq/Desktop/ros_ws/install/pose_resolve/share/pose_resolve/hook/cmake_prefix_path.sh'
[6.637s] Level 1:colcon.colcon_core.environment:checking '/home/xyq/Desktop/ros_ws/install/pose_resolve/lib'
[6.637s] Level 1:colcon.colcon_core.environment:checking '/home/xyq/Desktop/ros_ws/install/pose_resolve/bin'
[6.637s] Level 1:colcon.colcon_core.environment:checking '/home/xyq/Desktop/ros_ws/install/pose_resolve/lib/pkgconfig/pose_resolve.pc'
[6.637s] Level 1:colcon.colcon_core.environment:checking '/home/xyq/Desktop/ros_ws/install/pose_resolve/lib/python3.10/site-packages'
[6.637s] Level 1:colcon.colcon_core.environment:checking '/home/xyq/Desktop/ros_ws/install/pose_resolve/bin'
[6.637s] INFO:colcon.colcon_core.shell:Creating package script '/home/xyq/Desktop/ros_ws/install/pose_resolve/share/pose_resolve/package.ps1'
[6.637s] INFO:colcon.colcon_core.shell:Creating package descriptor '/home/xyq/Desktop/ros_ws/install/pose_resolve/share/pose_resolve/package.dsv'
[6.637s] INFO:colcon.colcon_core.shell:Creating package script '/home/xyq/Desktop/ros_ws/install/pose_resolve/share/pose_resolve/package.sh'
[6.638s] INFO:colcon.colcon_core.shell:Creating package script '/home/xyq/Desktop/ros_ws/install/pose_resolve/share/pose_resolve/package.bash'
[6.638s] INFO:colcon.colcon_core.shell:Creating package script '/home/xyq/Desktop/ros_ws/install/pose_resolve/share/pose_resolve/package.zsh'
[6.638s] Level 1:colcon.colcon_core.environment:create_file_with_runtime_dependencies(/home/xyq/Desktop/ros_ws/install/pose_resolve/share/colcon-core/packages/pose_resolve)
[6.638s] DEBUG:colcon.colcon_parallel_executor.executor.parallel:closing loop
[6.638s] DEBUG:colcon.colcon_parallel_executor.executor.parallel:loop closed
[6.638s] DEBUG:colcon.colcon_parallel_executor.executor.parallel:run_until_complete finished with '0'
[6.638s] DEBUG:colcon.colcon_core.event_reactor:joining thread
[6.641s] INFO:colcon.colcon_core.plugin_system:Skipping extension 'colcon_notification.desktop_notification.terminal_notifier': Not used on non-Darwin systems
[6.641s] INFO:colcon.colcon_core.plugin_system:Skipping extension 'colcon_notification.desktop_notification.win32': Not used on non-Windows systems
[6.641s] INFO:colcon.colcon_notification.desktop_notification:Sending desktop notification using 'notify2'
[6.651s] DEBUG:colcon.colcon_core.event_reactor:joined thread
[6.652s] INFO:colcon.colcon_core.shell:Creating prefix script '/home/xyq/Desktop/ros_ws/install/local_setup.ps1'
[6.653s] INFO:colcon.colcon_core.shell:Creating prefix util module '/home/xyq/Desktop/ros_ws/install/_local_setup_util_ps1.py'
[6.653s] INFO:colcon.colcon_core.shell:Creating prefix chain script '/home/xyq/Desktop/ros_ws/install/setup.ps1'
[6.654s] INFO:colcon.colcon_core.shell:Creating prefix script '/home/xyq/Desktop/ros_ws/install/local_setup.sh'
[6.654s] INFO:colcon.colcon_core.shell:Creating prefix util module '/home/xyq/Desktop/ros_ws/install/_local_setup_util_sh.py'
[6.654s] INFO:colcon.colcon_core.shell:Creating prefix chain script '/home/xyq/Desktop/ros_ws/install/setup.sh'
[6.655s] INFO:colcon.colcon_core.shell:Creating prefix script '/home/xyq/Desktop/ros_ws/install/local_setup.bash'
[6.655s] INFO:colcon.colcon_core.shell:Creating prefix chain script '/home/xyq/Desktop/ros_ws/install/setup.bash'
[6.656s] INFO:colcon.colcon_core.shell:Creating prefix script '/home/xyq/Desktop/ros_ws/install/local_setup.zsh'
[6.656s] INFO:colcon.colcon_core.shell:Creating prefix chain script '/home/xyq/Desktop/ros_ws/install/setup.zsh'
