[0.007s] Invoking command in '/home/xyq/Desktop/ros_ws/build/image_processing': CMAKE_PREFIX_PATH=/opt/ros/humble /usr/bin/cmake --build /home/xyq/Desktop/ros_ws/build/image_processing -- -j20 -l20
[0.025s] -- Found ament_cmake: 1.3.11 (/opt/ros/humble/share/ament_cmake/cmake)
[0.098s] -- Found rclcpp: 16.0.11 (/opt/ros/humble/share/rclcpp/cmake)
[0.113s] -- Found rosidl_generator_c: 3.1.6 (/opt/ros/humble/share/rosidl_generator_c/cmake)
[0.114s] -- Found rosidl_adapter: 3.1.6 (/opt/ros/humble/share/rosidl_adapter/cmake)
[0.117s] -- Found rosidl_generator_cpp: 3.1.6 (/opt/ros/humble/share/rosidl_generator_cpp/cmake)
[0.122s] -- Using all available rosidl_typesupport_c: rosidl_typesupport_fastrtps_c;rosidl_typesupport_introspection_c
[0.128s] -- Using all available rosidl_typesupport_cpp: rosidl_typesupport_fastrtps_cpp;rosidl_typesupport_introspection_cpp
[0.144s] -- Found rmw_implementation_cmake: 6.1.2 (/opt/ros/humble/share/rmw_implementation_cmake/cmake)
[0.145s] -- Found rmw_fastrtps_cpp: 6.2.7 (/opt/ros/humble/share/rmw_fastrtps_cpp/cmake)
[0.206s] -- Using RMW implementation 'rmw_fastrtps_cpp' as default
[0.232s] -- Found ament_lint_auto: 0.12.11 (/opt/ros/humble/share/ament_lint_auto/cmake)
[0.271s] -- Added test 'cppcheck' to perform static code analysis on C / C++ code
[0.272s] -- Configured cppcheck include dirs: 
[0.272s] -- Configured cppcheck exclude dirs and/or files: 
[0.272s] -- Added test 'lint_cmake' to check CMake code style
[0.273s] -- Added test 'uncrustify' to check C / C++ code style
[0.273s] -- Configured uncrustify additional arguments: 
[0.273s] -- Added test 'xmllint' to check XML markup files
[0.273s] -- Configuring done
[0.277s] -- Generating done
[0.279s] -- Build files have been written to: /home/xyq/Desktop/ros_ws/build/image_processing
[0.304s] [ 50%] [32mBuilding CXX object CMakeFiles/image_processing.dir/src/bgr2gray.cpp.o[0m
[2.258s] [100%] [32m[1mLinking CXX executable image_processing[0m
[2.311s] /usr/bin/ld: CMakeFiles/image_processing.dir/src/bgr2gray.cpp.o: in function `main':
[2.311s] bgr2gray.cpp:(.text+0x37): undefined reference to `rcutils_get_default_allocator'
[2.311s] /usr/bin/ld: bgr2gray.cpp:(.text+0x5c): undefined reference to `rclcpp::InitOptions::InitOptions(rcutils_allocator_s)'
[2.311s] /usr/bin/ld: bgr2gray.cpp:(.text+0x7d): undefined reference to `rclcpp::init(int, char const* const*, rclcpp::InitOptions const&, rclcpp::SignalHandlerOptions)'
[2.311s] /usr/bin/ld: bgr2gray.cpp:(.text+0x89): undefined reference to `rclcpp::InitOptions::~InitOptions()'
[2.311s] /usr/bin/ld: bgr2gray.cpp:(.text+0xb2): undefined reference to `rclcpp::InitOptions::~InitOptions()'
[2.313s] collect2: error: ld returned 1 exit status
[2.314s] gmake[2]: *** [CMakeFiles/image_processing.dir/build.make:151：image_processing] 错误 1
[2.315s] gmake[1]: *** [CMakeFiles/Makefile2:137：CMakeFiles/image_processing.dir/all] 错误 2
[2.315s] gmake: *** [Makefile:146：all] 错误 2
[2.316s] Invoked command in '/home/xyq/Desktop/ros_ws/build/image_processing' returned '2': CMAKE_PREFIX_PATH=/opt/ros/humble /usr/bin/cmake --build /home/xyq/Desktop/ros_ws/build/image_processing -- -j20 -l20
