[0.017s] Invoking command in '/home/xyq/Desktop/ros_ws/build/serial_port': CMAKE_PREFIX_PATH=/opt/ros/humble /usr/bin/cmake --build /home/xyq/Desktop/ros_ws/build/serial_port -- -j20 -l20
[0.039s] [35m[1mConsolidate compiler generated dependencies of target serial_port_node[0m
[0.055s] [ 50%] [32mBuilding CXX object CMakeFiles/serial_port_node.dir/src/serial_port_node.cpp.o[0m
[1.605s] [100%] [32m[1mLinking CXX executable serial_port_node[0m
[1.669s] [100%] Built target serial_port_node
[1.678s] Invoked command in '/home/xyq/Desktop/ros_ws/build/serial_port' returned '0': CMAKE_PREFIX_PATH=/opt/ros/humble /usr/bin/cmake --build /home/xyq/Desktop/ros_ws/build/serial_port -- -j20 -l20
[1.679s] Invoking command in '/home/xyq/Desktop/ros_ws/build/serial_port': CMAKE_PREFIX_PATH=/opt/ros/humble /usr/bin/cmake --install /home/xyq/Desktop/ros_ws/build/serial_port
[1.685s] -- Install configuration: ""
[1.685s] -- Installing: /home/xyq/Desktop/ros_ws/install/serial_port/lib/serial_port/serial_port_node
[1.685s] -- Set runtime path of "/home/xyq/Desktop/ros_ws/install/serial_port/lib/serial_port/serial_port_node" to ""
[1.685s] -- Up-to-date: /home/xyq/Desktop/ros_ws/install/serial_port/share/ament_index/resource_index/package_run_dependencies/serial_port
[1.685s] -- Up-to-date: /home/xyq/Desktop/ros_ws/install/serial_port/share/ament_index/resource_index/parent_prefix_path/serial_port
[1.685s] -- Up-to-date: /home/xyq/Desktop/ros_ws/install/serial_port/share/serial_port/environment/ament_prefix_path.sh
[1.686s] -- Up-to-date: /home/xyq/Desktop/ros_ws/install/serial_port/share/serial_port/environment/ament_prefix_path.dsv
[1.686s] -- Up-to-date: /home/xyq/Desktop/ros_ws/install/serial_port/share/serial_port/environment/path.sh
[1.686s] -- Up-to-date: /home/xyq/Desktop/ros_ws/install/serial_port/share/serial_port/environment/path.dsv
[1.686s] -- Up-to-date: /home/xyq/Desktop/ros_ws/install/serial_port/share/serial_port/local_setup.bash
[1.686s] -- Up-to-date: /home/xyq/Desktop/ros_ws/install/serial_port/share/serial_port/local_setup.sh
[1.686s] -- Up-to-date: /home/xyq/Desktop/ros_ws/install/serial_port/share/serial_port/local_setup.zsh
[1.686s] -- Up-to-date: /home/xyq/Desktop/ros_ws/install/serial_port/share/serial_port/local_setup.dsv
[1.686s] -- Installing: /home/xyq/Desktop/ros_ws/install/serial_port/share/serial_port/package.dsv
[1.686s] -- Up-to-date: /home/xyq/Desktop/ros_ws/install/serial_port/share/ament_index/resource_index/packages/serial_port
[1.686s] -- Up-to-date: /home/xyq/Desktop/ros_ws/install/serial_port/share/serial_port/cmake/serial_portConfig.cmake
[1.686s] -- Up-to-date: /home/xyq/Desktop/ros_ws/install/serial_port/share/serial_port/cmake/serial_portConfig-version.cmake
[1.686s] -- Up-to-date: /home/xyq/Desktop/ros_ws/install/serial_port/share/serial_port/package.xml
[1.687s] Invoked command in '/home/xyq/Desktop/ros_ws/build/serial_port' returned '0': CMAKE_PREFIX_PATH=/opt/ros/humble /usr/bin/cmake --install /home/xyq/Desktop/ros_ws/build/serial_port
