[0.013s] Invoking command in '/home/xyq/Desktop/ros_ws/build/image_processing': CMAKE_PREFIX_PATH=/opt/ros/humble /usr/bin/cmake --build /home/xyq/Desktop/ros_ws/build/image_processing -- -j20 -l20
[0.046s] [100%] Built target image_processing
[0.071s] Invoked command in '/home/xyq/Desktop/ros_ws/build/image_processing' returned '0': CMAKE_PREFIX_PATH=/opt/ros/humble /usr/bin/cmake --build /home/xyq/Desktop/ros_ws/build/image_processing -- -j20 -l20
[0.072s] Invoking command in '/home/xyq/Desktop/ros_ws/build/image_processing': CMAKE_PREFIX_PATH=/opt/ros/humble /usr/bin/cmake --install /home/xyq/Desktop/ros_ws/build/image_processing
[0.077s] -- Install configuration: ""
[0.077s] -- Up-to-date: /home/xyq/Desktop/ros_ws/install/image_processing/lib/image_processing/image_processing
[0.077s] -- Up-to-date: /home/xyq/Desktop/ros_ws/install/image_processing/share/ament_index/resource_index/package_run_dependencies/image_processing
[0.078s] -- Up-to-date: /home/xyq/Desktop/ros_ws/install/image_processing/share/ament_index/resource_index/parent_prefix_path/image_processing
[0.078s] -- Up-to-date: /home/xyq/Desktop/ros_ws/install/image_processing/share/image_processing/environment/ament_prefix_path.sh
[0.078s] -- Up-to-date: /home/xyq/Desktop/ros_ws/install/image_processing/share/image_processing/environment/ament_prefix_path.dsv
[0.078s] -- Up-to-date: /home/xyq/Desktop/ros_ws/install/image_processing/share/image_processing/environment/path.sh
[0.078s] -- Up-to-date: /home/xyq/Desktop/ros_ws/install/image_processing/share/image_processing/environment/path.dsv
[0.078s] -- Up-to-date: /home/xyq/Desktop/ros_ws/install/image_processing/share/image_processing/local_setup.bash
[0.078s] -- Up-to-date: /home/xyq/Desktop/ros_ws/install/image_processing/share/image_processing/local_setup.sh
[0.078s] -- Up-to-date: /home/xyq/Desktop/ros_ws/install/image_processing/share/image_processing/local_setup.zsh
[0.078s] -- Up-to-date: /home/xyq/Desktop/ros_ws/install/image_processing/share/image_processing/local_setup.dsv
[0.078s] -- Installing: /home/xyq/Desktop/ros_ws/install/image_processing/share/image_processing/package.dsv
[0.078s] -- Up-to-date: /home/xyq/Desktop/ros_ws/install/image_processing/share/ament_index/resource_index/packages/image_processing
[0.078s] -- Up-to-date: /home/xyq/Desktop/ros_ws/install/image_processing/share/image_processing/cmake/image_processingConfig.cmake
[0.078s] -- Up-to-date: /home/xyq/Desktop/ros_ws/install/image_processing/share/image_processing/cmake/image_processingConfig-version.cmake
[0.078s] -- Up-to-date: /home/xyq/Desktop/ros_ws/install/image_processing/share/image_processing/package.xml
[0.089s] Invoked command in '/home/xyq/Desktop/ros_ws/build/image_processing' returned '0': CMAKE_PREFIX_PATH=/opt/ros/humble /usr/bin/cmake --install /home/xyq/Desktop/ros_ws/build/image_processing
