[0.013s] Invoking command in '/home/xyq/Desktop/ros_ws/build/pose_resolve': AMENT_PREFIX_PATH=/home/xyq/Desktop/ros_ws/install/camera_interface:${AMENT_PREFIX_PATH} CMAKE_PREFIX_PATH=/home/xyq/Desktop/ros_ws/install/camera_interface:/opt/ros/humble LD_LIBRARY_PATH=/home/xyq/Desktop/ros_ws/install/camera_interface/lib:${LD_LIBRARY_PATH} PYTHONPATH=/home/xyq/Desktop/ros_ws/install/camera_interface/local/lib/python3.10/dist-packages:${PYTHONPATH} /usr/bin/cmake --build /home/xyq/Desktop/ros_ws/build/pose_resolve -- -j20 -l20
[0.033s] -- Found ament_cmake: 1.3.11 (/opt/ros/humble/share/ament_cmake/cmake)
[0.126s] -- Found rclcpp: 16.0.11 (/opt/ros/humble/share/rclcpp/cmake)
[0.156s] -- Found rosidl_generator_c: 3.1.6 (/opt/ros/humble/share/rosidl_generator_c/cmake)
[0.157s] -- Found rosidl_adapter: 3.1.6 (/opt/ros/humble/share/rosidl_adapter/cmake)
[0.163s] -- Found rosidl_generator_cpp: 3.1.6 (/opt/ros/humble/share/rosidl_generator_cpp/cmake)
[0.171s] -- Using all available rosidl_typesupport_c: rosidl_typesupport_fastrtps_c;rosidl_typesupport_introspection_c
[0.179s] -- Using all available rosidl_typesupport_cpp: rosidl_typesupport_fastrtps_cpp;rosidl_typesupport_introspection_cpp
[0.206s] -- Found rmw_implementation_cmake: 6.1.2 (/opt/ros/humble/share/rmw_implementation_cmake/cmake)
[0.208s] -- Found rmw_fastrtps_cpp: 6.2.7 (/opt/ros/humble/share/rmw_fastrtps_cpp/cmake)
[0.283s] -- Using RMW implementation 'rmw_fastrtps_cpp' as default
[0.328s] -- Found image_transport: 3.1.10 (/opt/ros/humble/share/image_transport/cmake)
[0.362s] -- Found cv_bridge: 3.2.1 (/opt/ros/humble/share/cv_bridge/cmake)
[0.364s] -- Found camera_interface: 0.0.0 (/home/xyq/Desktop/ros_ws/install/camera_interface/share/camera_interface/cmake)
[0.375s] -- Found ament_lint_auto: 0.12.11 (/opt/ros/humble/share/ament_lint_auto/cmake)
[0.427s] -- Added test 'cppcheck' to perform static code analysis on C / C++ code
[0.428s] -- Configured cppcheck include dirs: 
[0.428s] -- Configured cppcheck exclude dirs and/or files: 
[0.428s] -- Added test 'lint_cmake' to check CMake code style
[0.429s] -- Added test 'uncrustify' to check C / C++ code style
[0.429s] -- Configured uncrustify additional arguments: 
[0.429s] -- Added test 'xmllint' to check XML markup files
[0.430s] -- Configuring done
[0.443s] -- Generating done
[0.446s] -- Build files have been written to: /home/xyq/Desktop/ros_ws/build/pose_resolve
[0.469s] [35m[1mConsolidate compiler generated dependencies of target pose_resolve_node[0m
[0.486s] [ 50%] [32mBuilding CXX object CMakeFiles/pose_resolve_node.dir/src/pose_resolve_node.cpp.o[0m
[2.519s] [01m[K/home/xyq/Desktop/ros_ws/src/pose_resolve/src/pose_resolve_node.cpp:[m[K In function ‘[01m[Kvoid PoseResolveCallback(const ConstSharedPtr&)[m[K’:
[2.519s] [01m[K/home/xyq/Desktop/ros_ws/src/pose_resolve/src/pose_resolve_node.cpp:24:18:[m[K [01;35m[Kwarning: [m[Kcomparison of integer expressions of different signedness: ‘[01m[Kint[m[K’ and ‘[01m[Kstd::vector<double, std::allocator<double> >::size_type[m[K’ {aka ‘[01m[Klong unsigned int[m[K’} [[01;35m[K]8;;https://gcc.gnu.org/onlinedocs/gcc/Warning-Options.html#index-Wsign-compare-Wsign-compare]8;;[m[K]
[2.520s]    24 |     for(int i=0;[01;35m[Ki<corner_x.size()[m[K;i++){
[2.520s]       |                 [01;35m[K~^~~~~~~~~~~~~~~~[m[K
[2.520s] [01m[K/home/xyq/Desktop/ros_ws/src/pose_resolve/src/pose_resolve_node.cpp:29:18:[m[K [01;35m[Kwarning: [m[Kcomparison of integer expressions of different signedness: ‘[01m[Kint[m[K’ and ‘[01m[Kstd::vector<double, std::allocator<double> >::size_type[m[K’ {aka ‘[01m[Klong unsigned int[m[K’} [[01;35m[K]8;;https://gcc.gnu.org/onlinedocs/gcc/Warning-Options.html#index-Wsign-compare-Wsign-compare]8;;[m[K]
[2.520s]    29 |     for(int i=0;[01;35m[Ki<corner_y.size()[m[K;i++){
[2.520s]       |                 [01;35m[K~^~~~~~~~~~~~~~~~[m[K
[5.871s] [100%] [32m[1mLinking CXX executable pose_resolve_node[0m
[6.110s] [100%] Built target pose_resolve_node
[6.117s] Invoked command in '/home/xyq/Desktop/ros_ws/build/pose_resolve' returned '0': AMENT_PREFIX_PATH=/home/xyq/Desktop/ros_ws/install/camera_interface:${AMENT_PREFIX_PATH} CMAKE_PREFIX_PATH=/home/xyq/Desktop/ros_ws/install/camera_interface:/opt/ros/humble LD_LIBRARY_PATH=/home/xyq/Desktop/ros_ws/install/camera_interface/lib:${LD_LIBRARY_PATH} PYTHONPATH=/home/xyq/Desktop/ros_ws/install/camera_interface/local/lib/python3.10/dist-packages:${PYTHONPATH} /usr/bin/cmake --build /home/xyq/Desktop/ros_ws/build/pose_resolve -- -j20 -l20
[6.118s] Invoking command in '/home/xyq/Desktop/ros_ws/build/pose_resolve': AMENT_PREFIX_PATH=/home/xyq/Desktop/ros_ws/install/camera_interface:${AMENT_PREFIX_PATH} CMAKE_PREFIX_PATH=/home/xyq/Desktop/ros_ws/install/camera_interface:/opt/ros/humble LD_LIBRARY_PATH=/home/xyq/Desktop/ros_ws/install/camera_interface/lib:${LD_LIBRARY_PATH} PYTHONPATH=/home/xyq/Desktop/ros_ws/install/camera_interface/local/lib/python3.10/dist-packages:${PYTHONPATH} /usr/bin/cmake --install /home/xyq/Desktop/ros_ws/build/pose_resolve
[6.123s] -- Install configuration: ""
[6.123s] -- Installing: /home/xyq/Desktop/ros_ws/install/pose_resolve/lib/pose_resolve/pose_resolve_node
[6.126s] -- Set runtime path of "/home/xyq/Desktop/ros_ws/install/pose_resolve/lib/pose_resolve/pose_resolve_node" to ""
[6.126s] -- Up-to-date: /home/xyq/Desktop/ros_ws/install/pose_resolve/share/ament_index/resource_index/package_run_dependencies/pose_resolve
[6.126s] -- Up-to-date: /home/xyq/Desktop/ros_ws/install/pose_resolve/share/ament_index/resource_index/parent_prefix_path/pose_resolve
[6.126s] -- Up-to-date: /home/xyq/Desktop/ros_ws/install/pose_resolve/share/pose_resolve/environment/ament_prefix_path.sh
[6.126s] -- Installing: /home/xyq/Desktop/ros_ws/install/pose_resolve/share/pose_resolve/environment/ament_prefix_path.dsv
[6.126s] -- Up-to-date: /home/xyq/Desktop/ros_ws/install/pose_resolve/share/pose_resolve/environment/path.sh
[6.126s] -- Installing: /home/xyq/Desktop/ros_ws/install/pose_resolve/share/pose_resolve/environment/path.dsv
[6.126s] -- Up-to-date: /home/xyq/Desktop/ros_ws/install/pose_resolve/share/pose_resolve/local_setup.bash
[6.126s] -- Up-to-date: /home/xyq/Desktop/ros_ws/install/pose_resolve/share/pose_resolve/local_setup.sh
[6.127s] -- Up-to-date: /home/xyq/Desktop/ros_ws/install/pose_resolve/share/pose_resolve/local_setup.zsh
[6.127s] -- Installing: /home/xyq/Desktop/ros_ws/install/pose_resolve/share/pose_resolve/local_setup.dsv
[6.127s] -- Installing: /home/xyq/Desktop/ros_ws/install/pose_resolve/share/pose_resolve/package.dsv
[6.127s] -- Up-to-date: /home/xyq/Desktop/ros_ws/install/pose_resolve/share/ament_index/resource_index/packages/pose_resolve
[6.127s] -- Up-to-date: /home/xyq/Desktop/ros_ws/install/pose_resolve/share/pose_resolve/cmake/pose_resolveConfig.cmake
[6.127s] -- Up-to-date: /home/xyq/Desktop/ros_ws/install/pose_resolve/share/pose_resolve/cmake/pose_resolveConfig-version.cmake
[6.127s] -- Up-to-date: /home/xyq/Desktop/ros_ws/install/pose_resolve/share/pose_resolve/package.xml
[6.128s] Invoked command in '/home/xyq/Desktop/ros_ws/build/pose_resolve' returned '0': AMENT_PREFIX_PATH=/home/xyq/Desktop/ros_ws/install/camera_interface:${AMENT_PREFIX_PATH} CMAKE_PREFIX_PATH=/home/xyq/Desktop/ros_ws/install/camera_interface:/opt/ros/humble LD_LIBRARY_PATH=/home/xyq/Desktop/ros_ws/install/camera_interface/lib:${LD_LIBRARY_PATH} PYTHONPATH=/home/xyq/Desktop/ros_ws/install/camera_interface/local/lib/python3.10/dist-packages:${PYTHONPATH} /usr/bin/cmake --install /home/xyq/Desktop/ros_ws/build/pose_resolve
