[0.009s] Invoking command in '/home/xyq/Desktop/ros_ws/build/pose_resolve': AMENT_PREFIX_PATH=/home/xyq/Desktop/ros_ws/install/camera_interface:${AMENT_PREFIX_PATH} CMAKE_PREFIX_PATH=/home/xyq/Desktop/ros_ws/install/camera_interface:/opt/ros/humble LD_LIBRARY_PATH=/home/xyq/Desktop/ros_ws/install/camera_interface/lib:${LD_LIBRARY_PATH} PYTHONPATH=/home/xyq/Desktop/ros_ws/install/camera_interface/local/lib/python3.10/dist-packages:${PYTHONPATH} /usr/bin/cmake --build /home/xyq/Desktop/ros_ws/build/pose_resolve -- -j20 -l20
[0.046s] [35m[1mConsolidate compiler generated dependencies of target pose_resolve_node[0m
[0.063s] [ 50%] [32mBuilding CXX object CMakeFiles/pose_resolve_node.dir/src/pose_resolve_node.cpp.o[0m
[2.371s] [01m[K/home/xyq/Desktop/ros_ws/src/pose_resolve/src/pose_resolve_node.cpp:[m[K In function ‘[01m[Kvoid PoseResolveCallback(const ConstSharedPtr&)[m[K’:
[2.371s] [01m[K/home/xyq/Desktop/ros_ws/src/pose_resolve/src/pose_resolve_node.cpp:14:79:[m[K [01;35m[Kwarning: [m[Kunused parameter ‘[01m[Kcorner[m[K’ [[01;35m[K]8;;https://gcc.gnu.org/onlinedocs/gcc/Warning-Options.html#index-Wunused-parameter-Wunused-parameter]8;;[m[K]
[2.371s]    14 | ([01;35m[Kconst camera_interface::msg::Corner::ConstSharedPtr &corner[m[K){
[2.371s]       |  [01;35m[K~~~~~~~~~~~~~~~~~~~~~~~~~~~~~~~~~~~~~~~~~~~~~~~~~~~~~^~~~~~[m[K
[2.371s] 
[2.402s] [01m[K/home/xyq/Desktop/ros_ws/src/pose_resolve/src/pose_resolve_node.cpp:[m[K In function ‘[01m[Kint main(int, char**)[m[K’:
[2.402s] [01m[K/home/xyq/Desktop/ros_ws/src/pose_resolve/src/pose_resolve_node.cpp:32:17:[m[K [01;31m[Kerror: [m[Kno matching function for call to ‘[01m[Kspin(std::shared_ptr<PoseResolve>&)[m[K’
[2.402s]    32 |     [01;31m[Krclcpp::spin(node)[m[K;
[2.402s]       |     [01;31m[K~~~~~~~~~~~~^~~~~~[m[K
[2.402s] In file included from [01m[K/opt/ros/humble/include/rclcpp/rclcpp/rclcpp.hpp:155[m[K,
[2.402s]                  from [01m[K/home/xyq/Desktop/ros_ws/src/pose_resolve/src/pose_resolve_node.cpp:1[m[K:
[2.402s] [01m[K/opt/ros/humble/include/rclcpp/rclcpp/executors.hpp:45:1:[m[K [01;36m[Knote: [m[Kcandidate: ‘[01m[Kvoid rclcpp::spin(rclcpp::node_interfaces::NodeBaseInterface::SharedPtr)[m[K’
[2.402s]    45 | [01;36m[Kspin[m[K(rclcpp::node_interfaces::NodeBaseInterface::SharedPtr node_ptr);
[2.402s]       | [01;36m[K^~~~[m[K
[2.402s] [01m[K/opt/ros/humble/include/rclcpp/rclcpp/executors.hpp:45:60:[m[K [01;36m[Knote: [m[K  no known conversion for argument 1 from ‘[01m[Kshared_ptr<[01;32m[KPoseResolve[m[K>[m[K’ to ‘[01m[Kshared_ptr<[01;32m[Krclcpp::node_interfaces::NodeBaseInterface[m[K>[m[K’
[2.402s]    45 | [01;36m[Klcpp::node_interfaces::NodeBaseInterface::SharedPtr node_ptr[m[K);
[2.402s]       | [01;36m[K~~~~~~~~~~~~~~~~~~~~~~~~~~~~~~~~~~~~~~~~~~~~~~~~~~~~^~~~~~~~[m[K
[2.402s] 
[2.402s] [01m[K/opt/ros/humble/include/rclcpp/rclcpp/executors.hpp:49:1:[m[K [01;36m[Knote: [m[Kcandidate: ‘[01m[Kvoid rclcpp::spin(rclcpp::Node::SharedPtr)[m[K’
[2.402s]    49 | [01;36m[Kspin[m[K(rclcpp::Node::SharedPtr node_ptr);
[2.402s]       | [01;36m[K^~~~[m[K
[2.402s] [01m[K/opt/ros/humble/include/rclcpp/rclcpp/executors.hpp:49:30:[m[K [01;36m[Knote: [m[K  no known conversion for argument 1 from ‘[01m[Kshared_ptr<[01;32m[KPoseResolve[m[K>[m[K’ to ‘[01m[Kshared_ptr<[01;32m[Krclcpp::Node[m[K>[m[K’
[2.403s]    49 | spin([01;36m[Krclcpp::Node::SharedPtr node_ptr[m[K);
[2.403s]       |      [01;36m[K~~~~~~~~~~~~~~~~~~~~~~~~^~~~~~~~[m[K
[4.541s] gmake[2]: *** [CMakeFiles/pose_resolve_node.dir/build.make:76：CMakeFiles/pose_resolve_node.dir/src/pose_resolve_node.cpp.o] 错误 1
[4.541s] gmake[1]: *** [CMakeFiles/Makefile2:137：CMakeFiles/pose_resolve_node.dir/all] 错误 2
[4.541s] gmake: *** [Makefile:146：all] 错误 2
[4.543s] Invoked command in '/home/xyq/Desktop/ros_ws/build/pose_resolve' returned '2': AMENT_PREFIX_PATH=/home/xyq/Desktop/ros_ws/install/camera_interface:${AMENT_PREFIX_PATH} CMAKE_PREFIX_PATH=/home/xyq/Desktop/ros_ws/install/camera_interface:/opt/ros/humble LD_LIBRARY_PATH=/home/xyq/Desktop/ros_ws/install/camera_interface/lib:${LD_LIBRARY_PATH} PYTHONPATH=/home/xyq/Desktop/ros_ws/install/camera_interface/local/lib/python3.10/dist-packages:${PYTHONPATH} /usr/bin/cmake --build /home/xyq/Desktop/ros_ws/build/pose_resolve -- -j20 -l20
