[0.049s] DEBUG:colcon:Command line arguments: ['/usr/bin/colcon', 'build', '--packages-select', 'corner_detection']
[0.049s] DEBUG:colcon:Parsed command line arguments: Namespace(log_base=None, log_level=None, verb_name='build', build_base='build', install_base='install', merge_install=False, symlink_install=False, test_result_base=None, continue_on_error=False, executor='parallel', parallel_workers=20, event_handlers=None, ignore_user_meta=False, metas=['./colcon.meta'], base_paths=['.'], packages_ignore=None, packages_ignore_regex=None, paths=None, packages_up_to=None, packages_up_to_regex=None, packages_above=None, packages_above_and_dependencies=None, packages_above_depth=None, packages_select_by_dep=None, packages_skip_by_dep=None, packages_skip_up_to=None, packages_select_build_failed=False, packages_skip_build_finished=False, packages_select_test_failures=False, packages_skip_test_passed=False, packages_select=['corner_detection'], packages_skip=None, packages_select_regex=None, packages_skip_regex=None, packages_start=None, packages_end=None, allow_overriding=[], cmake_args=None, cmake_target=None, cmake_target_skip_unavailable=False, cmake_clean_cache=False, cmake_clean_first=False, cmake_force_configure=False, ament_cmake_args=None, catkin_cmake_args=None, catkin_skip_building_tests=False, verb_parser=<colcon_defaults.argument_parser.defaults.DefaultArgumentsDecorator object at 0x711ea3047880>, verb_extension=<colcon_core.verb.build.BuildVerb object at 0x711ea3046860>, main=<bound method BuildVerb.main of <colcon_core.verb.build.BuildVerb object at 0x711ea3046860>>)
[0.127s] Level 1:colcon.colcon_core.package_discovery:discover_packages(colcon_meta) check parameters
[0.128s] Level 1:colcon.colcon_core.package_discovery:discover_packages(recursive) check parameters
[0.128s] Level 1:colcon.colcon_core.package_discovery:discover_packages(ignore) check parameters
[0.128s] Level 1:colcon.colcon_core.package_discovery:discover_packages(path) check parameters
[0.128s] Level 1:colcon.colcon_core.package_discovery:discover_packages(colcon_meta) discover
[0.128s] Level 1:colcon.colcon_core.package_discovery:discover_packages(recursive) discover
[0.128s] INFO:colcon.colcon_core.package_discovery:Crawling recursively for packages in '/home/xyq/Desktop/ros_ws'
[0.128s] Level 1:colcon.colcon_core.package_identification:_identify(.) by extensions ['ignore', 'ignore_ament_install']
[0.128s] Level 1:colcon.colcon_core.package_identification:_identify(.) by extension 'ignore'
[0.128s] Level 1:colcon.colcon_core.package_identification:_identify(.) by extension 'ignore_ament_install'
[0.128s] Level 1:colcon.colcon_core.package_identification:_identify(.) by extensions ['colcon_pkg']
[0.128s] Level 1:colcon.colcon_core.package_identification:_identify(.) by extension 'colcon_pkg'
[0.128s] Level 1:colcon.colcon_core.package_identification:_identify(.) by extensions ['colcon_meta']
[0.128s] Level 1:colcon.colcon_core.package_identification:_identify(.) by extension 'colcon_meta'
[0.128s] Level 1:colcon.colcon_core.package_identification:_identify(.) by extensions ['ros']
[0.128s] Level 1:colcon.colcon_core.package_identification:_identify(.) by extension 'ros'
[0.134s] Level 1:colcon.colcon_core.package_identification:_identify(.) by extensions ['cmake', 'python']
[0.134s] Level 1:colcon.colcon_core.package_identification:_identify(.) by extension 'cmake'
[0.134s] Level 1:colcon.colcon_core.package_identification:_identify(.) by extension 'python'
[0.134s] Level 1:colcon.colcon_core.package_identification:_identify(.) by extensions ['python_setup_py']
[0.134s] Level 1:colcon.colcon_core.package_identification:_identify(.) by extension 'python_setup_py'
[0.134s] Level 1:colcon.colcon_core.package_identification:_identify(Camera) by extensions ['ignore', 'ignore_ament_install']
[0.134s] Level 1:colcon.colcon_core.package_identification:_identify(Camera) by extension 'ignore'
[0.134s] Level 1:colcon.colcon_core.package_identification:_identify(Camera) by extension 'ignore_ament_install'
[0.134s] Level 1:colcon.colcon_core.package_identification:_identify(Camera) by extensions ['colcon_pkg']
[0.134s] Level 1:colcon.colcon_core.package_identification:_identify(Camera) by extension 'colcon_pkg'
[0.134s] Level 1:colcon.colcon_core.package_identification:_identify(Camera) by extensions ['colcon_meta']
[0.134s] Level 1:colcon.colcon_core.package_identification:_identify(Camera) by extension 'colcon_meta'
[0.134s] Level 1:colcon.colcon_core.package_identification:_identify(Camera) by extensions ['ros']
[0.134s] Level 1:colcon.colcon_core.package_identification:_identify(Camera) by extension 'ros'
[0.134s] Level 1:colcon.colcon_core.package_identification:_identify(Camera) by extensions ['cmake', 'python']
[0.134s] Level 1:colcon.colcon_core.package_identification:_identify(Camera) by extension 'cmake'
[0.134s] Level 1:colcon.colcon_core.package_identification:_identify(Camera) by extension 'python'
[0.134s] Level 1:colcon.colcon_core.package_identification:_identify(Camera) by extensions ['python_setup_py']
[0.134s] Level 1:colcon.colcon_core.package_identification:_identify(Camera) by extension 'python_setup_py'
[0.134s] Level 1:colcon.colcon_core.package_identification:_identify(Camera/Data) by extensions ['ignore', 'ignore_ament_install']
[0.134s] Level 1:colcon.colcon_core.package_identification:_identify(Camera/Data) by extension 'ignore'
[0.134s] Level 1:colcon.colcon_core.package_identification:_identify(Camera/Data) by extension 'ignore_ament_install'
[0.134s] Level 1:colcon.colcon_core.package_identification:_identify(Camera/Data) by extensions ['colcon_pkg']
[0.134s] Level 1:colcon.colcon_core.package_identification:_identify(Camera/Data) by extension 'colcon_pkg'
[0.134s] Level 1:colcon.colcon_core.package_identification:_identify(Camera/Data) by extensions ['colcon_meta']
[0.134s] Level 1:colcon.colcon_core.package_identification:_identify(Camera/Data) by extension 'colcon_meta'
[0.134s] Level 1:colcon.colcon_core.package_identification:_identify(Camera/Data) by extensions ['ros']
[0.134s] Level 1:colcon.colcon_core.package_identification:_identify(Camera/Data) by extension 'ros'
[0.134s] Level 1:colcon.colcon_core.package_identification:_identify(Camera/Data) by extensions ['cmake', 'python']
[0.134s] Level 1:colcon.colcon_core.package_identification:_identify(Camera/Data) by extension 'cmake'
[0.134s] Level 1:colcon.colcon_core.package_identification:_identify(Camera/Data) by extension 'python'
[0.134s] Level 1:colcon.colcon_core.package_identification:_identify(Camera/Data) by extensions ['python_setup_py']
[0.134s] Level 1:colcon.colcon_core.package_identification:_identify(Camera/Data) by extension 'python_setup_py'
[0.134s] Level 1:colcon.colcon_core.package_identification:_identify(Camera/log) by extensions ['ignore', 'ignore_ament_install']
[0.134s] Level 1:colcon.colcon_core.package_identification:_identify(Camera/log) by extension 'ignore'
[0.134s] Level 1:colcon.colcon_core.package_identification:_identify(Camera/log) by extension 'ignore_ament_install'
[0.134s] Level 1:colcon.colcon_core.package_identification:_identify(Camera/log) by extensions ['colcon_pkg']
[0.134s] Level 1:colcon.colcon_core.package_identification:_identify(Camera/log) by extension 'colcon_pkg'
[0.134s] Level 1:colcon.colcon_core.package_identification:_identify(Camera/log) by extensions ['colcon_meta']
[0.134s] Level 1:colcon.colcon_core.package_identification:_identify(Camera/log) by extension 'colcon_meta'
[0.134s] Level 1:colcon.colcon_core.package_identification:_identify(Camera/log) by extensions ['ros']
[0.134s] Level 1:colcon.colcon_core.package_identification:_identify(Camera/log) by extension 'ros'
[0.135s] Level 1:colcon.colcon_core.package_identification:_identify(Camera/log) by extensions ['cmake', 'python']
[0.135s] Level 1:colcon.colcon_core.package_identification:_identify(Camera/log) by extension 'cmake'
[0.135s] Level 1:colcon.colcon_core.package_identification:_identify(Camera/log) by extension 'python'
[0.135s] Level 1:colcon.colcon_core.package_identification:_identify(Camera/log) by extensions ['python_setup_py']
[0.135s] Level 1:colcon.colcon_core.package_identification:_identify(Camera/log) by extension 'python_setup_py'
[0.135s] Level 1:colcon.colcon_core.package_identification:_identify(build) by extensions ['ignore', 'ignore_ament_install']
[0.135s] Level 1:colcon.colcon_core.package_identification:_identify(build) by extension 'ignore'
[0.135s] Level 1:colcon.colcon_core.package_identification:_identify(build) ignored
[0.135s] Level 1:colcon.colcon_core.package_identification:_identify(install) by extensions ['ignore', 'ignore_ament_install']
[0.135s] Level 1:colcon.colcon_core.package_identification:_identify(install) by extension 'ignore'
[0.135s] Level 1:colcon.colcon_core.package_identification:_identify(install) ignored
[0.135s] Level 1:colcon.colcon_core.package_identification:_identify(log) by extensions ['ignore', 'ignore_ament_install']
[0.135s] Level 1:colcon.colcon_core.package_identification:_identify(log) by extension 'ignore'
[0.135s] Level 1:colcon.colcon_core.package_identification:_identify(log) ignored
[0.135s] Level 1:colcon.colcon_core.package_identification:_identify(src) by extensions ['ignore', 'ignore_ament_install']
[0.135s] Level 1:colcon.colcon_core.package_identification:_identify(src) by extension 'ignore'
[0.135s] Level 1:colcon.colcon_core.package_identification:_identify(src) by extension 'ignore_ament_install'
[0.135s] Level 1:colcon.colcon_core.package_identification:_identify(src) by extensions ['colcon_pkg']
[0.135s] Level 1:colcon.colcon_core.package_identification:_identify(src) by extension 'colcon_pkg'
[0.135s] Level 1:colcon.colcon_core.package_identification:_identify(src) by extensions ['colcon_meta']
[0.135s] Level 1:colcon.colcon_core.package_identification:_identify(src) by extension 'colcon_meta'
[0.135s] Level 1:colcon.colcon_core.package_identification:_identify(src) by extensions ['ros']
[0.135s] Level 1:colcon.colcon_core.package_identification:_identify(src) by extension 'ros'
[0.135s] Level 1:colcon.colcon_core.package_identification:_identify(src) by extensions ['cmake', 'python']
[0.135s] Level 1:colcon.colcon_core.package_identification:_identify(src) by extension 'cmake'
[0.135s] Level 1:colcon.colcon_core.package_identification:_identify(src) by extension 'python'
[0.135s] Level 1:colcon.colcon_core.package_identification:_identify(src) by extensions ['python_setup_py']
[0.135s] Level 1:colcon.colcon_core.package_identification:_identify(src) by extension 'python_setup_py'
[0.135s] Level 1:colcon.colcon_core.package_identification:_identify(src/camera_display) by extensions ['ignore', 'ignore_ament_install']
[0.135s] Level 1:colcon.colcon_core.package_identification:_identify(src/camera_display) by extension 'ignore'
[0.135s] Level 1:colcon.colcon_core.package_identification:_identify(src/camera_display) by extension 'ignore_ament_install'
[0.135s] Level 1:colcon.colcon_core.package_identification:_identify(src/camera_display) by extensions ['colcon_pkg']
[0.135s] Level 1:colcon.colcon_core.package_identification:_identify(src/camera_display) by extension 'colcon_pkg'
[0.135s] Level 1:colcon.colcon_core.package_identification:_identify(src/camera_display) by extensions ['colcon_meta']
[0.135s] Level 1:colcon.colcon_core.package_identification:_identify(src/camera_display) by extension 'colcon_meta'
[0.135s] Level 1:colcon.colcon_core.package_identification:_identify(src/camera_display) by extensions ['ros']
[0.135s] Level 1:colcon.colcon_core.package_identification:_identify(src/camera_display) by extension 'ros'
[0.137s] DEBUG:colcon.colcon_core.package_identification:Package 'src/camera_display' with type 'ros.ament_cmake' and name 'camera_display'
[0.137s] Level 1:colcon.colcon_core.package_identification:_identify(src/camera_driver) by extensions ['ignore', 'ignore_ament_install']
[0.137s] Level 1:colcon.colcon_core.package_identification:_identify(src/camera_driver) by extension 'ignore'
[0.137s] Level 1:colcon.colcon_core.package_identification:_identify(src/camera_driver) by extension 'ignore_ament_install'
[0.137s] Level 1:colcon.colcon_core.package_identification:_identify(src/camera_driver) by extensions ['colcon_pkg']
[0.137s] Level 1:colcon.colcon_core.package_identification:_identify(src/camera_driver) by extension 'colcon_pkg'
[0.137s] Level 1:colcon.colcon_core.package_identification:_identify(src/camera_driver) by extensions ['colcon_meta']
[0.137s] Level 1:colcon.colcon_core.package_identification:_identify(src/camera_driver) by extension 'colcon_meta'
[0.137s] Level 1:colcon.colcon_core.package_identification:_identify(src/camera_driver) by extensions ['ros']
[0.137s] Level 1:colcon.colcon_core.package_identification:_identify(src/camera_driver) by extension 'ros'
[0.138s] DEBUG:colcon.colcon_core.package_identification:Package 'src/camera_driver' with type 'ros.ament_cmake' and name 'mindvision_camera'
[0.138s] Level 1:colcon.colcon_core.package_identification:_identify(src/camera_interface) by extensions ['ignore', 'ignore_ament_install']
[0.138s] Level 1:colcon.colcon_core.package_identification:_identify(src/camera_interface) by extension 'ignore'
[0.138s] Level 1:colcon.colcon_core.package_identification:_identify(src/camera_interface) by extension 'ignore_ament_install'
[0.138s] Level 1:colcon.colcon_core.package_identification:_identify(src/camera_interface) by extensions ['colcon_pkg']
[0.138s] Level 1:colcon.colcon_core.package_identification:_identify(src/camera_interface) by extension 'colcon_pkg'
[0.138s] Level 1:colcon.colcon_core.package_identification:_identify(src/camera_interface) by extensions ['colcon_meta']
[0.138s] Level 1:colcon.colcon_core.package_identification:_identify(src/camera_interface) by extension 'colcon_meta'
[0.138s] Level 1:colcon.colcon_core.package_identification:_identify(src/camera_interface) by extensions ['ros']
[0.138s] Level 1:colcon.colcon_core.package_identification:_identify(src/camera_interface) by extension 'ros'
[0.138s] DEBUG:colcon.colcon_core.package_identification:Package 'src/camera_interface' with type 'ros.ament_cmake' and name 'camera_interface'
[0.138s] Level 1:colcon.colcon_core.package_identification:_identify(src/corner_detection) by extensions ['ignore', 'ignore_ament_install']
[0.138s] Level 1:colcon.colcon_core.package_identification:_identify(src/corner_detection) by extension 'ignore'
[0.138s] Level 1:colcon.colcon_core.package_identification:_identify(src/corner_detection) by extension 'ignore_ament_install'
[0.138s] Level 1:colcon.colcon_core.package_identification:_identify(src/corner_detection) by extensions ['colcon_pkg']
[0.138s] Level 1:colcon.colcon_core.package_identification:_identify(src/corner_detection) by extension 'colcon_pkg'
[0.139s] Level 1:colcon.colcon_core.package_identification:_identify(src/corner_detection) by extensions ['colcon_meta']
[0.139s] Level 1:colcon.colcon_core.package_identification:_identify(src/corner_detection) by extension 'colcon_meta'
[0.139s] Level 1:colcon.colcon_core.package_identification:_identify(src/corner_detection) by extensions ['ros']
[0.139s] Level 1:colcon.colcon_core.package_identification:_identify(src/corner_detection) by extension 'ros'
[0.139s] DEBUG:colcon.colcon_core.package_identification:Package 'src/corner_detection' with type 'ros.ament_cmake' and name 'corner_detection'
[0.139s] Level 1:colcon.colcon_core.package_identification:_identify(src/image_display) by extensions ['ignore', 'ignore_ament_install']
[0.139s] Level 1:colcon.colcon_core.package_identification:_identify(src/image_display) by extension 'ignore'
[0.139s] Level 1:colcon.colcon_core.package_identification:_identify(src/image_display) by extension 'ignore_ament_install'
[0.139s] Level 1:colcon.colcon_core.package_identification:_identify(src/image_display) by extensions ['colcon_pkg']
[0.139s] Level 1:colcon.colcon_core.package_identification:_identify(src/image_display) by extension 'colcon_pkg'
[0.139s] Level 1:colcon.colcon_core.package_identification:_identify(src/image_display) by extensions ['colcon_meta']
[0.139s] Level 1:colcon.colcon_core.package_identification:_identify(src/image_display) by extension 'colcon_meta'
[0.139s] Level 1:colcon.colcon_core.package_identification:_identify(src/image_display) by extensions ['ros']
[0.139s] Level 1:colcon.colcon_core.package_identification:_identify(src/image_display) by extension 'ros'
[0.140s] DEBUG:colcon.colcon_core.package_identification:Package 'src/image_display' with type 'ros.ament_cmake' and name 'image_display'
[0.140s] Level 1:colcon.colcon_core.package_identification:_identify(src/image_processing) by extensions ['ignore', 'ignore_ament_install']
[0.140s] Level 1:colcon.colcon_core.package_identification:_identify(src/image_processing) by extension 'ignore'
[0.140s] Level 1:colcon.colcon_core.package_identification:_identify(src/image_processing) by extension 'ignore_ament_install'
[0.140s] Level 1:colcon.colcon_core.package_identification:_identify(src/image_processing) by extensions ['colcon_pkg']
[0.140s] Level 1:colcon.colcon_core.package_identification:_identify(src/image_processing) by extension 'colcon_pkg'
[0.140s] Level 1:colcon.colcon_core.package_identification:_identify(src/image_processing) by extensions ['colcon_meta']
[0.140s] Level 1:colcon.colcon_core.package_identification:_identify(src/image_processing) by extension 'colcon_meta'
[0.140s] Level 1:colcon.colcon_core.package_identification:_identify(src/image_processing) by extensions ['ros']
[0.140s] Level 1:colcon.colcon_core.package_identification:_identify(src/image_processing) by extension 'ros'
[0.140s] DEBUG:colcon.colcon_core.package_identification:Package 'src/image_processing' with type 'ros.ament_cmake' and name 'image_processing'
[0.140s] Level 1:colcon.colcon_core.package_identification:_identify(src/mnist_bp) by extensions ['ignore', 'ignore_ament_install']
[0.140s] Level 1:colcon.colcon_core.package_identification:_identify(src/mnist_bp) by extension 'ignore'
[0.140s] Level 1:colcon.colcon_core.package_identification:_identify(src/mnist_bp) by extension 'ignore_ament_install'
[0.140s] Level 1:colcon.colcon_core.package_identification:_identify(src/mnist_bp) by extensions ['colcon_pkg']
[0.140s] Level 1:colcon.colcon_core.package_identification:_identify(src/mnist_bp) by extension 'colcon_pkg'
[0.140s] Level 1:colcon.colcon_core.package_identification:_identify(src/mnist_bp) by extensions ['colcon_meta']
[0.140s] Level 1:colcon.colcon_core.package_identification:_identify(src/mnist_bp) by extension 'colcon_meta'
[0.140s] Level 1:colcon.colcon_core.package_identification:_identify(src/mnist_bp) by extensions ['ros']
[0.140s] Level 1:colcon.colcon_core.package_identification:_identify(src/mnist_bp) by extension 'ros'
[0.141s] DEBUG:colcon.colcon_core.package_identification:Package 'src/mnist_bp' with type 'ros.ament_cmake' and name 'mnist_bp'
[0.141s] Level 1:colcon.colcon_core.package_identification:_identify(src/pose_resolve) by extensions ['ignore', 'ignore_ament_install']
[0.141s] Level 1:colcon.colcon_core.package_identification:_identify(src/pose_resolve) by extension 'ignore'
[0.141s] Level 1:colcon.colcon_core.package_identification:_identify(src/pose_resolve) by extension 'ignore_ament_install'
[0.141s] Level 1:colcon.colcon_core.package_identification:_identify(src/pose_resolve) by extensions ['colcon_pkg']
[0.141s] Level 1:colcon.colcon_core.package_identification:_identify(src/pose_resolve) by extension 'colcon_pkg'
[0.141s] Level 1:colcon.colcon_core.package_identification:_identify(src/pose_resolve) by extensions ['colcon_meta']
[0.141s] Level 1:colcon.colcon_core.package_identification:_identify(src/pose_resolve) by extension 'colcon_meta'
[0.141s] Level 1:colcon.colcon_core.package_identification:_identify(src/pose_resolve) by extensions ['ros']
[0.141s] Level 1:colcon.colcon_core.package_identification:_identify(src/pose_resolve) by extension 'ros'
[0.141s] DEBUG:colcon.colcon_core.package_identification:Package 'src/pose_resolve' with type 'ros.ament_cmake' and name 'pose_resolve'
[0.141s] Level 1:colcon.colcon_core.package_identification:_identify(src/serial_port) by extensions ['ignore', 'ignore_ament_install']
[0.141s] Level 1:colcon.colcon_core.package_identification:_identify(src/serial_port) by extension 'ignore'
[0.141s] Level 1:colcon.colcon_core.package_identification:_identify(src/serial_port) by extension 'ignore_ament_install'
[0.141s] Level 1:colcon.colcon_core.package_identification:_identify(src/serial_port) by extensions ['colcon_pkg']
[0.141s] Level 1:colcon.colcon_core.package_identification:_identify(src/serial_port) by extension 'colcon_pkg'
[0.142s] Level 1:colcon.colcon_core.package_identification:_identify(src/serial_port) by extensions ['colcon_meta']
[0.142s] Level 1:colcon.colcon_core.package_identification:_identify(src/serial_port) by extension 'colcon_meta'
[0.142s] Level 1:colcon.colcon_core.package_identification:_identify(src/serial_port) by extensions ['ros']
[0.142s] Level 1:colcon.colcon_core.package_identification:_identify(src/serial_port) by extension 'ros'
[0.142s] DEBUG:colcon.colcon_core.package_identification:Package 'src/serial_port' with type 'ros.ament_cmake' and name 'serial_port'
[0.142s] Level 1:colcon.colcon_core.package_discovery:discover_packages(recursive) using defaults
[0.142s] Level 1:colcon.colcon_core.package_discovery:discover_packages(ignore) discover
[0.142s] Level 1:colcon.colcon_core.package_discovery:discover_packages(ignore) using defaults
[0.142s] Level 1:colcon.colcon_core.package_discovery:discover_packages(path) discover
[0.142s] Level 1:colcon.colcon_core.package_discovery:discover_packages(path) using defaults
[0.156s] INFO:colcon.colcon_core.package_selection:Skipping not selected package 'camera_display' in 'src/camera_display'
[0.156s] INFO:colcon.colcon_core.package_selection:Skipping not selected package 'camera_interface' in 'src/camera_interface'
[0.156s] INFO:colcon.colcon_core.package_selection:Skipping not selected package 'image_display' in 'src/image_display'
[0.156s] INFO:colcon.colcon_core.package_selection:Skipping not selected package 'image_processing' in 'src/image_processing'
[0.156s] INFO:colcon.colcon_core.package_selection:Skipping not selected package 'mindvision_camera' in 'src/camera_driver'
[0.156s] INFO:colcon.colcon_core.package_selection:Skipping not selected package 'mnist_bp' in 'src/mnist_bp'
[0.156s] INFO:colcon.colcon_core.package_selection:Skipping not selected package 'serial_port' in 'src/serial_port'
[0.156s] INFO:colcon.colcon_core.package_selection:Skipping not selected package 'pose_resolve' in 'src/pose_resolve'
[0.157s] Level 1:colcon.colcon_core.package_discovery:discover_packages(prefix_path) check parameters
[0.157s] Level 1:colcon.colcon_core.package_discovery:discover_packages(prefix_path) discover
[0.158s] DEBUG:colcon.colcon_installed_package_information.package_discovery:Found 9 installed packages in /home/xyq/Desktop/ros_ws/install
[0.158s] DEBUG:colcon.colcon_installed_package_information.package_discovery:Found 296 installed packages in /opt/ros/humble
[0.159s] Level 1:colcon.colcon_core.package_discovery:discover_packages(prefix_path) using defaults
[0.176s] Level 5:colcon.colcon_core.verb:set package 'corner_detection' build argument 'cmake_args' from command line to 'None'
[0.176s] Level 5:colcon.colcon_core.verb:set package 'corner_detection' build argument 'cmake_target' from command line to 'None'
[0.176s] Level 5:colcon.colcon_core.verb:set package 'corner_detection' build argument 'cmake_target_skip_unavailable' from command line to 'False'
[0.176s] Level 5:colcon.colcon_core.verb:set package 'corner_detection' build argument 'cmake_clean_cache' from command line to 'False'
[0.176s] Level 5:colcon.colcon_core.verb:set package 'corner_detection' build argument 'cmake_clean_first' from command line to 'False'
[0.176s] Level 5:colcon.colcon_core.verb:set package 'corner_detection' build argument 'cmake_force_configure' from command line to 'False'
[0.176s] Level 5:colcon.colcon_core.verb:set package 'corner_detection' build argument 'ament_cmake_args' from command line to 'None'
[0.176s] Level 5:colcon.colcon_core.verb:set package 'corner_detection' build argument 'catkin_cmake_args' from command line to 'None'
[0.176s] Level 5:colcon.colcon_core.verb:set package 'corner_detection' build argument 'catkin_skip_building_tests' from command line to 'False'
[0.176s] DEBUG:colcon.colcon_core.verb:Building package 'corner_detection' with the following arguments: {'ament_cmake_args': None, 'build_base': '/home/xyq/Desktop/ros_ws/build/corner_detection', 'catkin_cmake_args': None, 'catkin_skip_building_tests': False, 'cmake_args': None, 'cmake_clean_cache': False, 'cmake_clean_first': False, 'cmake_force_configure': False, 'cmake_target': None, 'cmake_target_skip_unavailable': False, 'install_base': '/home/xyq/Desktop/ros_ws/install/corner_detection', 'merge_install': False, 'path': '/home/xyq/Desktop/ros_ws/src/corner_detection', 'symlink_install': False, 'test_result_base': None}
[0.176s] INFO:colcon.colcon_core.executor:Executing jobs using 'parallel' executor
[0.177s] DEBUG:colcon.colcon_parallel_executor.executor.parallel:run_until_complete
[0.177s] INFO:colcon.colcon_ros.task.ament_cmake.build:Building ROS package in '/home/xyq/Desktop/ros_ws/src/corner_detection' with build type 'ament_cmake'
[0.177s] INFO:colcon.colcon_cmake.task.cmake.build:Building CMake package in '/home/xyq/Desktop/ros_ws/src/corner_detection'
[0.178s] INFO:colcon.colcon_core.plugin_system:Skipping extension 'colcon_core.shell.bat': Not used on non-Windows systems
[0.178s] INFO:colcon.colcon_core.shell:Skip shell extension 'powershell' for command environment: Not usable outside of PowerShell
[0.178s] DEBUG:colcon.colcon_core.shell:Skip shell extension 'dsv' for command environment
[0.188s] DEBUG:colcon.colcon_core.event_handler.log_command:Invoking command in '/home/xyq/Desktop/ros_ws/build/corner_detection': CMAKE_PREFIX_PATH=/home/xyq/Desktop/ros_ws/install/camera_interface:/home/xyq/Desktop/ros_ws/install/serial_port:/home/xyq/Desktop/ros_ws/install/serial_interface:/home/xyq/Desktop/ros_ws/install/pose_resolve:/home/xyq/Desktop/ros_ws/install/mindvision_camera:/home/xyq/Desktop/ros_ws/install/image_processing:/home/xyq/Desktop/ros_ws/install/image_display:/home/xyq/Desktop/ros_ws/install/corner_detection:/home/xyq/Desktop/ros_ws/install/camera_display:/opt/ros/humble LD_LIBRARY_PATH=/home/xyq/Desktop/ros_ws/install/camera_interface/lib:/home/xyq/env/TensorRT-10.5.0.18.Linux.x86_64-gnu.cuda-12.6/TensorRT-10.5.0.18/lib/nvonnxparser:/home/xyq/env/TensorRT-10.5.0.18.Linux.x86_64-gnu.cuda-12.6/TensorRT-10.5.0.18/lib:/home/xyq/Desktop/ros_ws/install/serial_interface/lib:/home/xyq/Desktop/ros_ws/install/mindvision_camera/lib:/home/xyq/env/TensorRT-10.5.0.18.Linux.x86_64-gnu.cuda-12.6/TensorRT-10.5.0.18/lib/nvonnxparser:/home/xyq/env/TensorRT-10.5.0.18.Linux.x86_64-gnu.cuda-12.6/TensorRT-10.5.0.18/lib:/opt/ros/humble/opt/rviz_ogre_vendor/lib:/opt/ros/humble/lib/x86_64-linux-gnu:/opt/ros/humble/lib:/tmp/.mount_cursorZaRDHK/usr/lib /usr/bin/cmake --build /home/xyq/Desktop/ros_ws/build/corner_detection -- -j20 -l20
[7.191s] DEBUG:colcon.colcon_core.event_handler.log_command:Invoked command in '/home/xyq/Desktop/ros_ws/build/corner_detection' returned '0': CMAKE_PREFIX_PATH=/home/xyq/Desktop/ros_ws/install/camera_interface:/home/xyq/Desktop/ros_ws/install/serial_port:/home/xyq/Desktop/ros_ws/install/serial_interface:/home/xyq/Desktop/ros_ws/install/pose_resolve:/home/xyq/Desktop/ros_ws/install/mindvision_camera:/home/xyq/Desktop/ros_ws/install/image_processing:/home/xyq/Desktop/ros_ws/install/image_display:/home/xyq/Desktop/ros_ws/install/corner_detection:/home/xyq/Desktop/ros_ws/install/camera_display:/opt/ros/humble LD_LIBRARY_PATH=/home/xyq/Desktop/ros_ws/install/camera_interface/lib:/home/xyq/env/TensorRT-10.5.0.18.Linux.x86_64-gnu.cuda-12.6/TensorRT-10.5.0.18/lib/nvonnxparser:/home/xyq/env/TensorRT-10.5.0.18.Linux.x86_64-gnu.cuda-12.6/TensorRT-10.5.0.18/lib:/home/xyq/Desktop/ros_ws/install/serial_interface/lib:/home/xyq/Desktop/ros_ws/install/mindvision_camera/lib:/home/xyq/env/TensorRT-10.5.0.18.Linux.x86_64-gnu.cuda-12.6/TensorRT-10.5.0.18/lib/nvonnxparser:/home/xyq/env/TensorRT-10.5.0.18.Linux.x86_64-gnu.cuda-12.6/TensorRT-10.5.0.18/lib:/opt/ros/humble/opt/rviz_ogre_vendor/lib:/opt/ros/humble/lib/x86_64-linux-gnu:/opt/ros/humble/lib:/tmp/.mount_cursorZaRDHK/usr/lib /usr/bin/cmake --build /home/xyq/Desktop/ros_ws/build/corner_detection -- -j20 -l20
[7.205s] DEBUG:colcon.colcon_core.event_handler.log_command:Invoking command in '/home/xyq/Desktop/ros_ws/build/corner_detection': CMAKE_PREFIX_PATH=/home/xyq/Desktop/ros_ws/install/camera_interface:/home/xyq/Desktop/ros_ws/install/serial_port:/home/xyq/Desktop/ros_ws/install/serial_interface:/home/xyq/Desktop/ros_ws/install/pose_resolve:/home/xyq/Desktop/ros_ws/install/mindvision_camera:/home/xyq/Desktop/ros_ws/install/image_processing:/home/xyq/Desktop/ros_ws/install/image_display:/home/xyq/Desktop/ros_ws/install/corner_detection:/home/xyq/Desktop/ros_ws/install/camera_display:/opt/ros/humble LD_LIBRARY_PATH=/home/xyq/Desktop/ros_ws/install/camera_interface/lib:/home/xyq/env/TensorRT-10.5.0.18.Linux.x86_64-gnu.cuda-12.6/TensorRT-10.5.0.18/lib/nvonnxparser:/home/xyq/env/TensorRT-10.5.0.18.Linux.x86_64-gnu.cuda-12.6/TensorRT-10.5.0.18/lib:/home/xyq/Desktop/ros_ws/install/serial_interface/lib:/home/xyq/Desktop/ros_ws/install/mindvision_camera/lib:/home/xyq/env/TensorRT-10.5.0.18.Linux.x86_64-gnu.cuda-12.6/TensorRT-10.5.0.18/lib/nvonnxparser:/home/xyq/env/TensorRT-10.5.0.18.Linux.x86_64-gnu.cuda-12.6/TensorRT-10.5.0.18/lib:/opt/ros/humble/opt/rviz_ogre_vendor/lib:/opt/ros/humble/lib/x86_64-linux-gnu:/opt/ros/humble/lib:/tmp/.mount_cursorZaRDHK/usr/lib /usr/bin/cmake --install /home/xyq/Desktop/ros_ws/build/corner_detection
[7.221s] Level 1:colcon.colcon_core.environment:create_environment_scripts_only(corner_detection)
[7.222s] DEBUG:colcon.colcon_core.event_handler.log_command:Invoked command in '/home/xyq/Desktop/ros_ws/build/corner_detection' returned '0': CMAKE_PREFIX_PATH=/home/xyq/Desktop/ros_ws/install/camera_interface:/home/xyq/Desktop/ros_ws/install/serial_port:/home/xyq/Desktop/ros_ws/install/serial_interface:/home/xyq/Desktop/ros_ws/install/pose_resolve:/home/xyq/Desktop/ros_ws/install/mindvision_camera:/home/xyq/Desktop/ros_ws/install/image_processing:/home/xyq/Desktop/ros_ws/install/image_display:/home/xyq/Desktop/ros_ws/install/corner_detection:/home/xyq/Desktop/ros_ws/install/camera_display:/opt/ros/humble LD_LIBRARY_PATH=/home/xyq/Desktop/ros_ws/install/camera_interface/lib:/home/xyq/env/TensorRT-10.5.0.18.Linux.x86_64-gnu.cuda-12.6/TensorRT-10.5.0.18/lib/nvonnxparser:/home/xyq/env/TensorRT-10.5.0.18.Linux.x86_64-gnu.cuda-12.6/TensorRT-10.5.0.18/lib:/home/xyq/Desktop/ros_ws/install/serial_interface/lib:/home/xyq/Desktop/ros_ws/install/mindvision_camera/lib:/home/xyq/env/TensorRT-10.5.0.18.Linux.x86_64-gnu.cuda-12.6/TensorRT-10.5.0.18/lib/nvonnxparser:/home/xyq/env/TensorRT-10.5.0.18.Linux.x86_64-gnu.cuda-12.6/TensorRT-10.5.0.18/lib:/opt/ros/humble/opt/rviz_ogre_vendor/lib:/opt/ros/humble/lib/x86_64-linux-gnu:/opt/ros/humble/lib:/tmp/.mount_cursorZaRDHK/usr/lib /usr/bin/cmake --install /home/xyq/Desktop/ros_ws/build/corner_detection
[7.224s] Level 1:colcon.colcon_core.environment:checking '/home/xyq/Desktop/ros_ws/install/corner_detection' for CMake module files
[7.224s] Level 1:colcon.colcon_core.environment:checking '/home/xyq/Desktop/ros_ws/install/corner_detection' for CMake config files
[7.225s] Level 1:colcon.colcon_core.shell:create_environment_hook('corner_detection', 'cmake_prefix_path')
[7.225s] INFO:colcon.colcon_core.shell:Creating environment hook '/home/xyq/Desktop/ros_ws/install/corner_detection/share/corner_detection/hook/cmake_prefix_path.ps1'
[7.226s] INFO:colcon.colcon_core.shell:Creating environment descriptor '/home/xyq/Desktop/ros_ws/install/corner_detection/share/corner_detection/hook/cmake_prefix_path.dsv'
[7.226s] INFO:colcon.colcon_core.shell:Creating environment hook '/home/xyq/Desktop/ros_ws/install/corner_detection/share/corner_detection/hook/cmake_prefix_path.sh'
[7.227s] Level 1:colcon.colcon_core.environment:checking '/home/xyq/Desktop/ros_ws/install/corner_detection/lib'
[7.227s] Level 1:colcon.colcon_core.environment:checking '/home/xyq/Desktop/ros_ws/install/corner_detection/bin'
[7.227s] Level 1:colcon.colcon_core.environment:checking '/home/xyq/Desktop/ros_ws/install/corner_detection/lib/pkgconfig/corner_detection.pc'
[7.227s] Level 1:colcon.colcon_core.environment:checking '/home/xyq/Desktop/ros_ws/install/corner_detection/lib/python3.10/site-packages'
[7.228s] Level 1:colcon.colcon_core.environment:checking '/home/xyq/Desktop/ros_ws/install/corner_detection/bin'
[7.228s] INFO:colcon.colcon_core.shell:Creating package script '/home/xyq/Desktop/ros_ws/install/corner_detection/share/corner_detection/package.ps1'
[7.229s] INFO:colcon.colcon_core.shell:Creating package descriptor '/home/xyq/Desktop/ros_ws/install/corner_detection/share/corner_detection/package.dsv'
[7.229s] INFO:colcon.colcon_core.shell:Creating package script '/home/xyq/Desktop/ros_ws/install/corner_detection/share/corner_detection/package.sh'
[7.230s] INFO:colcon.colcon_core.shell:Creating package script '/home/xyq/Desktop/ros_ws/install/corner_detection/share/corner_detection/package.bash'
[7.230s] INFO:colcon.colcon_core.shell:Creating package script '/home/xyq/Desktop/ros_ws/install/corner_detection/share/corner_detection/package.zsh'
[7.231s] Level 1:colcon.colcon_core.environment:create_file_with_runtime_dependencies(/home/xyq/Desktop/ros_ws/install/corner_detection/share/colcon-core/packages/corner_detection)
[7.231s] Level 1:colcon.colcon_core.environment:create_environment_scripts_only(corner_detection)
[7.232s] Level 1:colcon.colcon_core.environment:checking '/home/xyq/Desktop/ros_ws/install/corner_detection' for CMake module files
[7.232s] Level 1:colcon.colcon_core.environment:checking '/home/xyq/Desktop/ros_ws/install/corner_detection' for CMake config files
[7.232s] Level 1:colcon.colcon_core.shell:create_environment_hook('corner_detection', 'cmake_prefix_path')
[7.232s] INFO:colcon.colcon_core.shell:Creating environment hook '/home/xyq/Desktop/ros_ws/install/corner_detection/share/corner_detection/hook/cmake_prefix_path.ps1'
[7.233s] INFO:colcon.colcon_core.shell:Creating environment descriptor '/home/xyq/Desktop/ros_ws/install/corner_detection/share/corner_detection/hook/cmake_prefix_path.dsv'
[7.233s] INFO:colcon.colcon_core.shell:Creating environment hook '/home/xyq/Desktop/ros_ws/install/corner_detection/share/corner_detection/hook/cmake_prefix_path.sh'
[7.234s] Level 1:colcon.colcon_core.environment:checking '/home/xyq/Desktop/ros_ws/install/corner_detection/lib'
[7.234s] Level 1:colcon.colcon_core.environment:checking '/home/xyq/Desktop/ros_ws/install/corner_detection/bin'
[7.234s] Level 1:colcon.colcon_core.environment:checking '/home/xyq/Desktop/ros_ws/install/corner_detection/lib/pkgconfig/corner_detection.pc'
[7.234s] Level 1:colcon.colcon_core.environment:checking '/home/xyq/Desktop/ros_ws/install/corner_detection/lib/python3.10/site-packages'
[7.234s] Level 1:colcon.colcon_core.environment:checking '/home/xyq/Desktop/ros_ws/install/corner_detection/bin'
[7.234s] INFO:colcon.colcon_core.shell:Creating package script '/home/xyq/Desktop/ros_ws/install/corner_detection/share/corner_detection/package.ps1'
[7.235s] INFO:colcon.colcon_core.shell:Creating package descriptor '/home/xyq/Desktop/ros_ws/install/corner_detection/share/corner_detection/package.dsv'
[7.235s] INFO:colcon.colcon_core.shell:Creating package script '/home/xyq/Desktop/ros_ws/install/corner_detection/share/corner_detection/package.sh'
[7.235s] INFO:colcon.colcon_core.shell:Creating package script '/home/xyq/Desktop/ros_ws/install/corner_detection/share/corner_detection/package.bash'
[7.236s] INFO:colcon.colcon_core.shell:Creating package script '/home/xyq/Desktop/ros_ws/install/corner_detection/share/corner_detection/package.zsh'
[7.236s] Level 1:colcon.colcon_core.environment:create_file_with_runtime_dependencies(/home/xyq/Desktop/ros_ws/install/corner_detection/share/colcon-core/packages/corner_detection)
[7.236s] DEBUG:colcon.colcon_parallel_executor.executor.parallel:closing loop
[7.237s] DEBUG:colcon.colcon_parallel_executor.executor.parallel:loop closed
[7.237s] DEBUG:colcon.colcon_parallel_executor.executor.parallel:run_until_complete finished with '0'
[7.237s] DEBUG:colcon.colcon_core.event_reactor:joining thread
[7.243s] INFO:colcon.colcon_core.plugin_system:Skipping extension 'colcon_notification.desktop_notification.terminal_notifier': Not used on non-Darwin systems
[7.243s] INFO:colcon.colcon_core.plugin_system:Skipping extension 'colcon_notification.desktop_notification.win32': Not used on non-Windows systems
[7.243s] INFO:colcon.colcon_notification.desktop_notification:Sending desktop notification using 'notify2'
[7.264s] DEBUG:colcon.colcon_core.event_reactor:joined thread
[7.264s] INFO:colcon.colcon_core.shell:Creating prefix script '/home/xyq/Desktop/ros_ws/install/local_setup.ps1'
[7.265s] INFO:colcon.colcon_core.shell:Creating prefix util module '/home/xyq/Desktop/ros_ws/install/_local_setup_util_ps1.py'
[7.266s] INFO:colcon.colcon_core.shell:Creating prefix chain script '/home/xyq/Desktop/ros_ws/install/setup.ps1'
[7.267s] INFO:colcon.colcon_core.shell:Creating prefix script '/home/xyq/Desktop/ros_ws/install/local_setup.sh'
[7.268s] INFO:colcon.colcon_core.shell:Creating prefix util module '/home/xyq/Desktop/ros_ws/install/_local_setup_util_sh.py'
[7.269s] INFO:colcon.colcon_core.shell:Creating prefix chain script '/home/xyq/Desktop/ros_ws/install/setup.sh'
[7.270s] INFO:colcon.colcon_core.shell:Creating prefix script '/home/xyq/Desktop/ros_ws/install/local_setup.bash'
[7.270s] INFO:colcon.colcon_core.shell:Creating prefix chain script '/home/xyq/Desktop/ros_ws/install/setup.bash'
[7.271s] INFO:colcon.colcon_core.shell:Creating prefix script '/home/xyq/Desktop/ros_ws/install/local_setup.zsh'
[7.272s] INFO:colcon.colcon_core.shell:Creating prefix chain script '/home/xyq/Desktop/ros_ws/install/setup.zsh'
