[0.013s] Invoking command in '/home/xyq/Desktop/ros_ws/build/camera_display': CMAKE_PREFIX_PATH=${CMAKE_PREFIX_PATH}:/opt/ros/humble /usr/bin/cmake --build /home/xyq/Desktop/ros_ws/build/camera_display -- -j20 -l20
[0.051s] [100%] Built target camera_display
[0.064s] Invoked command in '/home/xyq/Desktop/ros_ws/build/camera_display' returned '0': CMAKE_PREFIX_PATH=${CMAKE_PREFIX_PATH}:/opt/ros/humble /usr/bin/cmake --build /home/xyq/Desktop/ros_ws/build/camera_display -- -j20 -l20
[0.066s] Invoking command in '/home/xyq/Desktop/ros_ws/build/camera_display': CMAKE_PREFIX_PATH=${CMAKE_PREFIX_PATH}:/opt/ros/humble /usr/bin/cmake --install /home/xyq/Desktop/ros_ws/build/camera_display
[0.070s] -- Install configuration: ""
[0.070s] -- Up-to-date: /home/xyq/Desktop/ros_ws/install/camera_display/lib/camera_display/camera_display
[0.070s] -- Up-to-date: /home/xyq/Desktop/ros_ws/install/camera_display/share/ament_index/resource_index/package_run_dependencies/camera_display
[0.070s] -- Up-to-date: /home/xyq/Desktop/ros_ws/install/camera_display/share/ament_index/resource_index/parent_prefix_path/camera_display
[0.070s] -- Up-to-date: /home/xyq/Desktop/ros_ws/install/camera_display/share/camera_display/environment/ament_prefix_path.sh
[0.070s] -- Up-to-date: /home/xyq/Desktop/ros_ws/install/camera_display/share/camera_display/environment/ament_prefix_path.dsv
[0.071s] -- Up-to-date: /home/xyq/Desktop/ros_ws/install/camera_display/share/camera_display/environment/path.sh
[0.071s] -- Up-to-date: /home/xyq/Desktop/ros_ws/install/camera_display/share/camera_display/environment/path.dsv
[0.071s] -- Up-to-date: /home/xyq/Desktop/ros_ws/install/camera_display/share/camera_display/local_setup.bash
[0.071s] -- Up-to-date: /home/xyq/Desktop/ros_ws/install/camera_display/share/camera_display/local_setup.sh
[0.071s] -- Up-to-date: /home/xyq/Desktop/ros_ws/install/camera_display/share/camera_display/local_setup.zsh
[0.072s] -- Up-to-date: /home/xyq/Desktop/ros_ws/install/camera_display/share/camera_display/local_setup.dsv
[0.072s] -- Installing: /home/xyq/Desktop/ros_ws/install/camera_display/share/camera_display/package.dsv
[0.072s] -- Up-to-date: /home/xyq/Desktop/ros_ws/install/camera_display/share/ament_index/resource_index/packages/camera_display
[0.072s] -- Up-to-date: /home/xyq/Desktop/ros_ws/install/camera_display/share/camera_display/cmake/camera_displayConfig.cmake
[0.072s] -- Up-to-date: /home/xyq/Desktop/ros_ws/install/camera_display/share/camera_display/cmake/camera_displayConfig-version.cmake
[0.072s] -- Up-to-date: /home/xyq/Desktop/ros_ws/install/camera_display/share/camera_display/package.xml
[0.072s] Invoked command in '/home/xyq/Desktop/ros_ws/build/camera_display' returned '0': CMAKE_PREFIX_PATH=${CMAKE_PREFIX_PATH}:/opt/ros/humble /usr/bin/cmake --install /home/xyq/Desktop/ros_ws/build/camera_display
