[0.009s] Invoking command in '/home/xyq/Desktop/ros_ws/build/serial_port': CMAKE_PREFIX_PATH=${CMAKE_PREFIX_PATH}:/opt/ros/humble /usr/bin/cmake --build /home/xyq/Desktop/ros_ws/build/serial_port -- -j20 -l20
[0.030s] -- Found ament_cmake: 1.3.11 (/opt/ros/humble/share/ament_cmake/cmake)
[0.125s] -- Found serial: 1.2.1 (/usr/local/share/serial/cmake)
[0.129s] -- Found rclcpp: 16.0.11 (/opt/ros/humble/share/rclcpp/cmake)
[0.147s] -- Found rosidl_generator_c: 3.1.6 (/opt/ros/humble/share/rosidl_generator_c/cmake)
[0.148s] -- Found rosidl_adapter: 3.1.6 (/opt/ros/humble/share/rosidl_adapter/cmake)
[0.151s] -- Found rosidl_generator_cpp: 3.1.6 (/opt/ros/humble/share/rosidl_generator_cpp/cmake)
[0.156s] -- Using all available rosidl_typesupport_c: rosidl_typesupport_fastrtps_c;rosidl_typesupport_introspection_c
[0.163s] -- Using all available rosidl_typesupport_cpp: rosidl_typesupport_fastrtps_cpp;rosidl_typesupport_introspection_cpp
[0.184s] -- Found rmw_implementation_cmake: 6.1.2 (/opt/ros/humble/share/rmw_implementation_cmake/cmake)
[0.185s] -- Found rmw_fastrtps_cpp: 6.2.7 (/opt/ros/humble/share/rmw_fastrtps_cpp/cmake)
[0.264s] -- Using RMW implementation 'rmw_fastrtps_cpp' as default
[0.300s] -- Found camera_interface: 0.0.0 (/home/xyq/Desktop/ros_ws/install/camera_interface/share/camera_interface/cmake)
[0.308s] -- Found ament_lint_auto: 0.12.11 (/opt/ros/humble/share/ament_lint_auto/cmake)
[0.375s] -- Added test 'cppcheck' to perform static code analysis on C / C++ code
[0.375s] -- Configured cppcheck include dirs: 
[0.375s] -- Configured cppcheck exclude dirs and/or files: 
[0.375s] -- Added test 'lint_cmake' to check CMake code style
[0.375s] -- Added test 'uncrustify' to check C / C++ code style
[0.375s] -- Configured uncrustify additional arguments: 
[0.375s] -- Added test 'xmllint' to check XML markup files
[0.376s] -- Configuring done
[0.384s] -- Generating done
[0.386s] -- Build files have been written to: /home/xyq/Desktop/ros_ws/build/serial_port
[0.428s] [35m[1mConsolidate compiler generated dependencies of target serial_port_node[0m
[0.447s] [ 50%] [32mBuilding CXX object CMakeFiles/serial_port_node.dir/src/serial_port_node.cpp.o[0m
[2.848s] In file included from [01m[K/opt/ros/humble/include/rclcpp/rclcpp/logging.hpp:24[m[K,
[2.848s]                  from [01m[K/opt/ros/humble/include/rclcpp/rclcpp/client.hpp:40[m[K,
[2.848s]                  from [01m[K/opt/ros/humble/include/rclcpp/rclcpp/callback_group.hpp:24[m[K,
[2.848s]                  from [01m[K/opt/ros/humble/include/rclcpp/rclcpp/any_executable.hpp:20[m[K,
[2.849s]                  from [01m[K/opt/ros/humble/include/rclcpp/rclcpp/memory_strategy.hpp:25[m[K,
[2.849s]                  from [01m[K/opt/ros/humble/include/rclcpp/rclcpp/memory_strategies.hpp:18[m[K,
[2.849s]                  from [01m[K/opt/ros/humble/include/rclcpp/rclcpp/executor_options.hpp:20[m[K,
[2.849s]                  from [01m[K/opt/ros/humble/include/rclcpp/rclcpp/executor.hpp:37[m[K,
[2.849s]                  from [01m[K/opt/ros/humble/include/rclcpp/rclcpp/executors/multi_threaded_executor.hpp:25[m[K,
[2.849s]                  from [01m[K/opt/ros/humble/include/rclcpp/rclcpp/executors.hpp:21[m[K,
[2.849s]                  from [01m[K/opt/ros/humble/include/rclcpp/rclcpp/rclcpp.hpp:155[m[K,
[2.849s]                  from [01m[K/home/xyq/Desktop/ros_ws/src/serial_port/src/serial_port_node.cpp:2[m[K:
[2.849s] [01m[K/home/xyq/Desktop/ros_ws/src/serial_port/src/serial_port_node.cpp:[m[K In member function ‘[01m[Kvoid SerialPortSubscribe::callback(camera_interface::msg::Port_<std::allocator<void> >::SharedPtr)[m[K’:
[2.849s] [01m[K/home/xyq/Desktop/ros_ws/src/serial_port/src/serial_port_node.cpp:22:41:[m[K [01;35m[Kwarning: [m[Kformat ‘[01m[K%d[m[K’ expects argument of type ‘[01m[Kint[m[K’, but argument 5 has type ‘[01m[Kdouble[m[K’ [[01;35m[K]8;;https://gcc.gnu.org/onlinedocs/gcc/Warning-Options.html#index-Wformat=-Wformat=]8;;[m[K]
[2.849s]    22 |         RCLCPP_INFO(this->get_logger(), [01;35m[K"Received data: %d"[m[K, [32m[Kmsg->x[m[K);
[2.849s]       |                                         [01;35m[K^~~~~~~~~~~~~~~~~~~[m[K  [32m[K~~~~~~[m[K
[2.849s]       |                                                                   [32m[K|[m[K
[2.849s]       |                                                                   [32m[Kdouble[m[K
[2.849s] [01m[K/home/xyq/Desktop/ros_ws/src/serial_port/src/serial_port_node.cpp:22:58:[m[K [01;36m[Knote: [m[Kformat string is defined here
[2.849s]    22 |         RCLCPP_INFO(this->get_logger(), "Received data: [01;36m[K%d[m[K", msg->x);
[2.849s]       |                                                         [01;36m[K~^[m[K
[2.849s]       |                                                          [01;36m[K|[m[K
[2.849s]       |                                                          [01;36m[Kint[m[K
[2.849s]       |                                                         [32m[K%f[m[K
[2.852s] [01m[K/home/xyq/Desktop/ros_ws/src/serial_port/src/serial_port_node.cpp:[m[K In function ‘[01m[Kint main(int, char**)[m[K’:
[2.852s] [01m[K/home/xyq/Desktop/ros_ws/src/serial_port/src/serial_port_node.cpp:37:14:[m[K [01;31m[Kerror: [m[Kconflicting declaration ‘[01m[Kauto node[m[K’
[2.852s]    37 |         auto [01;31m[Knode[m[K = rclcpp::Node::make_shared("serial_port_node");
[2.852s]       |              [01;31m[K^~~~[m[K
[2.852s] [01m[K/home/xyq/Desktop/ros_ws/src/serial_port/src/serial_port_node.cpp:32:39:[m[K [01;36m[Knote: [m[Kprevious declaration as ‘[01m[Kstd::shared_ptr<rclcpp::Node> node[m[K’
[2.852s]    32 |         std::shared_ptr<rclcpp::Node> [01;36m[Knode[m[K = std::make_shared<SerialPortSubscribe>("serial_port_node");
[2.852s]       |                                       [01;36m[K^~~~[m[K
[3.455s] In file included from [01m[K/usr/include/x86_64-linux-gnu/c++/11/bits/c++allocator.h:33[m[K,
[3.455s]                  from [01m[K/usr/include/c++/11/bits/allocator.h:46[m[K,
[3.455s]                  from [01m[K/usr/include/c++/11/vector:64[m[K,
[3.455s]                  from [01m[K/usr/local/include/serial/serial.h:40[m[K,
[3.455s]                  from [01m[K/home/xyq/Desktop/ros_ws/src/serial_port/src/serial_port_node.cpp:1[m[K:
[3.455s] /usr/include/c++/11/ext/new_allocator.h: In instantiation of ‘[01m[Kvoid __gnu_cxx::new_allocator<_Tp>::construct(_Up*, _Args&& ...) [with _Up = SerialPortSubscribe; _Args = {const char (&)[17]}; _Tp = SerialPortSubscribe][m[K’:
[3.455s] [01m[K/usr/include/c++/11/bits/alloc_traits.h:516:17:[m[K   required from ‘[01m[Kstatic void std::allocator_traits<std::allocator<_Tp1> >::construct(std::allocator_traits<std::allocator<_Tp1> >::allocator_type&, _Up*, _Args&& ...) [with _Up = SerialPortSubscribe; _Args = {const char (&)[17]}; _Tp = SerialPortSubscribe; std::allocator_traits<std::allocator<_Tp1> >::allocator_type = std::allocator<SerialPortSubscribe>][m[K’
[3.455s] [01m[K/usr/include/c++/11/bits/shared_ptr_base.h:519:39:[m[K   required from ‘[01m[Kstd::_Sp_counted_ptr_inplace<_Tp, _Alloc, _Lp>::_Sp_counted_ptr_inplace(_Alloc, _Args&& ...) [with _Args = {const char (&)[17]}; _Tp = SerialPortSubscribe; _Alloc = std::allocator<SerialPortSubscribe>; __gnu_cxx::_Lock_policy _Lp = __gnu_cxx::_S_atomic][m[K’
[3.455s] [01m[K/usr/include/c++/11/bits/shared_ptr_base.h:650:16:[m[K   required from ‘[01m[Kstd::__shared_count<_Lp>::__shared_count(_Tp*&, std::_Sp_alloc_shared_tag<_Alloc>, _Args&& ...) [with _Tp = SerialPortSubscribe; _Alloc = std::allocator<SerialPortSubscribe>; _Args = {const char (&)[17]}; __gnu_cxx::_Lock_policy _Lp = __gnu_cxx::_S_atomic][m[K’
[3.455s] [01m[K/usr/include/c++/11/bits/shared_ptr_base.h:1342:14:[m[K   required from ‘[01m[Kstd::__shared_ptr<_Tp, _Lp>::__shared_ptr(std::_Sp_alloc_shared_tag<_Tp>, _Args&& ...) [with _Alloc = std::allocator<SerialPortSubscribe>; _Args = {const char (&)[17]}; _Tp = SerialPortSubscribe; __gnu_cxx::_Lock_policy _Lp = __gnu_cxx::_S_atomic][m[K’
[3.455s] [01m[K/usr/include/c++/11/bits/shared_ptr.h:409:59:[m[K   required from ‘[01m[Kstd::shared_ptr<_Tp>::shared_ptr(std::_Sp_alloc_shared_tag<_Tp>, _Args&& ...) [with _Alloc = std::allocator<SerialPortSubscribe>; _Args = {const char (&)[17]}; _Tp = SerialPortSubscribe][m[K’
[3.455s] [01m[K/usr/include/c++/11/bits/shared_ptr.h:862:14:[m[K   required from ‘[01m[Kstd::shared_ptr<_Tp> std::allocate_shared(const _Alloc&, _Args&& ...) [with _Tp = SerialPortSubscribe; _Alloc = std::allocator<SerialPortSubscribe>; _Args = {const char (&)[17]}][m[K’
[3.455s] [01m[K/usr/include/c++/11/bits/shared_ptr.h:878:39:[m[K   required from ‘[01m[Kstd::shared_ptr<_Tp> std::make_shared(_Args&& ...) [with _Tp = SerialPortSubscribe; _Args = {const char (&)[17]}][m[K’
[3.455s] [01m[K/home/xyq/Desktop/ros_ws/src/serial_port/src/serial_port_node.cpp:32:83:[m[K   required from here
[3.455s] [01m[K/usr/include/c++/11/ext/new_allocator.h:162:11:[m[K [01;31m[Kerror: [m[Kno matching function for call to ‘[01m[KSerialPortSubscribe::SerialPortSubscribe(const char [17])[m[K’
[3.455s]   162 |         { [01;31m[K::new((void *)__p) _Up(std::forward<_Args>(__args)...)[m[K; }
[3.455s]       |           [01;31m[K^~~~~~~~~~~~~~~~~~~~~~~~~~~~~~~~~~~~~~~~~~~~~~~~~~~~~~[m[K
[3.455s] [01m[K/home/xyq/Desktop/ros_ws/src/serial_port/src/serial_port_node.cpp:17:5:[m[K [01;36m[Knote: [m[Kcandidate: ‘[01m[KSerialPortSubscribe::SerialPortSubscribe()[m[K’
[3.455s]    17 |     [01;36m[KSerialPortSubscribe[m[K():Node("serial_port_node"){
[3.455s]       |     [01;36m[K^~~~~~~~~~~~~~~~~~~[m[K
[3.455s] [01m[K/home/xyq/Desktop/ros_ws/src/serial_port/src/serial_port_node.cpp:17:5:[m[K [01;36m[Knote: [m[K  candidate expects 0 arguments, 1 provided
[5.440s] gmake[2]: *** [CMakeFiles/serial_port_node.dir/build.make:76：CMakeFiles/serial_port_node.dir/src/serial_port_node.cpp.o] 错误 1
[5.440s] gmake[1]: *** [CMakeFiles/Makefile2:137：CMakeFiles/serial_port_node.dir/all] 错误 2
[5.440s] gmake: *** [Makefile:146：all] 错误 2
[5.443s] Invoked command in '/home/xyq/Desktop/ros_ws/build/serial_port' returned '2': CMAKE_PREFIX_PATH=${CMAKE_PREFIX_PATH}:/opt/ros/humble /usr/bin/cmake --build /home/xyq/Desktop/ros_ws/build/serial_port -- -j20 -l20
