[0.084s] DEBUG:colcon:Command line arguments: ['/usr/bin/colcon', 'build']
[0.084s] DEBUG:colcon:Parsed command line arguments: Namespace(log_base=None, log_level=None, verb_name='build', build_base='build', install_base='install', merge_install=False, symlink_install=False, test_result_base=None, continue_on_error=False, executor='parallel', parallel_workers=20, event_handlers=None, ignore_user_meta=False, metas=['./colcon.meta'], base_paths=['.'], packages_ignore=None, packages_ignore_regex=None, paths=None, packages_up_to=None, packages_up_to_regex=None, packages_above=None, packages_above_and_dependencies=None, packages_above_depth=None, packages_select_by_dep=None, packages_skip_by_dep=None, packages_skip_up_to=None, packages_select_build_failed=False, packages_skip_build_finished=False, packages_select_test_failures=False, packages_skip_test_passed=False, packages_select=None, packages_skip=None, packages_select_regex=None, packages_skip_regex=None, packages_start=None, packages_end=None, allow_overriding=[], cmake_args=None, cmake_target=None, cmake_target_skip_unavailable=False, cmake_clean_cache=False, cmake_clean_first=False, cmake_force_configure=False, ament_cmake_args=None, catkin_cmake_args=None, catkin_skip_building_tests=False, verb_parser=<colcon_defaults.argument_parser.defaults.DefaultArgumentsDecorator object at 0x7e00c17509a0>, verb_extension=<colcon_core.verb.build.BuildVerb object at 0x7e00c17501c0>, main=<bound method BuildVerb.main of <colcon_core.verb.build.BuildVerb object at 0x7e00c17501c0>>)
[0.181s] Level 1:colcon.colcon_core.package_discovery:discover_packages(colcon_meta) check parameters
[0.181s] Level 1:colcon.colcon_core.package_discovery:discover_packages(recursive) check parameters
[0.181s] Level 1:colcon.colcon_core.package_discovery:discover_packages(ignore) check parameters
[0.181s] Level 1:colcon.colcon_core.package_discovery:discover_packages(path) check parameters
[0.181s] Level 1:colcon.colcon_core.package_discovery:discover_packages(colcon_meta) discover
[0.182s] Level 1:colcon.colcon_core.package_discovery:discover_packages(recursive) discover
[0.182s] INFO:colcon.colcon_core.package_discovery:Crawling recursively for packages in '/home/xyq/Desktop/ros_ws'
[0.182s] Level 1:colcon.colcon_core.package_identification:_identify(.) by extensions ['ignore', 'ignore_ament_install']
[0.182s] Level 1:colcon.colcon_core.package_identification:_identify(.) by extension 'ignore'
[0.182s] Level 1:colcon.colcon_core.package_identification:_identify(.) by extension 'ignore_ament_install'
[0.182s] Level 1:colcon.colcon_core.package_identification:_identify(.) by extensions ['colcon_pkg']
[0.182s] Level 1:colcon.colcon_core.package_identification:_identify(.) by extension 'colcon_pkg'
[0.182s] Level 1:colcon.colcon_core.package_identification:_identify(.) by extensions ['colcon_meta']
[0.182s] Level 1:colcon.colcon_core.package_identification:_identify(.) by extension 'colcon_meta'
[0.182s] Level 1:colcon.colcon_core.package_identification:_identify(.) by extensions ['ros']
[0.182s] Level 1:colcon.colcon_core.package_identification:_identify(.) by extension 'ros'
[0.191s] Level 1:colcon.colcon_core.package_identification:_identify(.) by extensions ['cmake', 'python']
[0.191s] Level 1:colcon.colcon_core.package_identification:_identify(.) by extension 'cmake'
[0.192s] Level 1:colcon.colcon_core.package_identification:_identify(.) by extension 'python'
[0.192s] Level 1:colcon.colcon_core.package_identification:_identify(.) by extensions ['python_setup_py']
[0.192s] Level 1:colcon.colcon_core.package_identification:_identify(.) by extension 'python_setup_py'
[0.192s] Level 1:colcon.colcon_core.package_identification:_identify(build) by extensions ['ignore', 'ignore_ament_install']
[0.192s] Level 1:colcon.colcon_core.package_identification:_identify(build) by extension 'ignore'
[0.192s] Level 1:colcon.colcon_core.package_identification:_identify(build) ignored
[0.192s] Level 1:colcon.colcon_core.package_identification:_identify(install) by extensions ['ignore', 'ignore_ament_install']
[0.192s] Level 1:colcon.colcon_core.package_identification:_identify(install) by extension 'ignore'
[0.192s] Level 1:colcon.colcon_core.package_identification:_identify(install) ignored
[0.192s] Level 1:colcon.colcon_core.package_identification:_identify(log) by extensions ['ignore', 'ignore_ament_install']
[0.192s] Level 1:colcon.colcon_core.package_identification:_identify(log) by extension 'ignore'
[0.192s] Level 1:colcon.colcon_core.package_identification:_identify(log) ignored
[0.192s] Level 1:colcon.colcon_core.package_identification:_identify(src) by extensions ['ignore', 'ignore_ament_install']
[0.192s] Level 1:colcon.colcon_core.package_identification:_identify(src) by extension 'ignore'
[0.192s] Level 1:colcon.colcon_core.package_identification:_identify(src) by extension 'ignore_ament_install'
[0.192s] Level 1:colcon.colcon_core.package_identification:_identify(src) by extensions ['colcon_pkg']
[0.192s] Level 1:colcon.colcon_core.package_identification:_identify(src) by extension 'colcon_pkg'
[0.192s] Level 1:colcon.colcon_core.package_identification:_identify(src) by extensions ['colcon_meta']
[0.192s] Level 1:colcon.colcon_core.package_identification:_identify(src) by extension 'colcon_meta'
[0.192s] Level 1:colcon.colcon_core.package_identification:_identify(src) by extensions ['ros']
[0.192s] Level 1:colcon.colcon_core.package_identification:_identify(src) by extension 'ros'
[0.192s] Level 1:colcon.colcon_core.package_identification:_identify(src) by extensions ['cmake', 'python']
[0.192s] Level 1:colcon.colcon_core.package_identification:_identify(src) by extension 'cmake'
[0.192s] Level 1:colcon.colcon_core.package_identification:_identify(src) by extension 'python'
[0.192s] Level 1:colcon.colcon_core.package_identification:_identify(src) by extensions ['python_setup_py']
[0.192s] Level 1:colcon.colcon_core.package_identification:_identify(src) by extension 'python_setup_py'
[0.192s] Level 1:colcon.colcon_core.package_identification:_identify(src/camera_display) by extensions ['ignore', 'ignore_ament_install']
[0.193s] Level 1:colcon.colcon_core.package_identification:_identify(src/camera_display) by extension 'ignore'
[0.193s] Level 1:colcon.colcon_core.package_identification:_identify(src/camera_display) by extension 'ignore_ament_install'
[0.193s] Level 1:colcon.colcon_core.package_identification:_identify(src/camera_display) by extensions ['colcon_pkg']
[0.193s] Level 1:colcon.colcon_core.package_identification:_identify(src/camera_display) by extension 'colcon_pkg'
[0.193s] Level 1:colcon.colcon_core.package_identification:_identify(src/camera_display) by extensions ['colcon_meta']
[0.193s] Level 1:colcon.colcon_core.package_identification:_identify(src/camera_display) by extension 'colcon_meta'
[0.193s] Level 1:colcon.colcon_core.package_identification:_identify(src/camera_display) by extensions ['ros']
[0.193s] Level 1:colcon.colcon_core.package_identification:_identify(src/camera_display) by extension 'ros'
[0.195s] DEBUG:colcon.colcon_core.package_identification:Package 'src/camera_display' with type 'ros.ament_cmake' and name 'camera_display'
[0.195s] Level 1:colcon.colcon_core.package_identification:_identify(src/camera_driver) by extensions ['ignore', 'ignore_ament_install']
[0.195s] Level 1:colcon.colcon_core.package_identification:_identify(src/camera_driver) by extension 'ignore'
[0.195s] Level 1:colcon.colcon_core.package_identification:_identify(src/camera_driver) by extension 'ignore_ament_install'
[0.195s] Level 1:colcon.colcon_core.package_identification:_identify(src/camera_driver) by extensions ['colcon_pkg']
[0.195s] Level 1:colcon.colcon_core.package_identification:_identify(src/camera_driver) by extension 'colcon_pkg'
[0.195s] Level 1:colcon.colcon_core.package_identification:_identify(src/camera_driver) by extensions ['colcon_meta']
[0.196s] Level 1:colcon.colcon_core.package_identification:_identify(src/camera_driver) by extension 'colcon_meta'
[0.196s] Level 1:colcon.colcon_core.package_identification:_identify(src/camera_driver) by extensions ['ros']
[0.196s] Level 1:colcon.colcon_core.package_identification:_identify(src/camera_driver) by extension 'ros'
[0.197s] DEBUG:colcon.colcon_core.package_identification:Package 'src/camera_driver' with type 'ros.ament_cmake' and name 'mindvision_camera'
[0.197s] Level 1:colcon.colcon_core.package_identification:_identify(src/camera_interface) by extensions ['ignore', 'ignore_ament_install']
[0.197s] Level 1:colcon.colcon_core.package_identification:_identify(src/camera_interface) by extension 'ignore'
[0.197s] Level 1:colcon.colcon_core.package_identification:_identify(src/camera_interface) by extension 'ignore_ament_install'
[0.197s] Level 1:colcon.colcon_core.package_identification:_identify(src/camera_interface) by extensions ['colcon_pkg']
[0.197s] Level 1:colcon.colcon_core.package_identification:_identify(src/camera_interface) by extension 'colcon_pkg'
[0.197s] Level 1:colcon.colcon_core.package_identification:_identify(src/camera_interface) by extensions ['colcon_meta']
[0.197s] Level 1:colcon.colcon_core.package_identification:_identify(src/camera_interface) by extension 'colcon_meta'
[0.197s] Level 1:colcon.colcon_core.package_identification:_identify(src/camera_interface) by extensions ['ros']
[0.197s] Level 1:colcon.colcon_core.package_identification:_identify(src/camera_interface) by extension 'ros'
[0.198s] DEBUG:colcon.colcon_core.package_identification:Package 'src/camera_interface' with type 'ros.ament_cmake' and name 'camera_interface'
[0.198s] Level 1:colcon.colcon_core.package_identification:_identify(src/corner_detection) by extensions ['ignore', 'ignore_ament_install']
[0.198s] Level 1:colcon.colcon_core.package_identification:_identify(src/corner_detection) by extension 'ignore'
[0.198s] Level 1:colcon.colcon_core.package_identification:_identify(src/corner_detection) by extension 'ignore_ament_install'
[0.198s] Level 1:colcon.colcon_core.package_identification:_identify(src/corner_detection) by extensions ['colcon_pkg']
[0.198s] Level 1:colcon.colcon_core.package_identification:_identify(src/corner_detection) by extension 'colcon_pkg'
[0.198s] Level 1:colcon.colcon_core.package_identification:_identify(src/corner_detection) by extensions ['colcon_meta']
[0.198s] Level 1:colcon.colcon_core.package_identification:_identify(src/corner_detection) by extension 'colcon_meta'
[0.198s] Level 1:colcon.colcon_core.package_identification:_identify(src/corner_detection) by extensions ['ros']
[0.198s] Level 1:colcon.colcon_core.package_identification:_identify(src/corner_detection) by extension 'ros'
[0.198s] DEBUG:colcon.colcon_core.package_identification:Package 'src/corner_detection' with type 'ros.ament_cmake' and name 'corner_detection'
[0.199s] Level 1:colcon.colcon_core.package_identification:_identify(src/image_display) by extensions ['ignore', 'ignore_ament_install']
[0.199s] Level 1:colcon.colcon_core.package_identification:_identify(src/image_display) by extension 'ignore'
[0.199s] Level 1:colcon.colcon_core.package_identification:_identify(src/image_display) by extension 'ignore_ament_install'
[0.199s] Level 1:colcon.colcon_core.package_identification:_identify(src/image_display) by extensions ['colcon_pkg']
[0.199s] Level 1:colcon.colcon_core.package_identification:_identify(src/image_display) by extension 'colcon_pkg'
[0.199s] Level 1:colcon.colcon_core.package_identification:_identify(src/image_display) by extensions ['colcon_meta']
[0.199s] Level 1:colcon.colcon_core.package_identification:_identify(src/image_display) by extension 'colcon_meta'
[0.199s] Level 1:colcon.colcon_core.package_identification:_identify(src/image_display) by extensions ['ros']
[0.199s] Level 1:colcon.colcon_core.package_identification:_identify(src/image_display) by extension 'ros'
[0.199s] DEBUG:colcon.colcon_core.package_identification:Package 'src/image_display' with type 'ros.ament_cmake' and name 'image_display'
[0.199s] Level 1:colcon.colcon_core.package_identification:_identify(src/image_processing) by extensions ['ignore', 'ignore_ament_install']
[0.199s] Level 1:colcon.colcon_core.package_identification:_identify(src/image_processing) by extension 'ignore'
[0.199s] Level 1:colcon.colcon_core.package_identification:_identify(src/image_processing) by extension 'ignore_ament_install'
[0.199s] Level 1:colcon.colcon_core.package_identification:_identify(src/image_processing) by extensions ['colcon_pkg']
[0.199s] Level 1:colcon.colcon_core.package_identification:_identify(src/image_processing) by extension 'colcon_pkg'
[0.199s] Level 1:colcon.colcon_core.package_identification:_identify(src/image_processing) by extensions ['colcon_meta']
[0.199s] Level 1:colcon.colcon_core.package_identification:_identify(src/image_processing) by extension 'colcon_meta'
[0.199s] Level 1:colcon.colcon_core.package_identification:_identify(src/image_processing) by extensions ['ros']
[0.199s] Level 1:colcon.colcon_core.package_identification:_identify(src/image_processing) by extension 'ros'
[0.200s] DEBUG:colcon.colcon_core.package_identification:Package 'src/image_processing' with type 'ros.ament_cmake' and name 'image_processing'
[0.200s] Level 1:colcon.colcon_core.package_identification:_identify(src/pose_resolve) by extensions ['ignore', 'ignore_ament_install']
[0.200s] Level 1:colcon.colcon_core.package_identification:_identify(src/pose_resolve) by extension 'ignore'
[0.200s] Level 1:colcon.colcon_core.package_identification:_identify(src/pose_resolve) by extension 'ignore_ament_install'
[0.200s] Level 1:colcon.colcon_core.package_identification:_identify(src/pose_resolve) by extensions ['colcon_pkg']
[0.200s] Level 1:colcon.colcon_core.package_identification:_identify(src/pose_resolve) by extension 'colcon_pkg'
[0.200s] Level 1:colcon.colcon_core.package_identification:_identify(src/pose_resolve) by extensions ['colcon_meta']
[0.200s] Level 1:colcon.colcon_core.package_identification:_identify(src/pose_resolve) by extension 'colcon_meta'
[0.200s] Level 1:colcon.colcon_core.package_identification:_identify(src/pose_resolve) by extensions ['ros']
[0.200s] Level 1:colcon.colcon_core.package_identification:_identify(src/pose_resolve) by extension 'ros'
[0.200s] DEBUG:colcon.colcon_core.package_identification:Package 'src/pose_resolve' with type 'ros.ament_cmake' and name 'pose_resolve'
[0.201s] Level 1:colcon.colcon_core.package_discovery:discover_packages(recursive) using defaults
[0.201s] Level 1:colcon.colcon_core.package_discovery:discover_packages(ignore) discover
[0.201s] Level 1:colcon.colcon_core.package_discovery:discover_packages(ignore) using defaults
[0.201s] Level 1:colcon.colcon_core.package_discovery:discover_packages(path) discover
[0.201s] Level 1:colcon.colcon_core.package_discovery:discover_packages(path) using defaults
[0.237s] Level 1:colcon.colcon_core.package_discovery:discover_packages(prefix_path) check parameters
[0.237s] Level 1:colcon.colcon_core.package_discovery:discover_packages(prefix_path) discover
[0.239s] DEBUG:colcon.colcon_installed_package_information.package_discovery:Found 279 installed packages in /opt/ros/humble
[0.240s] Level 1:colcon.colcon_core.package_discovery:discover_packages(prefix_path) using defaults
[0.262s] Level 5:colcon.colcon_core.verb:set package 'camera_display' build argument 'cmake_args' from command line to 'None'
[0.262s] Level 5:colcon.colcon_core.verb:set package 'camera_display' build argument 'cmake_target' from command line to 'None'
[0.262s] Level 5:colcon.colcon_core.verb:set package 'camera_display' build argument 'cmake_target_skip_unavailable' from command line to 'False'
[0.262s] Level 5:colcon.colcon_core.verb:set package 'camera_display' build argument 'cmake_clean_cache' from command line to 'False'
[0.262s] Level 5:colcon.colcon_core.verb:set package 'camera_display' build argument 'cmake_clean_first' from command line to 'False'
[0.262s] Level 5:colcon.colcon_core.verb:set package 'camera_display' build argument 'cmake_force_configure' from command line to 'False'
[0.262s] Level 5:colcon.colcon_core.verb:set package 'camera_display' build argument 'ament_cmake_args' from command line to 'None'
[0.262s] Level 5:colcon.colcon_core.verb:set package 'camera_display' build argument 'catkin_cmake_args' from command line to 'None'
[0.262s] Level 5:colcon.colcon_core.verb:set package 'camera_display' build argument 'catkin_skip_building_tests' from command line to 'False'
[0.262s] DEBUG:colcon.colcon_core.verb:Building package 'camera_display' with the following arguments: {'ament_cmake_args': None, 'build_base': '/home/xyq/Desktop/ros_ws/build/camera_display', 'catkin_cmake_args': None, 'catkin_skip_building_tests': False, 'cmake_args': None, 'cmake_clean_cache': False, 'cmake_clean_first': False, 'cmake_force_configure': False, 'cmake_target': None, 'cmake_target_skip_unavailable': False, 'install_base': '/home/xyq/Desktop/ros_ws/install/camera_display', 'merge_install': False, 'path': '/home/xyq/Desktop/ros_ws/src/camera_display', 'symlink_install': False, 'test_result_base': None}
[0.262s] Level 5:colcon.colcon_core.verb:set package 'camera_interface' build argument 'cmake_args' from command line to 'None'
[0.263s] Level 5:colcon.colcon_core.verb:set package 'camera_interface' build argument 'cmake_target' from command line to 'None'
[0.263s] Level 5:colcon.colcon_core.verb:set package 'camera_interface' build argument 'cmake_target_skip_unavailable' from command line to 'False'
[0.263s] Level 5:colcon.colcon_core.verb:set package 'camera_interface' build argument 'cmake_clean_cache' from command line to 'False'
[0.263s] Level 5:colcon.colcon_core.verb:set package 'camera_interface' build argument 'cmake_clean_first' from command line to 'False'
[0.263s] Level 5:colcon.colcon_core.verb:set package 'camera_interface' build argument 'cmake_force_configure' from command line to 'False'
[0.263s] Level 5:colcon.colcon_core.verb:set package 'camera_interface' build argument 'ament_cmake_args' from command line to 'None'
[0.263s] Level 5:colcon.colcon_core.verb:set package 'camera_interface' build argument 'catkin_cmake_args' from command line to 'None'
[0.263s] Level 5:colcon.colcon_core.verb:set package 'camera_interface' build argument 'catkin_skip_building_tests' from command line to 'False'
[0.263s] DEBUG:colcon.colcon_core.verb:Building package 'camera_interface' with the following arguments: {'ament_cmake_args': None, 'build_base': '/home/xyq/Desktop/ros_ws/build/camera_interface', 'catkin_cmake_args': None, 'catkin_skip_building_tests': False, 'cmake_args': None, 'cmake_clean_cache': False, 'cmake_clean_first': False, 'cmake_force_configure': False, 'cmake_target': None, 'cmake_target_skip_unavailable': False, 'install_base': '/home/xyq/Desktop/ros_ws/install/camera_interface', 'merge_install': False, 'path': '/home/xyq/Desktop/ros_ws/src/camera_interface', 'symlink_install': False, 'test_result_base': None}
[0.263s] Level 5:colcon.colcon_core.verb:set package 'image_display' build argument 'cmake_args' from command line to 'None'
[0.263s] Level 5:colcon.colcon_core.verb:set package 'image_display' build argument 'cmake_target' from command line to 'None'
[0.263s] Level 5:colcon.colcon_core.verb:set package 'image_display' build argument 'cmake_target_skip_unavailable' from command line to 'False'
[0.263s] Level 5:colcon.colcon_core.verb:set package 'image_display' build argument 'cmake_clean_cache' from command line to 'False'
[0.263s] Level 5:colcon.colcon_core.verb:set package 'image_display' build argument 'cmake_clean_first' from command line to 'False'
[0.263s] Level 5:colcon.colcon_core.verb:set package 'image_display' build argument 'cmake_force_configure' from command line to 'False'
[0.263s] Level 5:colcon.colcon_core.verb:set package 'image_display' build argument 'ament_cmake_args' from command line to 'None'
[0.263s] Level 5:colcon.colcon_core.verb:set package 'image_display' build argument 'catkin_cmake_args' from command line to 'None'
[0.263s] Level 5:colcon.colcon_core.verb:set package 'image_display' build argument 'catkin_skip_building_tests' from command line to 'False'
[0.263s] DEBUG:colcon.colcon_core.verb:Building package 'image_display' with the following arguments: {'ament_cmake_args': None, 'build_base': '/home/xyq/Desktop/ros_ws/build/image_display', 'catkin_cmake_args': None, 'catkin_skip_building_tests': False, 'cmake_args': None, 'cmake_clean_cache': False, 'cmake_clean_first': False, 'cmake_force_configure': False, 'cmake_target': None, 'cmake_target_skip_unavailable': False, 'install_base': '/home/xyq/Desktop/ros_ws/install/image_display', 'merge_install': False, 'path': '/home/xyq/Desktop/ros_ws/src/image_display', 'symlink_install': False, 'test_result_base': None}
[0.263s] Level 5:colcon.colcon_core.verb:set package 'image_processing' build argument 'cmake_args' from command line to 'None'
[0.263s] Level 5:colcon.colcon_core.verb:set package 'image_processing' build argument 'cmake_target' from command line to 'None'
[0.263s] Level 5:colcon.colcon_core.verb:set package 'image_processing' build argument 'cmake_target_skip_unavailable' from command line to 'False'
[0.263s] Level 5:colcon.colcon_core.verb:set package 'image_processing' build argument 'cmake_clean_cache' from command line to 'False'
[0.263s] Level 5:colcon.colcon_core.verb:set package 'image_processing' build argument 'cmake_clean_first' from command line to 'False'
[0.263s] Level 5:colcon.colcon_core.verb:set package 'image_processing' build argument 'cmake_force_configure' from command line to 'False'
[0.263s] Level 5:colcon.colcon_core.verb:set package 'image_processing' build argument 'ament_cmake_args' from command line to 'None'
[0.263s] Level 5:colcon.colcon_core.verb:set package 'image_processing' build argument 'catkin_cmake_args' from command line to 'None'
[0.263s] Level 5:colcon.colcon_core.verb:set package 'image_processing' build argument 'catkin_skip_building_tests' from command line to 'False'
[0.263s] DEBUG:colcon.colcon_core.verb:Building package 'image_processing' with the following arguments: {'ament_cmake_args': None, 'build_base': '/home/xyq/Desktop/ros_ws/build/image_processing', 'catkin_cmake_args': None, 'catkin_skip_building_tests': False, 'cmake_args': None, 'cmake_clean_cache': False, 'cmake_clean_first': False, 'cmake_force_configure': False, 'cmake_target': None, 'cmake_target_skip_unavailable': False, 'install_base': '/home/xyq/Desktop/ros_ws/install/image_processing', 'merge_install': False, 'path': '/home/xyq/Desktop/ros_ws/src/image_processing', 'symlink_install': False, 'test_result_base': None}
[0.263s] Level 5:colcon.colcon_core.verb:set package 'mindvision_camera' build argument 'cmake_args' from command line to 'None'
[0.263s] Level 5:colcon.colcon_core.verb:set package 'mindvision_camera' build argument 'cmake_target' from command line to 'None'
[0.263s] Level 5:colcon.colcon_core.verb:set package 'mindvision_camera' build argument 'cmake_target_skip_unavailable' from command line to 'False'
[0.263s] Level 5:colcon.colcon_core.verb:set package 'mindvision_camera' build argument 'cmake_clean_cache' from command line to 'False'
[0.263s] Level 5:colcon.colcon_core.verb:set package 'mindvision_camera' build argument 'cmake_clean_first' from command line to 'False'
[0.263s] Level 5:colcon.colcon_core.verb:set package 'mindvision_camera' build argument 'cmake_force_configure' from command line to 'False'
[0.263s] Level 5:colcon.colcon_core.verb:set package 'mindvision_camera' build argument 'ament_cmake_args' from command line to 'None'
[0.263s] Level 5:colcon.colcon_core.verb:set package 'mindvision_camera' build argument 'catkin_cmake_args' from command line to 'None'
[0.263s] Level 5:colcon.colcon_core.verb:set package 'mindvision_camera' build argument 'catkin_skip_building_tests' from command line to 'False'
[0.263s] DEBUG:colcon.colcon_core.verb:Building package 'mindvision_camera' with the following arguments: {'ament_cmake_args': None, 'build_base': '/home/xyq/Desktop/ros_ws/build/mindvision_camera', 'catkin_cmake_args': None, 'catkin_skip_building_tests': False, 'cmake_args': None, 'cmake_clean_cache': False, 'cmake_clean_first': False, 'cmake_force_configure': False, 'cmake_target': None, 'cmake_target_skip_unavailable': False, 'install_base': '/home/xyq/Desktop/ros_ws/install/mindvision_camera', 'merge_install': False, 'path': '/home/xyq/Desktop/ros_ws/src/camera_driver', 'symlink_install': False, 'test_result_base': None}
[0.264s] Level 5:colcon.colcon_core.verb:set package 'corner_detection' build argument 'cmake_args' from command line to 'None'
[0.264s] Level 5:colcon.colcon_core.verb:set package 'corner_detection' build argument 'cmake_target' from command line to 'None'
[0.264s] Level 5:colcon.colcon_core.verb:set package 'corner_detection' build argument 'cmake_target_skip_unavailable' from command line to 'False'
[0.264s] Level 5:colcon.colcon_core.verb:set package 'corner_detection' build argument 'cmake_clean_cache' from command line to 'False'
[0.264s] Level 5:colcon.colcon_core.verb:set package 'corner_detection' build argument 'cmake_clean_first' from command line to 'False'
[0.264s] Level 5:colcon.colcon_core.verb:set package 'corner_detection' build argument 'cmake_force_configure' from command line to 'False'
[0.264s] Level 5:colcon.colcon_core.verb:set package 'corner_detection' build argument 'ament_cmake_args' from command line to 'None'
[0.264s] Level 5:colcon.colcon_core.verb:set package 'corner_detection' build argument 'catkin_cmake_args' from command line to 'None'
[0.264s] Level 5:colcon.colcon_core.verb:set package 'corner_detection' build argument 'catkin_skip_building_tests' from command line to 'False'
[0.264s] DEBUG:colcon.colcon_core.verb:Building package 'corner_detection' with the following arguments: {'ament_cmake_args': None, 'build_base': '/home/xyq/Desktop/ros_ws/build/corner_detection', 'catkin_cmake_args': None, 'catkin_skip_building_tests': False, 'cmake_args': None, 'cmake_clean_cache': False, 'cmake_clean_first': False, 'cmake_force_configure': False, 'cmake_target': None, 'cmake_target_skip_unavailable': False, 'install_base': '/home/xyq/Desktop/ros_ws/install/corner_detection', 'merge_install': False, 'path': '/home/xyq/Desktop/ros_ws/src/corner_detection', 'symlink_install': False, 'test_result_base': None}
[0.264s] Level 5:colcon.colcon_core.verb:set package 'pose_resolve' build argument 'cmake_args' from command line to 'None'
[0.265s] Level 5:colcon.colcon_core.verb:set package 'pose_resolve' build argument 'cmake_target' from command line to 'None'
[0.265s] Level 5:colcon.colcon_core.verb:set package 'pose_resolve' build argument 'cmake_target_skip_unavailable' from command line to 'False'
[0.265s] Level 5:colcon.colcon_core.verb:set package 'pose_resolve' build argument 'cmake_clean_cache' from command line to 'False'
[0.265s] Level 5:colcon.colcon_core.verb:set package 'pose_resolve' build argument 'cmake_clean_first' from command line to 'False'
[0.265s] Level 5:colcon.colcon_core.verb:set package 'pose_resolve' build argument 'cmake_force_configure' from command line to 'False'
[0.265s] Level 5:colcon.colcon_core.verb:set package 'pose_resolve' build argument 'ament_cmake_args' from command line to 'None'
[0.265s] Level 5:colcon.colcon_core.verb:set package 'pose_resolve' build argument 'catkin_cmake_args' from command line to 'None'
[0.265s] Level 5:colcon.colcon_core.verb:set package 'pose_resolve' build argument 'catkin_skip_building_tests' from command line to 'False'
[0.265s] DEBUG:colcon.colcon_core.verb:Building package 'pose_resolve' with the following arguments: {'ament_cmake_args': None, 'build_base': '/home/xyq/Desktop/ros_ws/build/pose_resolve', 'catkin_cmake_args': None, 'catkin_skip_building_tests': False, 'cmake_args': None, 'cmake_clean_cache': False, 'cmake_clean_first': False, 'cmake_force_configure': False, 'cmake_target': None, 'cmake_target_skip_unavailable': False, 'install_base': '/home/xyq/Desktop/ros_ws/install/pose_resolve', 'merge_install': False, 'path': '/home/xyq/Desktop/ros_ws/src/pose_resolve', 'symlink_install': False, 'test_result_base': None}
[0.265s] INFO:colcon.colcon_core.executor:Executing jobs using 'parallel' executor
[0.267s] DEBUG:colcon.colcon_parallel_executor.executor.parallel:run_until_complete
[0.267s] INFO:colcon.colcon_ros.task.ament_cmake.build:Building ROS package in '/home/xyq/Desktop/ros_ws/src/camera_interface' with build type 'ament_cmake'
[0.267s] INFO:colcon.colcon_cmake.task.cmake.build:Building CMake package in '/home/xyq/Desktop/ros_ws/src/camera_interface'
[0.270s] INFO:colcon.colcon_core.plugin_system:Skipping extension 'colcon_core.shell.bat': Not used on non-Windows systems
[0.270s] INFO:colcon.colcon_core.shell:Skip shell extension 'powershell' for command environment: Not usable outside of PowerShell
[0.270s] DEBUG:colcon.colcon_core.shell:Skip shell extension 'dsv' for command environment
[0.272s] INFO:colcon.colcon_ros.task.ament_cmake.build:Building ROS package in '/home/xyq/Desktop/ros_ws/src/camera_display' with build type 'ament_cmake'
[0.272s] INFO:colcon.colcon_cmake.task.cmake.build:Building CMake package in '/home/xyq/Desktop/ros_ws/src/camera_display'
[0.272s] INFO:colcon.colcon_core.shell:Skip shell extension 'powershell' for command environment: Not usable outside of PowerShell
[0.272s] DEBUG:colcon.colcon_core.shell:Skip shell extension 'dsv' for command environment
[0.275s] INFO:colcon.colcon_ros.task.ament_cmake.build:Building ROS package in '/home/xyq/Desktop/ros_ws/src/image_display' with build type 'ament_cmake'
[0.275s] INFO:colcon.colcon_cmake.task.cmake.build:Building CMake package in '/home/xyq/Desktop/ros_ws/src/image_display'
[0.276s] INFO:colcon.colcon_core.shell:Skip shell extension 'powershell' for command environment: Not usable outside of PowerShell
[0.276s] DEBUG:colcon.colcon_core.shell:Skip shell extension 'dsv' for command environment
[0.278s] INFO:colcon.colcon_ros.task.ament_cmake.build:Building ROS package in '/home/xyq/Desktop/ros_ws/src/image_processing' with build type 'ament_cmake'
[0.278s] INFO:colcon.colcon_cmake.task.cmake.build:Building CMake package in '/home/xyq/Desktop/ros_ws/src/image_processing'
[0.279s] INFO:colcon.colcon_core.shell:Skip shell extension 'powershell' for command environment: Not usable outside of PowerShell
[0.279s] DEBUG:colcon.colcon_core.shell:Skip shell extension 'dsv' for command environment
[0.280s] INFO:colcon.colcon_ros.task.ament_cmake.build:Building ROS package in '/home/xyq/Desktop/ros_ws/src/camera_driver' with build type 'ament_cmake'
[0.281s] INFO:colcon.colcon_cmake.task.cmake.build:Building CMake package in '/home/xyq/Desktop/ros_ws/src/camera_driver'
[0.281s] INFO:colcon.colcon_core.shell:Skip shell extension 'powershell' for command environment: Not usable outside of PowerShell
[0.281s] DEBUG:colcon.colcon_core.shell:Skip shell extension 'dsv' for command environment
[0.294s] DEBUG:colcon.colcon_core.event_handler.log_command:Invoking command in '/home/xyq/Desktop/ros_ws/build/camera_interface': CMAKE_PREFIX_PATH=/opt/ros/humble /usr/bin/cmake --build /home/xyq/Desktop/ros_ws/build/camera_interface -- -j20 -l20
[0.300s] DEBUG:colcon.colcon_core.event_handler.log_command:Invoking command in '/home/xyq/Desktop/ros_ws/build/camera_display': CMAKE_PREFIX_PATH=/opt/ros/humble /usr/bin/cmake --build /home/xyq/Desktop/ros_ws/build/camera_display -- -j20 -l20
[0.304s] DEBUG:colcon.colcon_core.event_handler.log_command:Invoking command in '/home/xyq/Desktop/ros_ws/build/image_display': CMAKE_PREFIX_PATH=/opt/ros/humble /usr/bin/cmake --build /home/xyq/Desktop/ros_ws/build/image_display -- -j20 -l20
[0.311s] DEBUG:colcon.colcon_core.event_handler.log_command:Invoking command in '/home/xyq/Desktop/ros_ws/build/image_processing': CMAKE_PREFIX_PATH=/opt/ros/humble /usr/bin/cmake --build /home/xyq/Desktop/ros_ws/build/image_processing -- -j20 -l20
[0.317s] DEBUG:colcon.colcon_core.event_handler.log_command:Invoking command in '/home/xyq/Desktop/ros_ws/build/mindvision_camera': CMAKE_PREFIX_PATH=/opt/ros/humble /usr/bin/cmake --build /home/xyq/Desktop/ros_ws/build/mindvision_camera -- -j20 -l20
[0.336s] DEBUG:colcon.colcon_core.event_handler.log_command:Invoked command in '/home/xyq/Desktop/ros_ws/build/image_display' returned '0': CMAKE_PREFIX_PATH=/opt/ros/humble /usr/bin/cmake --build /home/xyq/Desktop/ros_ws/build/image_display -- -j20 -l20
[0.351s] DEBUG:colcon.colcon_core.event_handler.log_command:Invoking command in '/home/xyq/Desktop/ros_ws/build/image_display': CMAKE_PREFIX_PATH=/opt/ros/humble /usr/bin/cmake --install /home/xyq/Desktop/ros_ws/build/image_display
[0.359s] Level 1:colcon.colcon_core.environment:create_environment_scripts_only(image_display)
[0.361s] DEBUG:colcon.colcon_core.event_handler.log_command:Invoked command in '/home/xyq/Desktop/ros_ws/build/image_display' returned '0': CMAKE_PREFIX_PATH=/opt/ros/humble /usr/bin/cmake --install /home/xyq/Desktop/ros_ws/build/image_display
[0.364s] Level 1:colcon.colcon_core.environment:checking '/home/xyq/Desktop/ros_ws/install/image_display' for CMake module files
[0.364s] Level 1:colcon.colcon_core.environment:checking '/home/xyq/Desktop/ros_ws/install/image_display' for CMake config files
[0.365s] Level 1:colcon.colcon_core.shell:create_environment_hook('image_display', 'cmake_prefix_path')
[0.365s] INFO:colcon.colcon_core.shell:Creating environment hook '/home/xyq/Desktop/ros_ws/install/image_display/share/image_display/hook/cmake_prefix_path.ps1'
[0.366s] INFO:colcon.colcon_core.shell:Creating environment descriptor '/home/xyq/Desktop/ros_ws/install/image_display/share/image_display/hook/cmake_prefix_path.dsv'
[0.367s] INFO:colcon.colcon_core.shell:Creating environment hook '/home/xyq/Desktop/ros_ws/install/image_display/share/image_display/hook/cmake_prefix_path.sh'
[0.368s] Level 1:colcon.colcon_core.environment:checking '/home/xyq/Desktop/ros_ws/install/image_display/bin'
[0.369s] Level 1:colcon.colcon_core.environment:checking '/home/xyq/Desktop/ros_ws/install/image_display/lib/pkgconfig/image_display.pc'
[0.369s] Level 1:colcon.colcon_core.environment:checking '/home/xyq/Desktop/ros_ws/install/image_display/lib/python3.10/site-packages'
[0.370s] Level 1:colcon.colcon_core.environment:checking '/home/xyq/Desktop/ros_ws/install/image_display/bin'
[0.370s] INFO:colcon.colcon_core.shell:Creating package script '/home/xyq/Desktop/ros_ws/install/image_display/share/image_display/package.ps1'
[0.372s] INFO:colcon.colcon_core.shell:Creating package descriptor '/home/xyq/Desktop/ros_ws/install/image_display/share/image_display/package.dsv'
[0.373s] INFO:colcon.colcon_core.shell:Creating package script '/home/xyq/Desktop/ros_ws/install/image_display/share/image_display/package.sh'
[0.373s] INFO:colcon.colcon_core.shell:Creating package script '/home/xyq/Desktop/ros_ws/install/image_display/share/image_display/package.bash'
[0.374s] INFO:colcon.colcon_core.shell:Creating package script '/home/xyq/Desktop/ros_ws/install/image_display/share/image_display/package.zsh'
[0.375s] Level 1:colcon.colcon_core.environment:create_file_with_runtime_dependencies(/home/xyq/Desktop/ros_ws/install/image_display/share/colcon-core/packages/image_display)
[0.375s] Level 1:colcon.colcon_core.environment:create_environment_scripts_only(image_display)
[0.375s] Level 1:colcon.colcon_core.environment:checking '/home/xyq/Desktop/ros_ws/install/image_display' for CMake module files
[0.376s] Level 1:colcon.colcon_core.environment:checking '/home/xyq/Desktop/ros_ws/install/image_display' for CMake config files
[0.376s] Level 1:colcon.colcon_core.shell:create_environment_hook('image_display', 'cmake_prefix_path')
[0.376s] INFO:colcon.colcon_core.shell:Creating environment hook '/home/xyq/Desktop/ros_ws/install/image_display/share/image_display/hook/cmake_prefix_path.ps1'
[0.377s] INFO:colcon.colcon_core.shell:Creating environment descriptor '/home/xyq/Desktop/ros_ws/install/image_display/share/image_display/hook/cmake_prefix_path.dsv'
[0.377s] INFO:colcon.colcon_core.shell:Creating environment hook '/home/xyq/Desktop/ros_ws/install/image_display/share/image_display/hook/cmake_prefix_path.sh'
[0.377s] Level 1:colcon.colcon_core.environment:checking '/home/xyq/Desktop/ros_ws/install/image_display/bin'
[0.377s] Level 1:colcon.colcon_core.environment:checking '/home/xyq/Desktop/ros_ws/install/image_display/lib/pkgconfig/image_display.pc'
[0.377s] Level 1:colcon.colcon_core.environment:checking '/home/xyq/Desktop/ros_ws/install/image_display/lib/python3.10/site-packages'
[0.377s] Level 1:colcon.colcon_core.environment:checking '/home/xyq/Desktop/ros_ws/install/image_display/bin'
[0.378s] INFO:colcon.colcon_core.shell:Creating package script '/home/xyq/Desktop/ros_ws/install/image_display/share/image_display/package.ps1'
[0.378s] INFO:colcon.colcon_core.shell:Creating package descriptor '/home/xyq/Desktop/ros_ws/install/image_display/share/image_display/package.dsv'
[0.378s] INFO:colcon.colcon_core.shell:Creating package script '/home/xyq/Desktop/ros_ws/install/image_display/share/image_display/package.sh'
[0.378s] INFO:colcon.colcon_core.shell:Creating package script '/home/xyq/Desktop/ros_ws/install/image_display/share/image_display/package.bash'
[0.379s] INFO:colcon.colcon_core.shell:Creating package script '/home/xyq/Desktop/ros_ws/install/image_display/share/image_display/package.zsh'
[0.379s] Level 1:colcon.colcon_core.environment:create_file_with_runtime_dependencies(/home/xyq/Desktop/ros_ws/install/image_display/share/colcon-core/packages/image_display)
[0.382s] DEBUG:colcon.colcon_core.event_handler.log_command:Invoked command in '/home/xyq/Desktop/ros_ws/build/camera_display' returned '0': CMAKE_PREFIX_PATH=/opt/ros/humble /usr/bin/cmake --build /home/xyq/Desktop/ros_ws/build/camera_display -- -j20 -l20
[0.383s] DEBUG:colcon.colcon_core.event_handler.log_command:Invoking command in '/home/xyq/Desktop/ros_ws/build/camera_display': CMAKE_PREFIX_PATH=/opt/ros/humble /usr/bin/cmake --install /home/xyq/Desktop/ros_ws/build/camera_display
[0.383s] DEBUG:colcon.colcon_core.event_handler.log_command:Invoked command in '/home/xyq/Desktop/ros_ws/build/image_processing' returned '0': CMAKE_PREFIX_PATH=/opt/ros/humble /usr/bin/cmake --build /home/xyq/Desktop/ros_ws/build/image_processing -- -j20 -l20
[0.387s] DEBUG:colcon.colcon_core.event_handler.log_command:Invoking command in '/home/xyq/Desktop/ros_ws/build/image_processing': CMAKE_PREFIX_PATH=/opt/ros/humble /usr/bin/cmake --install /home/xyq/Desktop/ros_ws/build/image_processing
[0.389s] DEBUG:colcon.colcon_core.event_handler.log_command:Invoked command in '/home/xyq/Desktop/ros_ws/build/mindvision_camera' returned '0': CMAKE_PREFIX_PATH=/opt/ros/humble /usr/bin/cmake --build /home/xyq/Desktop/ros_ws/build/mindvision_camera -- -j20 -l20
[0.391s] DEBUG:colcon.colcon_core.event_handler.log_command:Invoking command in '/home/xyq/Desktop/ros_ws/build/mindvision_camera': CMAKE_PREFIX_PATH=/opt/ros/humble /usr/bin/cmake --install /home/xyq/Desktop/ros_ws/build/mindvision_camera
[0.398s] Level 1:colcon.colcon_core.environment:create_environment_scripts_only(image_processing)
[0.398s] Level 1:colcon.colcon_core.environment:checking '/home/xyq/Desktop/ros_ws/install/image_processing' for CMake module files
[0.401s] DEBUG:colcon.colcon_core.event_handler.log_command:Invoked command in '/home/xyq/Desktop/ros_ws/build/image_processing' returned '0': CMAKE_PREFIX_PATH=/opt/ros/humble /usr/bin/cmake --install /home/xyq/Desktop/ros_ws/build/image_processing
[0.402s] Level 1:colcon.colcon_core.environment:checking '/home/xyq/Desktop/ros_ws/install/image_processing' for CMake config files
[0.404s] Level 1:colcon.colcon_core.shell:create_environment_hook('image_processing', 'cmake_prefix_path')
[0.405s] INFO:colcon.colcon_core.shell:Creating environment hook '/home/xyq/Desktop/ros_ws/install/image_processing/share/image_processing/hook/cmake_prefix_path.ps1'
[0.406s] INFO:colcon.colcon_core.shell:Creating environment descriptor '/home/xyq/Desktop/ros_ws/install/image_processing/share/image_processing/hook/cmake_prefix_path.dsv'
[0.407s] INFO:colcon.colcon_core.shell:Creating environment hook '/home/xyq/Desktop/ros_ws/install/image_processing/share/image_processing/hook/cmake_prefix_path.sh'
[0.407s] Level 1:colcon.colcon_core.environment:checking '/home/xyq/Desktop/ros_ws/install/image_processing/lib'
[0.408s] Level 1:colcon.colcon_core.environment:checking '/home/xyq/Desktop/ros_ws/install/image_processing/bin'
[0.408s] Level 1:colcon.colcon_core.environment:checking '/home/xyq/Desktop/ros_ws/install/image_processing/lib/pkgconfig/image_processing.pc'
[0.408s] Level 1:colcon.colcon_core.environment:checking '/home/xyq/Desktop/ros_ws/install/image_processing/lib/python3.10/site-packages'
[0.408s] Level 1:colcon.colcon_core.environment:checking '/home/xyq/Desktop/ros_ws/install/image_processing/bin'
[0.408s] INFO:colcon.colcon_core.shell:Creating package script '/home/xyq/Desktop/ros_ws/install/image_processing/share/image_processing/package.ps1'
[0.409s] INFO:colcon.colcon_core.shell:Creating package descriptor '/home/xyq/Desktop/ros_ws/install/image_processing/share/image_processing/package.dsv'
[0.410s] INFO:colcon.colcon_core.shell:Creating package script '/home/xyq/Desktop/ros_ws/install/image_processing/share/image_processing/package.sh'
[0.410s] INFO:colcon.colcon_core.shell:Creating package script '/home/xyq/Desktop/ros_ws/install/image_processing/share/image_processing/package.bash'
[0.410s] INFO:colcon.colcon_core.shell:Creating package script '/home/xyq/Desktop/ros_ws/install/image_processing/share/image_processing/package.zsh'
[0.411s] Level 1:colcon.colcon_core.environment:create_file_with_runtime_dependencies(/home/xyq/Desktop/ros_ws/install/image_processing/share/colcon-core/packages/image_processing)
[0.411s] Level 1:colcon.colcon_core.environment:create_environment_scripts_only(image_processing)
[0.411s] Level 1:colcon.colcon_core.environment:checking '/home/xyq/Desktop/ros_ws/install/image_processing' for CMake module files
[0.412s] Level 1:colcon.colcon_core.environment:checking '/home/xyq/Desktop/ros_ws/install/image_processing' for CMake config files
[0.412s] Level 1:colcon.colcon_core.shell:create_environment_hook('image_processing', 'cmake_prefix_path')
[0.412s] INFO:colcon.colcon_core.shell:Creating environment hook '/home/xyq/Desktop/ros_ws/install/image_processing/share/image_processing/hook/cmake_prefix_path.ps1'
[0.413s] INFO:colcon.colcon_core.shell:Creating environment descriptor '/home/xyq/Desktop/ros_ws/install/image_processing/share/image_processing/hook/cmake_prefix_path.dsv'
[0.413s] INFO:colcon.colcon_core.shell:Creating environment hook '/home/xyq/Desktop/ros_ws/install/image_processing/share/image_processing/hook/cmake_prefix_path.sh'
[0.413s] Level 1:colcon.colcon_core.environment:checking '/home/xyq/Desktop/ros_ws/install/image_processing/lib'
[0.413s] Level 1:colcon.colcon_core.environment:checking '/home/xyq/Desktop/ros_ws/install/image_processing/bin'
[0.413s] Level 1:colcon.colcon_core.environment:checking '/home/xyq/Desktop/ros_ws/install/image_processing/lib/pkgconfig/image_processing.pc'
[0.413s] Level 1:colcon.colcon_core.environment:checking '/home/xyq/Desktop/ros_ws/install/image_processing/lib/python3.10/site-packages'
[0.414s] Level 1:colcon.colcon_core.environment:checking '/home/xyq/Desktop/ros_ws/install/image_processing/bin'
[0.414s] INFO:colcon.colcon_core.shell:Creating package script '/home/xyq/Desktop/ros_ws/install/image_processing/share/image_processing/package.ps1'
[0.415s] INFO:colcon.colcon_core.shell:Creating package descriptor '/home/xyq/Desktop/ros_ws/install/image_processing/share/image_processing/package.dsv'
[0.415s] INFO:colcon.colcon_core.shell:Creating package script '/home/xyq/Desktop/ros_ws/install/image_processing/share/image_processing/package.sh'
[0.415s] INFO:colcon.colcon_core.shell:Creating package script '/home/xyq/Desktop/ros_ws/install/image_processing/share/image_processing/package.bash'
[0.415s] INFO:colcon.colcon_core.shell:Creating package script '/home/xyq/Desktop/ros_ws/install/image_processing/share/image_processing/package.zsh'
[0.416s] Level 1:colcon.colcon_core.environment:create_file_with_runtime_dependencies(/home/xyq/Desktop/ros_ws/install/image_processing/share/colcon-core/packages/image_processing)
[0.416s] Level 1:colcon.colcon_core.environment:create_environment_scripts_only(camera_display)
[0.417s] Level 1:colcon.colcon_core.environment:checking '/home/xyq/Desktop/ros_ws/install/camera_display' for CMake module files
[0.418s] DEBUG:colcon.colcon_core.event_handler.log_command:Invoked command in '/home/xyq/Desktop/ros_ws/build/camera_display' returned '0': CMAKE_PREFIX_PATH=/opt/ros/humble /usr/bin/cmake --install /home/xyq/Desktop/ros_ws/build/camera_display
[0.419s] Level 1:colcon.colcon_core.environment:checking '/home/xyq/Desktop/ros_ws/install/camera_display' for CMake config files
[0.419s] Level 1:colcon.colcon_core.shell:create_environment_hook('camera_display', 'cmake_prefix_path')
[0.419s] INFO:colcon.colcon_core.shell:Creating environment hook '/home/xyq/Desktop/ros_ws/install/camera_display/share/camera_display/hook/cmake_prefix_path.ps1'
[0.420s] INFO:colcon.colcon_core.shell:Creating environment descriptor '/home/xyq/Desktop/ros_ws/install/camera_display/share/camera_display/hook/cmake_prefix_path.dsv'
[0.421s] INFO:colcon.colcon_core.shell:Creating environment hook '/home/xyq/Desktop/ros_ws/install/camera_display/share/camera_display/hook/cmake_prefix_path.sh'
[0.422s] Level 1:colcon.colcon_core.environment:checking '/home/xyq/Desktop/ros_ws/install/camera_display/lib'
[0.422s] Level 1:colcon.colcon_core.environment:checking '/home/xyq/Desktop/ros_ws/install/camera_display/bin'
[0.422s] Level 1:colcon.colcon_core.environment:checking '/home/xyq/Desktop/ros_ws/install/camera_display/lib/pkgconfig/camera_display.pc'
[0.422s] Level 1:colcon.colcon_core.environment:checking '/home/xyq/Desktop/ros_ws/install/camera_display/lib/python3.10/site-packages'
[0.422s] Level 1:colcon.colcon_core.environment:checking '/home/xyq/Desktop/ros_ws/install/camera_display/bin'
[0.423s] INFO:colcon.colcon_core.shell:Creating package script '/home/xyq/Desktop/ros_ws/install/camera_display/share/camera_display/package.ps1'
[0.424s] INFO:colcon.colcon_core.shell:Creating package descriptor '/home/xyq/Desktop/ros_ws/install/camera_display/share/camera_display/package.dsv'
[0.424s] INFO:colcon.colcon_core.shell:Creating package script '/home/xyq/Desktop/ros_ws/install/camera_display/share/camera_display/package.sh'
[0.425s] INFO:colcon.colcon_core.shell:Creating package script '/home/xyq/Desktop/ros_ws/install/camera_display/share/camera_display/package.bash'
[0.425s] INFO:colcon.colcon_core.shell:Creating package script '/home/xyq/Desktop/ros_ws/install/camera_display/share/camera_display/package.zsh'
[0.425s] Level 1:colcon.colcon_core.environment:create_file_with_runtime_dependencies(/home/xyq/Desktop/ros_ws/install/camera_display/share/colcon-core/packages/camera_display)
[0.426s] Level 1:colcon.colcon_core.environment:create_environment_scripts_only(camera_display)
[0.427s] Level 1:colcon.colcon_core.environment:checking '/home/xyq/Desktop/ros_ws/install/camera_display' for CMake module files
[0.427s] Level 1:colcon.colcon_core.environment:checking '/home/xyq/Desktop/ros_ws/install/camera_display' for CMake config files
[0.428s] Level 1:colcon.colcon_core.shell:create_environment_hook('camera_display', 'cmake_prefix_path')
[0.428s] INFO:colcon.colcon_core.shell:Creating environment hook '/home/xyq/Desktop/ros_ws/install/camera_display/share/camera_display/hook/cmake_prefix_path.ps1'
[0.430s] INFO:colcon.colcon_core.shell:Creating environment descriptor '/home/xyq/Desktop/ros_ws/install/camera_display/share/camera_display/hook/cmake_prefix_path.dsv'
[0.430s] INFO:colcon.colcon_core.shell:Creating environment hook '/home/xyq/Desktop/ros_ws/install/camera_display/share/camera_display/hook/cmake_prefix_path.sh'
[0.431s] Level 1:colcon.colcon_core.environment:checking '/home/xyq/Desktop/ros_ws/install/camera_display/lib'
[0.431s] Level 1:colcon.colcon_core.environment:checking '/home/xyq/Desktop/ros_ws/install/camera_display/bin'
[0.431s] Level 1:colcon.colcon_core.environment:checking '/home/xyq/Desktop/ros_ws/install/camera_display/lib/pkgconfig/camera_display.pc'
[0.432s] Level 1:colcon.colcon_core.environment:checking '/home/xyq/Desktop/ros_ws/install/camera_display/lib/python3.10/site-packages'
[0.432s] Level 1:colcon.colcon_core.environment:checking '/home/xyq/Desktop/ros_ws/install/camera_display/bin'
[0.432s] INFO:colcon.colcon_core.shell:Creating package script '/home/xyq/Desktop/ros_ws/install/camera_display/share/camera_display/package.ps1'
[0.433s] INFO:colcon.colcon_core.shell:Creating package descriptor '/home/xyq/Desktop/ros_ws/install/camera_display/share/camera_display/package.dsv'
[0.434s] INFO:colcon.colcon_core.shell:Creating package script '/home/xyq/Desktop/ros_ws/install/camera_display/share/camera_display/package.sh'
[0.434s] INFO:colcon.colcon_core.shell:Creating package script '/home/xyq/Desktop/ros_ws/install/camera_display/share/camera_display/package.bash'
[0.435s] INFO:colcon.colcon_core.shell:Creating package script '/home/xyq/Desktop/ros_ws/install/camera_display/share/camera_display/package.zsh'
[0.435s] Level 1:colcon.colcon_core.environment:create_file_with_runtime_dependencies(/home/xyq/Desktop/ros_ws/install/camera_display/share/colcon-core/packages/camera_display)
[0.438s] Level 1:colcon.colcon_core.environment:create_environment_scripts_only(mindvision_camera)
[0.438s] Level 1:colcon.colcon_core.environment:checking '/home/xyq/Desktop/ros_ws/install/mindvision_camera' for CMake module files
[0.439s] DEBUG:colcon.colcon_core.event_handler.log_command:Invoked command in '/home/xyq/Desktop/ros_ws/build/mindvision_camera' returned '0': CMAKE_PREFIX_PATH=/opt/ros/humble /usr/bin/cmake --install /home/xyq/Desktop/ros_ws/build/mindvision_camera
[0.440s] Level 1:colcon.colcon_core.environment:checking '/home/xyq/Desktop/ros_ws/install/mindvision_camera' for CMake config files
[0.440s] Level 1:colcon.colcon_core.shell:create_environment_hook('mindvision_camera', 'cmake_prefix_path')
[0.440s] INFO:colcon.colcon_core.shell:Creating environment hook '/home/xyq/Desktop/ros_ws/install/mindvision_camera/share/mindvision_camera/hook/cmake_prefix_path.ps1'
[0.441s] INFO:colcon.colcon_core.shell:Creating environment descriptor '/home/xyq/Desktop/ros_ws/install/mindvision_camera/share/mindvision_camera/hook/cmake_prefix_path.dsv'
[0.442s] INFO:colcon.colcon_core.shell:Creating environment hook '/home/xyq/Desktop/ros_ws/install/mindvision_camera/share/mindvision_camera/hook/cmake_prefix_path.sh'
[0.442s] Level 1:colcon.colcon_core.environment:checking '/home/xyq/Desktop/ros_ws/install/mindvision_camera/lib'
[0.442s] Level 1:colcon.colcon_core.shell:create_environment_hook('mindvision_camera', 'ld_library_path_lib')
[0.443s] INFO:colcon.colcon_core.shell:Creating environment hook '/home/xyq/Desktop/ros_ws/install/mindvision_camera/share/mindvision_camera/hook/ld_library_path_lib.ps1'
[0.443s] INFO:colcon.colcon_core.shell:Creating environment descriptor '/home/xyq/Desktop/ros_ws/install/mindvision_camera/share/mindvision_camera/hook/ld_library_path_lib.dsv'
[0.443s] INFO:colcon.colcon_core.shell:Creating environment hook '/home/xyq/Desktop/ros_ws/install/mindvision_camera/share/mindvision_camera/hook/ld_library_path_lib.sh'
[0.444s] Level 1:colcon.colcon_core.environment:checking '/home/xyq/Desktop/ros_ws/install/mindvision_camera/bin'
[0.444s] Level 1:colcon.colcon_core.environment:checking '/home/xyq/Desktop/ros_ws/install/mindvision_camera/lib/pkgconfig/mindvision_camera.pc'
[0.444s] Level 1:colcon.colcon_core.environment:checking '/home/xyq/Desktop/ros_ws/install/mindvision_camera/lib/python3.10/site-packages'
[0.444s] Level 1:colcon.colcon_core.environment:checking '/home/xyq/Desktop/ros_ws/install/mindvision_camera/bin'
[0.444s] INFO:colcon.colcon_core.shell:Creating package script '/home/xyq/Desktop/ros_ws/install/mindvision_camera/share/mindvision_camera/package.ps1'
[0.446s] INFO:colcon.colcon_core.shell:Creating package descriptor '/home/xyq/Desktop/ros_ws/install/mindvision_camera/share/mindvision_camera/package.dsv'
[0.447s] INFO:colcon.colcon_core.shell:Creating package script '/home/xyq/Desktop/ros_ws/install/mindvision_camera/share/mindvision_camera/package.sh'
[0.449s] INFO:colcon.colcon_core.shell:Creating package script '/home/xyq/Desktop/ros_ws/install/mindvision_camera/share/mindvision_camera/package.bash'
[0.450s] INFO:colcon.colcon_core.shell:Creating package script '/home/xyq/Desktop/ros_ws/install/mindvision_camera/share/mindvision_camera/package.zsh'
[0.451s] Level 1:colcon.colcon_core.environment:create_file_with_runtime_dependencies(/home/xyq/Desktop/ros_ws/install/mindvision_camera/share/colcon-core/packages/mindvision_camera)
[0.452s] Level 1:colcon.colcon_core.environment:create_environment_scripts_only(mindvision_camera)
[0.452s] Level 1:colcon.colcon_core.environment:checking '/home/xyq/Desktop/ros_ws/install/mindvision_camera' for CMake module files
[0.453s] Level 1:colcon.colcon_core.environment:checking '/home/xyq/Desktop/ros_ws/install/mindvision_camera' for CMake config files
[0.454s] Level 1:colcon.colcon_core.shell:create_environment_hook('mindvision_camera', 'cmake_prefix_path')
[0.454s] INFO:colcon.colcon_core.shell:Creating environment hook '/home/xyq/Desktop/ros_ws/install/mindvision_camera/share/mindvision_camera/hook/cmake_prefix_path.ps1'
[0.455s] INFO:colcon.colcon_core.shell:Creating environment descriptor '/home/xyq/Desktop/ros_ws/install/mindvision_camera/share/mindvision_camera/hook/cmake_prefix_path.dsv'
[0.456s] INFO:colcon.colcon_core.shell:Creating environment hook '/home/xyq/Desktop/ros_ws/install/mindvision_camera/share/mindvision_camera/hook/cmake_prefix_path.sh'
[0.457s] Level 1:colcon.colcon_core.environment:checking '/home/xyq/Desktop/ros_ws/install/mindvision_camera/lib'
[0.457s] Level 1:colcon.colcon_core.shell:create_environment_hook('mindvision_camera', 'ld_library_path_lib')
[0.458s] INFO:colcon.colcon_core.shell:Creating environment hook '/home/xyq/Desktop/ros_ws/install/mindvision_camera/share/mindvision_camera/hook/ld_library_path_lib.ps1'
[0.458s] INFO:colcon.colcon_core.shell:Creating environment descriptor '/home/xyq/Desktop/ros_ws/install/mindvision_camera/share/mindvision_camera/hook/ld_library_path_lib.dsv'
[0.459s] INFO:colcon.colcon_core.shell:Creating environment hook '/home/xyq/Desktop/ros_ws/install/mindvision_camera/share/mindvision_camera/hook/ld_library_path_lib.sh'
[0.459s] Level 1:colcon.colcon_core.environment:checking '/home/xyq/Desktop/ros_ws/install/mindvision_camera/bin'
[0.459s] Level 1:colcon.colcon_core.environment:checking '/home/xyq/Desktop/ros_ws/install/mindvision_camera/lib/pkgconfig/mindvision_camera.pc'
[0.460s] Level 1:colcon.colcon_core.environment:checking '/home/xyq/Desktop/ros_ws/install/mindvision_camera/lib/python3.10/site-packages'
[0.460s] Level 1:colcon.colcon_core.environment:checking '/home/xyq/Desktop/ros_ws/install/mindvision_camera/bin'
[0.460s] INFO:colcon.colcon_core.shell:Creating package script '/home/xyq/Desktop/ros_ws/install/mindvision_camera/share/mindvision_camera/package.ps1'
[0.461s] INFO:colcon.colcon_core.shell:Creating package descriptor '/home/xyq/Desktop/ros_ws/install/mindvision_camera/share/mindvision_camera/package.dsv'
[0.462s] INFO:colcon.colcon_core.shell:Creating package script '/home/xyq/Desktop/ros_ws/install/mindvision_camera/share/mindvision_camera/package.sh'
[0.463s] INFO:colcon.colcon_core.shell:Creating package script '/home/xyq/Desktop/ros_ws/install/mindvision_camera/share/mindvision_camera/package.bash'
[0.463s] INFO:colcon.colcon_core.shell:Creating package script '/home/xyq/Desktop/ros_ws/install/mindvision_camera/share/mindvision_camera/package.zsh'
[0.464s] Level 1:colcon.colcon_core.environment:create_file_with_runtime_dependencies(/home/xyq/Desktop/ros_ws/install/mindvision_camera/share/colcon-core/packages/mindvision_camera)
[0.633s] DEBUG:colcon.colcon_core.event_handler.log_command:Invoked command in '/home/xyq/Desktop/ros_ws/build/camera_interface' returned '0': CMAKE_PREFIX_PATH=/opt/ros/humble /usr/bin/cmake --build /home/xyq/Desktop/ros_ws/build/camera_interface -- -j20 -l20
[0.635s] DEBUG:colcon.colcon_core.event_handler.log_command:Invoking command in '/home/xyq/Desktop/ros_ws/build/camera_interface': CMAKE_PREFIX_PATH=/opt/ros/humble /usr/bin/cmake --install /home/xyq/Desktop/ros_ws/build/camera_interface
[0.686s] Level 1:colcon.colcon_core.environment:create_environment_scripts_only(camera_interface)
[0.687s] Level 1:colcon.colcon_core.environment:checking '/home/xyq/Desktop/ros_ws/install/camera_interface' for CMake module files
[0.687s] DEBUG:colcon.colcon_core.event_handler.log_command:Invoked command in '/home/xyq/Desktop/ros_ws/build/camera_interface' returned '0': CMAKE_PREFIX_PATH=/opt/ros/humble /usr/bin/cmake --install /home/xyq/Desktop/ros_ws/build/camera_interface
[0.688s] Level 1:colcon.colcon_core.environment:checking '/home/xyq/Desktop/ros_ws/install/camera_interface' for CMake config files
[0.689s] Level 1:colcon.colcon_core.shell:create_environment_hook('camera_interface', 'cmake_prefix_path')
[0.689s] INFO:colcon.colcon_core.shell:Creating environment hook '/home/xyq/Desktop/ros_ws/install/camera_interface/share/camera_interface/hook/cmake_prefix_path.ps1'
[0.690s] INFO:colcon.colcon_core.shell:Creating environment descriptor '/home/xyq/Desktop/ros_ws/install/camera_interface/share/camera_interface/hook/cmake_prefix_path.dsv'
[0.690s] INFO:colcon.colcon_core.shell:Creating environment hook '/home/xyq/Desktop/ros_ws/install/camera_interface/share/camera_interface/hook/cmake_prefix_path.sh'
[0.691s] Level 1:colcon.colcon_core.environment:checking '/home/xyq/Desktop/ros_ws/install/camera_interface/lib'
[0.691s] Level 1:colcon.colcon_core.shell:create_environment_hook('camera_interface', 'ld_library_path_lib')
[0.691s] INFO:colcon.colcon_core.shell:Creating environment hook '/home/xyq/Desktop/ros_ws/install/camera_interface/share/camera_interface/hook/ld_library_path_lib.ps1'
[0.692s] INFO:colcon.colcon_core.shell:Creating environment descriptor '/home/xyq/Desktop/ros_ws/install/camera_interface/share/camera_interface/hook/ld_library_path_lib.dsv'
[0.692s] INFO:colcon.colcon_core.shell:Creating environment hook '/home/xyq/Desktop/ros_ws/install/camera_interface/share/camera_interface/hook/ld_library_path_lib.sh'
[0.692s] Level 1:colcon.colcon_core.environment:checking '/home/xyq/Desktop/ros_ws/install/camera_interface/bin'
[0.692s] Level 1:colcon.colcon_core.environment:checking '/home/xyq/Desktop/ros_ws/install/camera_interface/lib/pkgconfig/camera_interface.pc'
[0.692s] Level 1:colcon.colcon_core.environment:checking '/home/xyq/Desktop/ros_ws/install/camera_interface/lib/python3.10/site-packages'
[0.692s] Level 1:colcon.colcon_core.environment:checking '/home/xyq/Desktop/ros_ws/install/camera_interface/bin'
[0.693s] INFO:colcon.colcon_core.shell:Creating package script '/home/xyq/Desktop/ros_ws/install/camera_interface/share/camera_interface/package.ps1'
[0.693s] INFO:colcon.colcon_core.shell:Creating package descriptor '/home/xyq/Desktop/ros_ws/install/camera_interface/share/camera_interface/package.dsv'
[0.693s] INFO:colcon.colcon_core.shell:Creating package script '/home/xyq/Desktop/ros_ws/install/camera_interface/share/camera_interface/package.sh'
[0.694s] INFO:colcon.colcon_core.shell:Creating package script '/home/xyq/Desktop/ros_ws/install/camera_interface/share/camera_interface/package.bash'
[0.694s] INFO:colcon.colcon_core.shell:Creating package script '/home/xyq/Desktop/ros_ws/install/camera_interface/share/camera_interface/package.zsh'
[0.694s] Level 1:colcon.colcon_core.environment:create_file_with_runtime_dependencies(/home/xyq/Desktop/ros_ws/install/camera_interface/share/colcon-core/packages/camera_interface)
[0.695s] Level 1:colcon.colcon_core.environment:create_environment_scripts_only(camera_interface)
[0.695s] Level 1:colcon.colcon_core.environment:checking '/home/xyq/Desktop/ros_ws/install/camera_interface' for CMake module files
[0.695s] Level 1:colcon.colcon_core.environment:checking '/home/xyq/Desktop/ros_ws/install/camera_interface' for CMake config files
[0.695s] Level 1:colcon.colcon_core.shell:create_environment_hook('camera_interface', 'cmake_prefix_path')
[0.696s] INFO:colcon.colcon_core.shell:Creating environment hook '/home/xyq/Desktop/ros_ws/install/camera_interface/share/camera_interface/hook/cmake_prefix_path.ps1'
[0.696s] INFO:colcon.colcon_core.shell:Creating environment descriptor '/home/xyq/Desktop/ros_ws/install/camera_interface/share/camera_interface/hook/cmake_prefix_path.dsv'
[0.696s] INFO:colcon.colcon_core.shell:Creating environment hook '/home/xyq/Desktop/ros_ws/install/camera_interface/share/camera_interface/hook/cmake_prefix_path.sh'
[0.697s] Level 1:colcon.colcon_core.environment:checking '/home/xyq/Desktop/ros_ws/install/camera_interface/lib'
[0.697s] Level 1:colcon.colcon_core.shell:create_environment_hook('camera_interface', 'ld_library_path_lib')
[0.697s] INFO:colcon.colcon_core.shell:Creating environment hook '/home/xyq/Desktop/ros_ws/install/camera_interface/share/camera_interface/hook/ld_library_path_lib.ps1'
[0.697s] INFO:colcon.colcon_core.shell:Creating environment descriptor '/home/xyq/Desktop/ros_ws/install/camera_interface/share/camera_interface/hook/ld_library_path_lib.dsv'
[0.697s] INFO:colcon.colcon_core.shell:Creating environment hook '/home/xyq/Desktop/ros_ws/install/camera_interface/share/camera_interface/hook/ld_library_path_lib.sh'
[0.697s] Level 1:colcon.colcon_core.environment:checking '/home/xyq/Desktop/ros_ws/install/camera_interface/bin'
[0.697s] Level 1:colcon.colcon_core.environment:checking '/home/xyq/Desktop/ros_ws/install/camera_interface/lib/pkgconfig/camera_interface.pc'
[0.698s] Level 1:colcon.colcon_core.environment:checking '/home/xyq/Desktop/ros_ws/install/camera_interface/lib/python3.10/site-packages'
[0.698s] Level 1:colcon.colcon_core.environment:checking '/home/xyq/Desktop/ros_ws/install/camera_interface/bin'
[0.698s] INFO:colcon.colcon_core.shell:Creating package script '/home/xyq/Desktop/ros_ws/install/camera_interface/share/camera_interface/package.ps1'
[0.698s] INFO:colcon.colcon_core.shell:Creating package descriptor '/home/xyq/Desktop/ros_ws/install/camera_interface/share/camera_interface/package.dsv'
[0.699s] INFO:colcon.colcon_core.shell:Creating package script '/home/xyq/Desktop/ros_ws/install/camera_interface/share/camera_interface/package.sh'
[0.699s] INFO:colcon.colcon_core.shell:Creating package script '/home/xyq/Desktop/ros_ws/install/camera_interface/share/camera_interface/package.bash'
[0.699s] INFO:colcon.colcon_core.shell:Creating package script '/home/xyq/Desktop/ros_ws/install/camera_interface/share/camera_interface/package.zsh'
[0.699s] Level 1:colcon.colcon_core.environment:create_file_with_runtime_dependencies(/home/xyq/Desktop/ros_ws/install/camera_interface/share/colcon-core/packages/camera_interface)
[0.700s] INFO:colcon.colcon_ros.task.ament_cmake.build:Building ROS package in '/home/xyq/Desktop/ros_ws/src/corner_detection' with build type 'ament_cmake'
[0.700s] INFO:colcon.colcon_cmake.task.cmake.build:Building CMake package in '/home/xyq/Desktop/ros_ws/src/corner_detection'
[0.701s] INFO:colcon.colcon_core.shell:Skip shell extension 'powershell' for command environment: Not usable outside of PowerShell
[0.701s] DEBUG:colcon.colcon_core.shell:Skip shell extension 'dsv' for command environment
[0.704s] INFO:colcon.colcon_ros.task.ament_cmake.build:Building ROS package in '/home/xyq/Desktop/ros_ws/src/pose_resolve' with build type 'ament_cmake'
[0.704s] INFO:colcon.colcon_cmake.task.cmake.build:Building CMake package in '/home/xyq/Desktop/ros_ws/src/pose_resolve'
[0.704s] INFO:colcon.colcon_core.shell:Skip shell extension 'powershell' for command environment: Not usable outside of PowerShell
[0.704s] DEBUG:colcon.colcon_core.shell:Skip shell extension 'dsv' for command environment
[0.714s] DEBUG:colcon.colcon_core.event_handler.log_command:Invoking command in '/home/xyq/Desktop/ros_ws/build/corner_detection': AMENT_PREFIX_PATH=/home/xyq/Desktop/ros_ws/install/camera_interface:${AMENT_PREFIX_PATH} CMAKE_PREFIX_PATH=/home/xyq/Desktop/ros_ws/install/camera_interface:/opt/ros/humble LD_LIBRARY_PATH=/home/xyq/Desktop/ros_ws/install/camera_interface/lib:${LD_LIBRARY_PATH} PYTHONPATH=/home/xyq/Desktop/ros_ws/install/camera_interface/local/lib/python3.10/dist-packages:${PYTHONPATH} /usr/bin/cmake --build /home/xyq/Desktop/ros_ws/build/corner_detection -- -j20 -l20
[0.718s] DEBUG:colcon.colcon_core.event_handler.log_command:Invoking command in '/home/xyq/Desktop/ros_ws/build/pose_resolve': AMENT_PREFIX_PATH=/home/xyq/Desktop/ros_ws/install/camera_interface:${AMENT_PREFIX_PATH} CMAKE_PREFIX_PATH=/home/xyq/Desktop/ros_ws/install/camera_interface:/opt/ros/humble LD_LIBRARY_PATH=/home/xyq/Desktop/ros_ws/install/camera_interface/lib:${LD_LIBRARY_PATH} PYTHONPATH=/home/xyq/Desktop/ros_ws/install/camera_interface/local/lib/python3.10/dist-packages:${PYTHONPATH} /usr/bin/cmake --build /home/xyq/Desktop/ros_ws/build/pose_resolve -- -j20 -l20
[0.785s] DEBUG:colcon.colcon_core.event_handler.log_command:Invoked command in '/home/xyq/Desktop/ros_ws/build/corner_detection' returned '0': AMENT_PREFIX_PATH=/home/xyq/Desktop/ros_ws/install/camera_interface:${AMENT_PREFIX_PATH} CMAKE_PREFIX_PATH=/home/xyq/Desktop/ros_ws/install/camera_interface:/opt/ros/humble LD_LIBRARY_PATH=/home/xyq/Desktop/ros_ws/install/camera_interface/lib:${LD_LIBRARY_PATH} PYTHONPATH=/home/xyq/Desktop/ros_ws/install/camera_interface/local/lib/python3.10/dist-packages:${PYTHONPATH} /usr/bin/cmake --build /home/xyq/Desktop/ros_ws/build/corner_detection -- -j20 -l20
[0.788s] DEBUG:colcon.colcon_core.event_handler.log_command:Invoking command in '/home/xyq/Desktop/ros_ws/build/corner_detection': AMENT_PREFIX_PATH=/home/xyq/Desktop/ros_ws/install/camera_interface:${AMENT_PREFIX_PATH} CMAKE_PREFIX_PATH=/home/xyq/Desktop/ros_ws/install/camera_interface:/opt/ros/humble LD_LIBRARY_PATH=/home/xyq/Desktop/ros_ws/install/camera_interface/lib:${LD_LIBRARY_PATH} PYTHONPATH=/home/xyq/Desktop/ros_ws/install/camera_interface/local/lib/python3.10/dist-packages:${PYTHONPATH} /usr/bin/cmake --install /home/xyq/Desktop/ros_ws/build/corner_detection
[0.800s] Level 1:colcon.colcon_core.environment:create_environment_scripts_only(corner_detection)
[0.801s] Level 1:colcon.colcon_core.environment:checking '/home/xyq/Desktop/ros_ws/install/corner_detection' for CMake module files
[0.801s] DEBUG:colcon.colcon_core.event_handler.log_command:Invoked command in '/home/xyq/Desktop/ros_ws/build/corner_detection' returned '0': AMENT_PREFIX_PATH=/home/xyq/Desktop/ros_ws/install/camera_interface:${AMENT_PREFIX_PATH} CMAKE_PREFIX_PATH=/home/xyq/Desktop/ros_ws/install/camera_interface:/opt/ros/humble LD_LIBRARY_PATH=/home/xyq/Desktop/ros_ws/install/camera_interface/lib:${LD_LIBRARY_PATH} PYTHONPATH=/home/xyq/Desktop/ros_ws/install/camera_interface/local/lib/python3.10/dist-packages:${PYTHONPATH} /usr/bin/cmake --install /home/xyq/Desktop/ros_ws/build/corner_detection
[0.801s] Level 1:colcon.colcon_core.environment:checking '/home/xyq/Desktop/ros_ws/install/corner_detection' for CMake config files
[0.802s] Level 1:colcon.colcon_core.shell:create_environment_hook('corner_detection', 'cmake_prefix_path')
[0.802s] INFO:colcon.colcon_core.shell:Creating environment hook '/home/xyq/Desktop/ros_ws/install/corner_detection/share/corner_detection/hook/cmake_prefix_path.ps1'
[0.802s] INFO:colcon.colcon_core.shell:Creating environment descriptor '/home/xyq/Desktop/ros_ws/install/corner_detection/share/corner_detection/hook/cmake_prefix_path.dsv'
[0.802s] INFO:colcon.colcon_core.shell:Creating environment hook '/home/xyq/Desktop/ros_ws/install/corner_detection/share/corner_detection/hook/cmake_prefix_path.sh'
[0.803s] Level 1:colcon.colcon_core.environment:checking '/home/xyq/Desktop/ros_ws/install/corner_detection/lib'
[0.803s] Level 1:colcon.colcon_core.environment:checking '/home/xyq/Desktop/ros_ws/install/corner_detection/bin'
[0.803s] Level 1:colcon.colcon_core.environment:checking '/home/xyq/Desktop/ros_ws/install/corner_detection/lib/pkgconfig/corner_detection.pc'
[0.803s] Level 1:colcon.colcon_core.environment:checking '/home/xyq/Desktop/ros_ws/install/corner_detection/lib/python3.10/site-packages'
[0.803s] Level 1:colcon.colcon_core.environment:checking '/home/xyq/Desktop/ros_ws/install/corner_detection/bin'
[0.803s] INFO:colcon.colcon_core.shell:Creating package script '/home/xyq/Desktop/ros_ws/install/corner_detection/share/corner_detection/package.ps1'
[0.804s] INFO:colcon.colcon_core.shell:Creating package descriptor '/home/xyq/Desktop/ros_ws/install/corner_detection/share/corner_detection/package.dsv'
[0.804s] INFO:colcon.colcon_core.shell:Creating package script '/home/xyq/Desktop/ros_ws/install/corner_detection/share/corner_detection/package.sh'
[0.805s] INFO:colcon.colcon_core.shell:Creating package script '/home/xyq/Desktop/ros_ws/install/corner_detection/share/corner_detection/package.bash'
[0.805s] INFO:colcon.colcon_core.shell:Creating package script '/home/xyq/Desktop/ros_ws/install/corner_detection/share/corner_detection/package.zsh'
[0.805s] Level 1:colcon.colcon_core.environment:create_file_with_runtime_dependencies(/home/xyq/Desktop/ros_ws/install/corner_detection/share/colcon-core/packages/corner_detection)
[0.806s] Level 1:colcon.colcon_core.environment:create_environment_scripts_only(corner_detection)
[0.806s] Level 1:colcon.colcon_core.environment:checking '/home/xyq/Desktop/ros_ws/install/corner_detection' for CMake module files
[0.806s] Level 1:colcon.colcon_core.environment:checking '/home/xyq/Desktop/ros_ws/install/corner_detection' for CMake config files
[0.807s] Level 1:colcon.colcon_core.shell:create_environment_hook('corner_detection', 'cmake_prefix_path')
[0.807s] INFO:colcon.colcon_core.shell:Creating environment hook '/home/xyq/Desktop/ros_ws/install/corner_detection/share/corner_detection/hook/cmake_prefix_path.ps1'
[0.807s] INFO:colcon.colcon_core.shell:Creating environment descriptor '/home/xyq/Desktop/ros_ws/install/corner_detection/share/corner_detection/hook/cmake_prefix_path.dsv'
[0.808s] INFO:colcon.colcon_core.shell:Creating environment hook '/home/xyq/Desktop/ros_ws/install/corner_detection/share/corner_detection/hook/cmake_prefix_path.sh'
[0.808s] Level 1:colcon.colcon_core.environment:checking '/home/xyq/Desktop/ros_ws/install/corner_detection/lib'
[0.808s] Level 1:colcon.colcon_core.environment:checking '/home/xyq/Desktop/ros_ws/install/corner_detection/bin'
[0.808s] Level 1:colcon.colcon_core.environment:checking '/home/xyq/Desktop/ros_ws/install/corner_detection/lib/pkgconfig/corner_detection.pc'
[0.809s] Level 1:colcon.colcon_core.environment:checking '/home/xyq/Desktop/ros_ws/install/corner_detection/lib/python3.10/site-packages'
[0.809s] Level 1:colcon.colcon_core.environment:checking '/home/xyq/Desktop/ros_ws/install/corner_detection/bin'
[0.809s] INFO:colcon.colcon_core.shell:Creating package script '/home/xyq/Desktop/ros_ws/install/corner_detection/share/corner_detection/package.ps1'
[0.810s] INFO:colcon.colcon_core.shell:Creating package descriptor '/home/xyq/Desktop/ros_ws/install/corner_detection/share/corner_detection/package.dsv'
[0.810s] INFO:colcon.colcon_core.shell:Creating package script '/home/xyq/Desktop/ros_ws/install/corner_detection/share/corner_detection/package.sh'
[0.811s] INFO:colcon.colcon_core.shell:Creating package script '/home/xyq/Desktop/ros_ws/install/corner_detection/share/corner_detection/package.bash'
[0.811s] INFO:colcon.colcon_core.shell:Creating package script '/home/xyq/Desktop/ros_ws/install/corner_detection/share/corner_detection/package.zsh'
[0.811s] Level 1:colcon.colcon_core.environment:create_file_with_runtime_dependencies(/home/xyq/Desktop/ros_ws/install/corner_detection/share/colcon-core/packages/corner_detection)
[9.531s] DEBUG:colcon.colcon_core.event_handler.log_command:Invoked command in '/home/xyq/Desktop/ros_ws/build/pose_resolve' returned '0': AMENT_PREFIX_PATH=/home/xyq/Desktop/ros_ws/install/camera_interface:${AMENT_PREFIX_PATH} CMAKE_PREFIX_PATH=/home/xyq/Desktop/ros_ws/install/camera_interface:/opt/ros/humble LD_LIBRARY_PATH=/home/xyq/Desktop/ros_ws/install/camera_interface/lib:${LD_LIBRARY_PATH} PYTHONPATH=/home/xyq/Desktop/ros_ws/install/camera_interface/local/lib/python3.10/dist-packages:${PYTHONPATH} /usr/bin/cmake --build /home/xyq/Desktop/ros_ws/build/pose_resolve -- -j20 -l20
[9.532s] DEBUG:colcon.colcon_core.event_handler.log_command:Invoking command in '/home/xyq/Desktop/ros_ws/build/pose_resolve': AMENT_PREFIX_PATH=/home/xyq/Desktop/ros_ws/install/camera_interface:${AMENT_PREFIX_PATH} CMAKE_PREFIX_PATH=/home/xyq/Desktop/ros_ws/install/camera_interface:/opt/ros/humble LD_LIBRARY_PATH=/home/xyq/Desktop/ros_ws/install/camera_interface/lib:${LD_LIBRARY_PATH} PYTHONPATH=/home/xyq/Desktop/ros_ws/install/camera_interface/local/lib/python3.10/dist-packages:${PYTHONPATH} /usr/bin/cmake --install /home/xyq/Desktop/ros_ws/build/pose_resolve
[9.543s] Level 1:colcon.colcon_core.environment:create_environment_scripts_only(pose_resolve)
[9.543s] Level 1:colcon.colcon_core.environment:checking '/home/xyq/Desktop/ros_ws/install/pose_resolve' for CMake module files
[9.544s] DEBUG:colcon.colcon_core.event_handler.log_command:Invoked command in '/home/xyq/Desktop/ros_ws/build/pose_resolve' returned '0': AMENT_PREFIX_PATH=/home/xyq/Desktop/ros_ws/install/camera_interface:${AMENT_PREFIX_PATH} CMAKE_PREFIX_PATH=/home/xyq/Desktop/ros_ws/install/camera_interface:/opt/ros/humble LD_LIBRARY_PATH=/home/xyq/Desktop/ros_ws/install/camera_interface/lib:${LD_LIBRARY_PATH} PYTHONPATH=/home/xyq/Desktop/ros_ws/install/camera_interface/local/lib/python3.10/dist-packages:${PYTHONPATH} /usr/bin/cmake --install /home/xyq/Desktop/ros_ws/build/pose_resolve
[9.544s] Level 1:colcon.colcon_core.environment:checking '/home/xyq/Desktop/ros_ws/install/pose_resolve' for CMake config files
[9.545s] Level 1:colcon.colcon_core.shell:create_environment_hook('pose_resolve', 'cmake_prefix_path')
[9.545s] INFO:colcon.colcon_core.shell:Creating environment hook '/home/xyq/Desktop/ros_ws/install/pose_resolve/share/pose_resolve/hook/cmake_prefix_path.ps1'
[9.545s] INFO:colcon.colcon_core.shell:Creating environment descriptor '/home/xyq/Desktop/ros_ws/install/pose_resolve/share/pose_resolve/hook/cmake_prefix_path.dsv'
[9.545s] INFO:colcon.colcon_core.shell:Creating environment hook '/home/xyq/Desktop/ros_ws/install/pose_resolve/share/pose_resolve/hook/cmake_prefix_path.sh'
[9.546s] Level 1:colcon.colcon_core.environment:checking '/home/xyq/Desktop/ros_ws/install/pose_resolve/lib'
[9.546s] Level 1:colcon.colcon_core.environment:checking '/home/xyq/Desktop/ros_ws/install/pose_resolve/bin'
[9.546s] Level 1:colcon.colcon_core.environment:checking '/home/xyq/Desktop/ros_ws/install/pose_resolve/lib/pkgconfig/pose_resolve.pc'
[9.546s] Level 1:colcon.colcon_core.environment:checking '/home/xyq/Desktop/ros_ws/install/pose_resolve/lib/python3.10/site-packages'
[9.546s] Level 1:colcon.colcon_core.environment:checking '/home/xyq/Desktop/ros_ws/install/pose_resolve/bin'
[9.546s] INFO:colcon.colcon_core.shell:Creating package script '/home/xyq/Desktop/ros_ws/install/pose_resolve/share/pose_resolve/package.ps1'
[9.547s] INFO:colcon.colcon_core.shell:Creating package descriptor '/home/xyq/Desktop/ros_ws/install/pose_resolve/share/pose_resolve/package.dsv'
[9.547s] INFO:colcon.colcon_core.shell:Creating package script '/home/xyq/Desktop/ros_ws/install/pose_resolve/share/pose_resolve/package.sh'
[9.547s] INFO:colcon.colcon_core.shell:Creating package script '/home/xyq/Desktop/ros_ws/install/pose_resolve/share/pose_resolve/package.bash'
[9.547s] INFO:colcon.colcon_core.shell:Creating package script '/home/xyq/Desktop/ros_ws/install/pose_resolve/share/pose_resolve/package.zsh'
[9.547s] Level 1:colcon.colcon_core.environment:create_file_with_runtime_dependencies(/home/xyq/Desktop/ros_ws/install/pose_resolve/share/colcon-core/packages/pose_resolve)
[9.548s] Level 1:colcon.colcon_core.environment:create_environment_scripts_only(pose_resolve)
[9.548s] Level 1:colcon.colcon_core.environment:checking '/home/xyq/Desktop/ros_ws/install/pose_resolve' for CMake module files
[9.548s] Level 1:colcon.colcon_core.environment:checking '/home/xyq/Desktop/ros_ws/install/pose_resolve' for CMake config files
[9.548s] Level 1:colcon.colcon_core.shell:create_environment_hook('pose_resolve', 'cmake_prefix_path')
[9.548s] INFO:colcon.colcon_core.shell:Creating environment hook '/home/xyq/Desktop/ros_ws/install/pose_resolve/share/pose_resolve/hook/cmake_prefix_path.ps1'
[9.548s] INFO:colcon.colcon_core.shell:Creating environment descriptor '/home/xyq/Desktop/ros_ws/install/pose_resolve/share/pose_resolve/hook/cmake_prefix_path.dsv'
[9.549s] INFO:colcon.colcon_core.shell:Creating environment hook '/home/xyq/Desktop/ros_ws/install/pose_resolve/share/pose_resolve/hook/cmake_prefix_path.sh'
[9.549s] Level 1:colcon.colcon_core.environment:checking '/home/xyq/Desktop/ros_ws/install/pose_resolve/lib'
[9.549s] Level 1:colcon.colcon_core.environment:checking '/home/xyq/Desktop/ros_ws/install/pose_resolve/bin'
[9.549s] Level 1:colcon.colcon_core.environment:checking '/home/xyq/Desktop/ros_ws/install/pose_resolve/lib/pkgconfig/pose_resolve.pc'
[9.549s] Level 1:colcon.colcon_core.environment:checking '/home/xyq/Desktop/ros_ws/install/pose_resolve/lib/python3.10/site-packages'
[9.549s] Level 1:colcon.colcon_core.environment:checking '/home/xyq/Desktop/ros_ws/install/pose_resolve/bin'
[9.549s] INFO:colcon.colcon_core.shell:Creating package script '/home/xyq/Desktop/ros_ws/install/pose_resolve/share/pose_resolve/package.ps1'
[9.550s] INFO:colcon.colcon_core.shell:Creating package descriptor '/home/xyq/Desktop/ros_ws/install/pose_resolve/share/pose_resolve/package.dsv'
[9.550s] INFO:colcon.colcon_core.shell:Creating package script '/home/xyq/Desktop/ros_ws/install/pose_resolve/share/pose_resolve/package.sh'
[9.550s] INFO:colcon.colcon_core.shell:Creating package script '/home/xyq/Desktop/ros_ws/install/pose_resolve/share/pose_resolve/package.bash'
[9.550s] INFO:colcon.colcon_core.shell:Creating package script '/home/xyq/Desktop/ros_ws/install/pose_resolve/share/pose_resolve/package.zsh'
[9.551s] Level 1:colcon.colcon_core.environment:create_file_with_runtime_dependencies(/home/xyq/Desktop/ros_ws/install/pose_resolve/share/colcon-core/packages/pose_resolve)
[9.551s] DEBUG:colcon.colcon_parallel_executor.executor.parallel:closing loop
[9.551s] DEBUG:colcon.colcon_parallel_executor.executor.parallel:loop closed
[9.551s] DEBUG:colcon.colcon_parallel_executor.executor.parallel:run_until_complete finished with '0'
[9.551s] DEBUG:colcon.colcon_core.event_reactor:joining thread
[9.559s] INFO:colcon.colcon_core.plugin_system:Skipping extension 'colcon_notification.desktop_notification.terminal_notifier': Not used on non-Darwin systems
[9.559s] INFO:colcon.colcon_core.plugin_system:Skipping extension 'colcon_notification.desktop_notification.win32': Not used on non-Windows systems
[9.559s] INFO:colcon.colcon_notification.desktop_notification:Sending desktop notification using 'notify2'
[9.575s] DEBUG:colcon.colcon_core.event_reactor:joined thread
[9.575s] INFO:colcon.colcon_core.shell:Creating prefix script '/home/xyq/Desktop/ros_ws/install/local_setup.ps1'
[9.576s] INFO:colcon.colcon_core.shell:Creating prefix util module '/home/xyq/Desktop/ros_ws/install/_local_setup_util_ps1.py'
[9.577s] INFO:colcon.colcon_core.shell:Creating prefix chain script '/home/xyq/Desktop/ros_ws/install/setup.ps1'
[9.578s] INFO:colcon.colcon_core.shell:Creating prefix script '/home/xyq/Desktop/ros_ws/install/local_setup.sh'
[9.578s] INFO:colcon.colcon_core.shell:Creating prefix util module '/home/xyq/Desktop/ros_ws/install/_local_setup_util_sh.py'
[9.578s] INFO:colcon.colcon_core.shell:Creating prefix chain script '/home/xyq/Desktop/ros_ws/install/setup.sh'
[9.579s] INFO:colcon.colcon_core.shell:Creating prefix script '/home/xyq/Desktop/ros_ws/install/local_setup.bash'
[9.580s] INFO:colcon.colcon_core.shell:Creating prefix chain script '/home/xyq/Desktop/ros_ws/install/setup.bash'
[9.580s] INFO:colcon.colcon_core.shell:Creating prefix script '/home/xyq/Desktop/ros_ws/install/local_setup.zsh'
[9.581s] INFO:colcon.colcon_core.shell:Creating prefix chain script '/home/xyq/Desktop/ros_ws/install/setup.zsh'
