[0.030s] Invoking command in '/home/xyq/Desktop/ros_ws/build/camera_interface': CMAKE_PREFIX_PATH=/opt/ros/humble /usr/bin/cmake --build /home/xyq/Desktop/ros_ws/build/camera_interface -- -j20 -l20
[0.086s] [  3%] Built target camera_interface__cpp
[0.090s] [ 12%] Built target camera_interface__rosidl_generator_c
[0.098s] [ 12%] Built target ament_cmake_python_copy_camera_interface
[0.110s] [ 22%] Built target camera_interface__rosidl_typesupport_fastrtps_cpp
[0.111s] [ 32%] Built target camera_interface__rosidl_typesupport_c
[0.111s] [ 41%] Built target camera_interface__rosidl_typesupport_cpp
[0.112s] [ 51%] Built target camera_interface__rosidl_typesupport_introspection_cpp
[0.118s] [ 61%] Built target camera_interface__rosidl_typesupport_introspection_c
[0.119s] [ 70%] Built target camera_interface__rosidl_typesupport_fastrtps_c
[0.137s] [ 70%] Built target camera_interface
[0.159s] [ 74%] Built target camera_interface__py
[0.178s] [ 80%] Built target camera_interface__rosidl_generator_py
[0.199s] [ 87%] Built target camera_interface__rosidl_typesupport_fastrtps_c__pyext
[0.199s] [100%] Built target camera_interface__rosidl_typesupport_introspection_c__pyext
[0.199s] [100%] Built target camera_interface__rosidl_typesupport_c__pyext
[0.275s] running egg_info
[0.276s] writing camera_interface.egg-info/PKG-INFO
[0.276s] writing dependency_links to camera_interface.egg-info/dependency_links.txt
[0.276s] writing top-level names to camera_interface.egg-info/top_level.txt
[0.279s] reading manifest file 'camera_interface.egg-info/SOURCES.txt'
[0.280s] writing manifest file 'camera_interface.egg-info/SOURCES.txt'
[0.304s] [100%] Built target ament_cmake_python_build_camera_interface_egg
