[0.018s] Invoking command in '/home/xyq/Desktop/ros_ws/build/serial_port': CMAKE_PREFIX_PATH=${CMAKE_PREFIX_PATH}:/opt/ros/humble /usr/bin/cmake --build /home/xyq/Desktop/ros_ws/build/serial_port -- -j20 -l20
[0.093s] [35m[1mConsolidate compiler generated dependencies of target serial_port_node[0m
[0.119s] [100%] Built target serial_port_node
[0.133s] Invoked command in '/home/xyq/Desktop/ros_ws/build/serial_port' returned '0': CMAKE_PREFIX_PATH=${CMAKE_PREFIX_PATH}:/opt/ros/humble /usr/bin/cmake --build /home/xyq/Desktop/ros_ws/build/serial_port -- -j20 -l20
[0.146s] Invoking command in '/home/xyq/Desktop/ros_ws/build/serial_port': CMAKE_PREFIX_PATH=${CMAKE_PREFIX_PATH}:/opt/ros/humble /usr/bin/cmake --install /home/xyq/Desktop/ros_ws/build/serial_port
[0.157s] -- Install configuration: ""
[0.157s] -- Up-to-date: /home/xyq/Desktop/ros_ws/install/serial_port/lib/serial_port/serial_port_node
[0.157s] -- Up-to-date: /home/xyq/Desktop/ros_ws/install/serial_port/share/ament_index/resource_index/package_run_dependencies/serial_port
[0.157s] -- Up-to-date: /home/xyq/Desktop/ros_ws/install/serial_port/share/ament_index/resource_index/parent_prefix_path/serial_port
[0.157s] -- Up-to-date: /home/xyq/Desktop/ros_ws/install/serial_port/share/serial_port/environment/ament_prefix_path.sh
[0.157s] -- Up-to-date: /home/xyq/Desktop/ros_ws/install/serial_port/share/serial_port/environment/ament_prefix_path.dsv
[0.157s] -- Up-to-date: /home/xyq/Desktop/ros_ws/install/serial_port/share/serial_port/environment/path.sh
[0.157s] -- Up-to-date: /home/xyq/Desktop/ros_ws/install/serial_port/share/serial_port/environment/path.dsv
[0.157s] -- Up-to-date: /home/xyq/Desktop/ros_ws/install/serial_port/share/serial_port/local_setup.bash
[0.157s] -- Up-to-date: /home/xyq/Desktop/ros_ws/install/serial_port/share/serial_port/local_setup.sh
[0.157s] -- Up-to-date: /home/xyq/Desktop/ros_ws/install/serial_port/share/serial_port/local_setup.zsh
[0.157s] -- Up-to-date: /home/xyq/Desktop/ros_ws/install/serial_port/share/serial_port/local_setup.dsv
[0.158s] -- Installing: /home/xyq/Desktop/ros_ws/install/serial_port/share/serial_port/package.dsv
[0.158s] -- Up-to-date: /home/xyq/Desktop/ros_ws/install/serial_port/share/ament_index/resource_index/packages/serial_port
[0.158s] -- Up-to-date: /home/xyq/Desktop/ros_ws/install/serial_port/share/serial_port/cmake/serial_portConfig.cmake
[0.158s] -- Up-to-date: /home/xyq/Desktop/ros_ws/install/serial_port/share/serial_port/cmake/serial_portConfig-version.cmake
[0.158s] -- Up-to-date: /home/xyq/Desktop/ros_ws/install/serial_port/share/serial_port/package.xml
[0.160s] Invoked command in '/home/xyq/Desktop/ros_ws/build/serial_port' returned '0': CMAKE_PREFIX_PATH=${CMAKE_PREFIX_PATH}:/opt/ros/humble /usr/bin/cmake --install /home/xyq/Desktop/ros_ws/build/serial_port
