[0.008s] Invoking command in '/home/xyq/Desktop/ros_ws/build/image_processing': CMAKE_PREFIX_PATH=/opt/ros/humble /usr/bin/cmake --build /home/xyq/Desktop/ros_ws/build/image_processing -- -j20 -l20
[0.026s] -- Found ament_cmake: 1.3.11 (/opt/ros/humble/share/ament_cmake/cmake)
[0.098s] -- Found rclcpp: 16.0.11 (/opt/ros/humble/share/rclcpp/cmake)
[0.114s] -- Found rosidl_generator_c: 3.1.6 (/opt/ros/humble/share/rosidl_generator_c/cmake)
[0.115s] -- Found rosidl_adapter: 3.1.6 (/opt/ros/humble/share/rosidl_adapter/cmake)
[0.118s] -- Found rosidl_generator_cpp: 3.1.6 (/opt/ros/humble/share/rosidl_generator_cpp/cmake)
[0.123s] -- Using all available rosidl_typesupport_c: rosidl_typesupport_fastrtps_c;rosidl_typesupport_introspection_c
[0.129s] -- Using all available rosidl_typesupport_cpp: rosidl_typesupport_fastrtps_cpp;rosidl_typesupport_introspection_cpp
[0.146s] -- Found rmw_implementation_cmake: 6.1.2 (/opt/ros/humble/share/rmw_implementation_cmake/cmake)
[0.146s] -- Found rmw_fastrtps_cpp: 6.2.7 (/opt/ros/humble/share/rmw_fastrtps_cpp/cmake)
[0.209s] -- Using RMW implementation 'rmw_fastrtps_cpp' as default
[0.234s] -- Found ament_lint_auto: 0.12.11 (/opt/ros/humble/share/ament_lint_auto/cmake)
[0.268s] -- Added test 'cppcheck' to perform static code analysis on C / C++ code
[0.268s] -- Configured cppcheck include dirs: 
[0.268s] -- Configured cppcheck exclude dirs and/or files: 
[0.269s] -- Added test 'lint_cmake' to check CMake code style
[0.269s] -- Added test 'uncrustify' to check C / C++ code style
[0.269s] -- Configured uncrustify additional arguments: 
[0.269s] -- Added test 'xmllint' to check XML markup files
[0.269s] -- Configuring done
[0.275s] -- Generating done
[0.276s] -- Build files have been written to: /home/xyq/Desktop/ros_ws/build/image_processing
[0.295s] [35m[1mConsolidate compiler generated dependencies of target image_processing[0m
[0.310s] [ 50%] [32m[1mLinking CXX executable image_processing[0m
[0.367s] /usr/bin/ld: CMakeFiles/image_processing.dir/src/bgr2gray.cpp.o: in function `main':
[0.368s] bgr2gray.cpp:(.text+0x37): undefined reference to `rcutils_get_default_allocator'
[0.368s] /usr/bin/ld: bgr2gray.cpp:(.text+0x5c): undefined reference to `rclcpp::InitOptions::InitOptions(rcutils_allocator_s)'
[0.368s] /usr/bin/ld: bgr2gray.cpp:(.text+0x7d): undefined reference to `rclcpp::init(int, char const* const*, rclcpp::InitOptions const&, rclcpp::SignalHandlerOptions)'
[0.368s] /usr/bin/ld: bgr2gray.cpp:(.text+0x89): undefined reference to `rclcpp::InitOptions::~InitOptions()'
[0.368s] /usr/bin/ld: bgr2gray.cpp:(.text+0xb2): undefined reference to `rclcpp::InitOptions::~InitOptions()'
[0.369s] collect2: error: ld returned 1 exit status
[0.370s] gmake[2]: *** [CMakeFiles/image_processing.dir/build.make:151：image_processing] 错误 1
[0.371s] gmake[1]: *** [CMakeFiles/Makefile2:137：CMakeFiles/image_processing.dir/all] 错误 2
[0.371s] gmake: *** [Makefile:146：all] 错误 2
[0.373s] Invoked command in '/home/xyq/Desktop/ros_ws/build/image_processing' returned '2': CMAKE_PREFIX_PATH=/opt/ros/humble /usr/bin/cmake --build /home/xyq/Desktop/ros_ws/build/image_processing -- -j20 -l20
