[0.013s] Invoking command in '/home/xyq/Desktop/ros_ws/build/pose_resolve': CMAKE_PREFIX_PATH=/home/xyq/Desktop/ros_ws/install/camera_interface:/home/xyq/Desktop/ros_ws/install/serial_port:/home/xyq/Desktop/ros_ws/install/serial_interface:/home/xyq/Desktop/ros_ws/install/pose_resolve:/home/xyq/Desktop/ros_ws/install/mindvision_camera:/home/xyq/Desktop/ros_ws/install/image_processing:/home/xyq/Desktop/ros_ws/install/image_display:/home/xyq/Desktop/ros_ws/install/corner_detection:/home/xyq/Desktop/ros_ws/install/camera_display:/opt/ros/humble LD_LIBRARY_PATH=/home/xyq/Desktop/ros_ws/install/camera_interface/lib:/home/xyq/env/TensorRT-10.5.0.18.Linux.x86_64-gnu.cuda-12.6/TensorRT-10.5.0.18/lib/nvonnxparser:/home/xyq/env/TensorRT-10.5.0.18.Linux.x86_64-gnu.cuda-12.6/TensorRT-10.5.0.18/lib:/home/xyq/Desktop/ros_ws/install/serial_interface/lib:/home/xyq/Desktop/ros_ws/install/mindvision_camera/lib:/home/xyq/env/TensorRT-10.5.0.18.Linux.x86_64-gnu.cuda-12.6/TensorRT-10.5.0.18/lib/nvonnxparser:/home/xyq/env/TensorRT-10.5.0.18.Linux.x86_64-gnu.cuda-12.6/TensorRT-10.5.0.18/lib:/opt/ros/humble/opt/rviz_ogre_vendor/lib:/opt/ros/humble/lib/x86_64-linux-gnu:/opt/ros/humble/lib:/tmp/.mount_cursorCFDD9h/usr/lib /usr/bin/cmake --build /home/xyq/Desktop/ros_ws/build/pose_resolve -- -j20 -l20
[0.043s] -- Found ament_cmake: 1.3.11 (/opt/ros/humble/share/ament_cmake/cmake)
[0.142s] -- Found rclcpp: 16.0.11 (/opt/ros/humble/share/rclcpp/cmake)
[0.163s] -- Found rosidl_generator_c: 3.1.6 (/opt/ros/humble/share/rosidl_generator_c/cmake)
[0.164s] -- Found rosidl_adapter: 3.1.6 (/opt/ros/humble/share/rosidl_adapter/cmake)
[0.168s] -- Found rosidl_generator_cpp: 3.1.6 (/opt/ros/humble/share/rosidl_generator_cpp/cmake)
[0.174s] -- Using all available rosidl_typesupport_c: rosidl_typesupport_fastrtps_c;rosidl_typesupport_introspection_c
[0.181s] -- Using all available rosidl_typesupport_cpp: rosidl_typesupport_fastrtps_cpp;rosidl_typesupport_introspection_cpp
[0.200s] -- Found rmw_implementation_cmake: 6.1.2 (/opt/ros/humble/share/rmw_implementation_cmake/cmake)
[0.201s] -- Found rmw_fastrtps_cpp: 6.2.7 (/opt/ros/humble/share/rmw_fastrtps_cpp/cmake)
[0.286s] -- Using RMW implementation 'rmw_fastrtps_cpp' as default
[0.322s] -- Found image_transport: 3.1.10 (/opt/ros/humble/share/image_transport/cmake)
[0.356s] -- Found cv_bridge: 3.2.1 (/opt/ros/humble/share/cv_bridge/cmake)
[0.357s] -- Found camera_interface: 0.0.0 (/home/xyq/Desktop/ros_ws/install/camera_interface/share/camera_interface/cmake)
[0.364s] -- Found serial_interface: 0.0.0 (/home/xyq/Desktop/ros_ws/install/serial_interface/share/serial_interface/cmake)
[0.373s] -- Found ament_lint_auto: 0.12.11 (/opt/ros/humble/share/ament_lint_auto/cmake)
[0.443s] -- Added test 'cppcheck' to perform static code analysis on C / C++ code
[0.444s] -- Configured cppcheck include dirs: 
[0.444s] -- Configured cppcheck exclude dirs and/or files: 
[0.444s] -- Added test 'lint_cmake' to check CMake code style
[0.445s] -- Added test 'uncrustify' to check C / C++ code style
[0.445s] -- Configured uncrustify additional arguments: 
[0.445s] -- Added test 'xmllint' to check XML markup files
[0.446s] -- Configuring done
[0.463s] -- Generating done
[0.468s] -- Build files have been written to: /home/xyq/Desktop/ros_ws/build/pose_resolve
[0.508s] [35m[1mConsolidate compiler generated dependencies of target pose_resolve_node[0m
[0.534s] [ 50%] [32mBuilding CXX object CMakeFiles/pose_resolve_node.dir/src/pose_resolve_node.cpp.o[0m
[4.178s] [01m[K/home/xyq/Desktop/ros_ws/src/pose_resolve/src/pose_resolve_node.cpp:[m[K In function ‘[01m[Kvoid solve_pnp(std::vector<double, std::allocator<double> >, std::vector<double, std::allocator<double> >)[m[K’:
[4.178s] [01m[K/home/xyq/Desktop/ros_ws/src/pose_resolve/src/pose_resolve_node.cpp:123:18:[m[K [01;35m[Kwarning: [m[Kcomparison of integer expressions of different signedness: ‘[01m[Kint[m[K’ and ‘[01m[Kstd::vector<cv::Point_<float> >::size_type[m[K’ {aka ‘[01m[Klong unsigned int[m[K’} [[01;35m[K]8;;https://gcc.gnu.org/onlinedocs/gcc/Warning-Options.html#index-Wsign-compare-Wsign-compare]8;;[m[K]
[4.178s]   123 | r(int i=0;[01;35m[Ki<corner_2d.size()[m[K;i++){
[4.178s]       |           [01;35m[K~^~~~~~~~~~~~~~~~~[m[K
[4.178s] 
[4.179s] [01m[K/home/xyq/Desktop/ros_ws/src/pose_resolve/src/pose_resolve_node.cpp:128:18:[m[K [01;35m[Kwarning: [m[Kcomparison of integer expressions of different signedness: ‘[01m[Kint[m[K’ and ‘[01m[Kstd::vector<cv::Point3_<float> >::size_type[m[K’ {aka ‘[01m[Klong unsigned int[m[K’} [[01;35m[K]8;;https://gcc.gnu.org/onlinedocs/gcc/Warning-Options.html#index-Wsign-compare-Wsign-compare]8;;[m[K]
[4.179s]   128 | r(int i=0;[01;35m[Ki<corner_3d.size()[m[K;i++){
[4.179s]       |           [01;35m[K~^~~~~~~~~~~~~~~~~[m[K
[4.179s] 
[5.581s] In file included from [01m[K/usr/include/x86_64-linux-gnu/c++/11/bits/c++allocator.h:33[m[K,
[5.581s]                  from [01m[K/usr/include/c++/11/bits/allocator.h:46[m[K,
[5.581s]                  from [01m[K/usr/include/c++/11/memory:64[m[K,
[5.581s]                  from [01m[K/opt/ros/humble/include/rclcpp/rclcpp/rclcpp.hpp:153[m[K,
[5.581s]                  from [01m[K/home/xyq/Desktop/ros_ws/src/pose_resolve/src/pose_resolve_node.cpp:1[m[K:
[5.581s] /usr/include/c++/11/ext/new_allocator.h: In instantiation of ‘[01m[Kvoid __gnu_cxx::new_allocator<_Tp>::construct(_Up*, _Args&& ...) [with _Up = PosePublisher; _Args = {const char (&)[9]}; _Tp = PosePublisher][m[K’:
[5.581s] [01m[K/usr/include/c++/11/bits/alloc_traits.h:516:17:[m[K   required from ‘[01m[Kstatic void std::allocator_traits<std::allocator<_Tp1> >::construct(std::allocator_traits<std::allocator<_Tp1> >::allocator_type&, _Up*, _Args&& ...) [with _Up = PosePublisher; _Args = {const char (&)[9]}; _Tp = PosePublisher; std::allocator_traits<std::allocator<_Tp1> >::allocator_type = std::allocator<PosePublisher>][m[K’
[5.582s] [01m[K/usr/include/c++/11/bits/shared_ptr_base.h:519:39:[m[K   required from ‘[01m[Kstd::_Sp_counted_ptr_inplace<_Tp, _Alloc, _Lp>::_Sp_counted_ptr_inplace(_Alloc, _Args&& ...) [with _Args = {const char (&)[9]}; _Tp = PosePublisher; _Alloc = std::allocator<PosePublisher>; __gnu_cxx::_Lock_policy _Lp = __gnu_cxx::_S_atomic][m[K’
[5.582s] [01m[K/usr/include/c++/11/bits/shared_ptr_base.h:650:16:[m[K   required from ‘[01m[Kstd::__shared_count<_Lp>::__shared_count(_Tp*&, std::_Sp_alloc_shared_tag<_Alloc>, _Args&& ...) [with _Tp = PosePublisher; _Alloc = std::allocator<PosePublisher>; _Args = {const char (&)[9]}; __gnu_cxx::_Lock_policy _Lp = __gnu_cxx::_S_atomic][m[K’
[5.582s] [01m[K/usr/include/c++/11/bits/shared_ptr_base.h:1342:14:[m[K   required from ‘[01m[Kstd::__shared_ptr<_Tp, _Lp>::__shared_ptr(std::_Sp_alloc_shared_tag<_Tp>, _Args&& ...) [with _Alloc = std::allocator<PosePublisher>; _Args = {const char (&)[9]}; _Tp = PosePublisher; __gnu_cxx::_Lock_policy _Lp = __gnu_cxx::_S_atomic][m[K’
[5.582s] [01m[K/usr/include/c++/11/bits/shared_ptr.h:409:59:[m[K   required from ‘[01m[Kstd::shared_ptr<_Tp>::shared_ptr(std::_Sp_alloc_shared_tag<_Tp>, _Args&& ...) [with _Alloc = std::allocator<PosePublisher>; _Args = {const char (&)[9]}; _Tp = PosePublisher][m[K’
[5.582s] [01m[K/usr/include/c++/11/bits/shared_ptr.h:862:14:[m[K   required from ‘[01m[Kstd::shared_ptr<_Tp> std::allocate_shared(const _Alloc&, _Args&& ...) [with _Tp = PosePublisher; _Alloc = std::allocator<PosePublisher>; _Args = {const char (&)[9]}][m[K’
[5.582s] [01m[K/usr/include/c++/11/bits/shared_ptr.h:878:39:[m[K   required from ‘[01m[Kstd::shared_ptr<_Tp> std::make_shared(_Args&& ...) [with _Tp = PosePublisher; _Args = {const char (&)[9]}][m[K’
[5.582s] [01m[K/home/xyq/Desktop/ros_ws/src/pose_resolve/src/pose_resolve_node.cpp:273:73:[m[K   required from here
[5.582s] [01m[K/usr/include/c++/11/ext/new_allocator.h:162:11:[m[K [01;31m[Kerror: [m[Kno matching function for call to ‘[01m[KPosePublisher::PosePublisher(const char [9])[m[K’
[5.582s]   162 |         { [01;31m[K::new((void *)__p) _Up(std::forward<_Args>(__args)...)[m[K; }
[5.582s]       |           [01;31m[K^~~~~~~~~~~~~~~~~~~~~~~~~~~~~~~~~~~~~~~~~~~~~~~~~~~~~~[m[K
[5.582s] [01m[K/home/xyq/Desktop/ros_ws/src/pose_resolve/src/pose_resolve_node.cpp:241:5:[m[K [01;36m[Knote: [m[Kcandidate: ‘[01m[KPosePublisher::PosePublisher()[m[K’
[5.582s]   241 |     [01;36m[KPosePublisher[m[K():Node("name"){
[5.582s]       |     [01;36m[K^~~~~~~~~~~~~[m[K
[5.584s] [01m[K/home/xyq/Desktop/ros_ws/src/pose_resolve/src/pose_resolve_node.cpp:241:5:[m[K [01;36m[Knote: [m[K  candidate expects 0 arguments, 1 provided
[5.845s] gmake[2]: *** [CMakeFiles/pose_resolve_node.dir/build.make:76：CMakeFiles/pose_resolve_node.dir/src/pose_resolve_node.cpp.o] 错误 1
[5.845s] gmake[1]: *** [CMakeFiles/Makefile2:137：CMakeFiles/pose_resolve_node.dir/all] 错误 2
[5.846s] gmake: *** [Makefile:146：all] 错误 2
[5.848s] Invoked command in '/home/xyq/Desktop/ros_ws/build/pose_resolve' returned '2': CMAKE_PREFIX_PATH=/home/xyq/Desktop/ros_ws/install/camera_interface:/home/xyq/Desktop/ros_ws/install/serial_port:/home/xyq/Desktop/ros_ws/install/serial_interface:/home/xyq/Desktop/ros_ws/install/pose_resolve:/home/xyq/Desktop/ros_ws/install/mindvision_camera:/home/xyq/Desktop/ros_ws/install/image_processing:/home/xyq/Desktop/ros_ws/install/image_display:/home/xyq/Desktop/ros_ws/install/corner_detection:/home/xyq/Desktop/ros_ws/install/camera_display:/opt/ros/humble LD_LIBRARY_PATH=/home/xyq/Desktop/ros_ws/install/camera_interface/lib:/home/xyq/env/TensorRT-10.5.0.18.Linux.x86_64-gnu.cuda-12.6/TensorRT-10.5.0.18/lib/nvonnxparser:/home/xyq/env/TensorRT-10.5.0.18.Linux.x86_64-gnu.cuda-12.6/TensorRT-10.5.0.18/lib:/home/xyq/Desktop/ros_ws/install/serial_interface/lib:/home/xyq/Desktop/ros_ws/install/mindvision_camera/lib:/home/xyq/env/TensorRT-10.5.0.18.Linux.x86_64-gnu.cuda-12.6/TensorRT-10.5.0.18/lib/nvonnxparser:/home/xyq/env/TensorRT-10.5.0.18.Linux.x86_64-gnu.cuda-12.6/TensorRT-10.5.0.18/lib:/opt/ros/humble/opt/rviz_ogre_vendor/lib:/opt/ros/humble/lib/x86_64-linux-gnu:/opt/ros/humble/lib:/tmp/.mount_cursorCFDD9h/usr/lib /usr/bin/cmake --build /home/xyq/Desktop/ros_ws/build/pose_resolve -- -j20 -l20
