[  3%] Built target camera_interface__cpp
[ 12%] Built target camera_interface__rosidl_generator_c
[ 12%] Built target ament_cmake_python_copy_camera_interface
[ 22%] Built target camera_interface__rosidl_typesupport_cpp
[ 32%] Built target camera_interface__rosidl_typesupport_introspection_c
[ 41%] Built target camera_interface__rosidl_typesupport_fastrtps_c
[ 51%] Built target camera_interface__rosidl_typesupport_fastrtps_cpp
[ 61%] Built target camera_interface__rosidl_typesupport_introspection_cpp
[ 70%] Built target camera_interface__rosidl_typesupport_c
[ 70%] Built target camera_interface
[ 74%] Built target camera_interface__py
[ 80%] Built target camera_interface__rosidl_generator_py
[ 87%] Built target camera_interface__rosidl_typesupport_introspection_c__pyext
[ 93%] Built target camera_interface__rosidl_typesupport_c__pyext
[100%] Built target camera_interface__rosidl_typesupport_fastrtps_c__pyext
running egg_info
writing camera_interface.egg-info/PKG-INFO
writing dependency_links to camera_interface.egg-info/dependency_links.txt
writing top-level names to camera_interface.egg-info/top_level.txt
reading manifest file 'camera_interface.egg-info/SOURCES.txt'
writing manifest file 'camera_interface.egg-info/SOURCES.txt'
[100%] Built target ament_cmake_python_build_camera_interface_egg
