[0.032s] Invoking command in '/home/xyq/Desktop/ros_ws/build/serial_port': CMAKE_PREFIX_PATH=/opt/ros/humble /usr/bin/cmake --build /home/xyq/Desktop/ros_ws/build/serial_port -- -j20 -l20
[0.091s] -- Found ament_cmake: 1.3.11 (/opt/ros/humble/share/ament_cmake/cmake)
[0.415s] -- Found serial: 1.2.1 (/usr/local/share/serial/cmake)
[0.432s] -- Found rclcpp: 16.0.11 (/opt/ros/humble/share/rclcpp/cmake)
[0.545s] -- Found rosidl_generator_c: 3.1.6 (/opt/ros/humble/share/rosidl_generator_c/cmake)
[0.554s] -- Found rosidl_adapter: 3.1.6 (/opt/ros/humble/share/rosidl_adapter/cmake)
[0.570s] -- Found rosidl_generator_cpp: 3.1.6 (/opt/ros/humble/share/rosidl_generator_cpp/cmake)
[0.604s] -- Using all available rosidl_typesupport_c: rosidl_typesupport_fastrtps_c;rosidl_typesupport_introspection_c
[0.649s] -- Using all available rosidl_typesupport_cpp: rosidl_typesupport_fastrtps_cpp;rosidl_typesupport_introspection_cpp
[0.777s] -- Found rmw_implementation_cmake: 6.1.2 (/opt/ros/humble/share/rmw_implementation_cmake/cmake)
[0.784s] -- Found rmw_fastrtps_cpp: 6.2.7 (/opt/ros/humble/share/rmw_fastrtps_cpp/cmake)
[1.059s] -- Found OpenSSL: /usr/lib/x86_64-linux-gnu/libcrypto.so (found version "3.0.2")  
[1.148s] -- Found FastRTPS: /opt/ros/humble/include  
[1.275s] -- Using RMW implementation 'rmw_fastrtps_cpp' as default
[1.305s] -- Looking for pthread.h
[1.517s] -- Looking for pthread.h - found
[1.518s] -- Performing Test CMAKE_HAVE_LIBC_PTHREAD
[1.728s] -- Performing Test CMAKE_HAVE_LIBC_PTHREAD - Success
[1.732s] -- Found Threads: TRUE  
[1.909s] -- Found ament_lint_auto: 0.12.11 (/opt/ros/humble/share/ament_lint_auto/cmake)
[2.115s] -- Added test 'cppcheck' to perform static code analysis on C / C++ code
[2.115s] -- Configured cppcheck include dirs: 
[2.115s] -- Configured cppcheck exclude dirs and/or files: 
[2.116s] -- Added test 'lint_cmake' to check CMake code style
[2.119s] -- Added test 'uncrustify' to check C / C++ code style
[2.119s] -- Configured uncrustify additional arguments: 
[2.120s] -- Added test 'xmllint' to check XML markup files
[2.122s] -- Configuring done
[2.144s] -- Generating done
[2.153s] -- Build files have been written to: /home/xyq/Desktop/ros_ws/build/serial_port
[2.236s] [35m[1mConsolidate compiler generated dependencies of target serial_port_node[0m
[2.274s] [ 50%] [32mBuilding CXX object CMakeFiles/serial_port_node.dir/src/serial_port_node.cpp.o[0m
[7.654s] [01m[K/home/xyq/Desktop/ros_ws/src/serial_port/src/serial_port_node.cpp:[m[K In function ‘[01m[Kint main(int, char**)[m[K’:
[7.655s] [01m[K/home/xyq/Desktop/ros_ws/src/serial_port/src/serial_port_node.cpp:14:17:[m[K [01;31m[Kerror: [m[K‘[01m[KROS_INFO[m[K’ was not declared in this scope
[7.655s]    14 |                 [01;31m[KROS_INFO[m[K("serial port is open");
[7.655s]       |                 [01;31m[K^~~~~~~~[m[K
[7.665s] [01m[K/home/xyq/Desktop/ros_ws/src/serial_port/src/serial_port_node.cpp:17:17:[m[K [01;31m[Kerror: [m[K‘[01m[KROS_ERROR[m[K’ was not declared in this scope
[7.665s]    17 |                 [01;31m[KROS_ERROR[m[K("serial port error");
[7.665s]       |                 [01;31m[K^~~~~~~~~[m[K
[8.306s] gmake[2]: *** [CMakeFiles/serial_port_node.dir/build.make:76：CMakeFiles/serial_port_node.dir/src/serial_port_node.cpp.o] 错误 1
[8.306s] gmake[1]: *** [CMakeFiles/Makefile2:137：CMakeFiles/serial_port_node.dir/all] 错误 2
[8.306s] gmake: *** [Makefile:146：all] 错误 2
[8.310s] Invoked command in '/home/xyq/Desktop/ros_ws/build/serial_port' returned '2': CMAKE_PREFIX_PATH=/opt/ros/humble /usr/bin/cmake --build /home/xyq/Desktop/ros_ws/build/serial_port -- -j20 -l20
