[  3%] Built target camera_interface__cpp
[  6%] [32mBuilding C object CMakeFiles/camera_interface__rosidl_generator_c.dir/rosidl_generator_c/camera_interface/msg/detail/corner__functions.c.o[0m
[  6%] Built target ament_cmake_python_copy_camera_interface
[  9%] [32mBuilding CXX object CMakeFiles/camera_interface__rosidl_typesupport_introspection_cpp.dir/rosidl_typesupport_introspection_cpp/camera_interface/msg/detail/corner__type_support.cpp.o[0m
[ 12%] [32mBuilding CXX object CMakeFiles/camera_interface__rosidl_typesupport_cpp.dir/rosidl_typesupport_cpp/camera_interface/msg/corner__type_support.cpp.o[0m
[ 16%] [32mBuilding CXX object CMakeFiles/camera_interface__rosidl_typesupport_fastrtps_cpp.dir/rosidl_typesupport_fastrtps_cpp/camera_interface/msg/detail/dds_fastrtps/corner__type_support.cpp.o[0m
[ 19%] [32m[1mLinking C shared library libcamera_interface__rosidl_generator_c.so[0m
[ 22%] Built target camera_interface__rosidl_generator_c
[ 25%] [32mBuilding CXX object CMakeFiles/camera_interface__rosidl_typesupport_fastrtps_c.dir/rosidl_typesupport_fastrtps_c/camera_interface/msg/detail/corner__type_support_c.cpp.o[0m
[ 29%] [32mBuilding CXX object CMakeFiles/camera_interface__rosidl_typesupport_c.dir/rosidl_typesupport_c/camera_interface/msg/corner__type_support.cpp.o[0m
[ 32%] [32mBuilding C object CMakeFiles/camera_interface__rosidl_typesupport_introspection_c.dir/rosidl_typesupport_introspection_c/camera_interface/msg/detail/corner__type_support.c.o[0m
[ 35%] [32m[1mLinking CXX shared library libcamera_interface__rosidl_typesupport_c.so[0m
[ 38%] [32m[1mLinking C shared library libcamera_interface__rosidl_typesupport_introspection_c.so[0m
[ 41%] Built target camera_interface__rosidl_typesupport_c
running egg_info
writing camera_interface.egg-info/PKG-INFO
writing dependency_links to camera_interface.egg-info/dependency_links.txt
writing top-level names to camera_interface.egg-info/top_level.txt
reading manifest file 'camera_interface.egg-info/SOURCES.txt'
writing manifest file 'camera_interface.egg-info/SOURCES.txt'
[ 45%] Built target camera_interface__rosidl_typesupport_introspection_c
[ 45%] Built target ament_cmake_python_build_camera_interface_egg
[ 48%] [32m[1mLinking CXX shared library libcamera_interface__rosidl_typesupport_cpp.so[0m
[ 51%] Built target camera_interface__rosidl_typesupport_cpp
[ 54%] [32m[1mLinking CXX shared library libcamera_interface__rosidl_typesupport_introspection_cpp.so[0m
[ 58%] [32m[1mLinking CXX shared library libcamera_interface__rosidl_typesupport_fastrtps_cpp.so[0m
[ 61%] Built target camera_interface__rosidl_typesupport_introspection_cpp
[ 64%] [32m[1mLinking CXX shared library libcamera_interface__rosidl_typesupport_fastrtps_c.so[0m
[ 67%] Built target camera_interface__rosidl_typesupport_fastrtps_cpp
[ 70%] Built target camera_interface__rosidl_typesupport_fastrtps_c
[ 70%] Built target camera_interface
[ 74%] Built target camera_interface__py
[ 77%] [32mBuilding C object CMakeFiles/camera_interface__rosidl_generator_py.dir/rosidl_generator_py/camera_interface/msg/_corner_s.c.o[0m
[ 80%] [32m[1mLinking C shared library rosidl_generator_py/camera_interface/libcamera_interface__rosidl_generator_py.so[0m
[ 80%] Built target camera_interface__rosidl_generator_py
[ 90%] [32mBuilding C object CMakeFiles/camera_interface__rosidl_typesupport_fastrtps_c__pyext.dir/rosidl_generator_py/camera_interface/_camera_interface_s.ep.rosidl_typesupport_fastrtps_c.c.o[0m
[ 90%] [32mBuilding C object CMakeFiles/camera_interface__rosidl_typesupport_introspection_c__pyext.dir/rosidl_generator_py/camera_interface/_camera_interface_s.ep.rosidl_typesupport_introspection_c.c.o[0m
[ 90%] [32mBuilding C object CMakeFiles/camera_interface__rosidl_typesupport_c__pyext.dir/rosidl_generator_py/camera_interface/_camera_interface_s.ep.rosidl_typesupport_c.c.o[0m
[ 93%] [32m[1mLinking C shared library rosidl_generator_py/camera_interface/camera_interface_s__rosidl_typesupport_c.cpython-310-x86_64-linux-gnu.so[0m
[ 96%] [32m[1mLinking C shared library rosidl_generator_py/camera_interface/camera_interface_s__rosidl_typesupport_fastrtps_c.cpython-310-x86_64-linux-gnu.so[0m
[100%] [32m[1mLinking C shared library rosidl_generator_py/camera_interface/camera_interface_s__rosidl_typesupport_introspection_c.cpython-310-x86_64-linux-gnu.so[0m
[100%] Built target camera_interface__rosidl_typesupport_c__pyext
[100%] Built target camera_interface__rosidl_typesupport_fastrtps_c__pyext
[100%] Built target camera_interface__rosidl_typesupport_introspection_c__pyext
-- Install configuration: ""
-- Up-to-date: /home/xyq/Desktop/ros_ws/install/camera_interface/share/ament_index/resource_index/rosidl_interfaces/camera_interface
-- Up-to-date: /home/xyq/Desktop/ros_ws/install/camera_interface/include/camera_interface/camera_interface
-- Up-to-date: /home/xyq/Desktop/ros_ws/install/camera_interface/include/camera_interface/camera_interface/msg
-- Up-to-date: /home/xyq/Desktop/ros_ws/install/camera_interface/include/camera_interface/camera_interface/msg/corner.h
-- Up-to-date: /home/xyq/Desktop/ros_ws/install/camera_interface/include/camera_interface/camera_interface/msg/detail
-- Up-to-date: /home/xyq/Desktop/ros_ws/install/camera_interface/include/camera_interface/camera_interface/msg/detail/corner__type_support.h
-- Up-to-date: /home/xyq/Desktop/ros_ws/install/camera_interface/include/camera_interface/camera_interface/msg/detail/corner__struct.h
-- Up-to-date: /home/xyq/Desktop/ros_ws/install/camera_interface/include/camera_interface/camera_interface/msg/detail/corner__functions.h
-- Up-to-date: /home/xyq/Desktop/ros_ws/install/camera_interface/include/camera_interface/camera_interface/msg/detail/corner__functions.c
-- Up-to-date: /home/xyq/Desktop/ros_ws/install/camera_interface/include/camera_interface/camera_interface/msg/rosidl_generator_c__visibility_control.h
-- Up-to-date: /home/xyq/Desktop/ros_ws/install/camera_interface/share/camera_interface/environment/library_path.sh
-- Up-to-date: /home/xyq/Desktop/ros_ws/install/camera_interface/share/camera_interface/environment/library_path.dsv
-- Installing: /home/xyq/Desktop/ros_ws/install/camera_interface/lib/libcamera_interface__rosidl_generator_c.so
-- Set runtime path of "/home/xyq/Desktop/ros_ws/install/camera_interface/lib/libcamera_interface__rosidl_generator_c.so" to ""
-- Up-to-date: /home/xyq/Desktop/ros_ws/install/camera_interface/include/camera_interface/camera_interface
-- Up-to-date: /home/xyq/Desktop/ros_ws/install/camera_interface/include/camera_interface/camera_interface/msg
-- Up-to-date: /home/xyq/Desktop/ros_ws/install/camera_interface/include/camera_interface/camera_interface/msg/detail
-- Up-to-date: /home/xyq/Desktop/ros_ws/install/camera_interface/include/camera_interface/camera_interface/msg/detail/corner__rosidl_typesupport_fastrtps_c.h
-- Up-to-date: /home/xyq/Desktop/ros_ws/install/camera_interface/include/camera_interface/camera_interface/msg/rosidl_typesupport_fastrtps_c__visibility_control.h
-- Installing: /home/xyq/Desktop/ros_ws/install/camera_interface/lib/libcamera_interface__rosidl_typesupport_fastrtps_c.so
-- Set runtime path of "/home/xyq/Desktop/ros_ws/install/camera_interface/lib/libcamera_interface__rosidl_typesupport_fastrtps_c.so" to ""
-- Up-to-date: /home/xyq/Desktop/ros_ws/install/camera_interface/include/camera_interface/camera_interface
-- Up-to-date: /home/xyq/Desktop/ros_ws/install/camera_interface/include/camera_interface/camera_interface/msg
-- Up-to-date: /home/xyq/Desktop/ros_ws/install/camera_interface/include/camera_interface/camera_interface/msg/corner.hpp
-- Up-to-date: /home/xyq/Desktop/ros_ws/install/camera_interface/include/camera_interface/camera_interface/msg/detail
-- Up-to-date: /home/xyq/Desktop/ros_ws/install/camera_interface/include/camera_interface/camera_interface/msg/detail/corner__type_support.hpp
-- Up-to-date: /home/xyq/Desktop/ros_ws/install/camera_interface/include/camera_interface/camera_interface/msg/detail/corner__builder.hpp
-- Up-to-date: /home/xyq/Desktop/ros_ws/install/camera_interface/include/camera_interface/camera_interface/msg/detail/corner__struct.hpp
-- Up-to-date: /home/xyq/Desktop/ros_ws/install/camera_interface/include/camera_interface/camera_interface/msg/detail/corner__traits.hpp
-- Up-to-date: /home/xyq/Desktop/ros_ws/install/camera_interface/include/camera_interface/camera_interface/msg/rosidl_generator_cpp__visibility_control.hpp
-- Up-to-date: /home/xyq/Desktop/ros_ws/install/camera_interface/include/camera_interface/camera_interface
-- Up-to-date: /home/xyq/Desktop/ros_ws/install/camera_interface/include/camera_interface/camera_interface/msg
-- Up-to-date: /home/xyq/Desktop/ros_ws/install/camera_interface/include/camera_interface/camera_interface/msg/rosidl_typesupport_fastrtps_cpp__visibility_control.h
-- Up-to-date: /home/xyq/Desktop/ros_ws/install/camera_interface/include/camera_interface/camera_interface/msg/detail
-- Up-to-date: /home/xyq/Desktop/ros_ws/install/camera_interface/include/camera_interface/camera_interface/msg/detail/corner__rosidl_typesupport_fastrtps_cpp.hpp
-- Up-to-date: /home/xyq/Desktop/ros_ws/install/camera_interface/include/camera_interface/camera_interface/msg/detail/dds_fastrtps
-- Installing: /home/xyq/Desktop/ros_ws/install/camera_interface/lib/libcamera_interface__rosidl_typesupport_fastrtps_cpp.so
-- Set runtime path of "/home/xyq/Desktop/ros_ws/install/camera_interface/lib/libcamera_interface__rosidl_typesupport_fastrtps_cpp.so" to ""
-- Up-to-date: /home/xyq/Desktop/ros_ws/install/camera_interface/include/camera_interface/camera_interface
-- Up-to-date: /home/xyq/Desktop/ros_ws/install/camera_interface/include/camera_interface/camera_interface/msg
-- Up-to-date: /home/xyq/Desktop/ros_ws/install/camera_interface/include/camera_interface/camera_interface/msg/detail
-- Up-to-date: /home/xyq/Desktop/ros_ws/install/camera_interface/include/camera_interface/camera_interface/msg/detail/corner__rosidl_typesupport_introspection_c.h
-- Up-to-date: /home/xyq/Desktop/ros_ws/install/camera_interface/include/camera_interface/camera_interface/msg/detail/corner__type_support.c
-- Up-to-date: /home/xyq/Desktop/ros_ws/install/camera_interface/include/camera_interface/camera_interface/msg/rosidl_typesupport_introspection_c__visibility_control.h
-- Installing: /home/xyq/Desktop/ros_ws/install/camera_interface/lib/libcamera_interface__rosidl_typesupport_introspection_c.so
-- Set runtime path of "/home/xyq/Desktop/ros_ws/install/camera_interface/lib/libcamera_interface__rosidl_typesupport_introspection_c.so" to ""
-- Installing: /home/xyq/Desktop/ros_ws/install/camera_interface/lib/libcamera_interface__rosidl_typesupport_c.so
-- Set runtime path of "/home/xyq/Desktop/ros_ws/install/camera_interface/lib/libcamera_interface__rosidl_typesupport_c.so" to ""
-- Up-to-date: /home/xyq/Desktop/ros_ws/install/camera_interface/include/camera_interface/camera_interface
-- Up-to-date: /home/xyq/Desktop/ros_ws/install/camera_interface/include/camera_interface/camera_interface/msg
-- Up-to-date: /home/xyq/Desktop/ros_ws/install/camera_interface/include/camera_interface/camera_interface/msg/detail
-- Up-to-date: /home/xyq/Desktop/ros_ws/install/camera_interface/include/camera_interface/camera_interface/msg/detail/corner__type_support.cpp
-- Up-to-date: /home/xyq/Desktop/ros_ws/install/camera_interface/include/camera_interface/camera_interface/msg/detail/corner__rosidl_typesupport_introspection_cpp.hpp
-- Installing: /home/xyq/Desktop/ros_ws/install/camera_interface/lib/libcamera_interface__rosidl_typesupport_introspection_cpp.so
-- Set runtime path of "/home/xyq/Desktop/ros_ws/install/camera_interface/lib/libcamera_interface__rosidl_typesupport_introspection_cpp.so" to ""
-- Installing: /home/xyq/Desktop/ros_ws/install/camera_interface/lib/libcamera_interface__rosidl_typesupport_cpp.so
-- Set runtime path of "/home/xyq/Desktop/ros_ws/install/camera_interface/lib/libcamera_interface__rosidl_typesupport_cpp.so" to ""
-- Up-to-date: /home/xyq/Desktop/ros_ws/install/camera_interface/share/camera_interface/environment/pythonpath.sh
-- Up-to-date: /home/xyq/Desktop/ros_ws/install/camera_interface/share/camera_interface/environment/pythonpath.dsv
-- Up-to-date: /home/xyq/Desktop/ros_ws/install/camera_interface/local/lib/python3.10/dist-packages/camera_interface-0.0.0-py3.10.egg-info
-- Installing: /home/xyq/Desktop/ros_ws/install/camera_interface/local/lib/python3.10/dist-packages/camera_interface-0.0.0-py3.10.egg-info/dependency_links.txt
-- Installing: /home/xyq/Desktop/ros_ws/install/camera_interface/local/lib/python3.10/dist-packages/camera_interface-0.0.0-py3.10.egg-info/PKG-INFO
-- Installing: /home/xyq/Desktop/ros_ws/install/camera_interface/local/lib/python3.10/dist-packages/camera_interface-0.0.0-py3.10.egg-info/top_level.txt
-- Installing: /home/xyq/Desktop/ros_ws/install/camera_interface/local/lib/python3.10/dist-packages/camera_interface-0.0.0-py3.10.egg-info/SOURCES.txt
-- Up-to-date: /home/xyq/Desktop/ros_ws/install/camera_interface/local/lib/python3.10/dist-packages/camera_interface
-- Up-to-date: /home/xyq/Desktop/ros_ws/install/camera_interface/local/lib/python3.10/dist-packages/camera_interface/msg
-- Up-to-date: /home/xyq/Desktop/ros_ws/install/camera_interface/local/lib/python3.10/dist-packages/camera_interface/msg/_corner_s.c
-- Up-to-date: /home/xyq/Desktop/ros_ws/install/camera_interface/local/lib/python3.10/dist-packages/camera_interface/msg/__init__.py
-- Up-to-date: /home/xyq/Desktop/ros_ws/install/camera_interface/local/lib/python3.10/dist-packages/camera_interface/msg/_corner.py
-- Up-to-date: /home/xyq/Desktop/ros_ws/install/camera_interface/local/lib/python3.10/dist-packages/camera_interface/_camera_interface_s.ep.rosidl_typesupport_introspection_c.c
-- Up-to-date: /home/xyq/Desktop/ros_ws/install/camera_interface/local/lib/python3.10/dist-packages/camera_interface/__init__.py
-- Installing: /home/xyq/Desktop/ros_ws/install/camera_interface/local/lib/python3.10/dist-packages/camera_interface/camera_interface_s__rosidl_typesupport_introspection_c.cpython-310-x86_64-linux-gnu.so
-- Installing: /home/xyq/Desktop/ros_ws/install/camera_interface/local/lib/python3.10/dist-packages/camera_interface/camera_interface_s__rosidl_typesupport_fastrtps_c.cpython-310-x86_64-linux-gnu.so
-- Up-to-date: /home/xyq/Desktop/ros_ws/install/camera_interface/local/lib/python3.10/dist-packages/camera_interface/_camera_interface_s.ep.rosidl_typesupport_c.c
-- Installing: /home/xyq/Desktop/ros_ws/install/camera_interface/local/lib/python3.10/dist-packages/camera_interface/libcamera_interface__rosidl_generator_py.so
-- Up-to-date: /home/xyq/Desktop/ros_ws/install/camera_interface/local/lib/python3.10/dist-packages/camera_interface/_camera_interface_s.ep.rosidl_typesupport_fastrtps_c.c
-- Installing: /home/xyq/Desktop/ros_ws/install/camera_interface/local/lib/python3.10/dist-packages/camera_interface/camera_interface_s__rosidl_typesupport_c.cpython-310-x86_64-linux-gnu.so
Listing '/home/xyq/Desktop/ros_ws/install/camera_interface/local/lib/python3.10/dist-packages/camera_interface'...
Listing '/home/xyq/Desktop/ros_ws/install/camera_interface/local/lib/python3.10/dist-packages/camera_interface/msg'...
-- Installing: /home/xyq/Desktop/ros_ws/install/camera_interface/local/lib/python3.10/dist-packages/camera_interface/camera_interface_s__rosidl_typesupport_fastrtps_c.cpython-310-x86_64-linux-gnu.so
-- Set runtime path of "/home/xyq/Desktop/ros_ws/install/camera_interface/local/lib/python3.10/dist-packages/camera_interface/camera_interface_s__rosidl_typesupport_fastrtps_c.cpython-310-x86_64-linux-gnu.so" to ""
-- Installing: /home/xyq/Desktop/ros_ws/install/camera_interface/local/lib/python3.10/dist-packages/camera_interface/camera_interface_s__rosidl_typesupport_introspection_c.cpython-310-x86_64-linux-gnu.so
-- Set runtime path of "/home/xyq/Desktop/ros_ws/install/camera_interface/local/lib/python3.10/dist-packages/camera_interface/camera_interface_s__rosidl_typesupport_introspection_c.cpython-310-x86_64-linux-gnu.so" to ""
-- Installing: /home/xyq/Desktop/ros_ws/install/camera_interface/local/lib/python3.10/dist-packages/camera_interface/camera_interface_s__rosidl_typesupport_c.cpython-310-x86_64-linux-gnu.so
-- Set runtime path of "/home/xyq/Desktop/ros_ws/install/camera_interface/local/lib/python3.10/dist-packages/camera_interface/camera_interface_s__rosidl_typesupport_c.cpython-310-x86_64-linux-gnu.so" to ""
-- Installing: /home/xyq/Desktop/ros_ws/install/camera_interface/lib/libcamera_interface__rosidl_generator_py.so
-- Set runtime path of "/home/xyq/Desktop/ros_ws/install/camera_interface/lib/libcamera_interface__rosidl_generator_py.so" to ""
-- Up-to-date: /home/xyq/Desktop/ros_ws/install/camera_interface/share/camera_interface/msg/Corner.idl
-- Up-to-date: /home/xyq/Desktop/ros_ws/install/camera_interface/share/camera_interface/msg/Corner.msg
-- Up-to-date: /home/xyq/Desktop/ros_ws/install/camera_interface/share/ament_index/resource_index/package_run_dependencies/camera_interface
-- Up-to-date: /home/xyq/Desktop/ros_ws/install/camera_interface/share/ament_index/resource_index/parent_prefix_path/camera_interface
-- Up-to-date: /home/xyq/Desktop/ros_ws/install/camera_interface/share/camera_interface/environment/ament_prefix_path.sh
-- Up-to-date: /home/xyq/Desktop/ros_ws/install/camera_interface/share/camera_interface/environment/ament_prefix_path.dsv
-- Up-to-date: /home/xyq/Desktop/ros_ws/install/camera_interface/share/camera_interface/environment/path.sh
-- Up-to-date: /home/xyq/Desktop/ros_ws/install/camera_interface/share/camera_interface/environment/path.dsv
-- Up-to-date: /home/xyq/Desktop/ros_ws/install/camera_interface/share/camera_interface/local_setup.bash
-- Up-to-date: /home/xyq/Desktop/ros_ws/install/camera_interface/share/camera_interface/local_setup.sh
-- Up-to-date: /home/xyq/Desktop/ros_ws/install/camera_interface/share/camera_interface/local_setup.zsh
-- Up-to-date: /home/xyq/Desktop/ros_ws/install/camera_interface/share/camera_interface/local_setup.dsv
-- Installing: /home/xyq/Desktop/ros_ws/install/camera_interface/share/camera_interface/package.dsv
-- Up-to-date: /home/xyq/Desktop/ros_ws/install/camera_interface/share/ament_index/resource_index/packages/camera_interface
-- Up-to-date: /home/xyq/Desktop/ros_ws/install/camera_interface/share/camera_interface/cmake/export_camera_interface__rosidl_generator_cExport.cmake
-- Up-to-date: /home/xyq/Desktop/ros_ws/install/camera_interface/share/camera_interface/cmake/export_camera_interface__rosidl_generator_cExport-noconfig.cmake
-- Up-to-date: /home/xyq/Desktop/ros_ws/install/camera_interface/share/camera_interface/cmake/export_camera_interface__rosidl_typesupport_fastrtps_cExport.cmake
-- Up-to-date: /home/xyq/Desktop/ros_ws/install/camera_interface/share/camera_interface/cmake/export_camera_interface__rosidl_typesupport_fastrtps_cExport-noconfig.cmake
-- Up-to-date: /home/xyq/Desktop/ros_ws/install/camera_interface/share/camera_interface/cmake/export_camera_interface__rosidl_generator_cppExport.cmake
-- Up-to-date: /home/xyq/Desktop/ros_ws/install/camera_interface/share/camera_interface/cmake/export_camera_interface__rosidl_typesupport_fastrtps_cppExport.cmake
-- Up-to-date: /home/xyq/Desktop/ros_ws/install/camera_interface/share/camera_interface/cmake/export_camera_interface__rosidl_typesupport_fastrtps_cppExport-noconfig.cmake
-- Up-to-date: /home/xyq/Desktop/ros_ws/install/camera_interface/share/camera_interface/cmake/camera_interface__rosidl_typesupport_introspection_cExport.cmake
-- Up-to-date: /home/xyq/Desktop/ros_ws/install/camera_interface/share/camera_interface/cmake/camera_interface__rosidl_typesupport_introspection_cExport-noconfig.cmake
-- Up-to-date: /home/xyq/Desktop/ros_ws/install/camera_interface/share/camera_interface/cmake/camera_interface__rosidl_typesupport_cExport.cmake
-- Up-to-date: /home/xyq/Desktop/ros_ws/install/camera_interface/share/camera_interface/cmake/camera_interface__rosidl_typesupport_cExport-noconfig.cmake
-- Up-to-date: /home/xyq/Desktop/ros_ws/install/camera_interface/share/camera_interface/cmake/camera_interface__rosidl_typesupport_introspection_cppExport.cmake
-- Up-to-date: /home/xyq/Desktop/ros_ws/install/camera_interface/share/camera_interface/cmake/camera_interface__rosidl_typesupport_introspection_cppExport-noconfig.cmake
-- Up-to-date: /home/xyq/Desktop/ros_ws/install/camera_interface/share/camera_interface/cmake/camera_interface__rosidl_typesupport_cppExport.cmake
-- Up-to-date: /home/xyq/Desktop/ros_ws/install/camera_interface/share/camera_interface/cmake/camera_interface__rosidl_typesupport_cppExport-noconfig.cmake
-- Up-to-date: /home/xyq/Desktop/ros_ws/install/camera_interface/share/camera_interface/cmake/export_camera_interface__rosidl_generator_pyExport.cmake
-- Up-to-date: /home/xyq/Desktop/ros_ws/install/camera_interface/share/camera_interface/cmake/export_camera_interface__rosidl_generator_pyExport-noconfig.cmake
-- Up-to-date: /home/xyq/Desktop/ros_ws/install/camera_interface/share/camera_interface/cmake/rosidl_cmake-extras.cmake
-- Up-to-date: /home/xyq/Desktop/ros_ws/install/camera_interface/share/camera_interface/cmake/ament_cmake_export_dependencies-extras.cmake
-- Up-to-date: /home/xyq/Desktop/ros_ws/install/camera_interface/share/camera_interface/cmake/ament_cmake_export_include_directories-extras.cmake
-- Up-to-date: /home/xyq/Desktop/ros_ws/install/camera_interface/share/camera_interface/cmake/ament_cmake_export_libraries-extras.cmake
-- Up-to-date: /home/xyq/Desktop/ros_ws/install/camera_interface/share/camera_interface/cmake/ament_cmake_export_targets-extras.cmake
-- Up-to-date: /home/xyq/Desktop/ros_ws/install/camera_interface/share/camera_interface/cmake/rosidl_cmake_export_typesupport_targets-extras.cmake
-- Up-to-date: /home/xyq/Desktop/ros_ws/install/camera_interface/share/camera_interface/cmake/rosidl_cmake_export_typesupport_libraries-extras.cmake
-- Up-to-date: /home/xyq/Desktop/ros_ws/install/camera_interface/share/camera_interface/cmake/camera_interfaceConfig.cmake
-- Up-to-date: /home/xyq/Desktop/ros_ws/install/camera_interface/share/camera_interface/cmake/camera_interfaceConfig-version.cmake
-- Up-to-date: /home/xyq/Desktop/ros_ws/install/camera_interface/share/camera_interface/package.xml
