[0.007s] Invoking command in '/home/xyq/Desktop/ros_ws/build/camera_interface': CMAKE_PREFIX_PATH=${CMAKE_PREFIX_PATH}:/opt/ros/humble /usr/bin/cmake --build /home/xyq/Desktop/ros_ws/build/camera_interface -- -j20 -l20
[0.046s] [  3%] Built target camera_interface__cpp
[0.046s] [  6%] [32mBuilding C object CMakeFiles/camera_interface__rosidl_generator_c.dir/rosidl_generator_c/camera_interface/msg/detail/corner__functions.c.o[0m
[0.056s] [  6%] Built target ament_cmake_python_copy_camera_interface
[0.066s] [  9%] [32mBuilding CXX object CMakeFiles/camera_interface__rosidl_typesupport_introspection_cpp.dir/rosidl_typesupport_introspection_cpp/camera_interface/msg/detail/corner__type_support.cpp.o[0m
[0.069s] [ 12%] [32mBuilding CXX object CMakeFiles/camera_interface__rosidl_typesupport_cpp.dir/rosidl_typesupport_cpp/camera_interface/msg/corner__type_support.cpp.o[0m
[0.069s] [ 16%] [32mBuilding CXX object CMakeFiles/camera_interface__rosidl_typesupport_fastrtps_cpp.dir/rosidl_typesupport_fastrtps_cpp/camera_interface/msg/detail/dds_fastrtps/corner__type_support.cpp.o[0m
[0.081s] [ 19%] [32m[1mLinking C shared library libcamera_interface__rosidl_generator_c.so[0m
[0.112s] [ 22%] Built target camera_interface__rosidl_generator_c
[0.135s] [ 25%] [32mBuilding CXX object CMakeFiles/camera_interface__rosidl_typesupport_fastrtps_c.dir/rosidl_typesupport_fastrtps_c/camera_interface/msg/detail/corner__type_support_c.cpp.o[0m
[0.135s] [ 29%] [32mBuilding CXX object CMakeFiles/camera_interface__rosidl_typesupport_c.dir/rosidl_typesupport_c/camera_interface/msg/corner__type_support.cpp.o[0m
[0.135s] [ 32%] [32mBuilding C object CMakeFiles/camera_interface__rosidl_typesupport_introspection_c.dir/rosidl_typesupport_introspection_c/camera_interface/msg/detail/corner__type_support.c.o[0m
[0.161s] [ 35%] [32m[1mLinking CXX shared library libcamera_interface__rosidl_typesupport_c.so[0m
[0.172s] [ 38%] [32m[1mLinking C shared library libcamera_interface__rosidl_typesupport_introspection_c.so[0m
[0.188s] [ 41%] Built target camera_interface__rosidl_typesupport_c
[0.191s] running egg_info
[0.191s] writing camera_interface.egg-info/PKG-INFO
[0.191s] writing dependency_links to camera_interface.egg-info/dependency_links.txt
[0.191s] writing top-level names to camera_interface.egg-info/top_level.txt
[0.193s] reading manifest file 'camera_interface.egg-info/SOURCES.txt'
[0.193s] writing manifest file 'camera_interface.egg-info/SOURCES.txt'
[0.204s] [ 45%] Built target camera_interface__rosidl_typesupport_introspection_c
[0.215s] [ 45%] Built target ament_cmake_python_build_camera_interface_egg
[0.219s] [ 48%] [32m[1mLinking CXX shared library libcamera_interface__rosidl_typesupport_cpp.so[0m
[0.247s] [ 51%] Built target camera_interface__rosidl_typesupport_cpp
[0.288s] [ 54%] [32m[1mLinking CXX shared library libcamera_interface__rosidl_typesupport_introspection_cpp.so[0m
[0.325s] [ 58%] [32m[1mLinking CXX shared library libcamera_interface__rosidl_typesupport_fastrtps_cpp.so[0m
[0.340s] [ 61%] Built target camera_interface__rosidl_typesupport_introspection_cpp
[0.345s] [ 64%] [32m[1mLinking CXX shared library libcamera_interface__rosidl_typesupport_fastrtps_c.so[0m
[0.374s] [ 67%] Built target camera_interface__rosidl_typesupport_fastrtps_cpp
[0.392s] [ 70%] Built target camera_interface__rosidl_typesupport_fastrtps_c
[0.410s] [ 70%] Built target camera_interface
[0.428s] [ 74%] Built target camera_interface__py
[0.445s] [ 77%] [32mBuilding C object CMakeFiles/camera_interface__rosidl_generator_py.dir/rosidl_generator_py/camera_interface/msg/_corner_s.c.o[0m
[0.508s] [ 80%] [32m[1mLinking C shared library rosidl_generator_py/camera_interface/libcamera_interface__rosidl_generator_py.so[0m
[0.546s] [ 80%] Built target camera_interface__rosidl_generator_py
[0.568s] [ 90%] [32mBuilding C object CMakeFiles/camera_interface__rosidl_typesupport_fastrtps_c__pyext.dir/rosidl_generator_py/camera_interface/_camera_interface_s.ep.rosidl_typesupport_fastrtps_c.c.o[0m
[0.568s] [ 90%] [32mBuilding C object CMakeFiles/camera_interface__rosidl_typesupport_introspection_c__pyext.dir/rosidl_generator_py/camera_interface/_camera_interface_s.ep.rosidl_typesupport_introspection_c.c.o[0m
[0.568s] [ 90%] [32mBuilding C object CMakeFiles/camera_interface__rosidl_typesupport_c__pyext.dir/rosidl_generator_py/camera_interface/_camera_interface_s.ep.rosidl_typesupport_c.c.o[0m
[0.630s] [ 93%] [32m[1mLinking C shared library rosidl_generator_py/camera_interface/camera_interface_s__rosidl_typesupport_c.cpython-310-x86_64-linux-gnu.so[0m
[0.632s] [ 96%] [32m[1mLinking C shared library rosidl_generator_py/camera_interface/camera_interface_s__rosidl_typesupport_fastrtps_c.cpython-310-x86_64-linux-gnu.so[0m
[0.639s] [100%] [32m[1mLinking C shared library rosidl_generator_py/camera_interface/camera_interface_s__rosidl_typesupport_introspection_c.cpython-310-x86_64-linux-gnu.so[0m
[0.663s] [100%] Built target camera_interface__rosidl_typesupport_c__pyext
[0.663s] [100%] Built target camera_interface__rosidl_typesupport_fastrtps_c__pyext
[0.676s] [100%] Built target camera_interface__rosidl_typesupport_introspection_c__pyext
[0.688s] Invoked command in '/home/xyq/Desktop/ros_ws/build/camera_interface' returned '0': CMAKE_PREFIX_PATH=${CMAKE_PREFIX_PATH}:/opt/ros/humble /usr/bin/cmake --build /home/xyq/Desktop/ros_ws/build/camera_interface -- -j20 -l20
[0.697s] Invoking command in '/home/xyq/Desktop/ros_ws/build/camera_interface': CMAKE_PREFIX_PATH=${CMAKE_PREFIX_PATH}:/opt/ros/humble /usr/bin/cmake --install /home/xyq/Desktop/ros_ws/build/camera_interface
[0.703s] -- Install configuration: ""
[0.703s] -- Up-to-date: /home/xyq/Desktop/ros_ws/install/camera_interface/share/ament_index/resource_index/rosidl_interfaces/camera_interface
[0.703s] -- Up-to-date: /home/xyq/Desktop/ros_ws/install/camera_interface/include/camera_interface/camera_interface
[0.703s] -- Up-to-date: /home/xyq/Desktop/ros_ws/install/camera_interface/include/camera_interface/camera_interface/msg
[0.703s] -- Up-to-date: /home/xyq/Desktop/ros_ws/install/camera_interface/include/camera_interface/camera_interface/msg/corner.h
[0.703s] -- Up-to-date: /home/xyq/Desktop/ros_ws/install/camera_interface/include/camera_interface/camera_interface/msg/detail
[0.703s] -- Up-to-date: /home/xyq/Desktop/ros_ws/install/camera_interface/include/camera_interface/camera_interface/msg/detail/corner__type_support.h
[0.703s] -- Up-to-date: /home/xyq/Desktop/ros_ws/install/camera_interface/include/camera_interface/camera_interface/msg/detail/corner__struct.h
[0.703s] -- Up-to-date: /home/xyq/Desktop/ros_ws/install/camera_interface/include/camera_interface/camera_interface/msg/detail/corner__functions.h
[0.703s] -- Up-to-date: /home/xyq/Desktop/ros_ws/install/camera_interface/include/camera_interface/camera_interface/msg/detail/corner__functions.c
[0.703s] -- Up-to-date: /home/xyq/Desktop/ros_ws/install/camera_interface/include/camera_interface/camera_interface/msg/rosidl_generator_c__visibility_control.h
[0.703s] -- Up-to-date: /home/xyq/Desktop/ros_ws/install/camera_interface/share/camera_interface/environment/library_path.sh
[0.703s] -- Up-to-date: /home/xyq/Desktop/ros_ws/install/camera_interface/share/camera_interface/environment/library_path.dsv
[0.704s] -- Installing: /home/xyq/Desktop/ros_ws/install/camera_interface/lib/libcamera_interface__rosidl_generator_c.so
[0.704s] -- Set runtime path of "/home/xyq/Desktop/ros_ws/install/camera_interface/lib/libcamera_interface__rosidl_generator_c.so" to ""
[0.704s] -- Up-to-date: /home/xyq/Desktop/ros_ws/install/camera_interface/include/camera_interface/camera_interface
[0.704s] -- Up-to-date: /home/xyq/Desktop/ros_ws/install/camera_interface/include/camera_interface/camera_interface/msg
[0.704s] -- Up-to-date: /home/xyq/Desktop/ros_ws/install/camera_interface/include/camera_interface/camera_interface/msg/detail
[0.704s] -- Up-to-date: /home/xyq/Desktop/ros_ws/install/camera_interface/include/camera_interface/camera_interface/msg/detail/corner__rosidl_typesupport_fastrtps_c.h
[0.704s] -- Up-to-date: /home/xyq/Desktop/ros_ws/install/camera_interface/include/camera_interface/camera_interface/msg/rosidl_typesupport_fastrtps_c__visibility_control.h
[0.704s] -- Installing: /home/xyq/Desktop/ros_ws/install/camera_interface/lib/libcamera_interface__rosidl_typesupport_fastrtps_c.so
[0.704s] -- Set runtime path of "/home/xyq/Desktop/ros_ws/install/camera_interface/lib/libcamera_interface__rosidl_typesupport_fastrtps_c.so" to ""
[0.704s] -- Up-to-date: /home/xyq/Desktop/ros_ws/install/camera_interface/include/camera_interface/camera_interface
[0.705s] -- Up-to-date: /home/xyq/Desktop/ros_ws/install/camera_interface/include/camera_interface/camera_interface/msg
[0.705s] -- Up-to-date: /home/xyq/Desktop/ros_ws/install/camera_interface/include/camera_interface/camera_interface/msg/corner.hpp
[0.705s] -- Up-to-date: /home/xyq/Desktop/ros_ws/install/camera_interface/include/camera_interface/camera_interface/msg/detail
[0.705s] -- Up-to-date: /home/xyq/Desktop/ros_ws/install/camera_interface/include/camera_interface/camera_interface/msg/detail/corner__type_support.hpp
[0.705s] -- Up-to-date: /home/xyq/Desktop/ros_ws/install/camera_interface/include/camera_interface/camera_interface/msg/detail/corner__builder.hpp
[0.705s] -- Up-to-date: /home/xyq/Desktop/ros_ws/install/camera_interface/include/camera_interface/camera_interface/msg/detail/corner__struct.hpp
[0.705s] -- Up-to-date: /home/xyq/Desktop/ros_ws/install/camera_interface/include/camera_interface/camera_interface/msg/detail/corner__traits.hpp
[0.705s] -- Up-to-date: /home/xyq/Desktop/ros_ws/install/camera_interface/include/camera_interface/camera_interface/msg/rosidl_generator_cpp__visibility_control.hpp
[0.705s] -- Up-to-date: /home/xyq/Desktop/ros_ws/install/camera_interface/include/camera_interface/camera_interface
[0.705s] -- Up-to-date: /home/xyq/Desktop/ros_ws/install/camera_interface/include/camera_interface/camera_interface/msg
[0.705s] -- Up-to-date: /home/xyq/Desktop/ros_ws/install/camera_interface/include/camera_interface/camera_interface/msg/rosidl_typesupport_fastrtps_cpp__visibility_control.h
[0.705s] -- Up-to-date: /home/xyq/Desktop/ros_ws/install/camera_interface/include/camera_interface/camera_interface/msg/detail
[0.705s] -- Up-to-date: /home/xyq/Desktop/ros_ws/install/camera_interface/include/camera_interface/camera_interface/msg/detail/corner__rosidl_typesupport_fastrtps_cpp.hpp
[0.705s] -- Up-to-date: /home/xyq/Desktop/ros_ws/install/camera_interface/include/camera_interface/camera_interface/msg/detail/dds_fastrtps
[0.706s] -- Installing: /home/xyq/Desktop/ros_ws/install/camera_interface/lib/libcamera_interface__rosidl_typesupport_fastrtps_cpp.so
[0.706s] -- Set runtime path of "/home/xyq/Desktop/ros_ws/install/camera_interface/lib/libcamera_interface__rosidl_typesupport_fastrtps_cpp.so" to ""
[0.706s] -- Up-to-date: /home/xyq/Desktop/ros_ws/install/camera_interface/include/camera_interface/camera_interface
[0.706s] -- Up-to-date: /home/xyq/Desktop/ros_ws/install/camera_interface/include/camera_interface/camera_interface/msg
[0.706s] -- Up-to-date: /home/xyq/Desktop/ros_ws/install/camera_interface/include/camera_interface/camera_interface/msg/detail
[0.706s] -- Up-to-date: /home/xyq/Desktop/ros_ws/install/camera_interface/include/camera_interface/camera_interface/msg/detail/corner__rosidl_typesupport_introspection_c.h
[0.706s] -- Up-to-date: /home/xyq/Desktop/ros_ws/install/camera_interface/include/camera_interface/camera_interface/msg/detail/corner__type_support.c
[0.706s] -- Up-to-date: /home/xyq/Desktop/ros_ws/install/camera_interface/include/camera_interface/camera_interface/msg/rosidl_typesupport_introspection_c__visibility_control.h
[0.706s] -- Installing: /home/xyq/Desktop/ros_ws/install/camera_interface/lib/libcamera_interface__rosidl_typesupport_introspection_c.so
[0.706s] -- Set runtime path of "/home/xyq/Desktop/ros_ws/install/camera_interface/lib/libcamera_interface__rosidl_typesupport_introspection_c.so" to ""
[0.706s] -- Installing: /home/xyq/Desktop/ros_ws/install/camera_interface/lib/libcamera_interface__rosidl_typesupport_c.so
[0.706s] -- Set runtime path of "/home/xyq/Desktop/ros_ws/install/camera_interface/lib/libcamera_interface__rosidl_typesupport_c.so" to ""
[0.706s] -- Up-to-date: /home/xyq/Desktop/ros_ws/install/camera_interface/include/camera_interface/camera_interface
[0.706s] -- Up-to-date: /home/xyq/Desktop/ros_ws/install/camera_interface/include/camera_interface/camera_interface/msg
[0.706s] -- Up-to-date: /home/xyq/Desktop/ros_ws/install/camera_interface/include/camera_interface/camera_interface/msg/detail
[0.706s] -- Up-to-date: /home/xyq/Desktop/ros_ws/install/camera_interface/include/camera_interface/camera_interface/msg/detail/corner__type_support.cpp
[0.706s] -- Up-to-date: /home/xyq/Desktop/ros_ws/install/camera_interface/include/camera_interface/camera_interface/msg/detail/corner__rosidl_typesupport_introspection_cpp.hpp
[0.707s] -- Installing: /home/xyq/Desktop/ros_ws/install/camera_interface/lib/libcamera_interface__rosidl_typesupport_introspection_cpp.so
[0.707s] -- Set runtime path of "/home/xyq/Desktop/ros_ws/install/camera_interface/lib/libcamera_interface__rosidl_typesupport_introspection_cpp.so" to ""
[0.707s] -- Installing: /home/xyq/Desktop/ros_ws/install/camera_interface/lib/libcamera_interface__rosidl_typesupport_cpp.so
[0.707s] -- Set runtime path of "/home/xyq/Desktop/ros_ws/install/camera_interface/lib/libcamera_interface__rosidl_typesupport_cpp.so" to ""
[0.707s] -- Up-to-date: /home/xyq/Desktop/ros_ws/install/camera_interface/share/camera_interface/environment/pythonpath.sh
[0.707s] -- Up-to-date: /home/xyq/Desktop/ros_ws/install/camera_interface/share/camera_interface/environment/pythonpath.dsv
[0.707s] -- Up-to-date: /home/xyq/Desktop/ros_ws/install/camera_interface/local/lib/python3.10/dist-packages/camera_interface-0.0.0-py3.10.egg-info
[0.707s] -- Installing: /home/xyq/Desktop/ros_ws/install/camera_interface/local/lib/python3.10/dist-packages/camera_interface-0.0.0-py3.10.egg-info/dependency_links.txt
[0.707s] -- Installing: /home/xyq/Desktop/ros_ws/install/camera_interface/local/lib/python3.10/dist-packages/camera_interface-0.0.0-py3.10.egg-info/PKG-INFO
[0.707s] -- Installing: /home/xyq/Desktop/ros_ws/install/camera_interface/local/lib/python3.10/dist-packages/camera_interface-0.0.0-py3.10.egg-info/top_level.txt
[0.707s] -- Installing: /home/xyq/Desktop/ros_ws/install/camera_interface/local/lib/python3.10/dist-packages/camera_interface-0.0.0-py3.10.egg-info/SOURCES.txt
[0.708s] -- Up-to-date: /home/xyq/Desktop/ros_ws/install/camera_interface/local/lib/python3.10/dist-packages/camera_interface
[0.708s] -- Up-to-date: /home/xyq/Desktop/ros_ws/install/camera_interface/local/lib/python3.10/dist-packages/camera_interface/msg
[0.708s] -- Up-to-date: /home/xyq/Desktop/ros_ws/install/camera_interface/local/lib/python3.10/dist-packages/camera_interface/msg/_corner_s.c
[0.708s] -- Up-to-date: /home/xyq/Desktop/ros_ws/install/camera_interface/local/lib/python3.10/dist-packages/camera_interface/msg/__init__.py
[0.708s] -- Up-to-date: /home/xyq/Desktop/ros_ws/install/camera_interface/local/lib/python3.10/dist-packages/camera_interface/msg/_corner.py
[0.708s] -- Up-to-date: /home/xyq/Desktop/ros_ws/install/camera_interface/local/lib/python3.10/dist-packages/camera_interface/_camera_interface_s.ep.rosidl_typesupport_introspection_c.c
[0.708s] -- Up-to-date: /home/xyq/Desktop/ros_ws/install/camera_interface/local/lib/python3.10/dist-packages/camera_interface/__init__.py
[0.708s] -- Installing: /home/xyq/Desktop/ros_ws/install/camera_interface/local/lib/python3.10/dist-packages/camera_interface/camera_interface_s__rosidl_typesupport_introspection_c.cpython-310-x86_64-linux-gnu.so
[0.708s] -- Installing: /home/xyq/Desktop/ros_ws/install/camera_interface/local/lib/python3.10/dist-packages/camera_interface/camera_interface_s__rosidl_typesupport_fastrtps_c.cpython-310-x86_64-linux-gnu.so
[0.708s] -- Up-to-date: /home/xyq/Desktop/ros_ws/install/camera_interface/local/lib/python3.10/dist-packages/camera_interface/_camera_interface_s.ep.rosidl_typesupport_c.c
[0.708s] -- Installing: /home/xyq/Desktop/ros_ws/install/camera_interface/local/lib/python3.10/dist-packages/camera_interface/libcamera_interface__rosidl_generator_py.so
[0.708s] -- Up-to-date: /home/xyq/Desktop/ros_ws/install/camera_interface/local/lib/python3.10/dist-packages/camera_interface/_camera_interface_s.ep.rosidl_typesupport_fastrtps_c.c
[0.708s] -- Installing: /home/xyq/Desktop/ros_ws/install/camera_interface/local/lib/python3.10/dist-packages/camera_interface/camera_interface_s__rosidl_typesupport_c.cpython-310-x86_64-linux-gnu.so
[0.735s] Listing '/home/xyq/Desktop/ros_ws/install/camera_interface/local/lib/python3.10/dist-packages/camera_interface'...
[0.735s] Listing '/home/xyq/Desktop/ros_ws/install/camera_interface/local/lib/python3.10/dist-packages/camera_interface/msg'...
[0.739s] -- Installing: /home/xyq/Desktop/ros_ws/install/camera_interface/local/lib/python3.10/dist-packages/camera_interface/camera_interface_s__rosidl_typesupport_fastrtps_c.cpython-310-x86_64-linux-gnu.so
[0.739s] -- Set runtime path of "/home/xyq/Desktop/ros_ws/install/camera_interface/local/lib/python3.10/dist-packages/camera_interface/camera_interface_s__rosidl_typesupport_fastrtps_c.cpython-310-x86_64-linux-gnu.so" to ""
[0.739s] -- Installing: /home/xyq/Desktop/ros_ws/install/camera_interface/local/lib/python3.10/dist-packages/camera_interface/camera_interface_s__rosidl_typesupport_introspection_c.cpython-310-x86_64-linux-gnu.so
[0.739s] -- Set runtime path of "/home/xyq/Desktop/ros_ws/install/camera_interface/local/lib/python3.10/dist-packages/camera_interface/camera_interface_s__rosidl_typesupport_introspection_c.cpython-310-x86_64-linux-gnu.so" to ""
[0.740s] -- Installing: /home/xyq/Desktop/ros_ws/install/camera_interface/local/lib/python3.10/dist-packages/camera_interface/camera_interface_s__rosidl_typesupport_c.cpython-310-x86_64-linux-gnu.so
[0.740s] -- Set runtime path of "/home/xyq/Desktop/ros_ws/install/camera_interface/local/lib/python3.10/dist-packages/camera_interface/camera_interface_s__rosidl_typesupport_c.cpython-310-x86_64-linux-gnu.so" to ""
[0.740s] -- Installing: /home/xyq/Desktop/ros_ws/install/camera_interface/lib/libcamera_interface__rosidl_generator_py.so
[0.740s] -- Set runtime path of "/home/xyq/Desktop/ros_ws/install/camera_interface/lib/libcamera_interface__rosidl_generator_py.so" to ""
[0.740s] -- Up-to-date: /home/xyq/Desktop/ros_ws/install/camera_interface/share/camera_interface/msg/Corner.idl
[0.740s] -- Up-to-date: /home/xyq/Desktop/ros_ws/install/camera_interface/share/camera_interface/msg/Corner.msg
[0.740s] -- Up-to-date: /home/xyq/Desktop/ros_ws/install/camera_interface/share/ament_index/resource_index/package_run_dependencies/camera_interface
[0.740s] -- Up-to-date: /home/xyq/Desktop/ros_ws/install/camera_interface/share/ament_index/resource_index/parent_prefix_path/camera_interface
[0.740s] -- Up-to-date: /home/xyq/Desktop/ros_ws/install/camera_interface/share/camera_interface/environment/ament_prefix_path.sh
[0.741s] -- Up-to-date: /home/xyq/Desktop/ros_ws/install/camera_interface/share/camera_interface/environment/ament_prefix_path.dsv
[0.741s] -- Up-to-date: /home/xyq/Desktop/ros_ws/install/camera_interface/share/camera_interface/environment/path.sh
[0.741s] -- Up-to-date: /home/xyq/Desktop/ros_ws/install/camera_interface/share/camera_interface/environment/path.dsv
[0.741s] -- Up-to-date: /home/xyq/Desktop/ros_ws/install/camera_interface/share/camera_interface/local_setup.bash
[0.741s] -- Up-to-date: /home/xyq/Desktop/ros_ws/install/camera_interface/share/camera_interface/local_setup.sh
[0.741s] -- Up-to-date: /home/xyq/Desktop/ros_ws/install/camera_interface/share/camera_interface/local_setup.zsh
[0.741s] -- Up-to-date: /home/xyq/Desktop/ros_ws/install/camera_interface/share/camera_interface/local_setup.dsv
[0.741s] -- Installing: /home/xyq/Desktop/ros_ws/install/camera_interface/share/camera_interface/package.dsv
[0.741s] -- Up-to-date: /home/xyq/Desktop/ros_ws/install/camera_interface/share/ament_index/resource_index/packages/camera_interface
[0.741s] -- Up-to-date: /home/xyq/Desktop/ros_ws/install/camera_interface/share/camera_interface/cmake/export_camera_interface__rosidl_generator_cExport.cmake
[0.741s] -- Up-to-date: /home/xyq/Desktop/ros_ws/install/camera_interface/share/camera_interface/cmake/export_camera_interface__rosidl_generator_cExport-noconfig.cmake
[0.741s] -- Up-to-date: /home/xyq/Desktop/ros_ws/install/camera_interface/share/camera_interface/cmake/export_camera_interface__rosidl_typesupport_fastrtps_cExport.cmake
[0.741s] -- Up-to-date: /home/xyq/Desktop/ros_ws/install/camera_interface/share/camera_interface/cmake/export_camera_interface__rosidl_typesupport_fastrtps_cExport-noconfig.cmake
[0.742s] -- Up-to-date: /home/xyq/Desktop/ros_ws/install/camera_interface/share/camera_interface/cmake/export_camera_interface__rosidl_generator_cppExport.cmake
[0.742s] -- Up-to-date: /home/xyq/Desktop/ros_ws/install/camera_interface/share/camera_interface/cmake/export_camera_interface__rosidl_typesupport_fastrtps_cppExport.cmake
[0.742s] -- Up-to-date: /home/xyq/Desktop/ros_ws/install/camera_interface/share/camera_interface/cmake/export_camera_interface__rosidl_typesupport_fastrtps_cppExport-noconfig.cmake
[0.742s] -- Up-to-date: /home/xyq/Desktop/ros_ws/install/camera_interface/share/camera_interface/cmake/camera_interface__rosidl_typesupport_introspection_cExport.cmake
[0.742s] -- Up-to-date: /home/xyq/Desktop/ros_ws/install/camera_interface/share/camera_interface/cmake/camera_interface__rosidl_typesupport_introspection_cExport-noconfig.cmake
[0.742s] -- Up-to-date: /home/xyq/Desktop/ros_ws/install/camera_interface/share/camera_interface/cmake/camera_interface__rosidl_typesupport_cExport.cmake
[0.742s] -- Up-to-date: /home/xyq/Desktop/ros_ws/install/camera_interface/share/camera_interface/cmake/camera_interface__rosidl_typesupport_cExport-noconfig.cmake
[0.742s] -- Up-to-date: /home/xyq/Desktop/ros_ws/install/camera_interface/share/camera_interface/cmake/camera_interface__rosidl_typesupport_introspection_cppExport.cmake
[0.742s] -- Up-to-date: /home/xyq/Desktop/ros_ws/install/camera_interface/share/camera_interface/cmake/camera_interface__rosidl_typesupport_introspection_cppExport-noconfig.cmake
[0.742s] -- Up-to-date: /home/xyq/Desktop/ros_ws/install/camera_interface/share/camera_interface/cmake/camera_interface__rosidl_typesupport_cppExport.cmake
[0.743s] -- Up-to-date: /home/xyq/Desktop/ros_ws/install/camera_interface/share/camera_interface/cmake/camera_interface__rosidl_typesupport_cppExport-noconfig.cmake
[0.743s] -- Up-to-date: /home/xyq/Desktop/ros_ws/install/camera_interface/share/camera_interface/cmake/export_camera_interface__rosidl_generator_pyExport.cmake
[0.743s] -- Up-to-date: /home/xyq/Desktop/ros_ws/install/camera_interface/share/camera_interface/cmake/export_camera_interface__rosidl_generator_pyExport-noconfig.cmake
[0.744s] -- Up-to-date: /home/xyq/Desktop/ros_ws/install/camera_interface/share/camera_interface/cmake/rosidl_cmake-extras.cmake
[0.744s] -- Up-to-date: /home/xyq/Desktop/ros_ws/install/camera_interface/share/camera_interface/cmake/ament_cmake_export_dependencies-extras.cmake
[0.744s] -- Up-to-date: /home/xyq/Desktop/ros_ws/install/camera_interface/share/camera_interface/cmake/ament_cmake_export_include_directories-extras.cmake
[0.744s] -- Up-to-date: /home/xyq/Desktop/ros_ws/install/camera_interface/share/camera_interface/cmake/ament_cmake_export_libraries-extras.cmake
[0.744s] -- Up-to-date: /home/xyq/Desktop/ros_ws/install/camera_interface/share/camera_interface/cmake/ament_cmake_export_targets-extras.cmake
[0.744s] -- Up-to-date: /home/xyq/Desktop/ros_ws/install/camera_interface/share/camera_interface/cmake/rosidl_cmake_export_typesupport_targets-extras.cmake
[0.744s] -- Up-to-date: /home/xyq/Desktop/ros_ws/install/camera_interface/share/camera_interface/cmake/rosidl_cmake_export_typesupport_libraries-extras.cmake
[0.745s] -- Up-to-date: /home/xyq/Desktop/ros_ws/install/camera_interface/share/camera_interface/cmake/camera_interfaceConfig.cmake
[0.745s] -- Up-to-date: /home/xyq/Desktop/ros_ws/install/camera_interface/share/camera_interface/cmake/camera_interfaceConfig-version.cmake
[0.745s] -- Up-to-date: /home/xyq/Desktop/ros_ws/install/camera_interface/share/camera_interface/package.xml
[0.745s] Invoked command in '/home/xyq/Desktop/ros_ws/build/camera_interface' returned '0': CMAKE_PREFIX_PATH=${CMAKE_PREFIX_PATH}:/opt/ros/humble /usr/bin/cmake --install /home/xyq/Desktop/ros_ws/build/camera_interface
