[0.018s] Invoking command in '/home/xyq/Desktop/ros_ws/build/image_processing': CMAKE_PREFIX_PATH=/opt/ros/humble /usr/bin/cmake --build /home/xyq/Desktop/ros_ws/build/image_processing -- -j20 -l20
[0.037s] -- Found ament_cmake: 1.3.11 (/opt/ros/humble/share/ament_cmake/cmake)
[0.142s] -- Found rclcpp: 16.0.11 (/opt/ros/humble/share/rclcpp/cmake)
[0.167s] -- Found rosidl_generator_c: 3.1.6 (/opt/ros/humble/share/rosidl_generator_c/cmake)
[0.169s] -- Found rosidl_adapter: 3.1.6 (/opt/ros/humble/share/rosidl_adapter/cmake)
[0.173s] -- Found rosidl_generator_cpp: 3.1.6 (/opt/ros/humble/share/rosidl_generator_cpp/cmake)
[0.180s] -- Using all available rosidl_typesupport_c: rosidl_typesupport_fastrtps_c;rosidl_typesupport_introspection_c
[0.191s] -- Using all available rosidl_typesupport_cpp: rosidl_typesupport_fastrtps_cpp;rosidl_typesupport_introspection_cpp
[0.215s] -- Found rmw_implementation_cmake: 6.1.2 (/opt/ros/humble/share/rmw_implementation_cmake/cmake)
[0.216s] -- Found rmw_fastrtps_cpp: 6.2.7 (/opt/ros/humble/share/rmw_fastrtps_cpp/cmake)
[0.305s] -- Using RMW implementation 'rmw_fastrtps_cpp' as default
[0.345s] -- Found ament_lint_auto: 0.12.11 (/opt/ros/humble/share/ament_lint_auto/cmake)
[0.416s] -- Added test 'cppcheck' to perform static code analysis on C / C++ code
[0.417s] -- Configured cppcheck include dirs: /home/xyq/Desktop/ros_ws/src/image_processing/sources
[0.417s] -- Configured cppcheck exclude dirs and/or files: 
[0.418s] -- Added test 'lint_cmake' to check CMake code style
[0.419s] -- Added test 'uncrustify' to check C / C++ code style
[0.419s] -- Configured uncrustify additional arguments: 
[0.419s] -- Added test 'xmllint' to check XML markup files
[0.420s] -- Configuring done
[0.430s] -- Generating done
[0.436s] -- Build files have been written to: /home/xyq/Desktop/ros_ws/build/image_processing
[0.459s] [35m[1mConsolidate compiler generated dependencies of target image_processing[0m
[0.478s] [ 50%] [32mBuilding CXX object CMakeFiles/image_processing.dir/src/bgr2gray.cpp.o[0m
[2.695s] [01m[K/home/xyq/Desktop/ros_ws/src/image_processing/src/bgr2gray.cpp:[m[K In function ‘[01m[Kint main(int, char**)[m[K’:
[2.695s] [01m[K/home/xyq/Desktop/ros_ws/src/image_processing/src/bgr2gray.cpp:8:14:[m[K [01;35m[Kwarning: [m[Kunused parameter ‘[01m[Kargc[m[K’ [[01;35m[K]8;;https://gcc.gnu.org/onlinedocs/gcc/Warning-Options.html#index-Wunused-parameter-Wunused-parameter]8;;[m[K]
[2.695s]     8 | int main([01;35m[Kint argc[m[K, char *argv[]){
[2.695s]       |          [01;35m[K~~~~^~~~[m[K
[3.522s] [100%] [32m[1mLinking CXX executable image_processing[0m
[3.792s] [100%] Built target image_processing
[3.804s] Invoked command in '/home/xyq/Desktop/ros_ws/build/image_processing' returned '0': CMAKE_PREFIX_PATH=/opt/ros/humble /usr/bin/cmake --build /home/xyq/Desktop/ros_ws/build/image_processing -- -j20 -l20
[3.806s] Invoking command in '/home/xyq/Desktop/ros_ws/build/image_processing': CMAKE_PREFIX_PATH=/opt/ros/humble /usr/bin/cmake --install /home/xyq/Desktop/ros_ws/build/image_processing
[3.812s] -- Install configuration: ""
[3.813s] -- Installing: /home/xyq/Desktop/ros_ws/install/image_processing/lib/image_processing/image_processing
[3.813s] -- Up-to-date: /home/xyq/Desktop/ros_ws/install/image_processing/share/ament_index/resource_index/package_run_dependencies/image_processing
[3.813s] -- Up-to-date: /home/xyq/Desktop/ros_ws/install/image_processing/share/ament_index/resource_index/parent_prefix_path/image_processing
[3.813s] -- Up-to-date: /home/xyq/Desktop/ros_ws/install/image_processing/share/image_processing/environment/ament_prefix_path.sh
[3.813s] -- Installing: /home/xyq/Desktop/ros_ws/install/image_processing/share/image_processing/environment/ament_prefix_path.dsv
[3.813s] -- Up-to-date: /home/xyq/Desktop/ros_ws/install/image_processing/share/image_processing/environment/path.sh
[3.813s] -- Installing: /home/xyq/Desktop/ros_ws/install/image_processing/share/image_processing/environment/path.dsv
[3.813s] -- Up-to-date: /home/xyq/Desktop/ros_ws/install/image_processing/share/image_processing/local_setup.bash
[3.814s] -- Up-to-date: /home/xyq/Desktop/ros_ws/install/image_processing/share/image_processing/local_setup.sh
[3.814s] -- Up-to-date: /home/xyq/Desktop/ros_ws/install/image_processing/share/image_processing/local_setup.zsh
[3.814s] -- Installing: /home/xyq/Desktop/ros_ws/install/image_processing/share/image_processing/local_setup.dsv
[3.814s] -- Installing: /home/xyq/Desktop/ros_ws/install/image_processing/share/image_processing/package.dsv
[3.814s] -- Up-to-date: /home/xyq/Desktop/ros_ws/install/image_processing/share/ament_index/resource_index/packages/image_processing
[3.814s] -- Up-to-date: /home/xyq/Desktop/ros_ws/install/image_processing/share/image_processing/cmake/image_processingConfig.cmake
[3.814s] -- Up-to-date: /home/xyq/Desktop/ros_ws/install/image_processing/share/image_processing/cmake/image_processingConfig-version.cmake
[3.814s] -- Up-to-date: /home/xyq/Desktop/ros_ws/install/image_processing/share/image_processing/package.xml
[3.816s] Invoked command in '/home/xyq/Desktop/ros_ws/build/image_processing' returned '0': CMAKE_PREFIX_PATH=/opt/ros/humble /usr/bin/cmake --install /home/xyq/Desktop/ros_ws/build/image_processing
