[0.017s] Invoking command in '/home/xyq/Desktop/ros_ws/build/corner_detection': AMENT_PREFIX_PATH=/home/xyq/Desktop/ros_ws/install/camera_interface:${AMENT_PREFIX_PATH} CMAKE_PREFIX_PATH=/home/xyq/Desktop/ros_ws/install/camera_interface:/opt/ros/humble LD_LIBRARY_PATH=/home/xyq/Desktop/ros_ws/install/camera_interface/lib:${LD_LIBRARY_PATH} PYTHONPATH=/home/xyq/Desktop/ros_ws/install/camera_interface/local/lib/python3.10/dist-packages:${PYTHONPATH} /usr/bin/cmake --build /home/xyq/Desktop/ros_ws/build/corner_detection -- -j20 -l20
[0.080s] [35m[1mConsolidate compiler generated dependencies of target corner_detection_node[0m
[0.101s] [100%] Built target corner_detection_node
[0.117s] Invoked command in '/home/xyq/Desktop/ros_ws/build/corner_detection' returned '0': AMENT_PREFIX_PATH=/home/xyq/Desktop/ros_ws/install/camera_interface:${AMENT_PREFIX_PATH} CMAKE_PREFIX_PATH=/home/xyq/Desktop/ros_ws/install/camera_interface:/opt/ros/humble LD_LIBRARY_PATH=/home/xyq/Desktop/ros_ws/install/camera_interface/lib:${LD_LIBRARY_PATH} PYTHONPATH=/home/xyq/Desktop/ros_ws/install/camera_interface/local/lib/python3.10/dist-packages:${PYTHONPATH} /usr/bin/cmake --build /home/xyq/Desktop/ros_ws/build/corner_detection -- -j20 -l20
[0.119s] Invoking command in '/home/xyq/Desktop/ros_ws/build/corner_detection': AMENT_PREFIX_PATH=/home/xyq/Desktop/ros_ws/install/camera_interface:${AMENT_PREFIX_PATH} CMAKE_PREFIX_PATH=/home/xyq/Desktop/ros_ws/install/camera_interface:/opt/ros/humble LD_LIBRARY_PATH=/home/xyq/Desktop/ros_ws/install/camera_interface/lib:${LD_LIBRARY_PATH} PYTHONPATH=/home/xyq/Desktop/ros_ws/install/camera_interface/local/lib/python3.10/dist-packages:${PYTHONPATH} /usr/bin/cmake --install /home/xyq/Desktop/ros_ws/build/corner_detection
[0.131s] -- Install configuration: ""
[0.132s] -- Up-to-date: /home/xyq/Desktop/ros_ws/install/corner_detection/lib/corner_detection/corner_detection_node
[0.132s] -- Up-to-date: /home/xyq/Desktop/ros_ws/install/corner_detection/share/ament_index/resource_index/package_run_dependencies/corner_detection
[0.132s] -- Up-to-date: /home/xyq/Desktop/ros_ws/install/corner_detection/share/ament_index/resource_index/parent_prefix_path/corner_detection
[0.133s] -- Up-to-date: /home/xyq/Desktop/ros_ws/install/corner_detection/share/corner_detection/environment/ament_prefix_path.sh
[0.133s] -- Up-to-date: /home/xyq/Desktop/ros_ws/install/corner_detection/share/corner_detection/environment/ament_prefix_path.dsv
[0.133s] -- Up-to-date: /home/xyq/Desktop/ros_ws/install/corner_detection/share/corner_detection/environment/path.sh
[0.134s] -- Up-to-date: /home/xyq/Desktop/ros_ws/install/corner_detection/share/corner_detection/environment/path.dsv
[0.134s] -- Up-to-date: /home/xyq/Desktop/ros_ws/install/corner_detection/share/corner_detection/local_setup.bash
[0.134s] -- Up-to-date: /home/xyq/Desktop/ros_ws/install/corner_detection/share/corner_detection/local_setup.sh
[0.136s] -- Up-to-date: /home/xyq/Desktop/ros_ws/install/corner_detection/share/corner_detection/local_setup.zsh
[0.137s] -- Up-to-date: /home/xyq/Desktop/ros_ws/install/corner_detection/share/corner_detection/local_setup.dsv
[0.138s] -- Installing: /home/xyq/Desktop/ros_ws/install/corner_detection/share/corner_detection/package.dsv
[0.138s] -- Up-to-date: /home/xyq/Desktop/ros_ws/install/corner_detection/share/ament_index/resource_index/packages/corner_detection
[0.139s] -- Up-to-date: /home/xyq/Desktop/ros_ws/install/corner_detection/share/corner_detection/cmake/corner_detectionConfig.cmake
[0.139s] -- Up-to-date: /home/xyq/Desktop/ros_ws/install/corner_detection/share/corner_detection/cmake/corner_detectionConfig-version.cmake
[0.140s] -- Up-to-date: /home/xyq/Desktop/ros_ws/install/corner_detection/share/corner_detection/package.xml
[0.156s] Invoked command in '/home/xyq/Desktop/ros_ws/build/corner_detection' returned '0': AMENT_PREFIX_PATH=/home/xyq/Desktop/ros_ws/install/camera_interface:${AMENT_PREFIX_PATH} CMAKE_PREFIX_PATH=/home/xyq/Desktop/ros_ws/install/camera_interface:/opt/ros/humble LD_LIBRARY_PATH=/home/xyq/Desktop/ros_ws/install/camera_interface/lib:${LD_LIBRARY_PATH} PYTHONPATH=/home/xyq/Desktop/ros_ws/install/camera_interface/local/lib/python3.10/dist-packages:${PYTHONPATH} /usr/bin/cmake --install /home/xyq/Desktop/ros_ws/build/corner_detection
