[0.006s] Invoking command in '/home/xyq/Desktop/ros_ws/build/serial_port': CMAKE_PREFIX_PATH=/opt/ros/humble /usr/bin/cmake /home/xyq/Desktop/ros_ws/src/serial_port -DCMAKE_INSTALL_PREFIX=/home/xyq/Desktop/ros_ws/install/serial_port
[0.013s] -- Found ament_cmake: 1.3.11 (/opt/ros/humble/share/ament_cmake/cmake)
[0.085s] -- Found serial: 1.2.1 (/usr/local/share/serial/cmake)
[0.089s] -- Found ament_lint_auto: 0.12.11 (/opt/ros/humble/share/ament_lint_auto/cmake)
[0.137s] -- Added test 'cppcheck' to perform static code analysis on C / C++ code
[0.137s] -- Configured cppcheck include dirs: 
[0.137s] -- Configured cppcheck exclude dirs and/or files: 
[0.138s] -- Added test 'lint_cmake' to check CMake code style
[0.138s] -- Added test 'uncrustify' to check C / C++ code style
[0.138s] -- Configured uncrustify additional arguments: 
[0.138s] -- Added test 'xmllint' to check XML markup files
[0.139s] -- Configuring done
[0.141s] -- Generating done
[0.142s] -- Build files have been written to: /home/xyq/Desktop/ros_ws/build/serial_port
[0.146s] Invoked command in '/home/xyq/Desktop/ros_ws/build/serial_port' returned '0': CMAKE_PREFIX_PATH=/opt/ros/humble /usr/bin/cmake /home/xyq/Desktop/ros_ws/src/serial_port -DCMAKE_INSTALL_PREFIX=/home/xyq/Desktop/ros_ws/install/serial_port
[0.146s] Invoking command in '/home/xyq/Desktop/ros_ws/build/serial_port': CMAKE_PREFIX_PATH=/opt/ros/humble /usr/bin/cmake --build /home/xyq/Desktop/ros_ws/build/serial_port -- -j20 -l20
[0.184s] [ 50%] [32mBuilding CXX object CMakeFiles/serial_port_node.dir/src/serial_port_node.cpp.o[0m
[0.199s] [100%] [32m[1mLinking CXX executable serial_port_node[0m
[0.223s] /usr/bin/ld: /usr/lib/gcc/x86_64-linux-gnu/11/../../../x86_64-linux-gnu/Scrt1.o: in function `_start':
[0.223s] (.text+0x1b): undefined reference to `main'
[0.224s] collect2: error: ld returned 1 exit status
[0.226s] gmake[2]: *** [CMakeFiles/serial_port_node.dir/build.make:98：serial_port_node] 错误 1
[0.226s] gmake[1]: *** [CMakeFiles/Makefile2:137：CMakeFiles/serial_port_node.dir/all] 错误 2
[0.226s] gmake: *** [Makefile:146：all] 错误 2
[0.227s] Invoked command in '/home/xyq/Desktop/ros_ws/build/serial_port' returned '2': CMAKE_PREFIX_PATH=/opt/ros/humble /usr/bin/cmake --build /home/xyq/Desktop/ros_ws/build/serial_port -- -j20 -l20
