[0.008s] Invoking command in '/home/xyq/Desktop/ros_ws/build/serial_port': CMAKE_PREFIX_PATH=/opt/ros/humble /usr/bin/cmake --build /home/xyq/Desktop/ros_ws/build/serial_port -- -j20 -l20
[0.040s] [35m[1mConsolidate compiler generated dependencies of target serial_port_node[0m
[0.047s] [ 50%] [32mBuilding CXX object CMakeFiles/serial_port_node.dir/src/serial_port_node.cpp.o[0m
[0.160s] [01m[K/home/xyq/Desktop/ros_ws/src/serial_port/src/serial_port_node.cpp:[m[K In function ‘[01m[Kint main(int, char**)[m[K’:
[0.160s] [01m[K/home/xyq/Desktop/ros_ws/src/serial_port/src/serial_port_node.cpp:3:14:[m[K [01;35m[Kwarning: [m[Kunused parameter ‘[01m[Kargc[m[K’ [[01;35m[K]8;;https://gcc.gnu.org/onlinedocs/gcc/Warning-Options.html#index-Wunused-parameter-Wunused-parameter]8;;[m[K]
[0.160s]     3 | int main([01;35m[Kint argc[m[K, char* argv[]){
[0.160s]       |          [01;35m[K~~~~^~~~[m[K
[0.160s] [01m[K/home/xyq/Desktop/ros_ws/src/serial_port/src/serial_port_node.cpp:3:26:[m[K [01;35m[Kwarning: [m[Kunused parameter ‘[01m[Kargv[m[K’ [[01;35m[K]8;;https://gcc.gnu.org/onlinedocs/gcc/Warning-Options.html#index-Wunused-parameter-Wunused-parameter]8;;[m[K]
[0.160s]     3 | int main(int argc, [01;35m[Kchar* argv[][m[K){
[0.160s]       |                    [01;35m[K~~~~~~^~~~~~[m[K
[0.189s] [100%] [32m[1mLinking CXX executable serial_port_node[0m
[0.224s] [100%] Built target serial_port_node
[0.233s] Invoked command in '/home/xyq/Desktop/ros_ws/build/serial_port' returned '0': CMAKE_PREFIX_PATH=/opt/ros/humble /usr/bin/cmake --build /home/xyq/Desktop/ros_ws/build/serial_port -- -j20 -l20
[0.239s] Invoking command in '/home/xyq/Desktop/ros_ws/build/serial_port': CMAKE_PREFIX_PATH=/opt/ros/humble /usr/bin/cmake --install /home/xyq/Desktop/ros_ws/build/serial_port
[0.244s] -- Install configuration: ""
[0.244s] -- Installing: /home/xyq/Desktop/ros_ws/install/serial_port/share/ament_index/resource_index/package_run_dependencies/serial_port
[0.245s] -- Installing: /home/xyq/Desktop/ros_ws/install/serial_port/share/ament_index/resource_index/parent_prefix_path/serial_port
[0.245s] -- Installing: /home/xyq/Desktop/ros_ws/install/serial_port/share/serial_port/environment/ament_prefix_path.sh
[0.245s] -- Installing: /home/xyq/Desktop/ros_ws/install/serial_port/share/serial_port/environment/ament_prefix_path.dsv
[0.245s] -- Installing: /home/xyq/Desktop/ros_ws/install/serial_port/share/serial_port/environment/path.sh
[0.245s] -- Installing: /home/xyq/Desktop/ros_ws/install/serial_port/share/serial_port/environment/path.dsv
[0.245s] -- Installing: /home/xyq/Desktop/ros_ws/install/serial_port/share/serial_port/local_setup.bash
[0.245s] -- Installing: /home/xyq/Desktop/ros_ws/install/serial_port/share/serial_port/local_setup.sh
[0.245s] -- Installing: /home/xyq/Desktop/ros_ws/install/serial_port/share/serial_port/local_setup.zsh
[0.245s] -- Installing: /home/xyq/Desktop/ros_ws/install/serial_port/share/serial_port/local_setup.dsv
[0.246s] -- Up-to-date: /home/xyq/Desktop/ros_ws/install/serial_port/share/serial_port/package.dsv
[0.246s] -- Installing: /home/xyq/Desktop/ros_ws/install/serial_port/share/ament_index/resource_index/packages/serial_port
[0.246s] -- Installing: /home/xyq/Desktop/ros_ws/install/serial_port/share/serial_port/cmake/serial_portConfig.cmake
[0.246s] -- Installing: /home/xyq/Desktop/ros_ws/install/serial_port/share/serial_port/cmake/serial_portConfig-version.cmake
[0.246s] -- Installing: /home/xyq/Desktop/ros_ws/install/serial_port/share/serial_port/package.xml
[0.247s] Invoked command in '/home/xyq/Desktop/ros_ws/build/serial_port' returned '0': CMAKE_PREFIX_PATH=/opt/ros/humble /usr/bin/cmake --install /home/xyq/Desktop/ros_ws/build/serial_port
