[ 50%] [32mBuilding CXX object CMakeFiles/image_processing.dir/src/bgr2gray.cpp.o[0m
[01m[K/home/xyq/Desktop/ros_ws/src/image_processing/src/bgr2gray.cpp:[m[K In function ‘[01m[Kint main(int, char**)[m[K’:
[01m[K/home/xyq/Desktop/ros_ws/src/image_processing/src/bgr2gray.cpp:7:14:[m[K [01;35m[Kwarning: [m[Kunused parameter ‘[01m[Kargc[m[K’ [[01;35m[K]8;;https://gcc.gnu.org/onlinedocs/gcc/Warning-Options.html#index-Wunused-parameter-Wunused-parameter]8;;[m[K]
    7 | int main([01;35m[Kint argc[m[K, char *argv[]){
      |          [01;35m[K~~~~^~~~[m[K
[01m[K/home/xyq/Desktop/ros_ws/src/image_processing/src/bgr2gray.cpp:7:26:[m[K [01;35m[Kwarning: [m[Kunused parameter ‘[01m[Kargv[m[K’ [[01;35m[K]8;;https://gcc.gnu.org/onlinedocs/gcc/Warning-Options.html#index-Wunused-parameter-Wunused-parameter]8;;[m[K]
    7 | int main(int argc, [01;35m[Kchar *argv[][m[K){
      |                    [01;35m[K~~~~~~^~~~~~[m[K
[100%] [32m[1mLinking CXX executable image_processing[0m
[100%] Built target image_processing
-- Install configuration: ""
-- Installing: /home/xyq/Desktop/ros_ws/install/image_processing/lib/image_processing/image_processing
-- Installing: /home/xyq/Desktop/ros_ws/install/image_processing/share/ament_index/resource_index/package_run_dependencies/image_processing
-- Installing: /home/xyq/Desktop/ros_ws/install/image_processing/share/ament_index/resource_index/parent_prefix_path/image_processing
-- Installing: /home/xyq/Desktop/ros_ws/install/image_processing/share/image_processing/environment/ament_prefix_path.sh
-- Installing: /home/xyq/Desktop/ros_ws/install/image_processing/share/image_processing/environment/ament_prefix_path.dsv
-- Installing: /home/xyq/Desktop/ros_ws/install/image_processing/share/image_processing/environment/path.sh
-- Installing: /home/xyq/Desktop/ros_ws/install/image_processing/share/image_processing/environment/path.dsv
-- Installing: /home/xyq/Desktop/ros_ws/install/image_processing/share/image_processing/local_setup.bash
-- Installing: /home/xyq/Desktop/ros_ws/install/image_processing/share/image_processing/local_setup.sh
-- Installing: /home/xyq/Desktop/ros_ws/install/image_processing/share/image_processing/local_setup.zsh
-- Installing: /home/xyq/Desktop/ros_ws/install/image_processing/share/image_processing/local_setup.dsv
-- Installing: /home/xyq/Desktop/ros_ws/install/image_processing/share/image_processing/package.dsv
-- Installing: /home/xyq/Desktop/ros_ws/install/image_processing/share/ament_index/resource_index/packages/image_processing
-- Installing: /home/xyq/Desktop/ros_ws/install/image_processing/share/image_processing/cmake/image_processingConfig.cmake
-- Installing: /home/xyq/Desktop/ros_ws/install/image_processing/share/image_processing/cmake/image_processingConfig-version.cmake
-- Installing: /home/xyq/Desktop/ros_ws/install/image_processing/share/image_processing/package.xml
