[0.008s] Invoking command in '/home/xyq/Desktop/ros_ws/build/image_processing': CMAKE_PREFIX_PATH=/opt/ros/humble /usr/bin/cmake --build /home/xyq/Desktop/ros_ws/build/image_processing -- -j20 -l20
[0.051s] [ 50%] [32mBuilding CXX object CMakeFiles/image_processing.dir/src/bgr2gray.cpp.o[0m
[1.651s] [01m[K/home/xyq/Desktop/ros_ws/src/image_processing/src/bgr2gray.cpp:[m[K In function ‘[01m[Kint main(int, char**)[m[K’:
[1.651s] [01m[K/home/xyq/Desktop/ros_ws/src/image_processing/src/bgr2gray.cpp:7:14:[m[K [01;35m[Kwarning: [m[Kunused parameter ‘[01m[Kargc[m[K’ [[01;35m[K]8;;https://gcc.gnu.org/onlinedocs/gcc/Warning-Options.html#index-Wunused-parameter-Wunused-parameter]8;;[m[K]
[1.651s]     7 | int main([01;35m[Kint argc[m[K, char *argv[]){
[1.651s]       |          [01;35m[K~~~~^~~~[m[K
[1.651s] [01m[K/home/xyq/Desktop/ros_ws/src/image_processing/src/bgr2gray.cpp:7:26:[m[K [01;35m[Kwarning: [m[Kunused parameter ‘[01m[Kargv[m[K’ [[01;35m[K]8;;https://gcc.gnu.org/onlinedocs/gcc/Warning-Options.html#index-Wunused-parameter-Wunused-parameter]8;;[m[K]
[1.651s]     7 | int main(int argc, [01;35m[Kchar *argv[][m[K){
[1.651s]       |                    [01;35m[K~~~~~~^~~~~~[m[K
[2.313s] [100%] [32m[1mLinking CXX executable image_processing[0m
[2.391s] [100%] Built target image_processing
[2.400s] Invoked command in '/home/xyq/Desktop/ros_ws/build/image_processing' returned '0': CMAKE_PREFIX_PATH=/opt/ros/humble /usr/bin/cmake --build /home/xyq/Desktop/ros_ws/build/image_processing -- -j20 -l20
[2.407s] Invoking command in '/home/xyq/Desktop/ros_ws/build/image_processing': CMAKE_PREFIX_PATH=/opt/ros/humble /usr/bin/cmake --install /home/xyq/Desktop/ros_ws/build/image_processing
[2.412s] -- Install configuration: ""
[2.412s] -- Installing: /home/xyq/Desktop/ros_ws/install/image_processing/lib/image_processing/image_processing
[2.412s] -- Installing: /home/xyq/Desktop/ros_ws/install/image_processing/share/ament_index/resource_index/package_run_dependencies/image_processing
[2.412s] -- Installing: /home/xyq/Desktop/ros_ws/install/image_processing/share/ament_index/resource_index/parent_prefix_path/image_processing
[2.412s] -- Installing: /home/xyq/Desktop/ros_ws/install/image_processing/share/image_processing/environment/ament_prefix_path.sh
[2.413s] -- Installing: /home/xyq/Desktop/ros_ws/install/image_processing/share/image_processing/environment/ament_prefix_path.dsv
[2.413s] -- Installing: /home/xyq/Desktop/ros_ws/install/image_processing/share/image_processing/environment/path.sh
[2.413s] -- Installing: /home/xyq/Desktop/ros_ws/install/image_processing/share/image_processing/environment/path.dsv
[2.413s] -- Installing: /home/xyq/Desktop/ros_ws/install/image_processing/share/image_processing/local_setup.bash
[2.413s] -- Installing: /home/xyq/Desktop/ros_ws/install/image_processing/share/image_processing/local_setup.sh
[2.413s] -- Installing: /home/xyq/Desktop/ros_ws/install/image_processing/share/image_processing/local_setup.zsh
[2.413s] -- Installing: /home/xyq/Desktop/ros_ws/install/image_processing/share/image_processing/local_setup.dsv
[2.413s] -- Installing: /home/xyq/Desktop/ros_ws/install/image_processing/share/image_processing/package.dsv
[2.414s] -- Installing: /home/xyq/Desktop/ros_ws/install/image_processing/share/ament_index/resource_index/packages/image_processing
[2.414s] -- Installing: /home/xyq/Desktop/ros_ws/install/image_processing/share/image_processing/cmake/image_processingConfig.cmake
[2.414s] -- Installing: /home/xyq/Desktop/ros_ws/install/image_processing/share/image_processing/cmake/image_processingConfig-version.cmake
[2.414s] -- Installing: /home/xyq/Desktop/ros_ws/install/image_processing/share/image_processing/package.xml
[2.416s] Invoked command in '/home/xyq/Desktop/ros_ws/build/image_processing' returned '0': CMAKE_PREFIX_PATH=/opt/ros/humble /usr/bin/cmake --install /home/xyq/Desktop/ros_ws/build/image_processing
