[0.009s] Invoking command in '/home/xyq/Desktop/ros_ws/build/corner_detection': AMENT_PREFIX_PATH=/home/xyq/Desktop/ros_ws/install/camera_interface:${AMENT_PREFIX_PATH} CMAKE_PREFIX_PATH=/home/xyq/Desktop/ros_ws/install/camera_interface:/opt/ros/humble LD_LIBRARY_PATH=/home/xyq/Desktop/ros_ws/install/camera_interface/lib:${LD_LIBRARY_PATH} PYTHONPATH=/home/xyq/Desktop/ros_ws/install/camera_interface/local/lib/python3.10/dist-packages:${PYTHONPATH} /usr/bin/cmake --build /home/xyq/Desktop/ros_ws/build/corner_detection -- -j20 -l20
[0.066s] [100%] Built target corner_detection_node
[0.076s] Invoked command in '/home/xyq/Desktop/ros_ws/build/corner_detection' returned '0': AMENT_PREFIX_PATH=/home/xyq/Desktop/ros_ws/install/camera_interface:${AMENT_PREFIX_PATH} CMAKE_PREFIX_PATH=/home/xyq/Desktop/ros_ws/install/camera_interface:/opt/ros/humble LD_LIBRARY_PATH=/home/xyq/Desktop/ros_ws/install/camera_interface/lib:${LD_LIBRARY_PATH} PYTHONPATH=/home/xyq/Desktop/ros_ws/install/camera_interface/local/lib/python3.10/dist-packages:${PYTHONPATH} /usr/bin/cmake --build /home/xyq/Desktop/ros_ws/build/corner_detection -- -j20 -l20
[0.077s] Invoking command in '/home/xyq/Desktop/ros_ws/build/corner_detection': AMENT_PREFIX_PATH=/home/xyq/Desktop/ros_ws/install/camera_interface:${AMENT_PREFIX_PATH} CMAKE_PREFIX_PATH=/home/xyq/Desktop/ros_ws/install/camera_interface:/opt/ros/humble LD_LIBRARY_PATH=/home/xyq/Desktop/ros_ws/install/camera_interface/lib:${LD_LIBRARY_PATH} PYTHONPATH=/home/xyq/Desktop/ros_ws/install/camera_interface/local/lib/python3.10/dist-packages:${PYTHONPATH} /usr/bin/cmake --install /home/xyq/Desktop/ros_ws/build/corner_detection
[0.086s] -- Install configuration: ""
[0.086s] -- Up-to-date: /home/xyq/Desktop/ros_ws/install/corner_detection/lib/corner_detection/corner_detection_node
[0.086s] -- Up-to-date: /home/xyq/Desktop/ros_ws/install/corner_detection/share/ament_index/resource_index/package_run_dependencies/corner_detection
[0.086s] -- Up-to-date: /home/xyq/Desktop/ros_ws/install/corner_detection/share/ament_index/resource_index/parent_prefix_path/corner_detection
[0.086s] -- Up-to-date: /home/xyq/Desktop/ros_ws/install/corner_detection/share/corner_detection/environment/ament_prefix_path.sh
[0.086s] -- Up-to-date: /home/xyq/Desktop/ros_ws/install/corner_detection/share/corner_detection/environment/ament_prefix_path.dsv
[0.086s] -- Up-to-date: /home/xyq/Desktop/ros_ws/install/corner_detection/share/corner_detection/environment/path.sh
[0.086s] -- Up-to-date: /home/xyq/Desktop/ros_ws/install/corner_detection/share/corner_detection/environment/path.dsv
[0.086s] -- Up-to-date: /home/xyq/Desktop/ros_ws/install/corner_detection/share/corner_detection/local_setup.bash
[0.086s] -- Up-to-date: /home/xyq/Desktop/ros_ws/install/corner_detection/share/corner_detection/local_setup.sh
[0.086s] -- Up-to-date: /home/xyq/Desktop/ros_ws/install/corner_detection/share/corner_detection/local_setup.zsh
[0.086s] -- Up-to-date: /home/xyq/Desktop/ros_ws/install/corner_detection/share/corner_detection/local_setup.dsv
[0.086s] -- Installing: /home/xyq/Desktop/ros_ws/install/corner_detection/share/corner_detection/package.dsv
[0.086s] -- Up-to-date: /home/xyq/Desktop/ros_ws/install/corner_detection/share/ament_index/resource_index/packages/corner_detection
[0.086s] -- Up-to-date: /home/xyq/Desktop/ros_ws/install/corner_detection/share/corner_detection/cmake/corner_detectionConfig.cmake
[0.086s] -- Up-to-date: /home/xyq/Desktop/ros_ws/install/corner_detection/share/corner_detection/cmake/corner_detectionConfig-version.cmake
[0.086s] -- Up-to-date: /home/xyq/Desktop/ros_ws/install/corner_detection/share/corner_detection/package.xml
[0.088s] Invoked command in '/home/xyq/Desktop/ros_ws/build/corner_detection' returned '0': AMENT_PREFIX_PATH=/home/xyq/Desktop/ros_ws/install/camera_interface:${AMENT_PREFIX_PATH} CMAKE_PREFIX_PATH=/home/xyq/Desktop/ros_ws/install/camera_interface:/opt/ros/humble LD_LIBRARY_PATH=/home/xyq/Desktop/ros_ws/install/camera_interface/lib:${LD_LIBRARY_PATH} PYTHONPATH=/home/xyq/Desktop/ros_ws/install/camera_interface/local/lib/python3.10/dist-packages:${PYTHONPATH} /usr/bin/cmake --install /home/xyq/Desktop/ros_ws/build/corner_detection
