[0.062s] DEBUG:colcon:Command line arguments: ['/usr/bin/colcon', 'build']
[0.063s] DEBUG:colcon:Parsed command line arguments: Namespace(log_base=None, log_level=None, verb_name='build', build_base='build', install_base='install', merge_install=False, symlink_install=False, test_result_base=None, continue_on_error=False, executor='parallel', parallel_workers=20, event_handlers=None, ignore_user_meta=False, metas=['./colcon.meta'], base_paths=['.'], packages_ignore=None, packages_ignore_regex=None, paths=None, packages_up_to=None, packages_up_to_regex=None, packages_above=None, packages_above_and_dependencies=None, packages_above_depth=None, packages_select_by_dep=None, packages_skip_by_dep=None, packages_skip_up_to=None, packages_select_build_failed=False, packages_skip_build_finished=False, packages_select_test_failures=False, packages_skip_test_passed=False, packages_select=None, packages_skip=None, packages_select_regex=None, packages_skip_regex=None, packages_start=None, packages_end=None, allow_overriding=[], cmake_args=None, cmake_target=None, cmake_target_skip_unavailable=False, cmake_clean_cache=False, cmake_clean_first=False, cmake_force_configure=False, ament_cmake_args=None, catkin_cmake_args=None, catkin_skip_building_tests=False, verb_parser=<colcon_defaults.argument_parser.defaults.DefaultArgumentsDecorator object at 0x7242d60449a0>, verb_extension=<colcon_core.verb.build.BuildVerb object at 0x7242d60441c0>, main=<bound method BuildVerb.main of <colcon_core.verb.build.BuildVerb object at 0x7242d60441c0>>)
[0.165s] Level 1:colcon.colcon_core.package_discovery:discover_packages(colcon_meta) check parameters
[0.165s] Level 1:colcon.colcon_core.package_discovery:discover_packages(recursive) check parameters
[0.165s] Level 1:colcon.colcon_core.package_discovery:discover_packages(ignore) check parameters
[0.165s] Level 1:colcon.colcon_core.package_discovery:discover_packages(path) check parameters
[0.165s] Level 1:colcon.colcon_core.package_discovery:discover_packages(colcon_meta) discover
[0.165s] Level 1:colcon.colcon_core.package_discovery:discover_packages(recursive) discover
[0.165s] INFO:colcon.colcon_core.package_discovery:Crawling recursively for packages in '/home/xyq/Desktop/ros_ws'
[0.165s] Level 1:colcon.colcon_core.package_identification:_identify(.) by extensions ['ignore', 'ignore_ament_install']
[0.166s] Level 1:colcon.colcon_core.package_identification:_identify(.) by extension 'ignore'
[0.166s] Level 1:colcon.colcon_core.package_identification:_identify(.) by extension 'ignore_ament_install'
[0.166s] Level 1:colcon.colcon_core.package_identification:_identify(.) by extensions ['colcon_pkg']
[0.166s] Level 1:colcon.colcon_core.package_identification:_identify(.) by extension 'colcon_pkg'
[0.166s] Level 1:colcon.colcon_core.package_identification:_identify(.) by extensions ['colcon_meta']
[0.166s] Level 1:colcon.colcon_core.package_identification:_identify(.) by extension 'colcon_meta'
[0.166s] Level 1:colcon.colcon_core.package_identification:_identify(.) by extensions ['ros']
[0.166s] Level 1:colcon.colcon_core.package_identification:_identify(.) by extension 'ros'
[0.174s] Level 1:colcon.colcon_core.package_identification:_identify(.) by extensions ['cmake', 'python']
[0.174s] Level 1:colcon.colcon_core.package_identification:_identify(.) by extension 'cmake'
[0.174s] Level 1:colcon.colcon_core.package_identification:_identify(.) by extension 'python'
[0.174s] Level 1:colcon.colcon_core.package_identification:_identify(.) by extensions ['python_setup_py']
[0.174s] Level 1:colcon.colcon_core.package_identification:_identify(.) by extension 'python_setup_py'
[0.174s] Level 1:colcon.colcon_core.package_identification:_identify(build) by extensions ['ignore', 'ignore_ament_install']
[0.174s] Level 1:colcon.colcon_core.package_identification:_identify(build) by extension 'ignore'
[0.174s] Level 1:colcon.colcon_core.package_identification:_identify(build) ignored
[0.174s] Level 1:colcon.colcon_core.package_identification:_identify(install) by extensions ['ignore', 'ignore_ament_install']
[0.174s] Level 1:colcon.colcon_core.package_identification:_identify(install) by extension 'ignore'
[0.174s] Level 1:colcon.colcon_core.package_identification:_identify(install) ignored
[0.175s] Level 1:colcon.colcon_core.package_identification:_identify(log) by extensions ['ignore', 'ignore_ament_install']
[0.175s] Level 1:colcon.colcon_core.package_identification:_identify(log) by extension 'ignore'
[0.175s] Level 1:colcon.colcon_core.package_identification:_identify(log) ignored
[0.175s] Level 1:colcon.colcon_core.package_identification:_identify(src) by extensions ['ignore', 'ignore_ament_install']
[0.175s] Level 1:colcon.colcon_core.package_identification:_identify(src) by extension 'ignore'
[0.175s] Level 1:colcon.colcon_core.package_identification:_identify(src) by extension 'ignore_ament_install'
[0.175s] Level 1:colcon.colcon_core.package_identification:_identify(src) by extensions ['colcon_pkg']
[0.175s] Level 1:colcon.colcon_core.package_identification:_identify(src) by extension 'colcon_pkg'
[0.175s] Level 1:colcon.colcon_core.package_identification:_identify(src) by extensions ['colcon_meta']
[0.175s] Level 1:colcon.colcon_core.package_identification:_identify(src) by extension 'colcon_meta'
[0.175s] Level 1:colcon.colcon_core.package_identification:_identify(src) by extensions ['ros']
[0.175s] Level 1:colcon.colcon_core.package_identification:_identify(src) by extension 'ros'
[0.175s] Level 1:colcon.colcon_core.package_identification:_identify(src) by extensions ['cmake', 'python']
[0.175s] Level 1:colcon.colcon_core.package_identification:_identify(src) by extension 'cmake'
[0.175s] Level 1:colcon.colcon_core.package_identification:_identify(src) by extension 'python'
[0.175s] Level 1:colcon.colcon_core.package_identification:_identify(src) by extensions ['python_setup_py']
[0.175s] Level 1:colcon.colcon_core.package_identification:_identify(src) by extension 'python_setup_py'
[0.175s] Level 1:colcon.colcon_core.package_identification:_identify(src/camera_display) by extensions ['ignore', 'ignore_ament_install']
[0.175s] Level 1:colcon.colcon_core.package_identification:_identify(src/camera_display) by extension 'ignore'
[0.175s] Level 1:colcon.colcon_core.package_identification:_identify(src/camera_display) by extension 'ignore_ament_install'
[0.175s] Level 1:colcon.colcon_core.package_identification:_identify(src/camera_display) by extensions ['colcon_pkg']
[0.175s] Level 1:colcon.colcon_core.package_identification:_identify(src/camera_display) by extension 'colcon_pkg'
[0.175s] Level 1:colcon.colcon_core.package_identification:_identify(src/camera_display) by extensions ['colcon_meta']
[0.175s] Level 1:colcon.colcon_core.package_identification:_identify(src/camera_display) by extension 'colcon_meta'
[0.175s] Level 1:colcon.colcon_core.package_identification:_identify(src/camera_display) by extensions ['ros']
[0.175s] Level 1:colcon.colcon_core.package_identification:_identify(src/camera_display) by extension 'ros'
[0.177s] DEBUG:colcon.colcon_core.package_identification:Package 'src/camera_display' with type 'ros.ament_cmake' and name 'camera_display'
[0.177s] Level 1:colcon.colcon_core.package_identification:_identify(src/camera_driver) by extensions ['ignore', 'ignore_ament_install']
[0.177s] Level 1:colcon.colcon_core.package_identification:_identify(src/camera_driver) by extension 'ignore'
[0.177s] Level 1:colcon.colcon_core.package_identification:_identify(src/camera_driver) by extension 'ignore_ament_install'
[0.177s] Level 1:colcon.colcon_core.package_identification:_identify(src/camera_driver) by extensions ['colcon_pkg']
[0.177s] Level 1:colcon.colcon_core.package_identification:_identify(src/camera_driver) by extension 'colcon_pkg'
[0.177s] Level 1:colcon.colcon_core.package_identification:_identify(src/camera_driver) by extensions ['colcon_meta']
[0.177s] Level 1:colcon.colcon_core.package_identification:_identify(src/camera_driver) by extension 'colcon_meta'
[0.178s] Level 1:colcon.colcon_core.package_identification:_identify(src/camera_driver) by extensions ['ros']
[0.178s] Level 1:colcon.colcon_core.package_identification:_identify(src/camera_driver) by extension 'ros'
[0.178s] DEBUG:colcon.colcon_core.package_identification:Package 'src/camera_driver' with type 'ros.ament_cmake' and name 'mindvision_camera'
[0.178s] Level 1:colcon.colcon_core.package_identification:_identify(src/camera_interface) by extensions ['ignore', 'ignore_ament_install']
[0.178s] Level 1:colcon.colcon_core.package_identification:_identify(src/camera_interface) by extension 'ignore'
[0.178s] Level 1:colcon.colcon_core.package_identification:_identify(src/camera_interface) by extension 'ignore_ament_install'
[0.178s] Level 1:colcon.colcon_core.package_identification:_identify(src/camera_interface) by extensions ['colcon_pkg']
[0.178s] Level 1:colcon.colcon_core.package_identification:_identify(src/camera_interface) by extension 'colcon_pkg'
[0.178s] Level 1:colcon.colcon_core.package_identification:_identify(src/camera_interface) by extensions ['colcon_meta']
[0.178s] Level 1:colcon.colcon_core.package_identification:_identify(src/camera_interface) by extension 'colcon_meta'
[0.178s] Level 1:colcon.colcon_core.package_identification:_identify(src/camera_interface) by extensions ['ros']
[0.178s] Level 1:colcon.colcon_core.package_identification:_identify(src/camera_interface) by extension 'ros'
[0.179s] DEBUG:colcon.colcon_core.package_identification:Package 'src/camera_interface' with type 'ros.ament_cmake' and name 'camera_interface'
[0.179s] Level 1:colcon.colcon_core.package_identification:_identify(src/corner_detection) by extensions ['ignore', 'ignore_ament_install']
[0.179s] Level 1:colcon.colcon_core.package_identification:_identify(src/corner_detection) by extension 'ignore'
[0.179s] Level 1:colcon.colcon_core.package_identification:_identify(src/corner_detection) by extension 'ignore_ament_install'
[0.179s] Level 1:colcon.colcon_core.package_identification:_identify(src/corner_detection) by extensions ['colcon_pkg']
[0.179s] Level 1:colcon.colcon_core.package_identification:_identify(src/corner_detection) by extension 'colcon_pkg'
[0.179s] Level 1:colcon.colcon_core.package_identification:_identify(src/corner_detection) by extensions ['colcon_meta']
[0.179s] Level 1:colcon.colcon_core.package_identification:_identify(src/corner_detection) by extension 'colcon_meta'
[0.179s] Level 1:colcon.colcon_core.package_identification:_identify(src/corner_detection) by extensions ['ros']
[0.179s] Level 1:colcon.colcon_core.package_identification:_identify(src/corner_detection) by extension 'ros'
[0.180s] DEBUG:colcon.colcon_core.package_identification:Package 'src/corner_detection' with type 'ros.ament_cmake' and name 'corner_detection'
[0.180s] Level 1:colcon.colcon_core.package_identification:_identify(src/image_display) by extensions ['ignore', 'ignore_ament_install']
[0.180s] Level 1:colcon.colcon_core.package_identification:_identify(src/image_display) by extension 'ignore'
[0.180s] Level 1:colcon.colcon_core.package_identification:_identify(src/image_display) by extension 'ignore_ament_install'
[0.180s] Level 1:colcon.colcon_core.package_identification:_identify(src/image_display) by extensions ['colcon_pkg']
[0.180s] Level 1:colcon.colcon_core.package_identification:_identify(src/image_display) by extension 'colcon_pkg'
[0.180s] Level 1:colcon.colcon_core.package_identification:_identify(src/image_display) by extensions ['colcon_meta']
[0.180s] Level 1:colcon.colcon_core.package_identification:_identify(src/image_display) by extension 'colcon_meta'
[0.180s] Level 1:colcon.colcon_core.package_identification:_identify(src/image_display) by extensions ['ros']
[0.180s] Level 1:colcon.colcon_core.package_identification:_identify(src/image_display) by extension 'ros'
[0.180s] DEBUG:colcon.colcon_core.package_identification:Package 'src/image_display' with type 'ros.ament_cmake' and name 'image_display'
[0.180s] Level 1:colcon.colcon_core.package_identification:_identify(src/image_processing) by extensions ['ignore', 'ignore_ament_install']
[0.181s] Level 1:colcon.colcon_core.package_identification:_identify(src/image_processing) by extension 'ignore'
[0.181s] Level 1:colcon.colcon_core.package_identification:_identify(src/image_processing) by extension 'ignore_ament_install'
[0.181s] Level 1:colcon.colcon_core.package_identification:_identify(src/image_processing) by extensions ['colcon_pkg']
[0.181s] Level 1:colcon.colcon_core.package_identification:_identify(src/image_processing) by extension 'colcon_pkg'
[0.181s] Level 1:colcon.colcon_core.package_identification:_identify(src/image_processing) by extensions ['colcon_meta']
[0.181s] Level 1:colcon.colcon_core.package_identification:_identify(src/image_processing) by extension 'colcon_meta'
[0.181s] Level 1:colcon.colcon_core.package_identification:_identify(src/image_processing) by extensions ['ros']
[0.181s] Level 1:colcon.colcon_core.package_identification:_identify(src/image_processing) by extension 'ros'
[0.181s] DEBUG:colcon.colcon_core.package_identification:Package 'src/image_processing' with type 'ros.ament_cmake' and name 'image_processing'
[0.181s] Level 1:colcon.colcon_core.package_identification:_identify(src/pose_resolve) by extensions ['ignore', 'ignore_ament_install']
[0.181s] Level 1:colcon.colcon_core.package_identification:_identify(src/pose_resolve) by extension 'ignore'
[0.181s] Level 1:colcon.colcon_core.package_identification:_identify(src/pose_resolve) by extension 'ignore_ament_install'
[0.181s] Level 1:colcon.colcon_core.package_identification:_identify(src/pose_resolve) by extensions ['colcon_pkg']
[0.181s] Level 1:colcon.colcon_core.package_identification:_identify(src/pose_resolve) by extension 'colcon_pkg'
[0.181s] Level 1:colcon.colcon_core.package_identification:_identify(src/pose_resolve) by extensions ['colcon_meta']
[0.181s] Level 1:colcon.colcon_core.package_identification:_identify(src/pose_resolve) by extension 'colcon_meta'
[0.181s] Level 1:colcon.colcon_core.package_identification:_identify(src/pose_resolve) by extensions ['ros']
[0.181s] Level 1:colcon.colcon_core.package_identification:_identify(src/pose_resolve) by extension 'ros'
[0.182s] DEBUG:colcon.colcon_core.package_identification:Package 'src/pose_resolve' with type 'ros.ament_cmake' and name 'pose_resolve'
[0.182s] Level 1:colcon.colcon_core.package_discovery:discover_packages(recursive) using defaults
[0.182s] Level 1:colcon.colcon_core.package_discovery:discover_packages(ignore) discover
[0.182s] Level 1:colcon.colcon_core.package_discovery:discover_packages(ignore) using defaults
[0.182s] Level 1:colcon.colcon_core.package_discovery:discover_packages(path) discover
[0.182s] Level 1:colcon.colcon_core.package_discovery:discover_packages(path) using defaults
[0.204s] Level 1:colcon.colcon_core.package_discovery:discover_packages(prefix_path) check parameters
[0.204s] Level 1:colcon.colcon_core.package_discovery:discover_packages(prefix_path) discover
[0.206s] DEBUG:colcon.colcon_installed_package_information.package_discovery:Found 279 installed packages in /opt/ros/humble
[0.206s] Level 1:colcon.colcon_core.package_discovery:discover_packages(prefix_path) using defaults
[0.228s] Level 5:colcon.colcon_core.verb:set package 'camera_display' build argument 'cmake_args' from command line to 'None'
[0.228s] Level 5:colcon.colcon_core.verb:set package 'camera_display' build argument 'cmake_target' from command line to 'None'
[0.228s] Level 5:colcon.colcon_core.verb:set package 'camera_display' build argument 'cmake_target_skip_unavailable' from command line to 'False'
[0.228s] Level 5:colcon.colcon_core.verb:set package 'camera_display' build argument 'cmake_clean_cache' from command line to 'False'
[0.228s] Level 5:colcon.colcon_core.verb:set package 'camera_display' build argument 'cmake_clean_first' from command line to 'False'
[0.228s] Level 5:colcon.colcon_core.verb:set package 'camera_display' build argument 'cmake_force_configure' from command line to 'False'
[0.228s] Level 5:colcon.colcon_core.verb:set package 'camera_display' build argument 'ament_cmake_args' from command line to 'None'
[0.229s] Level 5:colcon.colcon_core.verb:set package 'camera_display' build argument 'catkin_cmake_args' from command line to 'None'
[0.229s] Level 5:colcon.colcon_core.verb:set package 'camera_display' build argument 'catkin_skip_building_tests' from command line to 'False'
[0.229s] DEBUG:colcon.colcon_core.verb:Building package 'camera_display' with the following arguments: {'ament_cmake_args': None, 'build_base': '/home/xyq/Desktop/ros_ws/build/camera_display', 'catkin_cmake_args': None, 'catkin_skip_building_tests': False, 'cmake_args': None, 'cmake_clean_cache': False, 'cmake_clean_first': False, 'cmake_force_configure': False, 'cmake_target': None, 'cmake_target_skip_unavailable': False, 'install_base': '/home/xyq/Desktop/ros_ws/install/camera_display', 'merge_install': False, 'path': '/home/xyq/Desktop/ros_ws/src/camera_display', 'symlink_install': False, 'test_result_base': None}
[0.229s] Level 5:colcon.colcon_core.verb:set package 'camera_interface' build argument 'cmake_args' from command line to 'None'
[0.229s] Level 5:colcon.colcon_core.verb:set package 'camera_interface' build argument 'cmake_target' from command line to 'None'
[0.229s] Level 5:colcon.colcon_core.verb:set package 'camera_interface' build argument 'cmake_target_skip_unavailable' from command line to 'False'
[0.229s] Level 5:colcon.colcon_core.verb:set package 'camera_interface' build argument 'cmake_clean_cache' from command line to 'False'
[0.229s] Level 5:colcon.colcon_core.verb:set package 'camera_interface' build argument 'cmake_clean_first' from command line to 'False'
[0.229s] Level 5:colcon.colcon_core.verb:set package 'camera_interface' build argument 'cmake_force_configure' from command line to 'False'
[0.229s] Level 5:colcon.colcon_core.verb:set package 'camera_interface' build argument 'ament_cmake_args' from command line to 'None'
[0.229s] Level 5:colcon.colcon_core.verb:set package 'camera_interface' build argument 'catkin_cmake_args' from command line to 'None'
[0.229s] Level 5:colcon.colcon_core.verb:set package 'camera_interface' build argument 'catkin_skip_building_tests' from command line to 'False'
[0.229s] DEBUG:colcon.colcon_core.verb:Building package 'camera_interface' with the following arguments: {'ament_cmake_args': None, 'build_base': '/home/xyq/Desktop/ros_ws/build/camera_interface', 'catkin_cmake_args': None, 'catkin_skip_building_tests': False, 'cmake_args': None, 'cmake_clean_cache': False, 'cmake_clean_first': False, 'cmake_force_configure': False, 'cmake_target': None, 'cmake_target_skip_unavailable': False, 'install_base': '/home/xyq/Desktop/ros_ws/install/camera_interface', 'merge_install': False, 'path': '/home/xyq/Desktop/ros_ws/src/camera_interface', 'symlink_install': False, 'test_result_base': None}
[0.229s] Level 5:colcon.colcon_core.verb:set package 'image_display' build argument 'cmake_args' from command line to 'None'
[0.229s] Level 5:colcon.colcon_core.verb:set package 'image_display' build argument 'cmake_target' from command line to 'None'
[0.229s] Level 5:colcon.colcon_core.verb:set package 'image_display' build argument 'cmake_target_skip_unavailable' from command line to 'False'
[0.229s] Level 5:colcon.colcon_core.verb:set package 'image_display' build argument 'cmake_clean_cache' from command line to 'False'
[0.229s] Level 5:colcon.colcon_core.verb:set package 'image_display' build argument 'cmake_clean_first' from command line to 'False'
[0.229s] Level 5:colcon.colcon_core.verb:set package 'image_display' build argument 'cmake_force_configure' from command line to 'False'
[0.229s] Level 5:colcon.colcon_core.verb:set package 'image_display' build argument 'ament_cmake_args' from command line to 'None'
[0.229s] Level 5:colcon.colcon_core.verb:set package 'image_display' build argument 'catkin_cmake_args' from command line to 'None'
[0.229s] Level 5:colcon.colcon_core.verb:set package 'image_display' build argument 'catkin_skip_building_tests' from command line to 'False'
[0.229s] DEBUG:colcon.colcon_core.verb:Building package 'image_display' with the following arguments: {'ament_cmake_args': None, 'build_base': '/home/xyq/Desktop/ros_ws/build/image_display', 'catkin_cmake_args': None, 'catkin_skip_building_tests': False, 'cmake_args': None, 'cmake_clean_cache': False, 'cmake_clean_first': False, 'cmake_force_configure': False, 'cmake_target': None, 'cmake_target_skip_unavailable': False, 'install_base': '/home/xyq/Desktop/ros_ws/install/image_display', 'merge_install': False, 'path': '/home/xyq/Desktop/ros_ws/src/image_display', 'symlink_install': False, 'test_result_base': None}
[0.229s] Level 5:colcon.colcon_core.verb:set package 'image_processing' build argument 'cmake_args' from command line to 'None'
[0.229s] Level 5:colcon.colcon_core.verb:set package 'image_processing' build argument 'cmake_target' from command line to 'None'
[0.229s] Level 5:colcon.colcon_core.verb:set package 'image_processing' build argument 'cmake_target_skip_unavailable' from command line to 'False'
[0.229s] Level 5:colcon.colcon_core.verb:set package 'image_processing' build argument 'cmake_clean_cache' from command line to 'False'
[0.230s] Level 5:colcon.colcon_core.verb:set package 'image_processing' build argument 'cmake_clean_first' from command line to 'False'
[0.230s] Level 5:colcon.colcon_core.verb:set package 'image_processing' build argument 'cmake_force_configure' from command line to 'False'
[0.230s] Level 5:colcon.colcon_core.verb:set package 'image_processing' build argument 'ament_cmake_args' from command line to 'None'
[0.230s] Level 5:colcon.colcon_core.verb:set package 'image_processing' build argument 'catkin_cmake_args' from command line to 'None'
[0.230s] Level 5:colcon.colcon_core.verb:set package 'image_processing' build argument 'catkin_skip_building_tests' from command line to 'False'
[0.230s] DEBUG:colcon.colcon_core.verb:Building package 'image_processing' with the following arguments: {'ament_cmake_args': None, 'build_base': '/home/xyq/Desktop/ros_ws/build/image_processing', 'catkin_cmake_args': None, 'catkin_skip_building_tests': False, 'cmake_args': None, 'cmake_clean_cache': False, 'cmake_clean_first': False, 'cmake_force_configure': False, 'cmake_target': None, 'cmake_target_skip_unavailable': False, 'install_base': '/home/xyq/Desktop/ros_ws/install/image_processing', 'merge_install': False, 'path': '/home/xyq/Desktop/ros_ws/src/image_processing', 'symlink_install': False, 'test_result_base': None}
[0.230s] Level 5:colcon.colcon_core.verb:set package 'mindvision_camera' build argument 'cmake_args' from command line to 'None'
[0.230s] Level 5:colcon.colcon_core.verb:set package 'mindvision_camera' build argument 'cmake_target' from command line to 'None'
[0.230s] Level 5:colcon.colcon_core.verb:set package 'mindvision_camera' build argument 'cmake_target_skip_unavailable' from command line to 'False'
[0.230s] Level 5:colcon.colcon_core.verb:set package 'mindvision_camera' build argument 'cmake_clean_cache' from command line to 'False'
[0.230s] Level 5:colcon.colcon_core.verb:set package 'mindvision_camera' build argument 'cmake_clean_first' from command line to 'False'
[0.230s] Level 5:colcon.colcon_core.verb:set package 'mindvision_camera' build argument 'cmake_force_configure' from command line to 'False'
[0.230s] Level 5:colcon.colcon_core.verb:set package 'mindvision_camera' build argument 'ament_cmake_args' from command line to 'None'
[0.230s] Level 5:colcon.colcon_core.verb:set package 'mindvision_camera' build argument 'catkin_cmake_args' from command line to 'None'
[0.230s] Level 5:colcon.colcon_core.verb:set package 'mindvision_camera' build argument 'catkin_skip_building_tests' from command line to 'False'
[0.230s] DEBUG:colcon.colcon_core.verb:Building package 'mindvision_camera' with the following arguments: {'ament_cmake_args': None, 'build_base': '/home/xyq/Desktop/ros_ws/build/mindvision_camera', 'catkin_cmake_args': None, 'catkin_skip_building_tests': False, 'cmake_args': None, 'cmake_clean_cache': False, 'cmake_clean_first': False, 'cmake_force_configure': False, 'cmake_target': None, 'cmake_target_skip_unavailable': False, 'install_base': '/home/xyq/Desktop/ros_ws/install/mindvision_camera', 'merge_install': False, 'path': '/home/xyq/Desktop/ros_ws/src/camera_driver', 'symlink_install': False, 'test_result_base': None}
[0.230s] Level 5:colcon.colcon_core.verb:set package 'corner_detection' build argument 'cmake_args' from command line to 'None'
[0.230s] Level 5:colcon.colcon_core.verb:set package 'corner_detection' build argument 'cmake_target' from command line to 'None'
[0.230s] Level 5:colcon.colcon_core.verb:set package 'corner_detection' build argument 'cmake_target_skip_unavailable' from command line to 'False'
[0.230s] Level 5:colcon.colcon_core.verb:set package 'corner_detection' build argument 'cmake_clean_cache' from command line to 'False'
[0.230s] Level 5:colcon.colcon_core.verb:set package 'corner_detection' build argument 'cmake_clean_first' from command line to 'False'
[0.230s] Level 5:colcon.colcon_core.verb:set package 'corner_detection' build argument 'cmake_force_configure' from command line to 'False'
[0.230s] Level 5:colcon.colcon_core.verb:set package 'corner_detection' build argument 'ament_cmake_args' from command line to 'None'
[0.230s] Level 5:colcon.colcon_core.verb:set package 'corner_detection' build argument 'catkin_cmake_args' from command line to 'None'
[0.230s] Level 5:colcon.colcon_core.verb:set package 'corner_detection' build argument 'catkin_skip_building_tests' from command line to 'False'
[0.230s] DEBUG:colcon.colcon_core.verb:Building package 'corner_detection' with the following arguments: {'ament_cmake_args': None, 'build_base': '/home/xyq/Desktop/ros_ws/build/corner_detection', 'catkin_cmake_args': None, 'catkin_skip_building_tests': False, 'cmake_args': None, 'cmake_clean_cache': False, 'cmake_clean_first': False, 'cmake_force_configure': False, 'cmake_target': None, 'cmake_target_skip_unavailable': False, 'install_base': '/home/xyq/Desktop/ros_ws/install/corner_detection', 'merge_install': False, 'path': '/home/xyq/Desktop/ros_ws/src/corner_detection', 'symlink_install': False, 'test_result_base': None}
[0.230s] Level 5:colcon.colcon_core.verb:set package 'pose_resolve' build argument 'cmake_args' from command line to 'None'
[0.230s] Level 5:colcon.colcon_core.verb:set package 'pose_resolve' build argument 'cmake_target' from command line to 'None'
[0.230s] Level 5:colcon.colcon_core.verb:set package 'pose_resolve' build argument 'cmake_target_skip_unavailable' from command line to 'False'
[0.230s] Level 5:colcon.colcon_core.verb:set package 'pose_resolve' build argument 'cmake_clean_cache' from command line to 'False'
[0.230s] Level 5:colcon.colcon_core.verb:set package 'pose_resolve' build argument 'cmake_clean_first' from command line to 'False'
[0.230s] Level 5:colcon.colcon_core.verb:set package 'pose_resolve' build argument 'cmake_force_configure' from command line to 'False'
[0.230s] Level 5:colcon.colcon_core.verb:set package 'pose_resolve' build argument 'ament_cmake_args' from command line to 'None'
[0.230s] Level 5:colcon.colcon_core.verb:set package 'pose_resolve' build argument 'catkin_cmake_args' from command line to 'None'
[0.231s] Level 5:colcon.colcon_core.verb:set package 'pose_resolve' build argument 'catkin_skip_building_tests' from command line to 'False'
[0.231s] DEBUG:colcon.colcon_core.verb:Building package 'pose_resolve' with the following arguments: {'ament_cmake_args': None, 'build_base': '/home/xyq/Desktop/ros_ws/build/pose_resolve', 'catkin_cmake_args': None, 'catkin_skip_building_tests': False, 'cmake_args': None, 'cmake_clean_cache': False, 'cmake_clean_first': False, 'cmake_force_configure': False, 'cmake_target': None, 'cmake_target_skip_unavailable': False, 'install_base': '/home/xyq/Desktop/ros_ws/install/pose_resolve', 'merge_install': False, 'path': '/home/xyq/Desktop/ros_ws/src/pose_resolve', 'symlink_install': False, 'test_result_base': None}
[0.231s] INFO:colcon.colcon_core.executor:Executing jobs using 'parallel' executor
[0.232s] DEBUG:colcon.colcon_parallel_executor.executor.parallel:run_until_complete
[0.232s] INFO:colcon.colcon_ros.task.ament_cmake.build:Building ROS package in '/home/xyq/Desktop/ros_ws/src/camera_interface' with build type 'ament_cmake'
[0.232s] INFO:colcon.colcon_cmake.task.cmake.build:Building CMake package in '/home/xyq/Desktop/ros_ws/src/camera_interface'
[0.233s] INFO:colcon.colcon_core.plugin_system:Skipping extension 'colcon_core.shell.bat': Not used on non-Windows systems
[0.233s] INFO:colcon.colcon_core.shell:Skip shell extension 'powershell' for command environment: Not usable outside of PowerShell
[0.234s] DEBUG:colcon.colcon_core.shell:Skip shell extension 'dsv' for command environment
[0.236s] INFO:colcon.colcon_ros.task.ament_cmake.build:Building ROS package in '/home/xyq/Desktop/ros_ws/src/camera_display' with build type 'ament_cmake'
[0.236s] INFO:colcon.colcon_cmake.task.cmake.build:Building CMake package in '/home/xyq/Desktop/ros_ws/src/camera_display'
[0.236s] INFO:colcon.colcon_core.shell:Skip shell extension 'powershell' for command environment: Not usable outside of PowerShell
[0.236s] DEBUG:colcon.colcon_core.shell:Skip shell extension 'dsv' for command environment
[0.238s] INFO:colcon.colcon_ros.task.ament_cmake.build:Building ROS package in '/home/xyq/Desktop/ros_ws/src/image_display' with build type 'ament_cmake'
[0.238s] INFO:colcon.colcon_cmake.task.cmake.build:Building CMake package in '/home/xyq/Desktop/ros_ws/src/image_display'
[0.238s] INFO:colcon.colcon_core.shell:Skip shell extension 'powershell' for command environment: Not usable outside of PowerShell
[0.238s] DEBUG:colcon.colcon_core.shell:Skip shell extension 'dsv' for command environment
[0.240s] INFO:colcon.colcon_ros.task.ament_cmake.build:Building ROS package in '/home/xyq/Desktop/ros_ws/src/image_processing' with build type 'ament_cmake'
[0.240s] INFO:colcon.colcon_cmake.task.cmake.build:Building CMake package in '/home/xyq/Desktop/ros_ws/src/image_processing'
[0.240s] INFO:colcon.colcon_core.shell:Skip shell extension 'powershell' for command environment: Not usable outside of PowerShell
[0.240s] DEBUG:colcon.colcon_core.shell:Skip shell extension 'dsv' for command environment
[0.241s] INFO:colcon.colcon_ros.task.ament_cmake.build:Building ROS package in '/home/xyq/Desktop/ros_ws/src/camera_driver' with build type 'ament_cmake'
[0.241s] INFO:colcon.colcon_cmake.task.cmake.build:Building CMake package in '/home/xyq/Desktop/ros_ws/src/camera_driver'
[0.242s] INFO:colcon.colcon_core.shell:Skip shell extension 'powershell' for command environment: Not usable outside of PowerShell
[0.242s] DEBUG:colcon.colcon_core.shell:Skip shell extension 'dsv' for command environment
[0.248s] DEBUG:colcon.colcon_core.event_handler.log_command:Invoking command in '/home/xyq/Desktop/ros_ws/build/camera_interface': CMAKE_PREFIX_PATH=/opt/ros/humble /usr/bin/cmake --build /home/xyq/Desktop/ros_ws/build/camera_interface -- -j20 -l20
[0.251s] DEBUG:colcon.colcon_core.event_handler.log_command:Invoking command in '/home/xyq/Desktop/ros_ws/build/camera_display': CMAKE_PREFIX_PATH=/opt/ros/humble /usr/bin/cmake --build /home/xyq/Desktop/ros_ws/build/camera_display -- -j20 -l20
[0.253s] DEBUG:colcon.colcon_core.event_handler.log_command:Invoking command in '/home/xyq/Desktop/ros_ws/build/image_display': CMAKE_PREFIX_PATH=/opt/ros/humble /usr/bin/cmake --build /home/xyq/Desktop/ros_ws/build/image_display -- -j20 -l20
[0.255s] DEBUG:colcon.colcon_core.event_handler.log_command:Invoking command in '/home/xyq/Desktop/ros_ws/build/image_processing': CMAKE_PREFIX_PATH=/opt/ros/humble /usr/bin/cmake --build /home/xyq/Desktop/ros_ws/build/image_processing -- -j20 -l20
[0.260s] DEBUG:colcon.colcon_core.event_handler.log_command:Invoking command in '/home/xyq/Desktop/ros_ws/build/mindvision_camera': CMAKE_PREFIX_PATH=/opt/ros/humble /usr/bin/cmake --build /home/xyq/Desktop/ros_ws/build/mindvision_camera -- -j20 -l20
[0.282s] DEBUG:colcon.colcon_core.event_handler.log_command:Invoked command in '/home/xyq/Desktop/ros_ws/build/image_display' returned '0': CMAKE_PREFIX_PATH=/opt/ros/humble /usr/bin/cmake --build /home/xyq/Desktop/ros_ws/build/image_display -- -j20 -l20
[0.293s] DEBUG:colcon.colcon_core.event_handler.log_command:Invoking command in '/home/xyq/Desktop/ros_ws/build/image_display': CMAKE_PREFIX_PATH=/opt/ros/humble /usr/bin/cmake --install /home/xyq/Desktop/ros_ws/build/image_display
[0.304s] DEBUG:colcon.colcon_core.event_handler.log_command:Invoked command in '/home/xyq/Desktop/ros_ws/build/image_processing' returned '0': CMAKE_PREFIX_PATH=/opt/ros/humble /usr/bin/cmake --build /home/xyq/Desktop/ros_ws/build/image_processing -- -j20 -l20
[0.305s] Level 1:colcon.colcon_core.environment:create_environment_scripts_only(image_display)
[0.309s] DEBUG:colcon.colcon_core.event_handler.log_command:Invoking command in '/home/xyq/Desktop/ros_ws/build/image_processing': CMAKE_PREFIX_PATH=/opt/ros/humble /usr/bin/cmake --install /home/xyq/Desktop/ros_ws/build/image_processing
[0.310s] DEBUG:colcon.colcon_core.event_handler.log_command:Invoked command in '/home/xyq/Desktop/ros_ws/build/image_display' returned '0': CMAKE_PREFIX_PATH=/opt/ros/humble /usr/bin/cmake --install /home/xyq/Desktop/ros_ws/build/image_display
[0.313s] Level 1:colcon.colcon_core.environment:checking '/home/xyq/Desktop/ros_ws/install/image_display' for CMake module files
[0.315s] Level 1:colcon.colcon_core.environment:checking '/home/xyq/Desktop/ros_ws/install/image_display' for CMake config files
[0.316s] Level 1:colcon.colcon_core.shell:create_environment_hook('image_display', 'cmake_prefix_path')
[0.316s] INFO:colcon.colcon_core.shell:Creating environment hook '/home/xyq/Desktop/ros_ws/install/image_display/share/image_display/hook/cmake_prefix_path.ps1'
[0.317s] INFO:colcon.colcon_core.shell:Creating environment descriptor '/home/xyq/Desktop/ros_ws/install/image_display/share/image_display/hook/cmake_prefix_path.dsv'
[0.318s] INFO:colcon.colcon_core.shell:Creating environment hook '/home/xyq/Desktop/ros_ws/install/image_display/share/image_display/hook/cmake_prefix_path.sh'
[0.319s] Level 1:colcon.colcon_core.environment:checking '/home/xyq/Desktop/ros_ws/install/image_display/bin'
[0.319s] Level 1:colcon.colcon_core.environment:checking '/home/xyq/Desktop/ros_ws/install/image_display/lib/pkgconfig/image_display.pc'
[0.319s] Level 1:colcon.colcon_core.environment:checking '/home/xyq/Desktop/ros_ws/install/image_display/lib/python3.10/site-packages'
[0.319s] Level 1:colcon.colcon_core.environment:checking '/home/xyq/Desktop/ros_ws/install/image_display/bin'
[0.319s] INFO:colcon.colcon_core.shell:Creating package script '/home/xyq/Desktop/ros_ws/install/image_display/share/image_display/package.ps1'
[0.320s] INFO:colcon.colcon_core.shell:Creating package descriptor '/home/xyq/Desktop/ros_ws/install/image_display/share/image_display/package.dsv'
[0.320s] INFO:colcon.colcon_core.shell:Creating package script '/home/xyq/Desktop/ros_ws/install/image_display/share/image_display/package.sh'
[0.321s] INFO:colcon.colcon_core.shell:Creating package script '/home/xyq/Desktop/ros_ws/install/image_display/share/image_display/package.bash'
[0.321s] INFO:colcon.colcon_core.shell:Creating package script '/home/xyq/Desktop/ros_ws/install/image_display/share/image_display/package.zsh'
[0.322s] Level 1:colcon.colcon_core.environment:create_file_with_runtime_dependencies(/home/xyq/Desktop/ros_ws/install/image_display/share/colcon-core/packages/image_display)
[0.322s] Level 1:colcon.colcon_core.environment:create_environment_scripts_only(image_display)
[0.323s] Level 1:colcon.colcon_core.environment:checking '/home/xyq/Desktop/ros_ws/install/image_display' for CMake module files
[0.323s] Level 1:colcon.colcon_core.environment:checking '/home/xyq/Desktop/ros_ws/install/image_display' for CMake config files
[0.323s] Level 1:colcon.colcon_core.shell:create_environment_hook('image_display', 'cmake_prefix_path')
[0.323s] INFO:colcon.colcon_core.shell:Creating environment hook '/home/xyq/Desktop/ros_ws/install/image_display/share/image_display/hook/cmake_prefix_path.ps1'
[0.323s] INFO:colcon.colcon_core.shell:Creating environment descriptor '/home/xyq/Desktop/ros_ws/install/image_display/share/image_display/hook/cmake_prefix_path.dsv'
[0.324s] INFO:colcon.colcon_core.shell:Creating environment hook '/home/xyq/Desktop/ros_ws/install/image_display/share/image_display/hook/cmake_prefix_path.sh'
[0.324s] Level 1:colcon.colcon_core.environment:checking '/home/xyq/Desktop/ros_ws/install/image_display/bin'
[0.324s] Level 1:colcon.colcon_core.environment:checking '/home/xyq/Desktop/ros_ws/install/image_display/lib/pkgconfig/image_display.pc'
[0.324s] Level 1:colcon.colcon_core.environment:checking '/home/xyq/Desktop/ros_ws/install/image_display/lib/python3.10/site-packages'
[0.324s] Level 1:colcon.colcon_core.environment:checking '/home/xyq/Desktop/ros_ws/install/image_display/bin'
[0.324s] INFO:colcon.colcon_core.shell:Creating package script '/home/xyq/Desktop/ros_ws/install/image_display/share/image_display/package.ps1'
[0.325s] INFO:colcon.colcon_core.shell:Creating package descriptor '/home/xyq/Desktop/ros_ws/install/image_display/share/image_display/package.dsv'
[0.325s] INFO:colcon.colcon_core.shell:Creating package script '/home/xyq/Desktop/ros_ws/install/image_display/share/image_display/package.sh'
[0.325s] INFO:colcon.colcon_core.shell:Creating package script '/home/xyq/Desktop/ros_ws/install/image_display/share/image_display/package.bash'
[0.326s] INFO:colcon.colcon_core.shell:Creating package script '/home/xyq/Desktop/ros_ws/install/image_display/share/image_display/package.zsh'
[0.326s] Level 1:colcon.colcon_core.environment:create_file_with_runtime_dependencies(/home/xyq/Desktop/ros_ws/install/image_display/share/colcon-core/packages/image_display)
[0.329s] DEBUG:colcon.colcon_core.event_handler.log_command:Invoked command in '/home/xyq/Desktop/ros_ws/build/camera_display' returned '0': CMAKE_PREFIX_PATH=/opt/ros/humble /usr/bin/cmake --build /home/xyq/Desktop/ros_ws/build/camera_display -- -j20 -l20
[0.330s] DEBUG:colcon.colcon_core.event_handler.log_command:Invoking command in '/home/xyq/Desktop/ros_ws/build/camera_display': CMAKE_PREFIX_PATH=/opt/ros/humble /usr/bin/cmake --install /home/xyq/Desktop/ros_ws/build/camera_display
[0.331s] Level 1:colcon.colcon_core.environment:create_environment_scripts_only(image_processing)
[0.331s] Level 1:colcon.colcon_core.environment:checking '/home/xyq/Desktop/ros_ws/install/image_processing' for CMake module files
[0.332s] DEBUG:colcon.colcon_core.event_handler.log_command:Invoked command in '/home/xyq/Desktop/ros_ws/build/image_processing' returned '0': CMAKE_PREFIX_PATH=/opt/ros/humble /usr/bin/cmake --install /home/xyq/Desktop/ros_ws/build/image_processing
[0.333s] Level 1:colcon.colcon_core.environment:checking '/home/xyq/Desktop/ros_ws/install/image_processing' for CMake config files
[0.333s] Level 1:colcon.colcon_core.shell:create_environment_hook('image_processing', 'cmake_prefix_path')
[0.334s] INFO:colcon.colcon_core.shell:Creating environment hook '/home/xyq/Desktop/ros_ws/install/image_processing/share/image_processing/hook/cmake_prefix_path.ps1'
[0.334s] INFO:colcon.colcon_core.shell:Creating environment descriptor '/home/xyq/Desktop/ros_ws/install/image_processing/share/image_processing/hook/cmake_prefix_path.dsv'
[0.335s] INFO:colcon.colcon_core.shell:Creating environment hook '/home/xyq/Desktop/ros_ws/install/image_processing/share/image_processing/hook/cmake_prefix_path.sh'
[0.336s] Level 1:colcon.colcon_core.environment:checking '/home/xyq/Desktop/ros_ws/install/image_processing/lib'
[0.336s] Level 1:colcon.colcon_core.environment:checking '/home/xyq/Desktop/ros_ws/install/image_processing/bin'
[0.336s] Level 1:colcon.colcon_core.environment:checking '/home/xyq/Desktop/ros_ws/install/image_processing/lib/pkgconfig/image_processing.pc'
[0.336s] Level 1:colcon.colcon_core.environment:checking '/home/xyq/Desktop/ros_ws/install/image_processing/lib/python3.10/site-packages'
[0.337s] Level 1:colcon.colcon_core.environment:checking '/home/xyq/Desktop/ros_ws/install/image_processing/bin'
[0.337s] INFO:colcon.colcon_core.shell:Creating package script '/home/xyq/Desktop/ros_ws/install/image_processing/share/image_processing/package.ps1'
[0.339s] INFO:colcon.colcon_core.shell:Creating package descriptor '/home/xyq/Desktop/ros_ws/install/image_processing/share/image_processing/package.dsv'
[0.340s] INFO:colcon.colcon_core.shell:Creating package script '/home/xyq/Desktop/ros_ws/install/image_processing/share/image_processing/package.sh'
[0.341s] INFO:colcon.colcon_core.shell:Creating package script '/home/xyq/Desktop/ros_ws/install/image_processing/share/image_processing/package.bash'
[0.341s] INFO:colcon.colcon_core.shell:Creating package script '/home/xyq/Desktop/ros_ws/install/image_processing/share/image_processing/package.zsh'
[0.342s] Level 1:colcon.colcon_core.environment:create_file_with_runtime_dependencies(/home/xyq/Desktop/ros_ws/install/image_processing/share/colcon-core/packages/image_processing)
[0.343s] Level 1:colcon.colcon_core.environment:create_environment_scripts_only(image_processing)
[0.343s] Level 1:colcon.colcon_core.environment:checking '/home/xyq/Desktop/ros_ws/install/image_processing' for CMake module files
[0.343s] Level 1:colcon.colcon_core.environment:checking '/home/xyq/Desktop/ros_ws/install/image_processing' for CMake config files
[0.344s] Level 1:colcon.colcon_core.shell:create_environment_hook('image_processing', 'cmake_prefix_path')
[0.344s] INFO:colcon.colcon_core.shell:Creating environment hook '/home/xyq/Desktop/ros_ws/install/image_processing/share/image_processing/hook/cmake_prefix_path.ps1'
[0.344s] INFO:colcon.colcon_core.shell:Creating environment descriptor '/home/xyq/Desktop/ros_ws/install/image_processing/share/image_processing/hook/cmake_prefix_path.dsv'
[0.345s] INFO:colcon.colcon_core.shell:Creating environment hook '/home/xyq/Desktop/ros_ws/install/image_processing/share/image_processing/hook/cmake_prefix_path.sh'
[0.346s] Level 1:colcon.colcon_core.environment:checking '/home/xyq/Desktop/ros_ws/install/image_processing/lib'
[0.346s] Level 1:colcon.colcon_core.environment:checking '/home/xyq/Desktop/ros_ws/install/image_processing/bin'
[0.346s] Level 1:colcon.colcon_core.environment:checking '/home/xyq/Desktop/ros_ws/install/image_processing/lib/pkgconfig/image_processing.pc'
[0.346s] Level 1:colcon.colcon_core.environment:checking '/home/xyq/Desktop/ros_ws/install/image_processing/lib/python3.10/site-packages'
[0.347s] Level 1:colcon.colcon_core.environment:checking '/home/xyq/Desktop/ros_ws/install/image_processing/bin'
[0.347s] INFO:colcon.colcon_core.shell:Creating package script '/home/xyq/Desktop/ros_ws/install/image_processing/share/image_processing/package.ps1'
[0.348s] INFO:colcon.colcon_core.shell:Creating package descriptor '/home/xyq/Desktop/ros_ws/install/image_processing/share/image_processing/package.dsv'
[0.348s] INFO:colcon.colcon_core.shell:Creating package script '/home/xyq/Desktop/ros_ws/install/image_processing/share/image_processing/package.sh'
[0.349s] INFO:colcon.colcon_core.shell:Creating package script '/home/xyq/Desktop/ros_ws/install/image_processing/share/image_processing/package.bash'
[0.350s] INFO:colcon.colcon_core.shell:Creating package script '/home/xyq/Desktop/ros_ws/install/image_processing/share/image_processing/package.zsh'
[0.350s] Level 1:colcon.colcon_core.environment:create_file_with_runtime_dependencies(/home/xyq/Desktop/ros_ws/install/image_processing/share/colcon-core/packages/image_processing)
[0.353s] DEBUG:colcon.colcon_core.event_handler.log_command:Invoked command in '/home/xyq/Desktop/ros_ws/build/mindvision_camera' returned '0': CMAKE_PREFIX_PATH=/opt/ros/humble /usr/bin/cmake --build /home/xyq/Desktop/ros_ws/build/mindvision_camera -- -j20 -l20
[0.355s] DEBUG:colcon.colcon_core.event_handler.log_command:Invoking command in '/home/xyq/Desktop/ros_ws/build/mindvision_camera': CMAKE_PREFIX_PATH=/opt/ros/humble /usr/bin/cmake --install /home/xyq/Desktop/ros_ws/build/mindvision_camera
[0.355s] Level 1:colcon.colcon_core.environment:create_environment_scripts_only(camera_display)
[0.356s] Level 1:colcon.colcon_core.environment:checking '/home/xyq/Desktop/ros_ws/install/camera_display' for CMake module files
[0.357s] DEBUG:colcon.colcon_core.event_handler.log_command:Invoked command in '/home/xyq/Desktop/ros_ws/build/camera_display' returned '0': CMAKE_PREFIX_PATH=/opt/ros/humble /usr/bin/cmake --install /home/xyq/Desktop/ros_ws/build/camera_display
[0.357s] Level 1:colcon.colcon_core.environment:checking '/home/xyq/Desktop/ros_ws/install/camera_display' for CMake config files
[0.358s] Level 1:colcon.colcon_core.shell:create_environment_hook('camera_display', 'cmake_prefix_path')
[0.358s] INFO:colcon.colcon_core.shell:Creating environment hook '/home/xyq/Desktop/ros_ws/install/camera_display/share/camera_display/hook/cmake_prefix_path.ps1'
[0.359s] INFO:colcon.colcon_core.shell:Creating environment descriptor '/home/xyq/Desktop/ros_ws/install/camera_display/share/camera_display/hook/cmake_prefix_path.dsv'
[0.360s] INFO:colcon.colcon_core.shell:Creating environment hook '/home/xyq/Desktop/ros_ws/install/camera_display/share/camera_display/hook/cmake_prefix_path.sh'
[0.362s] Level 1:colcon.colcon_core.environment:checking '/home/xyq/Desktop/ros_ws/install/camera_display/lib'
[0.362s] Level 1:colcon.colcon_core.environment:checking '/home/xyq/Desktop/ros_ws/install/camera_display/bin'
[0.362s] Level 1:colcon.colcon_core.environment:checking '/home/xyq/Desktop/ros_ws/install/camera_display/lib/pkgconfig/camera_display.pc'
[0.363s] Level 1:colcon.colcon_core.environment:checking '/home/xyq/Desktop/ros_ws/install/camera_display/lib/python3.10/site-packages'
[0.363s] Level 1:colcon.colcon_core.environment:checking '/home/xyq/Desktop/ros_ws/install/camera_display/bin'
[0.363s] INFO:colcon.colcon_core.shell:Creating package script '/home/xyq/Desktop/ros_ws/install/camera_display/share/camera_display/package.ps1'
[0.364s] INFO:colcon.colcon_core.shell:Creating package descriptor '/home/xyq/Desktop/ros_ws/install/camera_display/share/camera_display/package.dsv'
[0.365s] INFO:colcon.colcon_core.shell:Creating package script '/home/xyq/Desktop/ros_ws/install/camera_display/share/camera_display/package.sh'
[0.366s] INFO:colcon.colcon_core.shell:Creating package script '/home/xyq/Desktop/ros_ws/install/camera_display/share/camera_display/package.bash'
[0.367s] INFO:colcon.colcon_core.shell:Creating package script '/home/xyq/Desktop/ros_ws/install/camera_display/share/camera_display/package.zsh'
[0.368s] Level 1:colcon.colcon_core.environment:create_file_with_runtime_dependencies(/home/xyq/Desktop/ros_ws/install/camera_display/share/colcon-core/packages/camera_display)
[0.369s] Level 1:colcon.colcon_core.environment:create_environment_scripts_only(camera_display)
[0.369s] Level 1:colcon.colcon_core.environment:checking '/home/xyq/Desktop/ros_ws/install/camera_display' for CMake module files
[0.370s] Level 1:colcon.colcon_core.environment:checking '/home/xyq/Desktop/ros_ws/install/camera_display' for CMake config files
[0.370s] Level 1:colcon.colcon_core.shell:create_environment_hook('camera_display', 'cmake_prefix_path')
[0.371s] INFO:colcon.colcon_core.shell:Creating environment hook '/home/xyq/Desktop/ros_ws/install/camera_display/share/camera_display/hook/cmake_prefix_path.ps1'
[0.371s] INFO:colcon.colcon_core.shell:Creating environment descriptor '/home/xyq/Desktop/ros_ws/install/camera_display/share/camera_display/hook/cmake_prefix_path.dsv'
[0.371s] INFO:colcon.colcon_core.shell:Creating environment hook '/home/xyq/Desktop/ros_ws/install/camera_display/share/camera_display/hook/cmake_prefix_path.sh'
[0.372s] Level 1:colcon.colcon_core.environment:checking '/home/xyq/Desktop/ros_ws/install/camera_display/lib'
[0.372s] Level 1:colcon.colcon_core.environment:checking '/home/xyq/Desktop/ros_ws/install/camera_display/bin'
[0.372s] Level 1:colcon.colcon_core.environment:checking '/home/xyq/Desktop/ros_ws/install/camera_display/lib/pkgconfig/camera_display.pc'
[0.373s] Level 1:colcon.colcon_core.environment:checking '/home/xyq/Desktop/ros_ws/install/camera_display/lib/python3.10/site-packages'
[0.373s] Level 1:colcon.colcon_core.environment:checking '/home/xyq/Desktop/ros_ws/install/camera_display/bin'
[0.373s] INFO:colcon.colcon_core.shell:Creating package script '/home/xyq/Desktop/ros_ws/install/camera_display/share/camera_display/package.ps1'
[0.374s] INFO:colcon.colcon_core.shell:Creating package descriptor '/home/xyq/Desktop/ros_ws/install/camera_display/share/camera_display/package.dsv'
[0.375s] INFO:colcon.colcon_core.shell:Creating package script '/home/xyq/Desktop/ros_ws/install/camera_display/share/camera_display/package.sh'
[0.375s] INFO:colcon.colcon_core.shell:Creating package script '/home/xyq/Desktop/ros_ws/install/camera_display/share/camera_display/package.bash'
[0.376s] INFO:colcon.colcon_core.shell:Creating package script '/home/xyq/Desktop/ros_ws/install/camera_display/share/camera_display/package.zsh'
[0.376s] Level 1:colcon.colcon_core.environment:create_file_with_runtime_dependencies(/home/xyq/Desktop/ros_ws/install/camera_display/share/colcon-core/packages/camera_display)
[0.377s] Level 1:colcon.colcon_core.environment:create_environment_scripts_only(mindvision_camera)
[0.378s] Level 1:colcon.colcon_core.environment:checking '/home/xyq/Desktop/ros_ws/install/mindvision_camera' for CMake module files
[0.378s] DEBUG:colcon.colcon_core.event_handler.log_command:Invoked command in '/home/xyq/Desktop/ros_ws/build/mindvision_camera' returned '0': CMAKE_PREFIX_PATH=/opt/ros/humble /usr/bin/cmake --install /home/xyq/Desktop/ros_ws/build/mindvision_camera
[0.379s] Level 1:colcon.colcon_core.environment:checking '/home/xyq/Desktop/ros_ws/install/mindvision_camera' for CMake config files
[0.379s] Level 1:colcon.colcon_core.shell:create_environment_hook('mindvision_camera', 'cmake_prefix_path')
[0.379s] INFO:colcon.colcon_core.shell:Creating environment hook '/home/xyq/Desktop/ros_ws/install/mindvision_camera/share/mindvision_camera/hook/cmake_prefix_path.ps1'
[0.379s] INFO:colcon.colcon_core.shell:Creating environment descriptor '/home/xyq/Desktop/ros_ws/install/mindvision_camera/share/mindvision_camera/hook/cmake_prefix_path.dsv'
[0.380s] INFO:colcon.colcon_core.shell:Creating environment hook '/home/xyq/Desktop/ros_ws/install/mindvision_camera/share/mindvision_camera/hook/cmake_prefix_path.sh'
[0.380s] Level 1:colcon.colcon_core.environment:checking '/home/xyq/Desktop/ros_ws/install/mindvision_camera/lib'
[0.380s] Level 1:colcon.colcon_core.shell:create_environment_hook('mindvision_camera', 'ld_library_path_lib')
[0.381s] INFO:colcon.colcon_core.shell:Creating environment hook '/home/xyq/Desktop/ros_ws/install/mindvision_camera/share/mindvision_camera/hook/ld_library_path_lib.ps1'
[0.381s] INFO:colcon.colcon_core.shell:Creating environment descriptor '/home/xyq/Desktop/ros_ws/install/mindvision_camera/share/mindvision_camera/hook/ld_library_path_lib.dsv'
[0.381s] INFO:colcon.colcon_core.shell:Creating environment hook '/home/xyq/Desktop/ros_ws/install/mindvision_camera/share/mindvision_camera/hook/ld_library_path_lib.sh'
[0.381s] Level 1:colcon.colcon_core.environment:checking '/home/xyq/Desktop/ros_ws/install/mindvision_camera/bin'
[0.381s] Level 1:colcon.colcon_core.environment:checking '/home/xyq/Desktop/ros_ws/install/mindvision_camera/lib/pkgconfig/mindvision_camera.pc'
[0.382s] Level 1:colcon.colcon_core.environment:checking '/home/xyq/Desktop/ros_ws/install/mindvision_camera/lib/python3.10/site-packages'
[0.382s] Level 1:colcon.colcon_core.environment:checking '/home/xyq/Desktop/ros_ws/install/mindvision_camera/bin'
[0.382s] INFO:colcon.colcon_core.shell:Creating package script '/home/xyq/Desktop/ros_ws/install/mindvision_camera/share/mindvision_camera/package.ps1'
[0.382s] INFO:colcon.colcon_core.shell:Creating package descriptor '/home/xyq/Desktop/ros_ws/install/mindvision_camera/share/mindvision_camera/package.dsv'
[0.383s] INFO:colcon.colcon_core.shell:Creating package script '/home/xyq/Desktop/ros_ws/install/mindvision_camera/share/mindvision_camera/package.sh'
[0.383s] INFO:colcon.colcon_core.shell:Creating package script '/home/xyq/Desktop/ros_ws/install/mindvision_camera/share/mindvision_camera/package.bash'
[0.383s] INFO:colcon.colcon_core.shell:Creating package script '/home/xyq/Desktop/ros_ws/install/mindvision_camera/share/mindvision_camera/package.zsh'
[0.383s] Level 1:colcon.colcon_core.environment:create_file_with_runtime_dependencies(/home/xyq/Desktop/ros_ws/install/mindvision_camera/share/colcon-core/packages/mindvision_camera)
[0.384s] Level 1:colcon.colcon_core.environment:create_environment_scripts_only(mindvision_camera)
[0.384s] Level 1:colcon.colcon_core.environment:checking '/home/xyq/Desktop/ros_ws/install/mindvision_camera' for CMake module files
[0.384s] Level 1:colcon.colcon_core.environment:checking '/home/xyq/Desktop/ros_ws/install/mindvision_camera' for CMake config files
[0.384s] Level 1:colcon.colcon_core.shell:create_environment_hook('mindvision_camera', 'cmake_prefix_path')
[0.385s] INFO:colcon.colcon_core.shell:Creating environment hook '/home/xyq/Desktop/ros_ws/install/mindvision_camera/share/mindvision_camera/hook/cmake_prefix_path.ps1'
[0.385s] INFO:colcon.colcon_core.shell:Creating environment descriptor '/home/xyq/Desktop/ros_ws/install/mindvision_camera/share/mindvision_camera/hook/cmake_prefix_path.dsv'
[0.385s] INFO:colcon.colcon_core.shell:Creating environment hook '/home/xyq/Desktop/ros_ws/install/mindvision_camera/share/mindvision_camera/hook/cmake_prefix_path.sh'
[0.386s] Level 1:colcon.colcon_core.environment:checking '/home/xyq/Desktop/ros_ws/install/mindvision_camera/lib'
[0.386s] Level 1:colcon.colcon_core.shell:create_environment_hook('mindvision_camera', 'ld_library_path_lib')
[0.386s] INFO:colcon.colcon_core.shell:Creating environment hook '/home/xyq/Desktop/ros_ws/install/mindvision_camera/share/mindvision_camera/hook/ld_library_path_lib.ps1'
[0.386s] INFO:colcon.colcon_core.shell:Creating environment descriptor '/home/xyq/Desktop/ros_ws/install/mindvision_camera/share/mindvision_camera/hook/ld_library_path_lib.dsv'
[0.386s] INFO:colcon.colcon_core.shell:Creating environment hook '/home/xyq/Desktop/ros_ws/install/mindvision_camera/share/mindvision_camera/hook/ld_library_path_lib.sh'
[0.387s] Level 1:colcon.colcon_core.environment:checking '/home/xyq/Desktop/ros_ws/install/mindvision_camera/bin'
[0.387s] Level 1:colcon.colcon_core.environment:checking '/home/xyq/Desktop/ros_ws/install/mindvision_camera/lib/pkgconfig/mindvision_camera.pc'
[0.387s] Level 1:colcon.colcon_core.environment:checking '/home/xyq/Desktop/ros_ws/install/mindvision_camera/lib/python3.10/site-packages'
[0.387s] Level 1:colcon.colcon_core.environment:checking '/home/xyq/Desktop/ros_ws/install/mindvision_camera/bin'
[0.387s] INFO:colcon.colcon_core.shell:Creating package script '/home/xyq/Desktop/ros_ws/install/mindvision_camera/share/mindvision_camera/package.ps1'
[0.388s] INFO:colcon.colcon_core.shell:Creating package descriptor '/home/xyq/Desktop/ros_ws/install/mindvision_camera/share/mindvision_camera/package.dsv'
[0.388s] INFO:colcon.colcon_core.shell:Creating package script '/home/xyq/Desktop/ros_ws/install/mindvision_camera/share/mindvision_camera/package.sh'
[0.388s] INFO:colcon.colcon_core.shell:Creating package script '/home/xyq/Desktop/ros_ws/install/mindvision_camera/share/mindvision_camera/package.bash'
[0.389s] INFO:colcon.colcon_core.shell:Creating package script '/home/xyq/Desktop/ros_ws/install/mindvision_camera/share/mindvision_camera/package.zsh'
[0.389s] Level 1:colcon.colcon_core.environment:create_file_with_runtime_dependencies(/home/xyq/Desktop/ros_ws/install/mindvision_camera/share/colcon-core/packages/mindvision_camera)
[0.495s] DEBUG:colcon.colcon_core.event_handler.log_command:Invoked command in '/home/xyq/Desktop/ros_ws/build/camera_interface' returned '0': CMAKE_PREFIX_PATH=/opt/ros/humble /usr/bin/cmake --build /home/xyq/Desktop/ros_ws/build/camera_interface -- -j20 -l20
[0.497s] DEBUG:colcon.colcon_core.event_handler.log_command:Invoking command in '/home/xyq/Desktop/ros_ws/build/camera_interface': CMAKE_PREFIX_PATH=/opt/ros/humble /usr/bin/cmake --install /home/xyq/Desktop/ros_ws/build/camera_interface
[0.542s] Level 1:colcon.colcon_core.environment:create_environment_scripts_only(camera_interface)
[0.542s] Level 1:colcon.colcon_core.environment:checking '/home/xyq/Desktop/ros_ws/install/camera_interface' for CMake module files
[0.543s] DEBUG:colcon.colcon_core.event_handler.log_command:Invoked command in '/home/xyq/Desktop/ros_ws/build/camera_interface' returned '0': CMAKE_PREFIX_PATH=/opt/ros/humble /usr/bin/cmake --install /home/xyq/Desktop/ros_ws/build/camera_interface
[0.543s] Level 1:colcon.colcon_core.environment:checking '/home/xyq/Desktop/ros_ws/install/camera_interface' for CMake config files
[0.543s] Level 1:colcon.colcon_core.shell:create_environment_hook('camera_interface', 'cmake_prefix_path')
[0.543s] INFO:colcon.colcon_core.shell:Creating environment hook '/home/xyq/Desktop/ros_ws/install/camera_interface/share/camera_interface/hook/cmake_prefix_path.ps1'
[0.544s] INFO:colcon.colcon_core.shell:Creating environment descriptor '/home/xyq/Desktop/ros_ws/install/camera_interface/share/camera_interface/hook/cmake_prefix_path.dsv'
[0.544s] INFO:colcon.colcon_core.shell:Creating environment hook '/home/xyq/Desktop/ros_ws/install/camera_interface/share/camera_interface/hook/cmake_prefix_path.sh'
[0.544s] Level 1:colcon.colcon_core.environment:checking '/home/xyq/Desktop/ros_ws/install/camera_interface/lib'
[0.545s] Level 1:colcon.colcon_core.shell:create_environment_hook('camera_interface', 'ld_library_path_lib')
[0.545s] INFO:colcon.colcon_core.shell:Creating environment hook '/home/xyq/Desktop/ros_ws/install/camera_interface/share/camera_interface/hook/ld_library_path_lib.ps1'
[0.545s] INFO:colcon.colcon_core.shell:Creating environment descriptor '/home/xyq/Desktop/ros_ws/install/camera_interface/share/camera_interface/hook/ld_library_path_lib.dsv'
[0.545s] INFO:colcon.colcon_core.shell:Creating environment hook '/home/xyq/Desktop/ros_ws/install/camera_interface/share/camera_interface/hook/ld_library_path_lib.sh'
[0.545s] Level 1:colcon.colcon_core.environment:checking '/home/xyq/Desktop/ros_ws/install/camera_interface/bin'
[0.546s] Level 1:colcon.colcon_core.environment:checking '/home/xyq/Desktop/ros_ws/install/camera_interface/lib/pkgconfig/camera_interface.pc'
[0.546s] Level 1:colcon.colcon_core.environment:checking '/home/xyq/Desktop/ros_ws/install/camera_interface/lib/python3.10/site-packages'
[0.546s] Level 1:colcon.colcon_core.environment:checking '/home/xyq/Desktop/ros_ws/install/camera_interface/bin'
[0.546s] INFO:colcon.colcon_core.shell:Creating package script '/home/xyq/Desktop/ros_ws/install/camera_interface/share/camera_interface/package.ps1'
[0.547s] INFO:colcon.colcon_core.shell:Creating package descriptor '/home/xyq/Desktop/ros_ws/install/camera_interface/share/camera_interface/package.dsv'
[0.547s] INFO:colcon.colcon_core.shell:Creating package script '/home/xyq/Desktop/ros_ws/install/camera_interface/share/camera_interface/package.sh'
[0.547s] INFO:colcon.colcon_core.shell:Creating package script '/home/xyq/Desktop/ros_ws/install/camera_interface/share/camera_interface/package.bash'
[0.548s] INFO:colcon.colcon_core.shell:Creating package script '/home/xyq/Desktop/ros_ws/install/camera_interface/share/camera_interface/package.zsh'
[0.548s] Level 1:colcon.colcon_core.environment:create_file_with_runtime_dependencies(/home/xyq/Desktop/ros_ws/install/camera_interface/share/colcon-core/packages/camera_interface)
[0.548s] Level 1:colcon.colcon_core.environment:create_environment_scripts_only(camera_interface)
[0.548s] Level 1:colcon.colcon_core.environment:checking '/home/xyq/Desktop/ros_ws/install/camera_interface' for CMake module files
[0.549s] Level 1:colcon.colcon_core.environment:checking '/home/xyq/Desktop/ros_ws/install/camera_interface' for CMake config files
[0.549s] Level 1:colcon.colcon_core.shell:create_environment_hook('camera_interface', 'cmake_prefix_path')
[0.549s] INFO:colcon.colcon_core.shell:Creating environment hook '/home/xyq/Desktop/ros_ws/install/camera_interface/share/camera_interface/hook/cmake_prefix_path.ps1'
[0.549s] INFO:colcon.colcon_core.shell:Creating environment descriptor '/home/xyq/Desktop/ros_ws/install/camera_interface/share/camera_interface/hook/cmake_prefix_path.dsv'
[0.549s] INFO:colcon.colcon_core.shell:Creating environment hook '/home/xyq/Desktop/ros_ws/install/camera_interface/share/camera_interface/hook/cmake_prefix_path.sh'
[0.550s] Level 1:colcon.colcon_core.environment:checking '/home/xyq/Desktop/ros_ws/install/camera_interface/lib'
[0.550s] Level 1:colcon.colcon_core.shell:create_environment_hook('camera_interface', 'ld_library_path_lib')
[0.550s] INFO:colcon.colcon_core.shell:Creating environment hook '/home/xyq/Desktop/ros_ws/install/camera_interface/share/camera_interface/hook/ld_library_path_lib.ps1'
[0.550s] INFO:colcon.colcon_core.shell:Creating environment descriptor '/home/xyq/Desktop/ros_ws/install/camera_interface/share/camera_interface/hook/ld_library_path_lib.dsv'
[0.550s] INFO:colcon.colcon_core.shell:Creating environment hook '/home/xyq/Desktop/ros_ws/install/camera_interface/share/camera_interface/hook/ld_library_path_lib.sh'
[0.551s] Level 1:colcon.colcon_core.environment:checking '/home/xyq/Desktop/ros_ws/install/camera_interface/bin'
[0.551s] Level 1:colcon.colcon_core.environment:checking '/home/xyq/Desktop/ros_ws/install/camera_interface/lib/pkgconfig/camera_interface.pc'
[0.551s] Level 1:colcon.colcon_core.environment:checking '/home/xyq/Desktop/ros_ws/install/camera_interface/lib/python3.10/site-packages'
[0.551s] Level 1:colcon.colcon_core.environment:checking '/home/xyq/Desktop/ros_ws/install/camera_interface/bin'
[0.551s] INFO:colcon.colcon_core.shell:Creating package script '/home/xyq/Desktop/ros_ws/install/camera_interface/share/camera_interface/package.ps1'
[0.551s] INFO:colcon.colcon_core.shell:Creating package descriptor '/home/xyq/Desktop/ros_ws/install/camera_interface/share/camera_interface/package.dsv'
[0.552s] INFO:colcon.colcon_core.shell:Creating package script '/home/xyq/Desktop/ros_ws/install/camera_interface/share/camera_interface/package.sh'
[0.552s] INFO:colcon.colcon_core.shell:Creating package script '/home/xyq/Desktop/ros_ws/install/camera_interface/share/camera_interface/package.bash'
[0.552s] INFO:colcon.colcon_core.shell:Creating package script '/home/xyq/Desktop/ros_ws/install/camera_interface/share/camera_interface/package.zsh'
[0.552s] Level 1:colcon.colcon_core.environment:create_file_with_runtime_dependencies(/home/xyq/Desktop/ros_ws/install/camera_interface/share/colcon-core/packages/camera_interface)
[0.553s] INFO:colcon.colcon_ros.task.ament_cmake.build:Building ROS package in '/home/xyq/Desktop/ros_ws/src/corner_detection' with build type 'ament_cmake'
[0.553s] INFO:colcon.colcon_cmake.task.cmake.build:Building CMake package in '/home/xyq/Desktop/ros_ws/src/corner_detection'
[0.553s] INFO:colcon.colcon_core.shell:Skip shell extension 'powershell' for command environment: Not usable outside of PowerShell
[0.553s] DEBUG:colcon.colcon_core.shell:Skip shell extension 'dsv' for command environment
[0.555s] INFO:colcon.colcon_ros.task.ament_cmake.build:Building ROS package in '/home/xyq/Desktop/ros_ws/src/pose_resolve' with build type 'ament_cmake'
[0.555s] INFO:colcon.colcon_cmake.task.cmake.build:Building CMake package in '/home/xyq/Desktop/ros_ws/src/pose_resolve'
[0.555s] INFO:colcon.colcon_core.shell:Skip shell extension 'powershell' for command environment: Not usable outside of PowerShell
[0.555s] DEBUG:colcon.colcon_core.shell:Skip shell extension 'dsv' for command environment
[0.564s] DEBUG:colcon.colcon_core.event_handler.log_command:Invoking command in '/home/xyq/Desktop/ros_ws/build/corner_detection': AMENT_PREFIX_PATH=/home/xyq/Desktop/ros_ws/install/camera_interface:${AMENT_PREFIX_PATH} CMAKE_PREFIX_PATH=/home/xyq/Desktop/ros_ws/install/camera_interface:/opt/ros/humble LD_LIBRARY_PATH=/home/xyq/Desktop/ros_ws/install/camera_interface/lib:${LD_LIBRARY_PATH} PYTHONPATH=/home/xyq/Desktop/ros_ws/install/camera_interface/local/lib/python3.10/dist-packages:${PYTHONPATH} /usr/bin/cmake --build /home/xyq/Desktop/ros_ws/build/corner_detection -- -j20 -l20
[0.567s] DEBUG:colcon.colcon_core.event_handler.log_command:Invoking command in '/home/xyq/Desktop/ros_ws/build/pose_resolve': AMENT_PREFIX_PATH=/home/xyq/Desktop/ros_ws/install/camera_interface:${AMENT_PREFIX_PATH} CMAKE_PREFIX_PATH=/home/xyq/Desktop/ros_ws/install/camera_interface:/opt/ros/humble LD_LIBRARY_PATH=/home/xyq/Desktop/ros_ws/install/camera_interface/lib:${LD_LIBRARY_PATH} PYTHONPATH=/home/xyq/Desktop/ros_ws/install/camera_interface/local/lib/python3.10/dist-packages:${PYTHONPATH} /usr/bin/cmake --build /home/xyq/Desktop/ros_ws/build/pose_resolve -- -j20 -l20
[0.620s] DEBUG:colcon.colcon_core.event_handler.log_command:Invoked command in '/home/xyq/Desktop/ros_ws/build/pose_resolve' returned '0': AMENT_PREFIX_PATH=/home/xyq/Desktop/ros_ws/install/camera_interface:${AMENT_PREFIX_PATH} CMAKE_PREFIX_PATH=/home/xyq/Desktop/ros_ws/install/camera_interface:/opt/ros/humble LD_LIBRARY_PATH=/home/xyq/Desktop/ros_ws/install/camera_interface/lib:${LD_LIBRARY_PATH} PYTHONPATH=/home/xyq/Desktop/ros_ws/install/camera_interface/local/lib/python3.10/dist-packages:${PYTHONPATH} /usr/bin/cmake --build /home/xyq/Desktop/ros_ws/build/pose_resolve -- -j20 -l20
[0.622s] DEBUG:colcon.colcon_core.event_handler.log_command:Invoking command in '/home/xyq/Desktop/ros_ws/build/pose_resolve': AMENT_PREFIX_PATH=/home/xyq/Desktop/ros_ws/install/camera_interface:${AMENT_PREFIX_PATH} CMAKE_PREFIX_PATH=/home/xyq/Desktop/ros_ws/install/camera_interface:/opt/ros/humble LD_LIBRARY_PATH=/home/xyq/Desktop/ros_ws/install/camera_interface/lib:${LD_LIBRARY_PATH} PYTHONPATH=/home/xyq/Desktop/ros_ws/install/camera_interface/local/lib/python3.10/dist-packages:${PYTHONPATH} /usr/bin/cmake --install /home/xyq/Desktop/ros_ws/build/pose_resolve
[0.631s] Level 1:colcon.colcon_core.environment:create_environment_scripts_only(pose_resolve)
[0.631s] Level 1:colcon.colcon_core.environment:checking '/home/xyq/Desktop/ros_ws/install/pose_resolve' for CMake module files
[0.632s] DEBUG:colcon.colcon_core.event_handler.log_command:Invoked command in '/home/xyq/Desktop/ros_ws/build/pose_resolve' returned '0': AMENT_PREFIX_PATH=/home/xyq/Desktop/ros_ws/install/camera_interface:${AMENT_PREFIX_PATH} CMAKE_PREFIX_PATH=/home/xyq/Desktop/ros_ws/install/camera_interface:/opt/ros/humble LD_LIBRARY_PATH=/home/xyq/Desktop/ros_ws/install/camera_interface/lib:${LD_LIBRARY_PATH} PYTHONPATH=/home/xyq/Desktop/ros_ws/install/camera_interface/local/lib/python3.10/dist-packages:${PYTHONPATH} /usr/bin/cmake --install /home/xyq/Desktop/ros_ws/build/pose_resolve
[0.633s] Level 1:colcon.colcon_core.environment:checking '/home/xyq/Desktop/ros_ws/install/pose_resolve' for CMake config files
[0.633s] Level 1:colcon.colcon_core.shell:create_environment_hook('pose_resolve', 'cmake_prefix_path')
[0.633s] INFO:colcon.colcon_core.shell:Creating environment hook '/home/xyq/Desktop/ros_ws/install/pose_resolve/share/pose_resolve/hook/cmake_prefix_path.ps1'
[0.633s] INFO:colcon.colcon_core.shell:Creating environment descriptor '/home/xyq/Desktop/ros_ws/install/pose_resolve/share/pose_resolve/hook/cmake_prefix_path.dsv'
[0.634s] INFO:colcon.colcon_core.shell:Creating environment hook '/home/xyq/Desktop/ros_ws/install/pose_resolve/share/pose_resolve/hook/cmake_prefix_path.sh'
[0.634s] Level 1:colcon.colcon_core.environment:checking '/home/xyq/Desktop/ros_ws/install/pose_resolve/lib'
[0.634s] Level 1:colcon.colcon_core.environment:checking '/home/xyq/Desktop/ros_ws/install/pose_resolve/bin'
[0.634s] Level 1:colcon.colcon_core.environment:checking '/home/xyq/Desktop/ros_ws/install/pose_resolve/lib/pkgconfig/pose_resolve.pc'
[0.634s] Level 1:colcon.colcon_core.environment:checking '/home/xyq/Desktop/ros_ws/install/pose_resolve/lib/python3.10/site-packages'
[0.635s] Level 1:colcon.colcon_core.environment:checking '/home/xyq/Desktop/ros_ws/install/pose_resolve/bin'
[0.635s] INFO:colcon.colcon_core.shell:Creating package script '/home/xyq/Desktop/ros_ws/install/pose_resolve/share/pose_resolve/package.ps1'
[0.635s] INFO:colcon.colcon_core.shell:Creating package descriptor '/home/xyq/Desktop/ros_ws/install/pose_resolve/share/pose_resolve/package.dsv'
[0.636s] INFO:colcon.colcon_core.shell:Creating package script '/home/xyq/Desktop/ros_ws/install/pose_resolve/share/pose_resolve/package.sh'
[0.636s] INFO:colcon.colcon_core.shell:Creating package script '/home/xyq/Desktop/ros_ws/install/pose_resolve/share/pose_resolve/package.bash'
[0.636s] INFO:colcon.colcon_core.shell:Creating package script '/home/xyq/Desktop/ros_ws/install/pose_resolve/share/pose_resolve/package.zsh'
[0.636s] Level 1:colcon.colcon_core.environment:create_file_with_runtime_dependencies(/home/xyq/Desktop/ros_ws/install/pose_resolve/share/colcon-core/packages/pose_resolve)
[0.637s] Level 1:colcon.colcon_core.environment:create_environment_scripts_only(pose_resolve)
[0.637s] Level 1:colcon.colcon_core.environment:checking '/home/xyq/Desktop/ros_ws/install/pose_resolve' for CMake module files
[0.637s] Level 1:colcon.colcon_core.environment:checking '/home/xyq/Desktop/ros_ws/install/pose_resolve' for CMake config files
[0.637s] Level 1:colcon.colcon_core.shell:create_environment_hook('pose_resolve', 'cmake_prefix_path')
[0.637s] INFO:colcon.colcon_core.shell:Creating environment hook '/home/xyq/Desktop/ros_ws/install/pose_resolve/share/pose_resolve/hook/cmake_prefix_path.ps1'
[0.638s] INFO:colcon.colcon_core.shell:Creating environment descriptor '/home/xyq/Desktop/ros_ws/install/pose_resolve/share/pose_resolve/hook/cmake_prefix_path.dsv'
[0.638s] INFO:colcon.colcon_core.shell:Creating environment hook '/home/xyq/Desktop/ros_ws/install/pose_resolve/share/pose_resolve/hook/cmake_prefix_path.sh'
[0.638s] Level 1:colcon.colcon_core.environment:checking '/home/xyq/Desktop/ros_ws/install/pose_resolve/lib'
[0.638s] Level 1:colcon.colcon_core.environment:checking '/home/xyq/Desktop/ros_ws/install/pose_resolve/bin'
[0.638s] Level 1:colcon.colcon_core.environment:checking '/home/xyq/Desktop/ros_ws/install/pose_resolve/lib/pkgconfig/pose_resolve.pc'
[0.639s] Level 1:colcon.colcon_core.environment:checking '/home/xyq/Desktop/ros_ws/install/pose_resolve/lib/python3.10/site-packages'
[0.639s] Level 1:colcon.colcon_core.environment:checking '/home/xyq/Desktop/ros_ws/install/pose_resolve/bin'
[0.639s] INFO:colcon.colcon_core.shell:Creating package script '/home/xyq/Desktop/ros_ws/install/pose_resolve/share/pose_resolve/package.ps1'
[0.639s] INFO:colcon.colcon_core.shell:Creating package descriptor '/home/xyq/Desktop/ros_ws/install/pose_resolve/share/pose_resolve/package.dsv'
[0.640s] INFO:colcon.colcon_core.shell:Creating package script '/home/xyq/Desktop/ros_ws/install/pose_resolve/share/pose_resolve/package.sh'
[0.640s] INFO:colcon.colcon_core.shell:Creating package script '/home/xyq/Desktop/ros_ws/install/pose_resolve/share/pose_resolve/package.bash'
[0.640s] INFO:colcon.colcon_core.shell:Creating package script '/home/xyq/Desktop/ros_ws/install/pose_resolve/share/pose_resolve/package.zsh'
[0.640s] Level 1:colcon.colcon_core.environment:create_file_with_runtime_dependencies(/home/xyq/Desktop/ros_ws/install/pose_resolve/share/colcon-core/packages/pose_resolve)
[5.130s] DEBUG:colcon.colcon_core.event_handler.log_command:Invoked command in '/home/xyq/Desktop/ros_ws/build/corner_detection' returned '0': AMENT_PREFIX_PATH=/home/xyq/Desktop/ros_ws/install/camera_interface:${AMENT_PREFIX_PATH} CMAKE_PREFIX_PATH=/home/xyq/Desktop/ros_ws/install/camera_interface:/opt/ros/humble LD_LIBRARY_PATH=/home/xyq/Desktop/ros_ws/install/camera_interface/lib:${LD_LIBRARY_PATH} PYTHONPATH=/home/xyq/Desktop/ros_ws/install/camera_interface/local/lib/python3.10/dist-packages:${PYTHONPATH} /usr/bin/cmake --build /home/xyq/Desktop/ros_ws/build/corner_detection -- -j20 -l20
[5.132s] DEBUG:colcon.colcon_core.event_handler.log_command:Invoking command in '/home/xyq/Desktop/ros_ws/build/corner_detection': AMENT_PREFIX_PATH=/home/xyq/Desktop/ros_ws/install/camera_interface:${AMENT_PREFIX_PATH} CMAKE_PREFIX_PATH=/home/xyq/Desktop/ros_ws/install/camera_interface:/opt/ros/humble LD_LIBRARY_PATH=/home/xyq/Desktop/ros_ws/install/camera_interface/lib:${LD_LIBRARY_PATH} PYTHONPATH=/home/xyq/Desktop/ros_ws/install/camera_interface/local/lib/python3.10/dist-packages:${PYTHONPATH} /usr/bin/cmake --install /home/xyq/Desktop/ros_ws/build/corner_detection
[5.144s] Level 1:colcon.colcon_core.environment:create_environment_scripts_only(corner_detection)
[5.144s] Level 1:colcon.colcon_core.environment:checking '/home/xyq/Desktop/ros_ws/install/corner_detection' for CMake module files
[5.145s] DEBUG:colcon.colcon_core.event_handler.log_command:Invoked command in '/home/xyq/Desktop/ros_ws/build/corner_detection' returned '0': AMENT_PREFIX_PATH=/home/xyq/Desktop/ros_ws/install/camera_interface:${AMENT_PREFIX_PATH} CMAKE_PREFIX_PATH=/home/xyq/Desktop/ros_ws/install/camera_interface:/opt/ros/humble LD_LIBRARY_PATH=/home/xyq/Desktop/ros_ws/install/camera_interface/lib:${LD_LIBRARY_PATH} PYTHONPATH=/home/xyq/Desktop/ros_ws/install/camera_interface/local/lib/python3.10/dist-packages:${PYTHONPATH} /usr/bin/cmake --install /home/xyq/Desktop/ros_ws/build/corner_detection
[5.145s] Level 1:colcon.colcon_core.environment:checking '/home/xyq/Desktop/ros_ws/install/corner_detection' for CMake config files
[5.145s] Level 1:colcon.colcon_core.shell:create_environment_hook('corner_detection', 'cmake_prefix_path')
[5.145s] INFO:colcon.colcon_core.shell:Creating environment hook '/home/xyq/Desktop/ros_ws/install/corner_detection/share/corner_detection/hook/cmake_prefix_path.ps1'
[5.146s] INFO:colcon.colcon_core.shell:Creating environment descriptor '/home/xyq/Desktop/ros_ws/install/corner_detection/share/corner_detection/hook/cmake_prefix_path.dsv'
[5.146s] INFO:colcon.colcon_core.shell:Creating environment hook '/home/xyq/Desktop/ros_ws/install/corner_detection/share/corner_detection/hook/cmake_prefix_path.sh'
[5.146s] Level 1:colcon.colcon_core.environment:checking '/home/xyq/Desktop/ros_ws/install/corner_detection/lib'
[5.147s] Level 1:colcon.colcon_core.environment:checking '/home/xyq/Desktop/ros_ws/install/corner_detection/bin'
[5.147s] Level 1:colcon.colcon_core.environment:checking '/home/xyq/Desktop/ros_ws/install/corner_detection/lib/pkgconfig/corner_detection.pc'
[5.147s] Level 1:colcon.colcon_core.environment:checking '/home/xyq/Desktop/ros_ws/install/corner_detection/lib/python3.10/site-packages'
[5.147s] Level 1:colcon.colcon_core.environment:checking '/home/xyq/Desktop/ros_ws/install/corner_detection/bin'
[5.147s] INFO:colcon.colcon_core.shell:Creating package script '/home/xyq/Desktop/ros_ws/install/corner_detection/share/corner_detection/package.ps1'
[5.148s] INFO:colcon.colcon_core.shell:Creating package descriptor '/home/xyq/Desktop/ros_ws/install/corner_detection/share/corner_detection/package.dsv'
[5.148s] INFO:colcon.colcon_core.shell:Creating package script '/home/xyq/Desktop/ros_ws/install/corner_detection/share/corner_detection/package.sh'
[5.148s] INFO:colcon.colcon_core.shell:Creating package script '/home/xyq/Desktop/ros_ws/install/corner_detection/share/corner_detection/package.bash'
[5.148s] INFO:colcon.colcon_core.shell:Creating package script '/home/xyq/Desktop/ros_ws/install/corner_detection/share/corner_detection/package.zsh'
[5.149s] Level 1:colcon.colcon_core.environment:create_file_with_runtime_dependencies(/home/xyq/Desktop/ros_ws/install/corner_detection/share/colcon-core/packages/corner_detection)
[5.149s] Level 1:colcon.colcon_core.environment:create_environment_scripts_only(corner_detection)
[5.149s] Level 1:colcon.colcon_core.environment:checking '/home/xyq/Desktop/ros_ws/install/corner_detection' for CMake module files
[5.150s] Level 1:colcon.colcon_core.environment:checking '/home/xyq/Desktop/ros_ws/install/corner_detection' for CMake config files
[5.151s] Level 1:colcon.colcon_core.shell:create_environment_hook('corner_detection', 'cmake_prefix_path')
[5.153s] INFO:colcon.colcon_core.shell:Creating environment hook '/home/xyq/Desktop/ros_ws/install/corner_detection/share/corner_detection/hook/cmake_prefix_path.ps1'
[5.155s] INFO:colcon.colcon_core.shell:Creating environment descriptor '/home/xyq/Desktop/ros_ws/install/corner_detection/share/corner_detection/hook/cmake_prefix_path.dsv'
[5.157s] INFO:colcon.colcon_core.shell:Creating environment hook '/home/xyq/Desktop/ros_ws/install/corner_detection/share/corner_detection/hook/cmake_prefix_path.sh'
[5.158s] Level 1:colcon.colcon_core.environment:checking '/home/xyq/Desktop/ros_ws/install/corner_detection/lib'
[5.159s] Level 1:colcon.colcon_core.environment:checking '/home/xyq/Desktop/ros_ws/install/corner_detection/bin'
[5.159s] Level 1:colcon.colcon_core.environment:checking '/home/xyq/Desktop/ros_ws/install/corner_detection/lib/pkgconfig/corner_detection.pc'
[5.159s] Level 1:colcon.colcon_core.environment:checking '/home/xyq/Desktop/ros_ws/install/corner_detection/lib/python3.10/site-packages'
[5.160s] Level 1:colcon.colcon_core.environment:checking '/home/xyq/Desktop/ros_ws/install/corner_detection/bin'
[5.161s] INFO:colcon.colcon_core.shell:Creating package script '/home/xyq/Desktop/ros_ws/install/corner_detection/share/corner_detection/package.ps1'
[5.162s] INFO:colcon.colcon_core.shell:Creating package descriptor '/home/xyq/Desktop/ros_ws/install/corner_detection/share/corner_detection/package.dsv'
[5.163s] INFO:colcon.colcon_core.shell:Creating package script '/home/xyq/Desktop/ros_ws/install/corner_detection/share/corner_detection/package.sh'
[5.163s] INFO:colcon.colcon_core.shell:Creating package script '/home/xyq/Desktop/ros_ws/install/corner_detection/share/corner_detection/package.bash'
[5.164s] INFO:colcon.colcon_core.shell:Creating package script '/home/xyq/Desktop/ros_ws/install/corner_detection/share/corner_detection/package.zsh'
[5.164s] Level 1:colcon.colcon_core.environment:create_file_with_runtime_dependencies(/home/xyq/Desktop/ros_ws/install/corner_detection/share/colcon-core/packages/corner_detection)
[5.164s] DEBUG:colcon.colcon_parallel_executor.executor.parallel:closing loop
[5.165s] DEBUG:colcon.colcon_parallel_executor.executor.parallel:loop closed
[5.165s] DEBUG:colcon.colcon_parallel_executor.executor.parallel:run_until_complete finished with '0'
[5.166s] DEBUG:colcon.colcon_core.event_reactor:joining thread
[5.173s] INFO:colcon.colcon_core.plugin_system:Skipping extension 'colcon_notification.desktop_notification.terminal_notifier': Not used on non-Darwin systems
[5.173s] INFO:colcon.colcon_core.plugin_system:Skipping extension 'colcon_notification.desktop_notification.win32': Not used on non-Windows systems
[5.173s] INFO:colcon.colcon_notification.desktop_notification:Sending desktop notification using 'notify2'
[5.200s] DEBUG:colcon.colcon_core.event_reactor:joined thread
[5.201s] INFO:colcon.colcon_core.shell:Creating prefix script '/home/xyq/Desktop/ros_ws/install/local_setup.ps1'
[5.203s] INFO:colcon.colcon_core.shell:Creating prefix util module '/home/xyq/Desktop/ros_ws/install/_local_setup_util_ps1.py'
[5.205s] INFO:colcon.colcon_core.shell:Creating prefix chain script '/home/xyq/Desktop/ros_ws/install/setup.ps1'
[5.207s] INFO:colcon.colcon_core.shell:Creating prefix script '/home/xyq/Desktop/ros_ws/install/local_setup.sh'
[5.207s] INFO:colcon.colcon_core.shell:Creating prefix util module '/home/xyq/Desktop/ros_ws/install/_local_setup_util_sh.py'
[5.208s] INFO:colcon.colcon_core.shell:Creating prefix chain script '/home/xyq/Desktop/ros_ws/install/setup.sh'
[5.210s] INFO:colcon.colcon_core.shell:Creating prefix script '/home/xyq/Desktop/ros_ws/install/local_setup.bash'
[5.210s] INFO:colcon.colcon_core.shell:Creating prefix chain script '/home/xyq/Desktop/ros_ws/install/setup.bash'
[5.212s] INFO:colcon.colcon_core.shell:Creating prefix script '/home/xyq/Desktop/ros_ws/install/local_setup.zsh'
[5.213s] INFO:colcon.colcon_core.shell:Creating prefix chain script '/home/xyq/Desktop/ros_ws/install/setup.zsh'
