[0.015s] Invoking command in '/home/xyq/Desktop/ros_ws/build/image_display': CMAKE_PREFIX_PATH=/opt/ros/humble /usr/bin/cmake --build /home/xyq/Desktop/ros_ws/build/image_display -- -j20 -l20
[0.033s] -- Found ament_cmake: 1.3.11 (/opt/ros/humble/share/ament_cmake/cmake)
[0.143s] -- Found ament_lint_auto: 0.12.11 (/opt/ros/humble/share/ament_lint_auto/cmake)
[0.191s] -- Added test 'cppcheck' to perform static code analysis on C / C++ code
[0.191s] -- Configured cppcheck include dirs: 
[0.191s] -- Configured cppcheck exclude dirs and/or files: 
[0.191s] -- Added test 'lint_cmake' to check CMake code style
[0.192s] -- Added test 'uncrustify' to check C / C++ code style
[0.192s] -- Configured uncrustify additional arguments: 
[0.192s] -- Added test 'xmllint' to check XML markup files
[0.193s] -- Configuring done
[0.196s] -- Generating done
[0.197s] -- Build files have been written to: /home/xyq/Desktop/ros_ws/build/image_display
[0.212s] Invoked command in '/home/xyq/Desktop/ros_ws/build/image_display' returned '0': CMAKE_PREFIX_PATH=/opt/ros/humble /usr/bin/cmake --build /home/xyq/Desktop/ros_ws/build/image_display -- -j20 -l20
[0.213s] Invoking command in '/home/xyq/Desktop/ros_ws/build/image_display': CMAKE_PREFIX_PATH=/opt/ros/humble /usr/bin/cmake --install /home/xyq/Desktop/ros_ws/build/image_display
[0.220s] -- Install configuration: ""
[0.220s] -- Up-to-date: /home/xyq/Desktop/ros_ws/install/image_display/share/ament_index/resource_index/package_run_dependencies/image_display
[0.220s] -- Installing: /home/xyq/Desktop/ros_ws/install/image_display/share/ament_index/resource_index/parent_prefix_path/image_display
[0.220s] -- Up-to-date: /home/xyq/Desktop/ros_ws/install/image_display/share/image_display/environment/ament_prefix_path.sh
[0.220s] -- Installing: /home/xyq/Desktop/ros_ws/install/image_display/share/image_display/environment/ament_prefix_path.dsv
[0.220s] -- Up-to-date: /home/xyq/Desktop/ros_ws/install/image_display/share/image_display/environment/path.sh
[0.220s] -- Installing: /home/xyq/Desktop/ros_ws/install/image_display/share/image_display/environment/path.dsv
[0.220s] -- Up-to-date: /home/xyq/Desktop/ros_ws/install/image_display/share/image_display/local_setup.bash
[0.220s] -- Up-to-date: /home/xyq/Desktop/ros_ws/install/image_display/share/image_display/local_setup.sh
[0.220s] -- Up-to-date: /home/xyq/Desktop/ros_ws/install/image_display/share/image_display/local_setup.zsh
[0.220s] -- Installing: /home/xyq/Desktop/ros_ws/install/image_display/share/image_display/local_setup.dsv
[0.220s] -- Installing: /home/xyq/Desktop/ros_ws/install/image_display/share/image_display/package.dsv
[0.221s] -- Up-to-date: /home/xyq/Desktop/ros_ws/install/image_display/share/ament_index/resource_index/packages/image_display
[0.221s] -- Up-to-date: /home/xyq/Desktop/ros_ws/install/image_display/share/image_display/cmake/image_displayConfig.cmake
[0.221s] -- Up-to-date: /home/xyq/Desktop/ros_ws/install/image_display/share/image_display/cmake/image_displayConfig-version.cmake
[0.221s] -- Up-to-date: /home/xyq/Desktop/ros_ws/install/image_display/share/image_display/package.xml
[0.222s] Invoked command in '/home/xyq/Desktop/ros_ws/build/image_display' returned '0': CMAKE_PREFIX_PATH=/opt/ros/humble /usr/bin/cmake --install /home/xyq/Desktop/ros_ws/build/image_display
