[0.008s] Invoking command in '/home/xyq/Desktop/ros_ws/build/pose_resolve': CMAKE_PREFIX_PATH=/home/xyq/Desktop/ros_ws/install/camera_interface:/home/xyq/Desktop/ros_ws/install/pose_resolve:/home/xyq/Desktop/ros_ws/install/mindvision_camera:/home/xyq/Desktop/ros_ws/install/image_display:/home/xyq/Desktop/ros_ws/install/corner_detection:/home/xyq/Desktop/ros_ws/install/camera_display:/opt/ros/humble LD_LIBRARY_PATH=/home/xyq/Desktop/ros_ws/install/camera_interface/lib:/home/xyq/Desktop/ros_ws/install/mindvision_camera/lib:/opt/ros/humble/opt/rviz_ogre_vendor/lib:/opt/ros/humble/lib/x86_64-linux-gnu:/opt/ros/humble/lib /usr/bin/cmake /home/xyq/Desktop/ros_ws/src/pose_resolve -DCMAKE_INSTALL_PREFIX=/home/xyq/Desktop/ros_ws/install/pose_resolve
[0.058s] -- The C compiler identification is GNU 11.4.0
[0.104s] -- The CXX compiler identification is GNU 11.4.0
[0.109s] -- Detecting C compiler ABI info
[0.172s] -- Detecting C compiler ABI info - done
[0.179s] -- Check for working C compiler: /usr/bin/cc - skipped
[0.179s] -- Detecting C compile features
[0.179s] -- Detecting C compile features - done
[0.181s] -- Detecting CXX compiler ABI info
[0.245s] -- Detecting CXX compiler ABI info - done
[0.250s] -- Check for working CXX compiler: /usr/bin/c++ - skipped
[0.250s] -- Detecting CXX compile features
[0.250s] -- Detecting CXX compile features - done
[0.252s] -- Found ament_cmake: 1.3.11 (/opt/ros/humble/share/ament_cmake/cmake)
[0.367s] -- Found Python3: /usr/bin/python3 (found version "3.10.12") found components: Interpreter 
[0.434s] -- Found rclcpp: 16.0.11 (/opt/ros/humble/share/rclcpp/cmake)
[0.457s] -- Found rosidl_generator_c: 3.1.6 (/opt/ros/humble/share/rosidl_generator_c/cmake)
[0.459s] -- Found rosidl_adapter: 3.1.6 (/opt/ros/humble/share/rosidl_adapter/cmake)
[0.464s] -- Found rosidl_generator_cpp: 3.1.6 (/opt/ros/humble/share/rosidl_generator_cpp/cmake)
[0.472s] -- Using all available rosidl_typesupport_c: rosidl_typesupport_fastrtps_c;rosidl_typesupport_introspection_c
[0.486s] -- Using all available rosidl_typesupport_cpp: rosidl_typesupport_fastrtps_cpp;rosidl_typesupport_introspection_cpp
[0.513s] -- Found rmw_implementation_cmake: 6.1.2 (/opt/ros/humble/share/rmw_implementation_cmake/cmake)
[0.516s] -- Found rmw_fastrtps_cpp: 6.2.7 (/opt/ros/humble/share/rmw_fastrtps_cpp/cmake)
[0.581s] -- Found OpenSSL: /usr/lib/x86_64-linux-gnu/libcrypto.so (found version "3.0.2")  
[0.602s] -- Found FastRTPS: /opt/ros/humble/include  
[0.638s] -- Using RMW implementation 'rmw_fastrtps_cpp' as default
[0.645s] -- Looking for pthread.h
[0.705s] -- Looking for pthread.h - found
[0.705s] -- Performing Test CMAKE_HAVE_LIBC_PTHREAD
[0.765s] -- Performing Test CMAKE_HAVE_LIBC_PTHREAD - Success
[0.765s] -- Found Threads: TRUE  
[0.801s] -- Found OpenCV: /usr (found suitable version "4.5.4", minimum required is "4") 
[0.803s] -- Found image_transport: 3.1.10 (/opt/ros/humble/share/image_transport/cmake)
[0.859s] -- Found cv_bridge: 3.2.1 (/opt/ros/humble/share/cv_bridge/cmake)
[0.861s] -- Found camera_interface: 0.0.0 (/home/xyq/Desktop/ros_ws/install/camera_interface/share/camera_interface/cmake)
[0.867s] -- Found ament_lint_auto: 0.12.11 (/opt/ros/humble/share/ament_lint_auto/cmake)
[0.944s] -- Added test 'cppcheck' to perform static code analysis on C / C++ code
[0.945s] -- Configured cppcheck include dirs: 
[0.945s] -- Configured cppcheck exclude dirs and/or files: 
[0.945s] -- Added test 'lint_cmake' to check CMake code style
[0.946s] -- Added test 'uncrustify' to check C / C++ code style
[0.946s] -- Configured uncrustify additional arguments: 
[0.946s] -- Added test 'xmllint' to check XML markup files
[0.947s] -- Configuring done
[0.955s] -- Generating done
[0.960s] -- Build files have been written to: /home/xyq/Desktop/ros_ws/build/pose_resolve
[0.971s] Invoked command in '/home/xyq/Desktop/ros_ws/build/pose_resolve' returned '0': CMAKE_PREFIX_PATH=/home/xyq/Desktop/ros_ws/install/camera_interface:/home/xyq/Desktop/ros_ws/install/pose_resolve:/home/xyq/Desktop/ros_ws/install/mindvision_camera:/home/xyq/Desktop/ros_ws/install/image_display:/home/xyq/Desktop/ros_ws/install/corner_detection:/home/xyq/Desktop/ros_ws/install/camera_display:/opt/ros/humble LD_LIBRARY_PATH=/home/xyq/Desktop/ros_ws/install/camera_interface/lib:/home/xyq/Desktop/ros_ws/install/mindvision_camera/lib:/opt/ros/humble/opt/rviz_ogre_vendor/lib:/opt/ros/humble/lib/x86_64-linux-gnu:/opt/ros/humble/lib /usr/bin/cmake /home/xyq/Desktop/ros_ws/src/pose_resolve -DCMAKE_INSTALL_PREFIX=/home/xyq/Desktop/ros_ws/install/pose_resolve
[0.973s] Invoking command in '/home/xyq/Desktop/ros_ws/build/pose_resolve': CMAKE_PREFIX_PATH=/home/xyq/Desktop/ros_ws/install/camera_interface:/home/xyq/Desktop/ros_ws/install/pose_resolve:/home/xyq/Desktop/ros_ws/install/mindvision_camera:/home/xyq/Desktop/ros_ws/install/image_display:/home/xyq/Desktop/ros_ws/install/corner_detection:/home/xyq/Desktop/ros_ws/install/camera_display:/opt/ros/humble LD_LIBRARY_PATH=/home/xyq/Desktop/ros_ws/install/camera_interface/lib:/home/xyq/Desktop/ros_ws/install/mindvision_camera/lib:/opt/ros/humble/opt/rviz_ogre_vendor/lib:/opt/ros/humble/lib/x86_64-linux-gnu:/opt/ros/humble/lib /usr/bin/cmake --build /home/xyq/Desktop/ros_ws/build/pose_resolve -- -j20 -l20
[1.023s] [ 50%] [32mBuilding CXX object CMakeFiles/pose_resolve_node.dir/src/pose_resolve_node.cpp.o[0m
[2.897s] [01m[K/home/xyq/Desktop/ros_ws/src/pose_resolve/src/pose_resolve_node.cpp:[m[K In function ‘[01m[Kvoid PoseResolveCallback(const ConstSharedPtr&)[m[K’:
[2.897s] [01m[K/home/xyq/Desktop/ros_ws/src/pose_resolve/src/pose_resolve_node.cpp:14:73:[m[K [01;35m[Kwarning: [m[Kunused parameter ‘[01m[Kmsg[m[K’ [[01;35m[K]8;;https://gcc.gnu.org/onlinedocs/gcc/Warning-Options.html#index-Wunused-parameter-Wunused-parameter]8;;[m[K]
[2.897s]    14 | void PoseResolveCallback([01;35m[Kconst sensor_msgs::msg::Image::ConstSharedPtr &msg[m[K){
[2.897s]       |                          [01;35m[K~~~~~~~~~~~~~~~~~~~~~~~~~~~~~~~~~~~~~~~~~~~~~~~^~~[m[K
[3.442s] [100%] [32m[1mLinking CXX executable pose_resolve_node[0m
[3.533s] [100%] Built target pose_resolve_node
[3.542s] Invoked command in '/home/xyq/Desktop/ros_ws/build/pose_resolve' returned '0': CMAKE_PREFIX_PATH=/home/xyq/Desktop/ros_ws/install/camera_interface:/home/xyq/Desktop/ros_ws/install/pose_resolve:/home/xyq/Desktop/ros_ws/install/mindvision_camera:/home/xyq/Desktop/ros_ws/install/image_display:/home/xyq/Desktop/ros_ws/install/corner_detection:/home/xyq/Desktop/ros_ws/install/camera_display:/opt/ros/humble LD_LIBRARY_PATH=/home/xyq/Desktop/ros_ws/install/camera_interface/lib:/home/xyq/Desktop/ros_ws/install/mindvision_camera/lib:/opt/ros/humble/opt/rviz_ogre_vendor/lib:/opt/ros/humble/lib/x86_64-linux-gnu:/opt/ros/humble/lib /usr/bin/cmake --build /home/xyq/Desktop/ros_ws/build/pose_resolve -- -j20 -l20
[3.544s] Invoking command in '/home/xyq/Desktop/ros_ws/build/pose_resolve': CMAKE_PREFIX_PATH=/home/xyq/Desktop/ros_ws/install/camera_interface:/home/xyq/Desktop/ros_ws/install/pose_resolve:/home/xyq/Desktop/ros_ws/install/mindvision_camera:/home/xyq/Desktop/ros_ws/install/image_display:/home/xyq/Desktop/ros_ws/install/corner_detection:/home/xyq/Desktop/ros_ws/install/camera_display:/opt/ros/humble LD_LIBRARY_PATH=/home/xyq/Desktop/ros_ws/install/camera_interface/lib:/home/xyq/Desktop/ros_ws/install/mindvision_camera/lib:/opt/ros/humble/opt/rviz_ogre_vendor/lib:/opt/ros/humble/lib/x86_64-linux-gnu:/opt/ros/humble/lib /usr/bin/cmake --install /home/xyq/Desktop/ros_ws/build/pose_resolve
[3.548s] -- Install configuration: ""
[3.548s] -- Installing: /home/xyq/Desktop/ros_ws/install/pose_resolve/lib/pose_resolve/pose_resolve_node
[3.548s] -- Set runtime path of "/home/xyq/Desktop/ros_ws/install/pose_resolve/lib/pose_resolve/pose_resolve_node" to ""
[3.548s] -- Installing: /home/xyq/Desktop/ros_ws/install/pose_resolve/share/ament_index/resource_index/package_run_dependencies/pose_resolve
[3.548s] -- Installing: /home/xyq/Desktop/ros_ws/install/pose_resolve/share/ament_index/resource_index/parent_prefix_path/pose_resolve
[3.548s] -- Installing: /home/xyq/Desktop/ros_ws/install/pose_resolve/share/pose_resolve/environment/ament_prefix_path.sh
[3.548s] -- Installing: /home/xyq/Desktop/ros_ws/install/pose_resolve/share/pose_resolve/environment/ament_prefix_path.dsv
[3.548s] -- Installing: /home/xyq/Desktop/ros_ws/install/pose_resolve/share/pose_resolve/environment/path.sh
[3.548s] -- Installing: /home/xyq/Desktop/ros_ws/install/pose_resolve/share/pose_resolve/environment/path.dsv
[3.548s] -- Installing: /home/xyq/Desktop/ros_ws/install/pose_resolve/share/pose_resolve/local_setup.bash
[3.548s] -- Installing: /home/xyq/Desktop/ros_ws/install/pose_resolve/share/pose_resolve/local_setup.sh
[3.549s] -- Installing: /home/xyq/Desktop/ros_ws/install/pose_resolve/share/pose_resolve/local_setup.zsh
[3.549s] -- Installing: /home/xyq/Desktop/ros_ws/install/pose_resolve/share/pose_resolve/local_setup.dsv
[3.549s] -- Installing: /home/xyq/Desktop/ros_ws/install/pose_resolve/share/pose_resolve/package.dsv
[3.549s] -- Installing: /home/xyq/Desktop/ros_ws/install/pose_resolve/share/ament_index/resource_index/packages/pose_resolve
[3.549s] -- Installing: /home/xyq/Desktop/ros_ws/install/pose_resolve/share/pose_resolve/cmake/pose_resolveConfig.cmake
[3.549s] -- Installing: /home/xyq/Desktop/ros_ws/install/pose_resolve/share/pose_resolve/cmake/pose_resolveConfig-version.cmake
[3.549s] -- Installing: /home/xyq/Desktop/ros_ws/install/pose_resolve/share/pose_resolve/package.xml
[3.551s] Invoked command in '/home/xyq/Desktop/ros_ws/build/pose_resolve' returned '0': CMAKE_PREFIX_PATH=/home/xyq/Desktop/ros_ws/install/camera_interface:/home/xyq/Desktop/ros_ws/install/pose_resolve:/home/xyq/Desktop/ros_ws/install/mindvision_camera:/home/xyq/Desktop/ros_ws/install/image_display:/home/xyq/Desktop/ros_ws/install/corner_detection:/home/xyq/Desktop/ros_ws/install/camera_display:/opt/ros/humble LD_LIBRARY_PATH=/home/xyq/Desktop/ros_ws/install/camera_interface/lib:/home/xyq/Desktop/ros_ws/install/mindvision_camera/lib:/opt/ros/humble/opt/rviz_ogre_vendor/lib:/opt/ros/humble/lib/x86_64-linux-gnu:/opt/ros/humble/lib /usr/bin/cmake --install /home/xyq/Desktop/ros_ws/build/pose_resolve
