[0.016s] Invoking command in '/home/xyq/Desktop/ros_ws/build/corner_detection': CMAKE_PREFIX_PATH=/opt/ros/humble /usr/bin/cmake --build /home/xyq/Desktop/ros_ws/build/corner_detection -- -j20 -l20
[0.040s] -- Found ament_cmake: 1.3.11 (/opt/ros/humble/share/ament_cmake/cmake)
[0.157s] -- Found rclcpp: 16.0.11 (/opt/ros/humble/share/rclcpp/cmake)
[0.175s] -- Found rosidl_generator_c: 3.1.6 (/opt/ros/humble/share/rosidl_generator_c/cmake)
[0.176s] -- Found rosidl_adapter: 3.1.6 (/opt/ros/humble/share/rosidl_adapter/cmake)
[0.180s] -- Found rosidl_generator_cpp: 3.1.6 (/opt/ros/humble/share/rosidl_generator_cpp/cmake)
[0.185s] -- Using all available rosidl_typesupport_c: rosidl_typesupport_fastrtps_c;rosidl_typesupport_introspection_c
[0.192s] -- Using all available rosidl_typesupport_cpp: rosidl_typesupport_fastrtps_cpp;rosidl_typesupport_introspection_cpp
[0.209s] -- Found rmw_implementation_cmake: 6.1.2 (/opt/ros/humble/share/rmw_implementation_cmake/cmake)
[0.210s] -- Found rmw_fastrtps_cpp: 6.2.7 (/opt/ros/humble/share/rmw_fastrtps_cpp/cmake)
[0.276s] -- Using RMW implementation 'rmw_fastrtps_cpp' as default
[0.311s] -- Found image_transport: 3.1.10 (/opt/ros/humble/share/image_transport/cmake)
[0.342s] -- Found cv_bridge: 3.2.1 (/opt/ros/humble/share/cv_bridge/cmake)
[0.348s] [31mCMake Error at CMakeLists.txt:22 (find_package):
[0.348s]   By not providing "Findcamera_interface.cmake" in CMAKE_MODULE_PATH this
[0.349s]   project has asked CMake to find a package configuration file provided by
[0.349s]   "camera_interface", but CMake did not find one.
[0.349s] 
[0.349s]   Could not find a package configuration file provided by "camera_interface"
[0.349s]   with any of the following names:
[0.349s] 
[0.349s]     camera_interfaceConfig.cmake
[0.349s]     camera_interface-config.cmake
[0.349s] 
[0.349s]   Add the installation prefix of "camera_interface" to CMAKE_PREFIX_PATH or
[0.349s]   set "camera_interface_DIR" to a directory containing one of the above
[0.349s]   files.  If "camera_interface" provides a separate development package or
[0.349s]   SDK, be sure it has been installed.
[0.349s] 
[0.349s] [0m
[0.349s] -- Configuring incomplete, errors occurred!
[0.349s] See also "/home/xyq/Desktop/ros_ws/build/corner_detection/CMakeFiles/CMakeOutput.log".
[0.355s] gmake: *** [Makefile:267：cmake_check_build_system] 错误 1
[0.357s] Invoked command in '/home/xyq/Desktop/ros_ws/build/corner_detection' returned '2': CMAKE_PREFIX_PATH=/opt/ros/humble /usr/bin/cmake --build /home/xyq/Desktop/ros_ws/build/corner_detection -- -j20 -l20
