[ 50%] [32mBuilding CXX object CMakeFiles/pose_resolve_node.dir/src/pose_resolve_node.cpp.o[0m
[01m[K/home/xyq/Desktop/ros_ws/src/pose_resolve/src/pose_resolve_node.cpp:[m[K In function ‘[01m[Kvoid solve_pnp(std::vector<double, std::allocator<double> >, std::vector<double, std::allocator<double> >)[m[K’:
[01m[K/home/xyq/Desktop/ros_ws/src/pose_resolve/src/pose_resolve_node.cpp:114:18:[m[K [01;35m[Kwarning: [m[Kcomparison of integer expressions of different signedness: ‘[01m[Kint[m[K’ and ‘[01m[Kstd::vector<cv::Point_<float> >::size_type[m[K’ {aka ‘[01m[Klong unsigned int[m[K’} [[01;35m[K]8;;https://gcc.gnu.org/onlinedocs/gcc/Warning-Options.html#index-Wsign-compare-Wsign-compare]8;;[m[K]
  114 |     for(int i=0;[01;35m[Ki<corner_2d.size()[m[K;i++){
      |                 [01;35m[K~^~~~~~~~~~~~~~~~~[m[K
[01m[K/home/xyq/Desktop/ros_ws/src/pose_resolve/src/pose_resolve_node.cpp:119:18:[m[K [01;35m[Kwarning: [m[Kcomparison of integer expressions of different signedness: ‘[01m[Kint[m[K’ and ‘[01m[Kstd::vector<cv::Point3_<float> >::size_type[m[K’ {aka ‘[01m[Klong unsigned int[m[K’} [[01;35m[K]8;;https://gcc.gnu.org/onlinedocs/gcc/Warning-Options.html#index-Wsign-compare-Wsign-compare]8;;[m[K]
  119 |     for(int i=0;[01;35m[Ki<corner_3d.size()[m[K;i++){
      |                 [01;35m[K~^~~~~~~~~~~~~~~~~[m[K
In file included from [01m[K/usr/include/c++/11/future:48[m[K,
                 from [01m[K/opt/ros/humble/include/rclcpp/rclcpp/executors.hpp:18[m[K,
                 from [01m[K/opt/ros/humble/include/rclcpp/rclcpp/rclcpp.hpp:155[m[K,
                 from [01m[K/home/xyq/Desktop/ros_ws/src/pose_resolve/src/pose_resolve_node.cpp:1[m[K:
/usr/include/c++/11/bits/std_thread.h: In instantiation of ‘[01m[Kstd::thread::thread(_Callable&&, _Args&& ...) [with _Callable = bool (&)(const cv::_InputArray&, const cv::_InputArray&, const cv::_InputArray&, const cv::_InputArray&, const cv::_OutputArray&, const cv::_OutputArray&, bool, int); _Args = {std::vector<cv::Point3_<float>, std::allocator<cv::Point3_<float> > >&, std::vector<cv::Point_<float>, std::allocator<cv::Point_<float> > >&, cv::Mat&, cv::Mat&, cv::Mat&, cv::Mat&, cv::SolvePnPMethod}; <template-parameter-1-3> = void][m[K’:
[01m[K/home/xyq/Desktop/ros_ws/src/pose_resolve/src/pose_resolve_node.cpp:126:90:[m[K   required from here
[01m[K/usr/include/c++/11/bits/std_thread.h:130:72:[m[K [01;31m[Kerror: [m[Kstatic assertion failed: std::thread arguments must be invocable after conversion to rvalues
  130 |                                       typename decay<_Args>::type...>::[01;31m[Kvalue[m[K,
      |                                                                        [01;31m[K^~~~~[m[K
[01m[K/usr/include/c++/11/bits/std_thread.h:130:72:[m[K [01;36m[Knote: [m[K‘[01m[Kstd::integral_constant<bool, false>::value[m[K’ evaluates to false
/usr/include/c++/11/bits/std_thread.h: In instantiation of ‘[01m[Kstruct std::thread::_Invoker<std::tuple<bool (*)(const cv::_InputArray&, const cv::_InputArray&, const cv::_InputArray&, const cv::_InputArray&, const cv::_OutputArray&, const cv::_OutputArray&, bool, int), std::vector<cv::Point3_<float>, std::allocator<cv::Point3_<float> > >, std::vector<cv::Point_<float>, std::allocator<cv::Point_<float> > >, cv::Mat, cv::Mat, cv::Mat, cv::Mat, cv::SolvePnPMethod> >[m[K’:
[01m[K/usr/include/c++/11/bits/std_thread.h:203:13:[m[K   required from ‘[01m[Kstruct std::thread::_State_impl<std::thread::_Invoker<std::tuple<bool (*)(const cv::_InputArray&, const cv::_InputArray&, const cv::_InputArray&, const cv::_InputArray&, const cv::_OutputArray&, const cv::_OutputArray&, bool, int), std::vector<cv::Point3_<float>, std::allocator<cv::Point3_<float> > >, std::vector<cv::Point_<float>, std::allocator<cv::Point_<float> > >, cv::Mat, cv::Mat, cv::Mat, cv::Mat, cv::SolvePnPMethod> > >[m[K’
[01m[K/usr/include/c++/11/bits/std_thread.h:143:29:[m[K   required from ‘[01m[Kstd::thread::thread(_Callable&&, _Args&& ...) [with _Callable = bool (&)(const cv::_InputArray&, const cv::_InputArray&, const cv::_InputArray&, const cv::_InputArray&, const cv::_OutputArray&, const cv::_OutputArray&, bool, int); _Args = {std::vector<cv::Point3_<float>, std::allocator<cv::Point3_<float> > >&, std::vector<cv::Point_<float>, std::allocator<cv::Point_<float> > >&, cv::Mat&, cv::Mat&, cv::Mat&, cv::Mat&, cv::SolvePnPMethod}; <template-parameter-1-3> = void][m[K’
[01m[K/home/xyq/Desktop/ros_ws/src/pose_resolve/src/pose_resolve_node.cpp:126:90:[m[K   required from here
[01m[K/usr/include/c++/11/bits/std_thread.h:258:11:[m[K [01;31m[Kerror: [m[Kno type named ‘[01m[Ktype[m[K’ in ‘[01m[Kstruct std::thread::_Invoker<std::tuple<bool (*)(const cv::_InputArray&, const cv::_InputArray&, const cv::_InputArray&, const cv::_InputArray&, const cv::_OutputArray&, const cv::_OutputArray&, bool, int), std::vector<cv::Point3_<float>, std::allocator<cv::Point3_<float> > >, std::vector<cv::Point_<float>, std::allocator<cv::Point_<float> > >, cv::Mat, cv::Mat, cv::Mat, cv::Mat, cv::SolvePnPMethod> >::__result<std::tuple<bool (*)(const cv::_InputArray&, const cv::_InputArray&, const cv::_InputArray&, const cv::_InputArray&, const cv::_OutputArray&, const cv::_OutputArray&, bool, int), std::vector<cv::Point3_<float>, std::allocator<cv::Point3_<float> > >, std::vector<cv::Point_<float>, std::allocator<cv::Point_<float> > >, cv::Mat, cv::Mat, cv::Mat, cv::Mat, cv::SolvePnPMethod> >[m[K’
  258 |           [01;31m[K_M_invoke[m[K(_Index_tuple<_Ind...>)
      |           [01;31m[K^~~~~~~~~[m[K
[01m[K/usr/include/c++/11/bits/std_thread.h:262:9:[m[K [01;31m[Kerror: [m[Kno type named ‘[01m[Ktype[m[K’ in ‘[01m[Kstruct std::thread::_Invoker<std::tuple<bool (*)(const cv::_InputArray&, const cv::_InputArray&, const cv::_InputArray&, const cv::_InputArray&, const cv::_OutputArray&, const cv::_OutputArray&, bool, int), std::vector<cv::Point3_<float>, std::allocator<cv::Point3_<float> > >, std::vector<cv::Point_<float>, std::allocator<cv::Point_<float> > >, cv::Mat, cv::Mat, cv::Mat, cv::Mat, cv::SolvePnPMethod> >::__result<std::tuple<bool (*)(const cv::_InputArray&, const cv::_InputArray&, const cv::_InputArray&, const cv::_InputArray&, const cv::_OutputArray&, const cv::_OutputArray&, bool, int), std::vector<cv::Point3_<float>, std::allocator<cv::Point3_<float> > >, std::vector<cv::Point_<float>, std::allocator<cv::Point_<float> > >, cv::Mat, cv::Mat, cv::Mat, cv::Mat, cv::SolvePnPMethod> >[m[K’
  262 |         [01;31m[Koperator[m[K()()
      |         [01;31m[K^~~~~~~~[m[K
gmake[2]: *** [CMakeFiles/pose_resolve_node.dir/build.make:76：CMakeFiles/pose_resolve_node.dir/src/pose_resolve_node.cpp.o] 错误 1
gmake[1]: *** [CMakeFiles/Makefile2:137：CMakeFiles/pose_resolve_node.dir/all] 错误 2
gmake: *** [Makefile:146：all] 错误 2
