[0.007s] Invoking command in '/home/xyq/Desktop/ros_ws/build/serial_port': CMAKE_PREFIX_PATH=/opt/ros/humble /usr/bin/cmake /home/xyq/Desktop/ros_ws/src/serial_port -DCMAKE_INSTALL_PREFIX=/home/xyq/Desktop/ros_ws/install/serial_port
[0.051s] -- The C compiler identification is GNU 11.4.0
[0.095s] -- The CXX compiler identification is GNU 11.4.0
[0.101s] -- Detecting C compiler ABI info
[0.156s] -- Detecting C compiler ABI info - done
[0.161s] -- Check for working C compiler: /usr/bin/cc - skipped
[0.162s] -- Detecting C compile features
[0.162s] -- Detecting C compile features - done
[0.164s] -- Detecting CXX compiler ABI info
[0.231s] -- Detecting CXX compiler ABI info - done
[0.236s] -- Check for working CXX compiler: /usr/bin/c++ - skipped
[0.236s] -- Detecting CXX compile features
[0.236s] -- Detecting CXX compile features - done
[0.238s] -- Found ament_cmake: 1.3.11 (/opt/ros/humble/share/ament_cmake/cmake)
[0.346s] -- Found Python3: /usr/bin/python3 (found version "3.10.12") found components: Interpreter 
[0.405s] -- Found serial: 1.2.1 (/usr/local/share/serial/cmake)
[0.410s] [31mCMake Error at /opt/ros/humble/share/ament_cmake_target_dependencies/cmake/ament_target_dependencies.cmake:42 (message):
[0.410s]   ament_target_dependencies() the first argument must be a valid target name
[0.410s] Call Stack (most recent call first):
[0.410s]   CMakeLists.txt:13 (ament_target_dependencies)
[0.410s] 
[0.410s] [0m
[0.410s] -- Configuring incomplete, errors occurred!
[0.410s] See also "/home/xyq/Desktop/ros_ws/build/serial_port/CMakeFiles/CMakeOutput.log".
[0.415s] Invoked command in '/home/xyq/Desktop/ros_ws/build/serial_port' returned '1': CMAKE_PREFIX_PATH=/opt/ros/humble /usr/bin/cmake /home/xyq/Desktop/ros_ws/src/serial_port -DCMAKE_INSTALL_PREFIX=/home/xyq/Desktop/ros_ws/install/serial_port
