[ 50%] [32mBuilding CXX object CMakeFiles/pose_resolve_node.dir/src/pose_resolve_node.cpp.o[0m
[01m[K/home/xyq/Desktop/ros_ws/src/pose_resolve/src/pose_resolve_node.cpp:[m[K In function ‘[01m[Kvoid PoseResolveCallback(const ConstSharedPtr&)[m[K’:
[01m[K/home/xyq/Desktop/ros_ws/src/pose_resolve/src/pose_resolve_node.cpp:14:79:[m[K [01;35m[Kwarning: [m[Kunused parameter ‘[01m[Kcorner[m[K’ [[01;35m[K]8;;https://gcc.gnu.org/onlinedocs/gcc/Warning-Options.html#index-Wunused-parameter-Wunused-parameter]8;;[m[K]
   14 | void PoseResolveCallback([01;35m[Kconst camera_interface::msg::Corner::ConstSharedPtr &corner[m[K){
      |                          [01;35m[K~~~~~~~~~~~~~~~~~~~~~~~~~~~~~~~~~~~~~~~~~~~~~~~~~~~~~^~~~~~[m[K
[01m[K/home/xyq/Desktop/ros_ws/src/pose_resolve/src/pose_resolve_node.cpp:[m[K In function ‘[01m[Kint main(int, char**)[m[K’:
[01m[K/home/xyq/Desktop/ros_ws/src/pose_resolve/src/pose_resolve_node.cpp:25:51:[m[K [01;31m[Kerror: [m[Kno matching function for call to ‘[01m[Kimage_transport::ImageTransport::subscribe(const char [11], int, void (&)(const ConstSharedPtr&))[m[K’
   25 |     image_transport::Subscriber sub = [01;31m[Kit.subscribe("corners_2d", 4, PoseResolveCallback)[m[K;
      |                                       [01;31m[K~~~~~~~~~~~~^~~~~~~~~~~~~~~~~~~~~~~~~~~~~~~~~~~~~~[m[K
In file included from [01m[K/home/xyq/Desktop/ros_ws/src/pose_resolve/src/pose_resolve_node.cpp:2[m[K:
[01m[K/opt/ros/humble/include/image_transport/image_transport/image_transport.hpp:188:14:[m[K [01;36m[Knote: [m[Kcandidate: ‘[01m[Ktemplate<class T> image_transport::Subscriber image_transport::ImageTransport::subscribe(const string&, uint32_t, void (T::*)(const ImageConstPtr&), T*, const image_transport::TransportHints*)[m[K’
  188 |   Subscriber [01;36m[Ksubscribe[m[K(
      |              [01;36m[K^~~~~~~~~[m[K
[01m[K/opt/ros/humble/include/image_transport/image_transport/image_transport.hpp:188:14:[m[K [01;36m[Knote: [m[K  template argument deduction/substitution failed:
[01m[K/home/xyq/Desktop/ros_ws/src/pose_resolve/src/pose_resolve_node.cpp:25:51:[m[K [01;36m[Knote: [m[K  mismatched types ‘[01m[Kvoid (T::*)(const ImageConstPtr&)[m[K’ and ‘[01m[Kvoid (*)(const ConstSharedPtr&)[m[K’ {aka ‘[01m[Kvoid (*)(const std::shared_ptr<const camera_interface::msg::Corner_<std::allocator<void> > >&)[m[K’}
   25 |     image_transport::Subscriber sub = [01;36m[Kit.subscribe("corners_2d", 4, PoseResolveCallback)[m[K;
      |                                       [01;36m[K~~~~~~~~~~~~^~~~~~~~~~~~~~~~~~~~~~~~~~~~~~~~~~~~~~[m[K
In file included from [01m[K/home/xyq/Desktop/ros_ws/src/pose_resolve/src/pose_resolve_node.cpp:2[m[K:
[01m[K/opt/ros/humble/include/image_transport/image_transport/image_transport.hpp:202:14:[m[K [01;36m[Knote: [m[Kcandidate: ‘[01m[Ktemplate<class T> image_transport::Subscriber image_transport::ImageTransport::subscribe(const string&, uint32_t, void (T::*)(const ImageConstPtr&), T*, const image_transport::TransportHints*, rclcpp::SubscriptionOptions)[m[K’
  202 |   Subscriber [01;36m[Ksubscribe[m[K(
      |              [01;36m[K^~~~~~~~~[m[K
[01m[K/opt/ros/humble/include/image_transport/image_transport/image_transport.hpp:202:14:[m[K [01;36m[Knote: [m[K  template argument deduction/substitution failed:
[01m[K/home/xyq/Desktop/ros_ws/src/pose_resolve/src/pose_resolve_node.cpp:25:51:[m[K [01;36m[Knote: [m[K  mismatched types ‘[01m[Kvoid (T::*)(const ImageConstPtr&)[m[K’ and ‘[01m[Kvoid (*)(const ConstSharedPtr&)[m[K’ {aka ‘[01m[Kvoid (*)(const std::shared_ptr<const camera_interface::msg::Corner_<std::allocator<void> > >&)[m[K’}
   25 |     image_transport::Subscriber sub = [01;36m[Kit.subscribe("corners_2d", 4, PoseResolveCallback)[m[K;
      |                                       [01;36m[K~~~~~~~~~~~~^~~~~~~~~~~~~~~~~~~~~~~~~~~~~~~~~~~~~~[m[K
In file included from [01m[K/home/xyq/Desktop/ros_ws/src/pose_resolve/src/pose_resolve_node.cpp:2[m[K:
[01m[K/opt/ros/humble/include/image_transport/image_transport/image_transport.hpp:217:14:[m[K [01;36m[Knote: [m[Kcandidate: ‘[01m[Ktemplate<class T> image_transport::Subscriber image_transport::ImageTransport::subscribe(const string&, uint32_t, void (T::*)(const ImageConstPtr&), const std::shared_ptr<_Tp>&, const image_transport::TransportHints*)[m[K’
  217 |   Subscriber [01;36m[Ksubscribe[m[K(
      |              [01;36m[K^~~~~~~~~[m[K
[01m[K/opt/ros/humble/include/image_transport/image_transport/image_transport.hpp:217:14:[m[K [01;36m[Knote: [m[K  template argument deduction/substitution failed:
[01m[K/home/xyq/Desktop/ros_ws/src/pose_resolve/src/pose_resolve_node.cpp:25:51:[m[K [01;36m[Knote: [m[K  mismatched types ‘[01m[Kvoid (T::*)(const ImageConstPtr&)[m[K’ and ‘[01m[Kvoid (*)(const ConstSharedPtr&)[m[K’ {aka ‘[01m[Kvoid (*)(const std::shared_ptr<const camera_interface::msg::Corner_<std::allocator<void> > >&)[m[K’}
   25 |     image_transport::Subscriber sub = [01;36m[Kit.subscribe("corners_2d", 4, PoseResolveCallback)[m[K;
      |                                       [01;36m[K~~~~~~~~~~~~^~~~~~~~~~~~~~~~~~~~~~~~~~~~~~~~~~~~~~[m[K
In file included from [01m[K/home/xyq/Desktop/ros_ws/src/pose_resolve/src/pose_resolve_node.cpp:2[m[K:
[01m[K/opt/ros/humble/include/image_transport/image_transport/image_transport.hpp:232:14:[m[K [01;36m[Knote: [m[Kcandidate: ‘[01m[Ktemplate<class T> image_transport::Subscriber image_transport::ImageTransport::subscribe(const string&, uint32_t, void (T::*)(const ImageConstPtr&), const std::shared_ptr<_Tp>&, const image_transport::TransportHints*, rclcpp::SubscriptionOptions)[m[K’
  232 |   Subscriber [01;36m[Ksubscribe[m[K(
      |              [01;36m[K^~~~~~~~~[m[K
[01m[K/opt/ros/humble/include/image_transport/image_transport/image_transport.hpp:232:14:[m[K [01;36m[Knote: [m[K  template argument deduction/substitution failed:
[01m[K/home/xyq/Desktop/ros_ws/src/pose_resolve/src/pose_resolve_node.cpp:25:51:[m[K [01;36m[Knote: [m[K  mismatched types ‘[01m[Kvoid (T::*)(const ImageConstPtr&)[m[K’ and ‘[01m[Kvoid (*)(const ConstSharedPtr&)[m[K’ {aka ‘[01m[Kvoid (*)(const std::shared_ptr<const camera_interface::msg::Corner_<std::allocator<void> > >&)[m[K’}
   25 |     image_transport::Subscriber sub = [01;36m[Kit.subscribe("corners_2d", 4, PoseResolveCallback)[m[K;
      |                                       [01;36m[K~~~~~~~~~~~~^~~~~~~~~~~~~~~~~~~~~~~~~~~~~~~~~~~~~~[m[K
In file included from [01m[K/home/xyq/Desktop/ros_ws/src/pose_resolve/src/pose_resolve_node.cpp:2[m[K:
[01m[K/opt/ros/humble/include/image_transport/image_transport/image_transport.hpp:136:14:[m[K [01;36m[Knote: [m[Kcandidate: ‘[01m[Kimage_transport::Subscriber image_transport::ImageTransport::subscribe(const string&, uint32_t, const Callback&, const VoidPtr&, const image_transport::TransportHints*)[m[K’
  136 |   Subscriber [01;36m[Ksubscribe[m[K(
      |              [01;36m[K^~~~~~~~~[m[K
[01m[K/opt/ros/humble/include/image_transport/image_transport/image_transport.hpp:138:34:[m[K [01;36m[Knote: [m[K  no known conversion for argument 3 from ‘[01m[Kvoid(const ConstSharedPtr&)[m[K’ {aka ‘[01m[Kvoid(const std::shared_ptr<const camera_interface::msg::Corner_<std::allocator<void> > >&)[m[K’} to ‘[01m[Kconst Callback&[m[K’ {aka ‘[01m[Kconst std::function<void(const std::shared_ptr<const sensor_msgs::msg::Image_<std::allocator<void> > >&)>&[m[K’}
  138 |     [01;36m[Kconst Subscriber::Callback & callback[m[K,
      |     [01;36m[K~~~~~~~~~~~~~~~~~~~~~~~~~~~~~^~~~~~~~[m[K
[01m[K/opt/ros/humble/include/image_transport/image_transport/image_transport.hpp:146:14:[m[K [01;36m[Knote: [m[Kcandidate: ‘[01m[Kimage_transport::Subscriber image_transport::ImageTransport::subscribe(const string&, uint32_t, const Callback&, const VoidPtr&, const image_transport::TransportHints*, rclcpp::SubscriptionOptions)[m[K’
  146 |   Subscriber [01;36m[Ksubscribe[m[K(
      |              [01;36m[K^~~~~~~~~[m[K
[01m[K/opt/ros/humble/include/image_transport/image_transport/image_transport.hpp:146:14:[m[K [01;36m[Knote: [m[K  candidate expects 6 arguments, 3 provided
[01m[K/opt/ros/humble/include/image_transport/image_transport/image_transport.hpp:157:14:[m[K [01;36m[Knote: [m[Kcandidate: ‘[01m[Kimage_transport::Subscriber image_transport::ImageTransport::subscribe(const string&, uint32_t, void (*)(const ImageConstPtr&), const image_transport::TransportHints*)[m[K’ (near match)
  157 |   Subscriber [01;36m[Ksubscribe[m[K(
      |              [01;36m[K^~~~~~~~~[m[K
[01m[K/opt/ros/humble/include/image_transport/image_transport/image_transport.hpp:157:14:[m[K [01;36m[Knote: [m[K  conversion of argument 3 would be ill-formed:
[01m[K/home/xyq/Desktop/ros_ws/src/pose_resolve/src/pose_resolve_node.cpp:25:69:[m[K [01;31m[Kerror: [m[Kinvalid conversion from ‘[01m[Kvoid (*)(const ConstSharedPtr&)[m[K’ {aka ‘[01m[Kvoid (*)(const std::shared_ptr<const camera_interface::msg::Corner_<std::allocator<void> > >&)[m[K’} to ‘[01m[Kvoid (*)(const ImageConstPtr&)[m[K’ {aka ‘[01m[Kvoid (*)(const std::shared_ptr<const sensor_msgs::msg::Image_<std::allocator<void> > >&)[m[K’} [[01;31m[K]8;;https://gcc.gnu.org/onlinedocs/gcc/Warning-Options.html#index-fpermissive-fpermissive]8;;[m[K]
   25 |     image_transport::Subscriber sub = it.subscribe("corners_2d", 4, [01;31m[KPoseResolveCallback[m[K);
      |                                                                     [01;31m[K^~~~~~~~~~~~~~~~~~~[m[K
      |                                                                     [01;31m[K|[m[K
      |                                                                     [01;31m[Kvoid (*)(const ConstSharedPtr&) {aka void (*)(const std::shared_ptr<const camera_interface::msg::Corner_<std::allocator<void> > >&)}[m[K
In file included from [01m[K/home/xyq/Desktop/ros_ws/src/pose_resolve/src/pose_resolve_node.cpp:2[m[K:
[01m[K/opt/ros/humble/include/image_transport/image_transport/image_transport.hpp:172:14:[m[K [01;36m[Knote: [m[Kcandidate: ‘[01m[Kimage_transport::Subscriber image_transport::ImageTransport::subscribe(const string&, uint32_t, void (*)(const ImageConstPtr&), const image_transport::TransportHints*, rclcpp::SubscriptionOptions)[m[K’
  172 |   Subscriber [01;36m[Ksubscribe[m[K(
      |              [01;36m[K^~~~~~~~~[m[K
[01m[K/opt/ros/humble/include/image_transport/image_transport/image_transport.hpp:172:14:[m[K [01;36m[Knote: [m[K  candidate expects 5 arguments, 3 provided
gmake[2]: *** [CMakeFiles/pose_resolve_node.dir/build.make:76：CMakeFiles/pose_resolve_node.dir/src/pose_resolve_node.cpp.o] 错误 1
gmake[1]: *** [CMakeFiles/Makefile2:137：CMakeFiles/pose_resolve_node.dir/all] 错误 2
gmake: *** [Makefile:146：all] 错误 2
