[0.014s] Invoking command in '/home/xyq/Desktop/ros_ws/build/camera_interface': CMAKE_PREFIX_PATH=${CMAKE_PREFIX_PATH}:/opt/ros/humble /usr/bin/cmake --build /home/xyq/Desktop/ros_ws/build/camera_interface -- -j20 -l20
[0.055s] [  9%] Built target camera_interface__rosidl_generator_c
[0.056s] [ 12%] Built target camera_interface__cpp
[0.063s] [ 12%] Built target ament_cmake_python_copy_camera_interface
[0.069s] [ 22%] Built target camera_interface__rosidl_typesupport_c
[0.072s] [ 32%] Built target camera_interface__rosidl_typesupport_fastrtps_c
[0.072s] [ 41%] Built target camera_interface__rosidl_typesupport_introspection_c
[0.073s] [ 51%] Built target camera_interface__rosidl_typesupport_fastrtps_cpp
[0.076s] [ 61%] Built target camera_interface__rosidl_typesupport_cpp
[0.076s] [ 70%] Built target camera_interface__rosidl_typesupport_introspection_cpp
[0.092s] [ 70%] Built target camera_interface
[0.113s] [ 74%] Built target camera_interface__py
[0.135s] [ 80%] Built target camera_interface__rosidl_generator_py
[0.153s] [ 87%] Built target camera_interface__rosidl_typesupport_fastrtps_c__pyext
[0.154s] [ 93%] Built target camera_interface__rosidl_typesupport_introspection_c__pyext
[0.154s] [100%] Built target camera_interface__rosidl_typesupport_c__pyext
[0.198s] running egg_info
[0.199s] writing camera_interface.egg-info/PKG-INFO
[0.199s] writing dependency_links to camera_interface.egg-info/dependency_links.txt
[0.199s] writing top-level names to camera_interface.egg-info/top_level.txt
[0.200s] reading manifest file 'camera_interface.egg-info/SOURCES.txt'
[0.201s] writing manifest file 'camera_interface.egg-info/SOURCES.txt'
[0.219s] [100%] Built target ament_cmake_python_build_camera_interface_egg
