[0.007s] Invoking command in '/home/xyq/Desktop/ros_ws/build/camera_interface': CMAKE_PREFIX_PATH=${CMAKE_PREFIX_PATH}:/opt/ros/humble /usr/bin/cmake --build /home/xyq/Desktop/ros_ws/build/camera_interface -- -j20 -l20
[0.025s] -- Found camera_interface: 0.0.0 (/home/xyq/Desktop/ros_ws/install/camera_interface/share/camera_interface/cmake)
[0.105s] -- Found rosidl_generator_c: 3.1.6 (/opt/ros/humble/share/rosidl_generator_c/cmake)
[0.106s] -- Found rosidl_adapter: 3.1.6 (/opt/ros/humble/share/rosidl_adapter/cmake)
[0.109s] -- Found rosidl_generator_cpp: 3.1.6 (/opt/ros/humble/share/rosidl_generator_cpp/cmake)
[0.114s] -- Using all available rosidl_typesupport_c: rosidl_typesupport_fastrtps_c;rosidl_typesupport_introspection_c
[0.121s] -- Using all available rosidl_typesupport_cpp: rosidl_typesupport_fastrtps_cpp;rosidl_typesupport_introspection_cpp
[0.132s] -- Found rclcpp: 16.0.11 (/opt/ros/humble/share/rclcpp/cmake)
[0.144s] -- Found rmw_implementation_cmake: 6.1.2 (/opt/ros/humble/share/rmw_implementation_cmake/cmake)
[0.145s] -- Found rmw_fastrtps_cpp: 6.2.7 (/opt/ros/humble/share/rmw_fastrtps_cpp/cmake)
[0.212s] -- Using RMW implementation 'rmw_fastrtps_cpp' as default
[0.237s] -- Found geometry_msgs: 4.2.4 (/opt/ros/humble/share/geometry_msgs/cmake)
[0.243s] -- Found rosidl_default_generators: 1.2.0 (/opt/ros/humble/share/rosidl_default_generators/cmake)
[0.389s] -- Found ament_cmake_ros: 0.10.0 (/opt/ros/humble/share/ament_cmake_ros/cmake)
[0.591s] -- Using all available rosidl_typesupport_c: rosidl_typesupport_fastrtps_c;rosidl_typesupport_introspection_c
[0.663s] -- Using all available rosidl_typesupport_cpp: rosidl_typesupport_fastrtps_cpp;rosidl_typesupport_introspection_cpp
[0.677s] -- Found python_cmake_module: 0.10.0 (/opt/ros/humble/share/python_cmake_module/cmake)
[0.691s] -- Using PYTHON_EXECUTABLE: /usr/bin/python3
[0.691s] -- Using PYTHON_INCLUDE_DIRS: /usr/include/python3.10
[0.691s] -- Using PYTHON_LIBRARIES: /usr/lib/x86_64-linux-gnu/libpython3.10.so
[0.699s] -- Found ament_lint_auto: 0.12.11 (/opt/ros/humble/share/ament_lint_auto/cmake)
[0.703s] -- Added test 'lint_cmake' to check CMake code style
[0.703s] -- Added test 'xmllint' to check XML markup files
[0.704s] -- Configuring done
[0.719s] -- Generating done
[0.726s] -- Build files have been written to: /home/xyq/Desktop/ros_ws/build/camera_interface
[0.747s] [  2%] [34m[1mGenerating C code for ROS interfaces[0m
[0.755s] [  5%] [34m[1mGenerating C++ code for ROS interfaces[0m
[0.762s] [  5%] Built target ament_cmake_python_copy_camera_interface
[0.896s] running egg_info
[0.897s] writing camera_interface.egg-info/PKG-INFO
[0.897s] writing dependency_links to camera_interface.egg-info/dependency_links.txt
[0.897s] writing top-level names to camera_interface.egg-info/top_level.txt
[0.897s] [35m[1mConsolidate compiler generated dependencies of target camera_interface__rosidl_generator_c[0m
[0.898s] reading manifest file 'camera_interface.egg-info/SOURCES.txt'
[0.899s] writing manifest file 'camera_interface.egg-info/SOURCES.txt'
[0.908s] [ 10%] [32mBuilding C object CMakeFiles/camera_interface__rosidl_generator_c.dir/rosidl_generator_c/camera_interface/msg/detail/corner__functions.c.o[0m
[0.908s] [ 10%] [32mBuilding C object CMakeFiles/camera_interface__rosidl_generator_c.dir/rosidl_generator_c/camera_interface/msg/detail/port__functions.c.o[0m
[0.911s] [ 10%] Built target camera_interface__cpp
[0.921s] [ 12%] [34m[1mGenerating C++ type support dispatch for ROS interfaces[0m
[0.923s] [ 15%] [34m[1mGenerating C++ type support for eProsima Fast-RTPS[0m
[0.923s] [ 15%] Built target ament_cmake_python_build_camera_interface_egg
[0.923s] [ 17%] [34m[1mGenerating C++ introspection for ROS interfaces[0m
[0.939s] [ 20%] [32m[1mLinking C shared library libcamera_interface__rosidl_generator_c.so[0m
[0.966s] [ 20%] Built target camera_interface__rosidl_generator_c
[0.977s] [ 23%] [34m[1mGenerating C type support for eProsima Fast-RTPS[0m
[0.977s] [ 28%] [34m[1mGenerating C type support dispatch for ROS interfaces[0m
[0.977s] [ 28%] [34m[1mGenerating C introspection for ROS interfaces[0m
[1.051s] [35m[1mConsolidate compiler generated dependencies of target camera_interface__rosidl_typesupport_cpp[0m
[1.060s] [35m[1mConsolidate compiler generated dependencies of target camera_interface__rosidl_typesupport_introspection_cpp[0m
[1.064s] [ 33%] [32mBuilding CXX object CMakeFiles/camera_interface__rosidl_typesupport_cpp.dir/rosidl_typesupport_cpp/camera_interface/msg/port__type_support.cpp.o[0m
[1.064s] [ 33%] [32mBuilding CXX object CMakeFiles/camera_interface__rosidl_typesupport_cpp.dir/rosidl_typesupport_cpp/camera_interface/msg/corner__type_support.cpp.o[0m
[1.066s] [35m[1mConsolidate compiler generated dependencies of target camera_interface__rosidl_typesupport_fastrtps_cpp[0m
[1.071s] [ 35%] [32mBuilding CXX object CMakeFiles/camera_interface__rosidl_typesupport_introspection_cpp.dir/rosidl_typesupport_introspection_cpp/camera_interface/msg/detail/corner__type_support.cpp.o[0m
[1.073s] [ 38%] [32mBuilding CXX object CMakeFiles/camera_interface__rosidl_typesupport_introspection_cpp.dir/rosidl_typesupport_introspection_cpp/camera_interface/msg/detail/port__type_support.cpp.o[0m
[1.076s] [ 41%] [32mBuilding CXX object CMakeFiles/camera_interface__rosidl_typesupport_fastrtps_cpp.dir/rosidl_typesupport_fastrtps_cpp/camera_interface/msg/detail/dds_fastrtps/port__type_support.cpp.o[0m
[1.079s] [ 43%] [32mBuilding CXX object CMakeFiles/camera_interface__rosidl_typesupport_fastrtps_cpp.dir/rosidl_typesupport_fastrtps_cpp/camera_interface/msg/detail/dds_fastrtps/corner__type_support.cpp.o[0m
[1.115s] [35m[1mConsolidate compiler generated dependencies of target camera_interface__rosidl_typesupport_c[0m
[1.125s] [ 48%] [32mBuilding CXX object CMakeFiles/camera_interface__rosidl_typesupport_c.dir/rosidl_typesupport_c/camera_interface/msg/port__type_support.cpp.o[0m
[1.125s] [ 48%] [32mBuilding CXX object CMakeFiles/camera_interface__rosidl_typesupport_c.dir/rosidl_typesupport_c/camera_interface/msg/corner__type_support.cpp.o[0m
[1.129s] [35m[1mConsolidate compiler generated dependencies of target camera_interface__rosidl_typesupport_fastrtps_c[0m
[1.140s] [ 51%] [32mBuilding CXX object CMakeFiles/camera_interface__rosidl_typesupport_fastrtps_c.dir/rosidl_typesupport_fastrtps_c/camera_interface/msg/detail/port__type_support_c.cpp.o[0m
[1.140s] [ 53%] [32mBuilding CXX object CMakeFiles/camera_interface__rosidl_typesupport_fastrtps_c.dir/rosidl_typesupport_fastrtps_c/camera_interface/msg/detail/corner__type_support_c.cpp.o[0m
[1.148s] [ 56%] [32m[1mLinking CXX shared library libcamera_interface__rosidl_typesupport_c.so[0m
[1.148s] [35m[1mConsolidate compiler generated dependencies of target camera_interface__rosidl_typesupport_introspection_c[0m
[1.160s] [ 58%] [32mBuilding C object CMakeFiles/camera_interface__rosidl_typesupport_introspection_c.dir/rosidl_typesupport_introspection_c/camera_interface/msg/detail/corner__type_support.c.o[0m
[1.161s] [ 61%] [32mBuilding C object CMakeFiles/camera_interface__rosidl_typesupport_introspection_c.dir/rosidl_typesupport_introspection_c/camera_interface/msg/detail/port__type_support.c.o[0m
[1.180s] [ 61%] Built target camera_interface__rosidl_typesupport_c
[1.188s] [ 64%] [32m[1mLinking C shared library libcamera_interface__rosidl_typesupport_introspection_c.so[0m
[1.216s] [ 64%] Built target camera_interface__rosidl_typesupport_introspection_c
[1.275s] [ 66%] [32m[1mLinking CXX shared library libcamera_interface__rosidl_typesupport_cpp.so[0m
[1.306s] [ 69%] [32m[1mLinking CXX shared library libcamera_interface__rosidl_typesupport_fastrtps_cpp.so[0m
[1.308s] [ 69%] Built target camera_interface__rosidl_typesupport_cpp
[1.330s] [ 71%] [32m[1mLinking CXX shared library libcamera_interface__rosidl_typesupport_fastrtps_c.so[0m
[1.357s] [ 71%] Built target camera_interface__rosidl_typesupport_fastrtps_cpp
[1.380s] [ 74%] [32m[1mLinking CXX shared library libcamera_interface__rosidl_typesupport_introspection_cpp.so[0m
[1.380s] [ 74%] Built target camera_interface__rosidl_typesupport_fastrtps_c
[1.425s] [ 74%] Built target camera_interface__rosidl_typesupport_introspection_cpp
[1.442s] [ 74%] Built target camera_interface
[1.458s] [ 76%] [34m[1mGenerating Python code for ROS interfaces[0m
[1.643s] [ 76%] Built target camera_interface__py
[1.653s] [35m[1mConsolidate compiler generated dependencies of target camera_interface__rosidl_generator_py[0m
[1.664s] [ 79%] [32mBuilding C object CMakeFiles/camera_interface__rosidl_generator_py.dir/rosidl_generator_py/camera_interface/msg/_port_s.c.o[0m
[1.664s] [ 82%] [32mBuilding C object CMakeFiles/camera_interface__rosidl_generator_py.dir/rosidl_generator_py/camera_interface/msg/_corner_s.c.o[0m
[1.723s] [ 84%] [32m[1mLinking C shared library rosidl_generator_py/camera_interface/libcamera_interface__rosidl_generator_py.so[0m
[1.749s] [ 84%] Built target camera_interface__rosidl_generator_py
[1.759s] [35m[1mConsolidate compiler generated dependencies of target camera_interface__rosidl_typesupport_fastrtps_c__pyext[0m
[1.759s] [35m[1mConsolidate compiler generated dependencies of target camera_interface__rosidl_typesupport_introspection_c__pyext[0m
[1.760s] [35m[1mConsolidate compiler generated dependencies of target camera_interface__rosidl_typesupport_c__pyext[0m
[1.770s] [ 89%] [32mBuilding C object CMakeFiles/camera_interface__rosidl_typesupport_fastrtps_c__pyext.dir/rosidl_generator_py/camera_interface/_camera_interface_s.ep.rosidl_typesupport_fastrtps_c.c.o[0m
[1.770s] [ 89%] [32mBuilding C object CMakeFiles/camera_interface__rosidl_typesupport_c__pyext.dir/rosidl_generator_py/camera_interface/_camera_interface_s.ep.rosidl_typesupport_c.c.o[0m
[1.770s] [ 92%] [32mBuilding C object CMakeFiles/camera_interface__rosidl_typesupport_introspection_c__pyext.dir/rosidl_generator_py/camera_interface/_camera_interface_s.ep.rosidl_typesupport_introspection_c.c.o[0m
[1.827s] [ 97%] [32m[1mLinking C shared library rosidl_generator_py/camera_interface/camera_interface_s__rosidl_typesupport_introspection_c.cpython-310-x86_64-linux-gnu.so[0m
[1.827s] [ 97%] [32m[1mLinking C shared library rosidl_generator_py/camera_interface/camera_interface_s__rosidl_typesupport_fastrtps_c.cpython-310-x86_64-linux-gnu.so[0m
[1.830s] [100%] [32m[1mLinking C shared library rosidl_generator_py/camera_interface/camera_interface_s__rosidl_typesupport_c.cpython-310-x86_64-linux-gnu.so[0m
[1.853s] [100%] Built target camera_interface__rosidl_typesupport_introspection_c__pyext
[1.855s] [100%] Built target camera_interface__rosidl_typesupport_c__pyext
[1.856s] [100%] Built target camera_interface__rosidl_typesupport_fastrtps_c__pyext
[1.863s] Invoked command in '/home/xyq/Desktop/ros_ws/build/camera_interface' returned '0': CMAKE_PREFIX_PATH=${CMAKE_PREFIX_PATH}:/opt/ros/humble /usr/bin/cmake --build /home/xyq/Desktop/ros_ws/build/camera_interface -- -j20 -l20
[1.872s] Invoking command in '/home/xyq/Desktop/ros_ws/build/camera_interface': CMAKE_PREFIX_PATH=${CMAKE_PREFIX_PATH}:/opt/ros/humble /usr/bin/cmake --install /home/xyq/Desktop/ros_ws/build/camera_interface
[1.877s] -- Install configuration: ""
[1.877s] -- Installing: /home/xyq/Desktop/ros_ws/install/camera_interface/share/ament_index/resource_index/rosidl_interfaces/camera_interface
[1.878s] -- Up-to-date: /home/xyq/Desktop/ros_ws/install/camera_interface/include/camera_interface/camera_interface
[1.878s] -- Up-to-date: /home/xyq/Desktop/ros_ws/install/camera_interface/include/camera_interface/camera_interface/msg
[1.878s] -- Installing: /home/xyq/Desktop/ros_ws/install/camera_interface/include/camera_interface/camera_interface/msg/port.h
[1.878s] -- Installing: /home/xyq/Desktop/ros_ws/install/camera_interface/include/camera_interface/camera_interface/msg/corner.h
[1.878s] -- Up-to-date: /home/xyq/Desktop/ros_ws/install/camera_interface/include/camera_interface/camera_interface/msg/detail
[1.878s] -- Installing: /home/xyq/Desktop/ros_ws/install/camera_interface/include/camera_interface/camera_interface/msg/detail/port__type_support.h
[1.878s] -- Installing: /home/xyq/Desktop/ros_ws/install/camera_interface/include/camera_interface/camera_interface/msg/detail/port__functions.h
[1.878s] -- Installing: /home/xyq/Desktop/ros_ws/install/camera_interface/include/camera_interface/camera_interface/msg/detail/corner__type_support.h
[1.878s] -- Installing: /home/xyq/Desktop/ros_ws/install/camera_interface/include/camera_interface/camera_interface/msg/detail/port__functions.c
[1.878s] -- Installing: /home/xyq/Desktop/ros_ws/install/camera_interface/include/camera_interface/camera_interface/msg/detail/corner__struct.h
[1.878s] -- Installing: /home/xyq/Desktop/ros_ws/install/camera_interface/include/camera_interface/camera_interface/msg/detail/corner__functions.h
[1.878s] -- Installing: /home/xyq/Desktop/ros_ws/install/camera_interface/include/camera_interface/camera_interface/msg/detail/corner__functions.c
[1.878s] -- Installing: /home/xyq/Desktop/ros_ws/install/camera_interface/include/camera_interface/camera_interface/msg/detail/port__struct.h
[1.878s] -- Up-to-date: /home/xyq/Desktop/ros_ws/install/camera_interface/include/camera_interface/camera_interface/msg/rosidl_generator_c__visibility_control.h
[1.878s] -- Up-to-date: /home/xyq/Desktop/ros_ws/install/camera_interface/share/camera_interface/environment/library_path.sh
[1.878s] -- Installing: /home/xyq/Desktop/ros_ws/install/camera_interface/share/camera_interface/environment/library_path.dsv
[1.878s] -- Installing: /home/xyq/Desktop/ros_ws/install/camera_interface/lib/libcamera_interface__rosidl_generator_c.so
[1.878s] -- Set runtime path of "/home/xyq/Desktop/ros_ws/install/camera_interface/lib/libcamera_interface__rosidl_generator_c.so" to ""
[1.878s] -- Up-to-date: /home/xyq/Desktop/ros_ws/install/camera_interface/include/camera_interface/camera_interface
[1.878s] -- Up-to-date: /home/xyq/Desktop/ros_ws/install/camera_interface/include/camera_interface/camera_interface/msg
[1.878s] -- Up-to-date: /home/xyq/Desktop/ros_ws/install/camera_interface/include/camera_interface/camera_interface/msg/detail
[1.879s] -- Installing: /home/xyq/Desktop/ros_ws/install/camera_interface/include/camera_interface/camera_interface/msg/detail/port__rosidl_typesupport_fastrtps_c.h
[1.879s] -- Installing: /home/xyq/Desktop/ros_ws/install/camera_interface/include/camera_interface/camera_interface/msg/detail/corner__rosidl_typesupport_fastrtps_c.h
[1.879s] -- Up-to-date: /home/xyq/Desktop/ros_ws/install/camera_interface/include/camera_interface/camera_interface/msg/rosidl_typesupport_fastrtps_c__visibility_control.h
[1.879s] -- Installing: /home/xyq/Desktop/ros_ws/install/camera_interface/lib/libcamera_interface__rosidl_typesupport_fastrtps_c.so
[1.879s] -- Set runtime path of "/home/xyq/Desktop/ros_ws/install/camera_interface/lib/libcamera_interface__rosidl_typesupport_fastrtps_c.so" to ""
[1.879s] -- Up-to-date: /home/xyq/Desktop/ros_ws/install/camera_interface/include/camera_interface/camera_interface
[1.879s] -- Up-to-date: /home/xyq/Desktop/ros_ws/install/camera_interface/include/camera_interface/camera_interface/msg
[1.879s] -- Installing: /home/xyq/Desktop/ros_ws/install/camera_interface/include/camera_interface/camera_interface/msg/corner.hpp
[1.879s] -- Installing: /home/xyq/Desktop/ros_ws/install/camera_interface/include/camera_interface/camera_interface/msg/port.hpp
[1.879s] -- Up-to-date: /home/xyq/Desktop/ros_ws/install/camera_interface/include/camera_interface/camera_interface/msg/detail
[1.879s] -- Installing: /home/xyq/Desktop/ros_ws/install/camera_interface/include/camera_interface/camera_interface/msg/detail/corner__type_support.hpp
[1.879s] -- Installing: /home/xyq/Desktop/ros_ws/install/camera_interface/include/camera_interface/camera_interface/msg/detail/port__builder.hpp
[1.879s] -- Installing: /home/xyq/Desktop/ros_ws/install/camera_interface/include/camera_interface/camera_interface/msg/detail/port__traits.hpp
[1.879s] -- Installing: /home/xyq/Desktop/ros_ws/install/camera_interface/include/camera_interface/camera_interface/msg/detail/port__type_support.hpp
[1.879s] -- Installing: /home/xyq/Desktop/ros_ws/install/camera_interface/include/camera_interface/camera_interface/msg/detail/corner__builder.hpp
[1.879s] -- Installing: /home/xyq/Desktop/ros_ws/install/camera_interface/include/camera_interface/camera_interface/msg/detail/port__struct.hpp
[1.879s] -- Installing: /home/xyq/Desktop/ros_ws/install/camera_interface/include/camera_interface/camera_interface/msg/detail/corner__struct.hpp
[1.879s] -- Installing: /home/xyq/Desktop/ros_ws/install/camera_interface/include/camera_interface/camera_interface/msg/detail/corner__traits.hpp
[1.879s] -- Up-to-date: /home/xyq/Desktop/ros_ws/install/camera_interface/include/camera_interface/camera_interface/msg/rosidl_generator_cpp__visibility_control.hpp
[1.879s] -- Up-to-date: /home/xyq/Desktop/ros_ws/install/camera_interface/include/camera_interface/camera_interface
[1.879s] -- Up-to-date: /home/xyq/Desktop/ros_ws/install/camera_interface/include/camera_interface/camera_interface/msg
[1.879s] -- Up-to-date: /home/xyq/Desktop/ros_ws/install/camera_interface/include/camera_interface/camera_interface/msg/rosidl_typesupport_fastrtps_cpp__visibility_control.h
[1.879s] -- Up-to-date: /home/xyq/Desktop/ros_ws/install/camera_interface/include/camera_interface/camera_interface/msg/detail
[1.879s] -- Installing: /home/xyq/Desktop/ros_ws/install/camera_interface/include/camera_interface/camera_interface/msg/detail/corner__rosidl_typesupport_fastrtps_cpp.hpp
[1.879s] -- Installing: /home/xyq/Desktop/ros_ws/install/camera_interface/include/camera_interface/camera_interface/msg/detail/port__rosidl_typesupport_fastrtps_cpp.hpp
[1.880s] -- Up-to-date: /home/xyq/Desktop/ros_ws/install/camera_interface/include/camera_interface/camera_interface/msg/detail/dds_fastrtps
[1.880s] -- Installing: /home/xyq/Desktop/ros_ws/install/camera_interface/lib/libcamera_interface__rosidl_typesupport_fastrtps_cpp.so
[1.880s] -- Set runtime path of "/home/xyq/Desktop/ros_ws/install/camera_interface/lib/libcamera_interface__rosidl_typesupport_fastrtps_cpp.so" to ""
[1.880s] -- Up-to-date: /home/xyq/Desktop/ros_ws/install/camera_interface/include/camera_interface/camera_interface
[1.880s] -- Up-to-date: /home/xyq/Desktop/ros_ws/install/camera_interface/include/camera_interface/camera_interface/msg
[1.880s] -- Up-to-date: /home/xyq/Desktop/ros_ws/install/camera_interface/include/camera_interface/camera_interface/msg/detail
[1.880s] -- Installing: /home/xyq/Desktop/ros_ws/install/camera_interface/include/camera_interface/camera_interface/msg/detail/corner__rosidl_typesupport_introspection_c.h
[1.880s] -- Installing: /home/xyq/Desktop/ros_ws/install/camera_interface/include/camera_interface/camera_interface/msg/detail/port__rosidl_typesupport_introspection_c.h
[1.880s] -- Installing: /home/xyq/Desktop/ros_ws/install/camera_interface/include/camera_interface/camera_interface/msg/detail/corner__type_support.c
[1.880s] -- Installing: /home/xyq/Desktop/ros_ws/install/camera_interface/include/camera_interface/camera_interface/msg/detail/port__type_support.c
[1.880s] -- Up-to-date: /home/xyq/Desktop/ros_ws/install/camera_interface/include/camera_interface/camera_interface/msg/rosidl_typesupport_introspection_c__visibility_control.h
[1.880s] -- Installing: /home/xyq/Desktop/ros_ws/install/camera_interface/lib/libcamera_interface__rosidl_typesupport_introspection_c.so
[1.880s] -- Set runtime path of "/home/xyq/Desktop/ros_ws/install/camera_interface/lib/libcamera_interface__rosidl_typesupport_introspection_c.so" to ""
[1.880s] -- Installing: /home/xyq/Desktop/ros_ws/install/camera_interface/lib/libcamera_interface__rosidl_typesupport_c.so
[1.880s] -- Set runtime path of "/home/xyq/Desktop/ros_ws/install/camera_interface/lib/libcamera_interface__rosidl_typesupport_c.so" to ""
[1.880s] -- Up-to-date: /home/xyq/Desktop/ros_ws/install/camera_interface/include/camera_interface/camera_interface
[1.880s] -- Up-to-date: /home/xyq/Desktop/ros_ws/install/camera_interface/include/camera_interface/camera_interface/msg
[1.880s] -- Up-to-date: /home/xyq/Desktop/ros_ws/install/camera_interface/include/camera_interface/camera_interface/msg/detail
[1.880s] -- Installing: /home/xyq/Desktop/ros_ws/install/camera_interface/include/camera_interface/camera_interface/msg/detail/corner__type_support.cpp
[1.880s] -- Installing: /home/xyq/Desktop/ros_ws/install/camera_interface/include/camera_interface/camera_interface/msg/detail/port__rosidl_typesupport_introspection_cpp.hpp
[1.880s] -- Installing: /home/xyq/Desktop/ros_ws/install/camera_interface/include/camera_interface/camera_interface/msg/detail/port__type_support.cpp
[1.881s] -- Installing: /home/xyq/Desktop/ros_ws/install/camera_interface/include/camera_interface/camera_interface/msg/detail/corner__rosidl_typesupport_introspection_cpp.hpp
[1.881s] -- Installing: /home/xyq/Desktop/ros_ws/install/camera_interface/lib/libcamera_interface__rosidl_typesupport_introspection_cpp.so
[1.881s] -- Set runtime path of "/home/xyq/Desktop/ros_ws/install/camera_interface/lib/libcamera_interface__rosidl_typesupport_introspection_cpp.so" to ""
[1.881s] -- Installing: /home/xyq/Desktop/ros_ws/install/camera_interface/lib/libcamera_interface__rosidl_typesupport_cpp.so
[1.881s] -- Set runtime path of "/home/xyq/Desktop/ros_ws/install/camera_interface/lib/libcamera_interface__rosidl_typesupport_cpp.so" to ""
[1.881s] -- Up-to-date: /home/xyq/Desktop/ros_ws/install/camera_interface/share/camera_interface/environment/pythonpath.sh
[1.881s] -- Installing: /home/xyq/Desktop/ros_ws/install/camera_interface/share/camera_interface/environment/pythonpath.dsv
[1.881s] -- Up-to-date: /home/xyq/Desktop/ros_ws/install/camera_interface/local/lib/python3.10/dist-packages/camera_interface-0.0.0-py3.10.egg-info
[1.881s] -- Installing: /home/xyq/Desktop/ros_ws/install/camera_interface/local/lib/python3.10/dist-packages/camera_interface-0.0.0-py3.10.egg-info/dependency_links.txt
[1.881s] -- Installing: /home/xyq/Desktop/ros_ws/install/camera_interface/local/lib/python3.10/dist-packages/camera_interface-0.0.0-py3.10.egg-info/PKG-INFO
[1.881s] -- Installing: /home/xyq/Desktop/ros_ws/install/camera_interface/local/lib/python3.10/dist-packages/camera_interface-0.0.0-py3.10.egg-info/top_level.txt
[1.881s] -- Installing: /home/xyq/Desktop/ros_ws/install/camera_interface/local/lib/python3.10/dist-packages/camera_interface-0.0.0-py3.10.egg-info/SOURCES.txt
[1.882s] -- Up-to-date: /home/xyq/Desktop/ros_ws/install/camera_interface/local/lib/python3.10/dist-packages/camera_interface
[1.882s] -- Up-to-date: /home/xyq/Desktop/ros_ws/install/camera_interface/local/lib/python3.10/dist-packages/camera_interface/msg
[1.882s] -- Installing: /home/xyq/Desktop/ros_ws/install/camera_interface/local/lib/python3.10/dist-packages/camera_interface/msg/_corner_s.c
[1.882s] -- Installing: /home/xyq/Desktop/ros_ws/install/camera_interface/local/lib/python3.10/dist-packages/camera_interface/msg/__init__.py
[1.882s] -- Installing: /home/xyq/Desktop/ros_ws/install/camera_interface/local/lib/python3.10/dist-packages/camera_interface/msg/_corner.py
[1.882s] -- Installing: /home/xyq/Desktop/ros_ws/install/camera_interface/local/lib/python3.10/dist-packages/camera_interface/msg/_port_s.c
[1.882s] -- Installing: /home/xyq/Desktop/ros_ws/install/camera_interface/local/lib/python3.10/dist-packages/camera_interface/msg/_port.py
[1.882s] -- Installing: /home/xyq/Desktop/ros_ws/install/camera_interface/local/lib/python3.10/dist-packages/camera_interface/_camera_interface_s.ep.rosidl_typesupport_introspection_c.c
[1.882s] -- Installing: /home/xyq/Desktop/ros_ws/install/camera_interface/local/lib/python3.10/dist-packages/camera_interface/__init__.py
[1.882s] -- Installing: /home/xyq/Desktop/ros_ws/install/camera_interface/local/lib/python3.10/dist-packages/camera_interface/camera_interface_s__rosidl_typesupport_introspection_c.cpython-310-x86_64-linux-gnu.so
[1.882s] -- Installing: /home/xyq/Desktop/ros_ws/install/camera_interface/local/lib/python3.10/dist-packages/camera_interface/camera_interface_s__rosidl_typesupport_fastrtps_c.cpython-310-x86_64-linux-gnu.so
[1.882s] -- Installing: /home/xyq/Desktop/ros_ws/install/camera_interface/local/lib/python3.10/dist-packages/camera_interface/_camera_interface_s.ep.rosidl_typesupport_c.c
[1.882s] -- Installing: /home/xyq/Desktop/ros_ws/install/camera_interface/local/lib/python3.10/dist-packages/camera_interface/libcamera_interface__rosidl_generator_py.so
[1.882s] -- Installing: /home/xyq/Desktop/ros_ws/install/camera_interface/local/lib/python3.10/dist-packages/camera_interface/_camera_interface_s.ep.rosidl_typesupport_fastrtps_c.c
[1.882s] -- Installing: /home/xyq/Desktop/ros_ws/install/camera_interface/local/lib/python3.10/dist-packages/camera_interface/camera_interface_s__rosidl_typesupport_c.cpython-310-x86_64-linux-gnu.so
[1.905s] Listing '/home/xyq/Desktop/ros_ws/install/camera_interface/local/lib/python3.10/dist-packages/camera_interface'...
[1.905s] Compiling '/home/xyq/Desktop/ros_ws/install/camera_interface/local/lib/python3.10/dist-packages/camera_interface/__init__.py'...
[1.905s] Listing '/home/xyq/Desktop/ros_ws/install/camera_interface/local/lib/python3.10/dist-packages/camera_interface/msg'...
[1.905s] Compiling '/home/xyq/Desktop/ros_ws/install/camera_interface/local/lib/python3.10/dist-packages/camera_interface/msg/__init__.py'...
[1.905s] Compiling '/home/xyq/Desktop/ros_ws/install/camera_interface/local/lib/python3.10/dist-packages/camera_interface/msg/_corner.py'...
[1.905s] Compiling '/home/xyq/Desktop/ros_ws/install/camera_interface/local/lib/python3.10/dist-packages/camera_interface/msg/_port.py'...
[1.908s] -- Installing: /home/xyq/Desktop/ros_ws/install/camera_interface/local/lib/python3.10/dist-packages/camera_interface/camera_interface_s__rosidl_typesupport_fastrtps_c.cpython-310-x86_64-linux-gnu.so
[1.908s] -- Set runtime path of "/home/xyq/Desktop/ros_ws/install/camera_interface/local/lib/python3.10/dist-packages/camera_interface/camera_interface_s__rosidl_typesupport_fastrtps_c.cpython-310-x86_64-linux-gnu.so" to ""
[1.908s] -- Installing: /home/xyq/Desktop/ros_ws/install/camera_interface/local/lib/python3.10/dist-packages/camera_interface/camera_interface_s__rosidl_typesupport_introspection_c.cpython-310-x86_64-linux-gnu.so
[1.908s] -- Set runtime path of "/home/xyq/Desktop/ros_ws/install/camera_interface/local/lib/python3.10/dist-packages/camera_interface/camera_interface_s__rosidl_typesupport_introspection_c.cpython-310-x86_64-linux-gnu.so" to ""
[1.908s] -- Installing: /home/xyq/Desktop/ros_ws/install/camera_interface/local/lib/python3.10/dist-packages/camera_interface/camera_interface_s__rosidl_typesupport_c.cpython-310-x86_64-linux-gnu.so
[1.908s] -- Set runtime path of "/home/xyq/Desktop/ros_ws/install/camera_interface/local/lib/python3.10/dist-packages/camera_interface/camera_interface_s__rosidl_typesupport_c.cpython-310-x86_64-linux-gnu.so" to ""
[1.908s] -- Installing: /home/xyq/Desktop/ros_ws/install/camera_interface/lib/libcamera_interface__rosidl_generator_py.so
[1.908s] -- Set runtime path of "/home/xyq/Desktop/ros_ws/install/camera_interface/lib/libcamera_interface__rosidl_generator_py.so" to ""
[1.908s] -- Up-to-date: /home/xyq/Desktop/ros_ws/install/camera_interface/share/camera_interface/msg/Corner.idl
[1.908s] -- Installing: /home/xyq/Desktop/ros_ws/install/camera_interface/share/camera_interface/msg/Port.idl
[1.908s] -- Up-to-date: /home/xyq/Desktop/ros_ws/install/camera_interface/share/camera_interface/msg/Corner.msg
[1.909s] -- Installing: /home/xyq/Desktop/ros_ws/install/camera_interface/share/camera_interface/msg/Port.msg
[1.909s] -- Up-to-date: /home/xyq/Desktop/ros_ws/install/camera_interface/share/ament_index/resource_index/package_run_dependencies/camera_interface
[1.909s] -- Installing: /home/xyq/Desktop/ros_ws/install/camera_interface/share/ament_index/resource_index/parent_prefix_path/camera_interface
[1.909s] -- Up-to-date: /home/xyq/Desktop/ros_ws/install/camera_interface/share/camera_interface/environment/ament_prefix_path.sh
[1.909s] -- Installing: /home/xyq/Desktop/ros_ws/install/camera_interface/share/camera_interface/environment/ament_prefix_path.dsv
[1.909s] -- Up-to-date: /home/xyq/Desktop/ros_ws/install/camera_interface/share/camera_interface/environment/path.sh
[1.909s] -- Installing: /home/xyq/Desktop/ros_ws/install/camera_interface/share/camera_interface/environment/path.dsv
[1.909s] -- Up-to-date: /home/xyq/Desktop/ros_ws/install/camera_interface/share/camera_interface/local_setup.bash
[1.909s] -- Up-to-date: /home/xyq/Desktop/ros_ws/install/camera_interface/share/camera_interface/local_setup.sh
[1.909s] -- Up-to-date: /home/xyq/Desktop/ros_ws/install/camera_interface/share/camera_interface/local_setup.zsh
[1.909s] -- Installing: /home/xyq/Desktop/ros_ws/install/camera_interface/share/camera_interface/local_setup.dsv
[1.909s] -- Installing: /home/xyq/Desktop/ros_ws/install/camera_interface/share/camera_interface/package.dsv
[1.910s] -- Up-to-date: /home/xyq/Desktop/ros_ws/install/camera_interface/share/ament_index/resource_index/packages/camera_interface
[1.910s] -- Up-to-date: /home/xyq/Desktop/ros_ws/install/camera_interface/share/camera_interface/cmake/export_camera_interface__rosidl_generator_cExport.cmake
[1.910s] -- Up-to-date: /home/xyq/Desktop/ros_ws/install/camera_interface/share/camera_interface/cmake/export_camera_interface__rosidl_generator_cExport-noconfig.cmake
[1.910s] -- Up-to-date: /home/xyq/Desktop/ros_ws/install/camera_interface/share/camera_interface/cmake/export_camera_interface__rosidl_typesupport_fastrtps_cExport.cmake
[1.910s] -- Up-to-date: /home/xyq/Desktop/ros_ws/install/camera_interface/share/camera_interface/cmake/export_camera_interface__rosidl_typesupport_fastrtps_cExport-noconfig.cmake
[1.910s] -- Up-to-date: /home/xyq/Desktop/ros_ws/install/camera_interface/share/camera_interface/cmake/export_camera_interface__rosidl_generator_cppExport.cmake
[1.910s] -- Up-to-date: /home/xyq/Desktop/ros_ws/install/camera_interface/share/camera_interface/cmake/export_camera_interface__rosidl_typesupport_fastrtps_cppExport.cmake
[1.910s] -- Up-to-date: /home/xyq/Desktop/ros_ws/install/camera_interface/share/camera_interface/cmake/export_camera_interface__rosidl_typesupport_fastrtps_cppExport-noconfig.cmake
[1.910s] -- Up-to-date: /home/xyq/Desktop/ros_ws/install/camera_interface/share/camera_interface/cmake/camera_interface__rosidl_typesupport_introspection_cExport.cmake
[1.910s] -- Up-to-date: /home/xyq/Desktop/ros_ws/install/camera_interface/share/camera_interface/cmake/camera_interface__rosidl_typesupport_introspection_cExport-noconfig.cmake
[1.910s] -- Up-to-date: /home/xyq/Desktop/ros_ws/install/camera_interface/share/camera_interface/cmake/camera_interface__rosidl_typesupport_cExport.cmake
[1.910s] -- Up-to-date: /home/xyq/Desktop/ros_ws/install/camera_interface/share/camera_interface/cmake/camera_interface__rosidl_typesupport_cExport-noconfig.cmake
[1.910s] -- Up-to-date: /home/xyq/Desktop/ros_ws/install/camera_interface/share/camera_interface/cmake/camera_interface__rosidl_typesupport_introspection_cppExport.cmake
[1.911s] -- Up-to-date: /home/xyq/Desktop/ros_ws/install/camera_interface/share/camera_interface/cmake/camera_interface__rosidl_typesupport_introspection_cppExport-noconfig.cmake
[1.911s] -- Up-to-date: /home/xyq/Desktop/ros_ws/install/camera_interface/share/camera_interface/cmake/camera_interface__rosidl_typesupport_cppExport.cmake
[1.911s] -- Up-to-date: /home/xyq/Desktop/ros_ws/install/camera_interface/share/camera_interface/cmake/camera_interface__rosidl_typesupport_cppExport-noconfig.cmake
[1.911s] -- Up-to-date: /home/xyq/Desktop/ros_ws/install/camera_interface/share/camera_interface/cmake/export_camera_interface__rosidl_generator_pyExport.cmake
[1.911s] -- Up-to-date: /home/xyq/Desktop/ros_ws/install/camera_interface/share/camera_interface/cmake/export_camera_interface__rosidl_generator_pyExport-noconfig.cmake
[1.911s] -- Installing: /home/xyq/Desktop/ros_ws/install/camera_interface/share/camera_interface/cmake/rosidl_cmake-extras.cmake
[1.911s] -- Up-to-date: /home/xyq/Desktop/ros_ws/install/camera_interface/share/camera_interface/cmake/ament_cmake_export_dependencies-extras.cmake
[1.911s] -- Up-to-date: /home/xyq/Desktop/ros_ws/install/camera_interface/share/camera_interface/cmake/ament_cmake_export_include_directories-extras.cmake
[1.912s] -- Up-to-date: /home/xyq/Desktop/ros_ws/install/camera_interface/share/camera_interface/cmake/ament_cmake_export_libraries-extras.cmake
[1.912s] -- Up-to-date: /home/xyq/Desktop/ros_ws/install/camera_interface/share/camera_interface/cmake/ament_cmake_export_targets-extras.cmake
[1.912s] -- Up-to-date: /home/xyq/Desktop/ros_ws/install/camera_interface/share/camera_interface/cmake/rosidl_cmake_export_typesupport_targets-extras.cmake
[1.912s] -- Up-to-date: /home/xyq/Desktop/ros_ws/install/camera_interface/share/camera_interface/cmake/rosidl_cmake_export_typesupport_libraries-extras.cmake
[1.912s] -- Up-to-date: /home/xyq/Desktop/ros_ws/install/camera_interface/share/camera_interface/cmake/camera_interfaceConfig.cmake
[1.912s] -- Up-to-date: /home/xyq/Desktop/ros_ws/install/camera_interface/share/camera_interface/cmake/camera_interfaceConfig-version.cmake
[1.912s] -- Up-to-date: /home/xyq/Desktop/ros_ws/install/camera_interface/share/camera_interface/package.xml
[1.912s] Invoked command in '/home/xyq/Desktop/ros_ws/build/camera_interface' returned '0': CMAKE_PREFIX_PATH=${CMAKE_PREFIX_PATH}:/opt/ros/humble /usr/bin/cmake --install /home/xyq/Desktop/ros_ws/build/camera_interface
