[0.018s] Invoking command in '/home/xyq/Desktop/ros_ws/build/camera_interface': CMAKE_PREFIX_PATH=/opt/ros/humble /usr/bin/cmake --build /home/xyq/Desktop/ros_ws/build/camera_interface -- -j20 -l20
[0.064s] [  3%] Built target camera_interface__cpp
[0.065s] [ 12%] Built target camera_interface__rosidl_generator_c
[0.073s] [ 12%] Built target ament_cmake_python_copy_camera_interface
[0.083s] [ 22%] Built target camera_interface__rosidl_typesupport_cpp
[0.084s] [ 41%] Built target camera_interface__rosidl_typesupport_c
[0.085s] [ 41%] Built target camera_interface__rosidl_typesupport_fastrtps_c
[0.085s] [ 51%] Built target camera_interface__rosidl_typesupport_introspection_c
[0.086s] [ 61%] Built target camera_interface__rosidl_typesupport_introspection_cpp
[0.086s] [ 70%] Built target camera_interface__rosidl_typesupport_fastrtps_cpp
[0.104s] [ 70%] Built target camera_interface
[0.121s] [ 74%] Built target camera_interface__py
[0.147s] [ 80%] Built target camera_interface__rosidl_generator_py
[0.169s] [ 96%] Built target camera_interface__rosidl_typesupport_fastrtps_c__pyext
[0.169s] [ 96%] Built target camera_interface__rosidl_typesupport_c__pyext
[0.169s] [100%] Built target camera_interface__rosidl_typesupport_introspection_c__pyext
[0.283s] running egg_info
[0.283s] writing camera_interface.egg-info/PKG-INFO
[0.284s] writing dependency_links to camera_interface.egg-info/dependency_links.txt
[0.284s] writing top-level names to camera_interface.egg-info/top_level.txt
[0.285s] reading manifest file 'camera_interface.egg-info/SOURCES.txt'
[0.286s] writing manifest file 'camera_interface.egg-info/SOURCES.txt'
[0.314s] [100%] Built target ament_cmake_python_build_camera_interface_egg
