[ 50%] [32mBuilding CXX object CMakeFiles/pose_resolve_node.dir/src/pose_resolve_node.cpp.o[0m
[01m[K/home/xyq/Desktop/ros_ws/src/pose_resolve/src/pose_resolve_node.cpp:[m[K In function ‘[01m[Kvoid PoseResolveCallback(const ConstSharedPtr&)[m[K’:
[01m[K/home/xyq/Desktop/ros_ws/src/pose_resolve/src/pose_resolve_node.cpp:14:73:[m[K [01;35m[Kwarning: [m[Kunused parameter ‘[01m[Kmsg[m[K’ [[01;35m[K]8;;https://gcc.gnu.org/onlinedocs/gcc/Warning-Options.html#index-Wunused-parameter-Wunused-parameter]8;;[m[K]
   14 | void PoseResolveCallback([01;35m[Kconst sensor_msgs::msg::Image::ConstSharedPtr &msg[m[K){
      |                          [01;35m[K~~~~~~~~~~~~~~~~~~~~~~~~~~~~~~~~~~~~~~~~~~~~~~~^~~[m[K
[100%] [32m[1mLinking CXX executable pose_resolve_node[0m
[100%] Built target pose_resolve_node
-- Install configuration: ""
-- Installing: /home/xyq/Desktop/ros_ws/install/pose_resolve/lib/pose_resolve/pose_resolve_node
-- Set runtime path of "/home/xyq/Desktop/ros_ws/install/pose_resolve/lib/pose_resolve/pose_resolve_node" to ""
-- Up-to-date: /home/xyq/Desktop/ros_ws/install/pose_resolve/share/ament_index/resource_index/package_run_dependencies/pose_resolve
-- Installing: /home/xyq/Desktop/ros_ws/install/pose_resolve/share/ament_index/resource_index/parent_prefix_path/pose_resolve
-- Up-to-date: /home/xyq/Desktop/ros_ws/install/pose_resolve/share/pose_resolve/environment/ament_prefix_path.sh
-- Installing: /home/xyq/Desktop/ros_ws/install/pose_resolve/share/pose_resolve/environment/ament_prefix_path.dsv
-- Up-to-date: /home/xyq/Desktop/ros_ws/install/pose_resolve/share/pose_resolve/environment/path.sh
-- Installing: /home/xyq/Desktop/ros_ws/install/pose_resolve/share/pose_resolve/environment/path.dsv
-- Up-to-date: /home/xyq/Desktop/ros_ws/install/pose_resolve/share/pose_resolve/local_setup.bash
-- Up-to-date: /home/xyq/Desktop/ros_ws/install/pose_resolve/share/pose_resolve/local_setup.sh
-- Up-to-date: /home/xyq/Desktop/ros_ws/install/pose_resolve/share/pose_resolve/local_setup.zsh
-- Installing: /home/xyq/Desktop/ros_ws/install/pose_resolve/share/pose_resolve/local_setup.dsv
-- Installing: /home/xyq/Desktop/ros_ws/install/pose_resolve/share/pose_resolve/package.dsv
-- Up-to-date: /home/xyq/Desktop/ros_ws/install/pose_resolve/share/ament_index/resource_index/packages/pose_resolve
-- Up-to-date: /home/xyq/Desktop/ros_ws/install/pose_resolve/share/pose_resolve/cmake/pose_resolveConfig.cmake
-- Up-to-date: /home/xyq/Desktop/ros_ws/install/pose_resolve/share/pose_resolve/cmake/pose_resolveConfig-version.cmake
-- Up-to-date: /home/xyq/Desktop/ros_ws/install/pose_resolve/share/pose_resolve/package.xml
