[0.012s] Invoking command in '/home/xyq/Desktop/ros_ws/build/pose_resolve': AMENT_PREFIX_PATH=/home/xyq/Desktop/ros_ws/install/camera_interface:${AMENT_PREFIX_PATH} CMAKE_PREFIX_PATH=/home/xyq/Desktop/ros_ws/install/camera_interface:/opt/ros/humble LD_LIBRARY_PATH=/home/xyq/Desktop/ros_ws/install/camera_interface/lib:${LD_LIBRARY_PATH} PYTHONPATH=/home/xyq/Desktop/ros_ws/install/camera_interface/local/lib/python3.10/dist-packages:${PYTHONPATH} /usr/bin/cmake --build /home/xyq/Desktop/ros_ws/build/pose_resolve -- -j20 -l20
[0.063s] [ 50%] [32mBuilding CXX object CMakeFiles/pose_resolve_node.dir/src/pose_resolve_node.cpp.o[0m
[2.522s] [01m[K/home/xyq/Desktop/ros_ws/src/pose_resolve/src/pose_resolve_node.cpp:[m[K In function ‘[01m[Kvoid PoseResolveCallback(const ConstSharedPtr&)[m[K’:
[2.522s] [01m[K/home/xyq/Desktop/ros_ws/src/pose_resolve/src/pose_resolve_node.cpp:14:73:[m[K [01;35m[Kwarning: [m[Kunused parameter ‘[01m[Kmsg[m[K’ [[01;35m[K]8;;https://gcc.gnu.org/onlinedocs/gcc/Warning-Options.html#index-Wunused-parameter-Wunused-parameter]8;;[m[K]
[2.522s]    14 | void PoseResolveCallback([01;35m[Kconst sensor_msgs::msg::Image::ConstSharedPtr &msg[m[K){
[2.523s]       |                          [01;35m[K~~~~~~~~~~~~~~~~~~~~~~~~~~~~~~~~~~~~~~~~~~~~~~~^~~[m[K
[3.226s] [100%] [32m[1mLinking CXX executable pose_resolve_node[0m
[3.335s] [100%] Built target pose_resolve_node
[3.347s] Invoked command in '/home/xyq/Desktop/ros_ws/build/pose_resolve' returned '0': AMENT_PREFIX_PATH=/home/xyq/Desktop/ros_ws/install/camera_interface:${AMENT_PREFIX_PATH} CMAKE_PREFIX_PATH=/home/xyq/Desktop/ros_ws/install/camera_interface:/opt/ros/humble LD_LIBRARY_PATH=/home/xyq/Desktop/ros_ws/install/camera_interface/lib:${LD_LIBRARY_PATH} PYTHONPATH=/home/xyq/Desktop/ros_ws/install/camera_interface/local/lib/python3.10/dist-packages:${PYTHONPATH} /usr/bin/cmake --build /home/xyq/Desktop/ros_ws/build/pose_resolve -- -j20 -l20
[3.348s] Invoking command in '/home/xyq/Desktop/ros_ws/build/pose_resolve': AMENT_PREFIX_PATH=/home/xyq/Desktop/ros_ws/install/camera_interface:${AMENT_PREFIX_PATH} CMAKE_PREFIX_PATH=/home/xyq/Desktop/ros_ws/install/camera_interface:/opt/ros/humble LD_LIBRARY_PATH=/home/xyq/Desktop/ros_ws/install/camera_interface/lib:${LD_LIBRARY_PATH} PYTHONPATH=/home/xyq/Desktop/ros_ws/install/camera_interface/local/lib/python3.10/dist-packages:${PYTHONPATH} /usr/bin/cmake --install /home/xyq/Desktop/ros_ws/build/pose_resolve
[3.355s] -- Install configuration: ""
[3.355s] -- Installing: /home/xyq/Desktop/ros_ws/install/pose_resolve/lib/pose_resolve/pose_resolve_node
[3.355s] -- Set runtime path of "/home/xyq/Desktop/ros_ws/install/pose_resolve/lib/pose_resolve/pose_resolve_node" to ""
[3.355s] -- Up-to-date: /home/xyq/Desktop/ros_ws/install/pose_resolve/share/ament_index/resource_index/package_run_dependencies/pose_resolve
[3.355s] -- Installing: /home/xyq/Desktop/ros_ws/install/pose_resolve/share/ament_index/resource_index/parent_prefix_path/pose_resolve
[3.356s] -- Up-to-date: /home/xyq/Desktop/ros_ws/install/pose_resolve/share/pose_resolve/environment/ament_prefix_path.sh
[3.356s] -- Installing: /home/xyq/Desktop/ros_ws/install/pose_resolve/share/pose_resolve/environment/ament_prefix_path.dsv
[3.356s] -- Up-to-date: /home/xyq/Desktop/ros_ws/install/pose_resolve/share/pose_resolve/environment/path.sh
[3.356s] -- Installing: /home/xyq/Desktop/ros_ws/install/pose_resolve/share/pose_resolve/environment/path.dsv
[3.356s] -- Up-to-date: /home/xyq/Desktop/ros_ws/install/pose_resolve/share/pose_resolve/local_setup.bash
[3.356s] -- Up-to-date: /home/xyq/Desktop/ros_ws/install/pose_resolve/share/pose_resolve/local_setup.sh
[3.356s] -- Up-to-date: /home/xyq/Desktop/ros_ws/install/pose_resolve/share/pose_resolve/local_setup.zsh
[3.356s] -- Installing: /home/xyq/Desktop/ros_ws/install/pose_resolve/share/pose_resolve/local_setup.dsv
[3.356s] -- Installing: /home/xyq/Desktop/ros_ws/install/pose_resolve/share/pose_resolve/package.dsv
[3.356s] -- Up-to-date: /home/xyq/Desktop/ros_ws/install/pose_resolve/share/ament_index/resource_index/packages/pose_resolve
[3.356s] -- Up-to-date: /home/xyq/Desktop/ros_ws/install/pose_resolve/share/pose_resolve/cmake/pose_resolveConfig.cmake
[3.357s] -- Up-to-date: /home/xyq/Desktop/ros_ws/install/pose_resolve/share/pose_resolve/cmake/pose_resolveConfig-version.cmake
[3.357s] -- Up-to-date: /home/xyq/Desktop/ros_ws/install/pose_resolve/share/pose_resolve/package.xml
[3.359s] Invoked command in '/home/xyq/Desktop/ros_ws/build/pose_resolve' returned '0': AMENT_PREFIX_PATH=/home/xyq/Desktop/ros_ws/install/camera_interface:${AMENT_PREFIX_PATH} CMAKE_PREFIX_PATH=/home/xyq/Desktop/ros_ws/install/camera_interface:/opt/ros/humble LD_LIBRARY_PATH=/home/xyq/Desktop/ros_ws/install/camera_interface/lib:${LD_LIBRARY_PATH} PYTHONPATH=/home/xyq/Desktop/ros_ws/install/camera_interface/local/lib/python3.10/dist-packages:${PYTHONPATH} /usr/bin/cmake --install /home/xyq/Desktop/ros_ws/build/pose_resolve
