[0.025s] Invoking command in '/home/xyq/Desktop/ros_ws/build/image_processing': CMAKE_PREFIX_PATH=/opt/ros/humble /usr/bin/cmake --build /home/xyq/Desktop/ros_ws/build/image_processing -- -j20 -l20
[0.106s] [100%] Built target image_processing
[0.133s] Invoked command in '/home/xyq/Desktop/ros_ws/build/image_processing' returned '0': CMAKE_PREFIX_PATH=/opt/ros/humble /usr/bin/cmake --build /home/xyq/Desktop/ros_ws/build/image_processing -- -j20 -l20
[0.136s] Invoking command in '/home/xyq/Desktop/ros_ws/build/image_processing': CMAKE_PREFIX_PATH=/opt/ros/humble /usr/bin/cmake --install /home/xyq/Desktop/ros_ws/build/image_processing
[0.148s] -- Install configuration: ""
[0.148s] -- Up-to-date: /home/xyq/Desktop/ros_ws/install/image_processing/lib/image_processing/image_processing
[0.148s] -- Up-to-date: /home/xyq/Desktop/ros_ws/install/image_processing/share/ament_index/resource_index/package_run_dependencies/image_processing
[0.149s] -- Up-to-date: /home/xyq/Desktop/ros_ws/install/image_processing/share/ament_index/resource_index/parent_prefix_path/image_processing
[0.149s] -- Up-to-date: /home/xyq/Desktop/ros_ws/install/image_processing/share/image_processing/environment/ament_prefix_path.sh
[0.149s] -- Up-to-date: /home/xyq/Desktop/ros_ws/install/image_processing/share/image_processing/environment/ament_prefix_path.dsv
[0.150s] -- Up-to-date: /home/xyq/Desktop/ros_ws/install/image_processing/share/image_processing/environment/path.sh
[0.150s] -- Up-to-date: /home/xyq/Desktop/ros_ws/install/image_processing/share/image_processing/environment/path.dsv
[0.151s] -- Up-to-date: /home/xyq/Desktop/ros_ws/install/image_processing/share/image_processing/local_setup.bash
[0.153s] -- Up-to-date: /home/xyq/Desktop/ros_ws/install/image_processing/share/image_processing/local_setup.sh
[0.153s] -- Up-to-date: /home/xyq/Desktop/ros_ws/install/image_processing/share/image_processing/local_setup.zsh
[0.153s] -- Up-to-date: /home/xyq/Desktop/ros_ws/install/image_processing/share/image_processing/local_setup.dsv
[0.153s] -- Installing: /home/xyq/Desktop/ros_ws/install/image_processing/share/image_processing/package.dsv
[0.153s] -- Up-to-date: /home/xyq/Desktop/ros_ws/install/image_processing/share/ament_index/resource_index/packages/image_processing
[0.155s] -- Up-to-date: /home/xyq/Desktop/ros_ws/install/image_processing/share/image_processing/cmake/image_processingConfig.cmake
[0.156s] -- Up-to-date: /home/xyq/Desktop/ros_ws/install/image_processing/share/image_processing/cmake/image_processingConfig-version.cmake
[0.156s] -- Up-to-date: /home/xyq/Desktop/ros_ws/install/image_processing/share/image_processing/package.xml
[0.188s] Invoked command in '/home/xyq/Desktop/ros_ws/build/image_processing' returned '0': CMAKE_PREFIX_PATH=/opt/ros/humble /usr/bin/cmake --install /home/xyq/Desktop/ros_ws/build/image_processing
