[0.015s] Invoking command in '/home/xyq/Desktop/ros_ws/build/corner_detection': CMAKE_PREFIX_PATH=/opt/ros/humble /usr/bin/cmake --build /home/xyq/Desktop/ros_ws/build/corner_detection -- -j20 -l20
[0.031s] -- Found ament_cmake: 1.3.11 (/opt/ros/humble/share/ament_cmake/cmake)
[0.145s] -- Found rclcpp: 16.0.11 (/opt/ros/humble/share/rclcpp/cmake)
[0.164s] -- Found rosidl_generator_c: 3.1.6 (/opt/ros/humble/share/rosidl_generator_c/cmake)
[0.165s] -- Found rosidl_adapter: 3.1.6 (/opt/ros/humble/share/rosidl_adapter/cmake)
[0.169s] -- Found rosidl_generator_cpp: 3.1.6 (/opt/ros/humble/share/rosidl_generator_cpp/cmake)
[0.174s] -- Using all available rosidl_typesupport_c: rosidl_typesupport_fastrtps_c;rosidl_typesupport_introspection_c
[0.181s] -- Using all available rosidl_typesupport_cpp: rosidl_typesupport_fastrtps_cpp;rosidl_typesupport_introspection_cpp
[0.199s] -- Found rmw_implementation_cmake: 6.1.2 (/opt/ros/humble/share/rmw_implementation_cmake/cmake)
[0.199s] -- Found rmw_fastrtps_cpp: 6.2.7 (/opt/ros/humble/share/rmw_fastrtps_cpp/cmake)
[0.272s] -- Using RMW implementation 'rmw_fastrtps_cpp' as default
[0.301s] -- Found image_transport: 3.1.10 (/opt/ros/humble/share/image_transport/cmake)
[0.330s] -- Found cv_bridge: 3.2.1 (/opt/ros/humble/share/cv_bridge/cmake)
[0.333s] [31mCMake Error at /opt/ros/humble/share/ament_cmake_target_dependencies/cmake/ament_target_dependencies.cmake:77 (message):
[0.333s]   ament_target_dependencies() the passed package name 'camera_interface' was
[0.333s]   not found before
[0.333s] Call Stack (most recent call first):
[0.333s]   CMakeLists.txt:44 (ament_target_dependencies)
[0.333s] 
[0.333s] [0m
[0.333s] -- Configuring incomplete, errors occurred!
[0.333s] See also "/home/xyq/Desktop/ros_ws/build/corner_detection/CMakeFiles/CMakeOutput.log".
[0.344s] gmake: *** [Makefile:267：cmake_check_build_system] 错误 1
[0.346s] Invoked command in '/home/xyq/Desktop/ros_ws/build/corner_detection' returned '2': CMAKE_PREFIX_PATH=/opt/ros/humble /usr/bin/cmake --build /home/xyq/Desktop/ros_ws/build/corner_detection -- -j20 -l20
