[0.008s] Invoking command in '/home/xyq/Desktop/ros_ws/build/image_processing': CMAKE_PREFIX_PATH=${CMAKE_PREFIX_PATH}:/opt/ros/humble /usr/bin/cmake --build /home/xyq/Desktop/ros_ws/build/image_processing -- -j20 -l20
[0.025s] -- Found ament_cmake: 1.3.11 (/opt/ros/humble/share/ament_cmake/cmake)
[0.099s] -- Found rclcpp: 16.0.11 (/opt/ros/humble/share/rclcpp/cmake)
[0.116s] -- Found rosidl_generator_c: 3.1.6 (/opt/ros/humble/share/rosidl_generator_c/cmake)
[0.118s] -- Found rosidl_adapter: 3.1.6 (/opt/ros/humble/share/rosidl_adapter/cmake)
[0.122s] -- Found rosidl_generator_cpp: 3.1.6 (/opt/ros/humble/share/rosidl_generator_cpp/cmake)
[0.127s] -- Using all available rosidl_typesupport_c: rosidl_typesupport_fastrtps_c;rosidl_typesupport_introspection_c
[0.134s] -- Using all available rosidl_typesupport_cpp: rosidl_typesupport_fastrtps_cpp;rosidl_typesupport_introspection_cpp
[0.150s] -- Found rmw_implementation_cmake: 6.1.2 (/opt/ros/humble/share/rmw_implementation_cmake/cmake)
[0.151s] -- Found rmw_fastrtps_cpp: 6.2.7 (/opt/ros/humble/share/rmw_fastrtps_cpp/cmake)
[0.212s] -- Using RMW implementation 'rmw_fastrtps_cpp' as default
[0.238s] -- Found ament_lint_auto: 0.12.11 (/opt/ros/humble/share/ament_lint_auto/cmake)
[0.275s] -- Added test 'cppcheck' to perform static code analysis on C / C++ code
[0.276s] -- Configured cppcheck include dirs: 
[0.276s] -- Configured cppcheck exclude dirs and/or files: 
[0.276s] -- Added test 'lint_cmake' to check CMake code style
[0.277s] -- Added test 'uncrustify' to check C / C++ code style
[0.277s] -- Configured uncrustify additional arguments: 
[0.277s] -- Added test 'xmllint' to check XML markup files
[0.277s] -- Configuring done
[0.282s] -- Generating done
[0.284s] -- Build files have been written to: /home/xyq/Desktop/ros_ws/build/image_processing
[0.302s] [35m[1mConsolidate compiler generated dependencies of target image_processing[0m
[0.314s] [100%] Built target image_processing
[0.322s] Invoked command in '/home/xyq/Desktop/ros_ws/build/image_processing' returned '0': CMAKE_PREFIX_PATH=${CMAKE_PREFIX_PATH}:/opt/ros/humble /usr/bin/cmake --build /home/xyq/Desktop/ros_ws/build/image_processing -- -j20 -l20
[0.330s] Invoking command in '/home/xyq/Desktop/ros_ws/build/image_processing': CMAKE_PREFIX_PATH=${CMAKE_PREFIX_PATH}:/opt/ros/humble /usr/bin/cmake --install /home/xyq/Desktop/ros_ws/build/image_processing
[0.335s] -- Install configuration: ""
[0.335s] -- Up-to-date: /home/xyq/Desktop/ros_ws/install/image_processing/lib/image_processing/image_processing
[0.335s] -- Up-to-date: /home/xyq/Desktop/ros_ws/install/image_processing/share/ament_index/resource_index/package_run_dependencies/image_processing
[0.335s] -- Up-to-date: /home/xyq/Desktop/ros_ws/install/image_processing/share/ament_index/resource_index/parent_prefix_path/image_processing
[0.335s] -- Up-to-date: /home/xyq/Desktop/ros_ws/install/image_processing/share/image_processing/environment/ament_prefix_path.sh
[0.335s] -- Installing: /home/xyq/Desktop/ros_ws/install/image_processing/share/image_processing/environment/ament_prefix_path.dsv
[0.335s] -- Up-to-date: /home/xyq/Desktop/ros_ws/install/image_processing/share/image_processing/environment/path.sh
[0.335s] -- Installing: /home/xyq/Desktop/ros_ws/install/image_processing/share/image_processing/environment/path.dsv
[0.335s] -- Up-to-date: /home/xyq/Desktop/ros_ws/install/image_processing/share/image_processing/local_setup.bash
[0.335s] -- Up-to-date: /home/xyq/Desktop/ros_ws/install/image_processing/share/image_processing/local_setup.sh
[0.335s] -- Up-to-date: /home/xyq/Desktop/ros_ws/install/image_processing/share/image_processing/local_setup.zsh
[0.335s] -- Installing: /home/xyq/Desktop/ros_ws/install/image_processing/share/image_processing/local_setup.dsv
[0.335s] -- Installing: /home/xyq/Desktop/ros_ws/install/image_processing/share/image_processing/package.dsv
[0.335s] -- Up-to-date: /home/xyq/Desktop/ros_ws/install/image_processing/share/ament_index/resource_index/packages/image_processing
[0.335s] -- Up-to-date: /home/xyq/Desktop/ros_ws/install/image_processing/share/image_processing/cmake/image_processingConfig.cmake
[0.335s] -- Up-to-date: /home/xyq/Desktop/ros_ws/install/image_processing/share/image_processing/cmake/image_processingConfig-version.cmake
[0.335s] -- Up-to-date: /home/xyq/Desktop/ros_ws/install/image_processing/share/image_processing/package.xml
[0.336s] Invoked command in '/home/xyq/Desktop/ros_ws/build/image_processing' returned '0': CMAKE_PREFIX_PATH=${CMAKE_PREFIX_PATH}:/opt/ros/humble /usr/bin/cmake --install /home/xyq/Desktop/ros_ws/build/image_processing
