[0.023s] Invoking command in '/home/xyq/Desktop/ros_ws/build/mindvision_camera': CMAKE_PREFIX_PATH=/opt/ros/humble /usr/bin/cmake --build /home/xyq/Desktop/ros_ws/build/mindvision_camera -- -j20 -l20
[0.071s] [100%] Built target mindvision_camera
[0.071s] [100%] Built target mindvision_camera_node
[0.086s] Invoked command in '/home/xyq/Desktop/ros_ws/build/mindvision_camera' returned '0': CMAKE_PREFIX_PATH=/opt/ros/humble /usr/bin/cmake --build /home/xyq/Desktop/ros_ws/build/mindvision_camera -- -j20 -l20
[0.088s] Invoking command in '/home/xyq/Desktop/ros_ws/build/mindvision_camera': CMAKE_PREFIX_PATH=/opt/ros/humble /usr/bin/cmake --install /home/xyq/Desktop/ros_ws/build/mindvision_camera
[0.094s] -- Install configuration: ""
[0.094s] -- Up-to-date: /home/xyq/Desktop/ros_ws/install/mindvision_camera/lib/mindvision_camera/mindvision_camera_node
[0.094s] -- Up-to-date: /home/xyq/Desktop/ros_ws/install/mindvision_camera/share/mindvision_camera/environment/library_path.sh
[0.094s] -- Up-to-date: /home/xyq/Desktop/ros_ws/install/mindvision_camera/share/mindvision_camera/environment/library_path.dsv
[0.095s] -- Up-to-date: /home/xyq/Desktop/ros_ws/install/mindvision_camera/lib/libmindvision_camera.so
[0.095s] -- Up-to-date: /home/xyq/Desktop/ros_ws/install/mindvision_camera/share/mindvision_camera/config
[0.095s] -- Up-to-date: /home/xyq/Desktop/ros_ws/install/mindvision_camera/share/mindvision_camera/config/camera_info.yaml
[0.095s] -- Up-to-date: /home/xyq/Desktop/ros_ws/install/mindvision_camera/share/mindvision_camera/config/camera_params.yaml
[0.095s] -- Up-to-date: /home/xyq/Desktop/ros_ws/install/mindvision_camera/share/mindvision_camera/launch
[0.095s] -- Up-to-date: /home/xyq/Desktop/ros_ws/install/mindvision_camera/share/mindvision_camera/launch/__pycache__
[0.095s] -- Up-to-date: /home/xyq/Desktop/ros_ws/install/mindvision_camera/share/mindvision_camera/launch/__pycache__/mv_launch.cpython-310.pyc
[0.095s] -- Up-to-date: /home/xyq/Desktop/ros_ws/install/mindvision_camera/share/mindvision_camera/launch/mv_launch.py
[0.095s] -- Up-to-date: /home/xyq/Desktop/ros_ws/install/mindvision_camera/share/ament_index/resource_index/package_run_dependencies/mindvision_camera
[0.095s] -- Up-to-date: /home/xyq/Desktop/ros_ws/install/mindvision_camera/share/ament_index/resource_index/parent_prefix_path/mindvision_camera
[0.095s] -- Up-to-date: /home/xyq/Desktop/ros_ws/install/mindvision_camera/share/mindvision_camera/environment/ament_prefix_path.sh
[0.095s] -- Up-to-date: /home/xyq/Desktop/ros_ws/install/mindvision_camera/share/mindvision_camera/environment/ament_prefix_path.dsv
[0.095s] -- Up-to-date: /home/xyq/Desktop/ros_ws/install/mindvision_camera/share/mindvision_camera/environment/path.sh
[0.096s] -- Up-to-date: /home/xyq/Desktop/ros_ws/install/mindvision_camera/share/mindvision_camera/environment/path.dsv
[0.096s] -- Up-to-date: /home/xyq/Desktop/ros_ws/install/mindvision_camera/share/mindvision_camera/local_setup.bash
[0.096s] -- Up-to-date: /home/xyq/Desktop/ros_ws/install/mindvision_camera/share/mindvision_camera/local_setup.sh
[0.096s] -- Up-to-date: /home/xyq/Desktop/ros_ws/install/mindvision_camera/share/mindvision_camera/local_setup.zsh
[0.096s] -- Up-to-date: /home/xyq/Desktop/ros_ws/install/mindvision_camera/share/mindvision_camera/local_setup.dsv
[0.096s] -- Installing: /home/xyq/Desktop/ros_ws/install/mindvision_camera/share/mindvision_camera/package.dsv
[0.096s] -- Up-to-date: /home/xyq/Desktop/ros_ws/install/mindvision_camera/share/ament_index/resource_index/packages/mindvision_camera
[0.096s] -- Up-to-date: /home/xyq/Desktop/ros_ws/install/mindvision_camera/share/ament_index/resource_index/rclcpp_components/mindvision_camera
[0.096s] -- Up-to-date: /home/xyq/Desktop/ros_ws/install/mindvision_camera/share/mindvision_camera/cmake/ament_cmake_export_dependencies-extras.cmake
[0.096s] -- Up-to-date: /home/xyq/Desktop/ros_ws/install/mindvision_camera/share/mindvision_camera/cmake/ament_cmake_export_libraries-extras.cmake
[0.097s] -- Up-to-date: /home/xyq/Desktop/ros_ws/install/mindvision_camera/share/mindvision_camera/cmake/mindvision_cameraConfig.cmake
[0.097s] -- Up-to-date: /home/xyq/Desktop/ros_ws/install/mindvision_camera/share/mindvision_camera/cmake/mindvision_cameraConfig-version.cmake
[0.097s] -- Up-to-date: /home/xyq/Desktop/ros_ws/install/mindvision_camera/share/mindvision_camera/package.xml
[0.115s] Invoked command in '/home/xyq/Desktop/ros_ws/build/mindvision_camera' returned '0': CMAKE_PREFIX_PATH=/opt/ros/humble /usr/bin/cmake --install /home/xyq/Desktop/ros_ws/build/mindvision_camera
