[0.007s] Invoking command in '/home/xyq/Desktop/ros_ws/build/serial_interface': CMAKE_PREFIX_PATH=${CMAKE_PREFIX_PATH}:/opt/ros/humble /usr/bin/cmake /home/xyq/Desktop/ros_ws/src/serial_interface -DCMAKE_INSTALL_PREFIX=/home/xyq/Desktop/ros_ws/install/serial_interface
[0.014s] -- Found ament_cmake: 1.3.11 (/opt/ros/humble/share/ament_cmake/cmake)
[0.088s] [31mCMake Error at CMakeLists.txt:10 (find_package):
[0.088s]   By not providing "Findserial_interface.cmake" in CMAKE_MODULE_PATH this
[0.088s]   project has asked CMake to find a package configuration file provided by
[0.088s]   "serial_interface", but CMake did not find one.
[0.088s] 
[0.088s]   Could not find a package configuration file provided by "serial_interface"
[0.088s]   with any of the following names:
[0.088s] 
[0.089s]     serial_interfaceConfig.cmake
[0.089s]     serial_interface-config.cmake
[0.089s] 
[0.089s]   Add the installation prefix of "serial_interface" to CMAKE_PREFIX_PATH or
[0.089s]   set "serial_interface_DIR" to a directory containing one of the above
[0.089s]   files.  If "serial_interface" provides a separate development package or
[0.089s]   SDK, be sure it has been installed.
[0.089s] 
[0.089s] [0m
[0.089s] -- Configuring incomplete, errors occurred!
[0.089s] See also "/home/xyq/Desktop/ros_ws/build/serial_interface/CMakeFiles/CMakeOutput.log".
[0.090s] Invoked command in '/home/xyq/Desktop/ros_ws/build/serial_interface' returned '1': CMAKE_PREFIX_PATH=${CMAKE_PREFIX_PATH}:/opt/ros/humble /usr/bin/cmake /home/xyq/Desktop/ros_ws/src/serial_interface -DCMAKE_INSTALL_PREFIX=/home/xyq/Desktop/ros_ws/install/serial_interface
