[0.015s] Invoking command in '/home/xyq/Desktop/ros_ws/build/serial_port': CMAKE_PREFIX_PATH=${CMAKE_PREFIX_PATH}:/opt/ros/humble /usr/bin/cmake --build /home/xyq/Desktop/ros_ws/build/serial_port -- -j20 -l20
[0.075s] [35m[1mConsolidate compiler generated dependencies of target serial_port_node[0m
[0.095s] [ 50%] [32mBuilding CXX object CMakeFiles/serial_port_node.dir/src/serial_port_node.cpp.o[0m
[2.915s] [100%] [32m[1mLinking CXX executable serial_port_node[0m
[3.059s] [100%] Built target serial_port_node
[3.077s] Invoked command in '/home/xyq/Desktop/ros_ws/build/serial_port' returned '0': CMAKE_PREFIX_PATH=${CMAKE_PREFIX_PATH}:/opt/ros/humble /usr/bin/cmake --build /home/xyq/Desktop/ros_ws/build/serial_port -- -j20 -l20
[3.092s] Invoking command in '/home/xyq/Desktop/ros_ws/build/serial_port': CMAKE_PREFIX_PATH=${CMAKE_PREFIX_PATH}:/opt/ros/humble /usr/bin/cmake --install /home/xyq/Desktop/ros_ws/build/serial_port
[3.103s] -- Install configuration: ""
[3.103s] -- Installing: /home/xyq/Desktop/ros_ws/install/serial_port/lib/serial_port/serial_port_node
[3.104s] -- Set runtime path of "/home/xyq/Desktop/ros_ws/install/serial_port/lib/serial_port/serial_port_node" to ""
[3.104s] -- Up-to-date: /home/xyq/Desktop/ros_ws/install/serial_port/share/ament_index/resource_index/package_run_dependencies/serial_port
[3.104s] -- Up-to-date: /home/xyq/Desktop/ros_ws/install/serial_port/share/ament_index/resource_index/parent_prefix_path/serial_port
[3.105s] -- Up-to-date: /home/xyq/Desktop/ros_ws/install/serial_port/share/serial_port/environment/ament_prefix_path.sh
[3.105s] -- Up-to-date: /home/xyq/Desktop/ros_ws/install/serial_port/share/serial_port/environment/ament_prefix_path.dsv
[3.105s] -- Up-to-date: /home/xyq/Desktop/ros_ws/install/serial_port/share/serial_port/environment/path.sh
[3.105s] -- Up-to-date: /home/xyq/Desktop/ros_ws/install/serial_port/share/serial_port/environment/path.dsv
[3.105s] -- Up-to-date: /home/xyq/Desktop/ros_ws/install/serial_port/share/serial_port/local_setup.bash
[3.105s] -- Up-to-date: /home/xyq/Desktop/ros_ws/install/serial_port/share/serial_port/local_setup.sh
[3.105s] -- Up-to-date: /home/xyq/Desktop/ros_ws/install/serial_port/share/serial_port/local_setup.zsh
[3.105s] -- Up-to-date: /home/xyq/Desktop/ros_ws/install/serial_port/share/serial_port/local_setup.dsv
[3.105s] -- Installing: /home/xyq/Desktop/ros_ws/install/serial_port/share/serial_port/package.dsv
[3.105s] -- Up-to-date: /home/xyq/Desktop/ros_ws/install/serial_port/share/ament_index/resource_index/packages/serial_port
[3.105s] -- Up-to-date: /home/xyq/Desktop/ros_ws/install/serial_port/share/serial_port/cmake/serial_portConfig.cmake
[3.105s] -- Up-to-date: /home/xyq/Desktop/ros_ws/install/serial_port/share/serial_port/cmake/serial_portConfig-version.cmake
[3.105s] -- Up-to-date: /home/xyq/Desktop/ros_ws/install/serial_port/share/serial_port/package.xml
[3.109s] Invoked command in '/home/xyq/Desktop/ros_ws/build/serial_port' returned '0': CMAKE_PREFIX_PATH=${CMAKE_PREFIX_PATH}:/opt/ros/humble /usr/bin/cmake --install /home/xyq/Desktop/ros_ws/build/serial_port
